************fewshot_train.py_2023-04-14_18_56_19************
[0;33;40mcheck the file![0m
[0;33;40m./model/meta_training_embedding_20way_1shot_19querty_0.001learning_10000metatrainepisode.pkl[0m
[0;33;40m./model/meta_training_relation_20way_1shot_19querty_0.001learning_10000metatrainepisode.pkl[0m
[0;33;40mload feature encoder success[0m
[0;33;40mload relation network success[0m
[0;33;40mcheck the file![0m
[0;33;40m../h5dataset_ica_bandselect_200/UP_28_28_100_support5_4.h5[0m
episode: 10 loss tensor(0.0866, device='cuda:0', grad_fn=<MseLossBackward0>)
accuracy: 52.77777777777778
episode: 20 loss tensor(0.0556, device='cuda:0', grad_fn=<MseLossBackward0>)
accuracy: 72.22222222222223
episode: 30 loss tensor(0.0568, device='cuda:0', grad_fn=<MseLossBackward0>)
accuracy: 69.44444444444444
episode: 40 loss tensor(0.0416, device='cuda:0', grad_fn=<MseLossBackward0>)
accuracy: 72.22222222222223
episode: 50 loss tensor(0.0368, device='cuda:0', grad_fn=<MseLossBackward0>)
accuracy: 80.55555555555556
episode: 60 loss tensor(0.0424, device='cuda:0', grad_fn=<MseLossBackward0>)
accuracy: 77.77777777777777
episode: 70 loss tensor(0.0280, device='cuda:0', grad_fn=<MseLossBackward0>)
accuracy: 77.77777777777777
episode: 80 loss tensor(0.0160, device='cuda:0', grad_fn=<MseLossBackward0>)
accuracy: 88.88888888888889
episode: 90 loss tensor(0.0197, device='cuda:0', grad_fn=<MseLossBackward0>)
accuracy: 88.88888888888889
episode: 100 loss tensor(0.0308, device='cuda:0', grad_fn=<MseLossBackward0>)
accuracy: 72.22222222222223
episode: 110 loss tensor(0.0217, device='cuda:0', grad_fn=<MseLossBackward0>)
accuracy: 80.55555555555556
episode: 120 loss tensor(0.0124, device='cuda:0', grad_fn=<MseLossBackward0>)
accuracy: 88.88888888888889
episode: 130 loss tensor(0.0217, device='cuda:0', grad_fn=<MseLossBackward0>)
accuracy: 80.55555555555556
episode: 140 loss tensor(0.0133, device='cuda:0', grad_fn=<MseLossBackward0>)
accuracy: 91.66666666666667
episode: 150 loss tensor(0.0093, device='cuda:0', grad_fn=<MseLossBackward0>)
accuracy: 94.44444444444444
episode: 160 loss tensor(0.0093, device='cuda:0', grad_fn=<MseLossBackward0>)
accuracy: 94.44444444444444
episode: 170 loss tensor(0.0188, device='cuda:0', grad_fn=<MseLossBackward0>)
accuracy: 83.33333333333333
episode: 180 loss tensor(0.0097, device='cuda:0', grad_fn=<MseLossBackward0>)
accuracy: 91.66666666666667
episode: 190 loss tensor(0.0123, device='cuda:0', grad_fn=<MseLossBackward0>)
accuracy: 94.44444444444444
episode: 200 loss tensor(0.0075, device='cuda:0', grad_fn=<MseLossBackward0>)
accuracy: 94.44444444444444
episode: 210 loss tensor(0.0186, device='cuda:0', grad_fn=<MseLossBackward0>)
accuracy: 86.11111111111111
episode: 220 loss tensor(0.0092, device='cuda:0', grad_fn=<MseLossBackward0>)
accuracy: 94.44444444444444
episode: 230 loss tensor(0.0156, device='cuda:0', grad_fn=<MseLossBackward0>)
accuracy: 86.11111111111111
episode: 240 loss tensor(0.0155, device='cuda:0', grad_fn=<MseLossBackward0>)
accuracy: 86.11111111111111
episode: 250 loss tensor(0.0062, device='cuda:0', grad_fn=<MseLossBackward0>)
accuracy: 97.22222222222223
episode: 260 loss tensor(0.0154, device='cuda:0', grad_fn=<MseLossBackward0>)
accuracy: 86.11111111111111
episode: 270 loss tensor(0.0248, device='cuda:0', grad_fn=<MseLossBackward0>)
accuracy: 77.77777777777777
episode: 280 loss tensor(0.0062, device='cuda:0', grad_fn=<MseLossBackward0>)
accuracy: 94.44444444444444
episode: 290 loss tensor(0.0062, device='cuda:0', grad_fn=<MseLossBackward0>)
accuracy: 94.44444444444444
episode: 300 loss tensor(0.0154, device='cuda:0', grad_fn=<MseLossBackward0>)
accuracy: 86.11111111111111
episode: 310 loss tensor(0.0062, device='cuda:0', grad_fn=<MseLossBackward0>)
accuracy: 97.22222222222223
episode: 320 loss tensor(0.0062, device='cuda:0', grad_fn=<MseLossBackward0>)
accuracy: 94.44444444444444
episode: 330 loss tensor(0.0155, device='cuda:0', grad_fn=<MseLossBackward0>)
accuracy: 86.11111111111111
episode: 340 loss tensor(0.0062, device='cuda:0', grad_fn=<MseLossBackward0>)
accuracy: 94.44444444444444
episode: 350 loss tensor(0.0154, device='cuda:0', grad_fn=<MseLossBackward0>)
accuracy: 88.88888888888889
episode: 360 loss tensor(0.0154, device='cuda:0', grad_fn=<MseLossBackward0>)
accuracy: 86.11111111111111
episode: 370 loss tensor(0.0155, device='cuda:0', grad_fn=<MseLossBackward0>)
accuracy: 88.88888888888889
episode: 380 loss tensor(0.0154, device='cuda:0', grad_fn=<MseLossBackward0>)
accuracy: 86.11111111111111
episode: 390 loss tensor(0.0154, device='cuda:0', grad_fn=<MseLossBackward0>)
accuracy: 86.11111111111111
episode: 400 loss tensor(0.0062, device='cuda:0', grad_fn=<MseLossBackward0>)
accuracy: 94.44444444444444
episode: 410 loss tensor(0.0062, device='cuda:0', grad_fn=<MseLossBackward0>)
accuracy: 94.44444444444444
episode: 420 loss tensor(0.0154, device='cuda:0', grad_fn=<MseLossBackward0>)
accuracy: 86.11111111111111
episode: 430 loss tensor(0.0062, device='cuda:0', grad_fn=<MseLossBackward0>)
accuracy: 94.44444444444444
episode: 440 loss tensor(0.0062, device='cuda:0', grad_fn=<MseLossBackward0>)
accuracy: 94.44444444444444
episode: 450 loss tensor(0.0062, device='cuda:0', grad_fn=<MseLossBackward0>)
accuracy: 94.44444444444444
episode: 460 loss tensor(0.0062, device='cuda:0', grad_fn=<MseLossBackward0>)
accuracy: 94.44444444444444
episode: 470 loss tensor(0.0154, device='cuda:0', grad_fn=<MseLossBackward0>)
accuracy: 86.11111111111111
episode: 480 loss tensor(0.0062, device='cuda:0', grad_fn=<MseLossBackward0>)
accuracy: 94.44444444444444
episode: 490 loss tensor(0.0062, device='cuda:0', grad_fn=<MseLossBackward0>)
accuracy: 94.44444444444444
episode: 500 loss tensor(0.0062, device='cuda:0', grad_fn=<MseLossBackward0>)
accuracy: 94.44444444444444
episode: 510 loss tensor(0.0062, device='cuda:0', grad_fn=<MseLossBackward0>)
accuracy: 94.44444444444444
episode: 520 loss tensor(0.0062, device='cuda:0', grad_fn=<MseLossBackward0>)
accuracy: 94.44444444444444
episode: 530 loss tensor(0.0061, device='cuda:0', grad_fn=<MseLossBackward0>)
accuracy: 97.22222222222223
episode: 540 loss tensor(0.0154, device='cuda:0', grad_fn=<MseLossBackward0>)
accuracy: 88.88888888888889
episode: 550 loss tensor(0.0058, device='cuda:0', grad_fn=<MseLossBackward0>)
accuracy: 97.22222222222223
episode: 560 loss tensor(0.0124, device='cuda:0', grad_fn=<MseLossBackward0>)
accuracy: 94.44444444444444
episode: 570 loss tensor(0.0031, device='cuda:0', grad_fn=<MseLossBackward0>)
accuracy: 97.22222222222223
episode: 580 loss tensor(0.0124, device='cuda:0', grad_fn=<MseLossBackward0>)
accuracy: 88.88888888888889
episode: 590 loss tensor(0.0033, device='cuda:0', grad_fn=<MseLossBackward0>)
accuracy: 97.22222222222223
episode: 600 loss tensor(0.0061, device='cuda:0', grad_fn=<MseLossBackward0>)
accuracy: 97.22222222222223
episode: 610 loss tensor(0.0050, device='cuda:0', grad_fn=<MseLossBackward0>)
accuracy: 97.22222222222223
episode: 620 loss tensor(0.0031, device='cuda:0', grad_fn=<MseLossBackward0>)
accuracy: 97.22222222222223
episode: 630 loss tensor(0.0124, device='cuda:0', grad_fn=<MseLossBackward0>)
accuracy: 88.88888888888889
episode: 640 loss tensor(0.0124, device='cuda:0', grad_fn=<MseLossBackward0>)
accuracy: 88.88888888888889
episode: 650 loss tensor(0.0032, device='cuda:0', grad_fn=<MseLossBackward0>)
accuracy: 97.22222222222223
episode: 660 loss tensor(0.0031, device='cuda:0', grad_fn=<MseLossBackward0>)
accuracy: 97.22222222222223
episode: 670 loss tensor(0.0031, device='cuda:0', grad_fn=<MseLossBackward0>)
accuracy: 97.22222222222223
episode: 680 loss tensor(0.0031, device='cuda:0', grad_fn=<MseLossBackward0>)
accuracy: 97.22222222222223
episode: 690 loss tensor(0.0031, device='cuda:0', grad_fn=<MseLossBackward0>)
accuracy: 97.22222222222223
episode: 700 loss tensor(0.0031, device='cuda:0', grad_fn=<MseLossBackward0>)
accuracy: 97.22222222222223
episode: 710 loss tensor(0.0031, device='cuda:0', grad_fn=<MseLossBackward0>)
accuracy: 97.22222222222223
episode: 720 loss tensor(0.0031, device='cuda:0', grad_fn=<MseLossBackward0>)
accuracy: 97.22222222222223
episode: 730 loss tensor(0.0123, device='cuda:0', grad_fn=<MseLossBackward0>)
accuracy: 88.88888888888889
episode: 740 loss tensor(0.0031, device='cuda:0', grad_fn=<MseLossBackward0>)
accuracy: 97.22222222222223
episode: 750 loss tensor(0.0031, device='cuda:0', grad_fn=<MseLossBackward0>)
accuracy: 97.22222222222223
episode: 760 loss tensor(0.0031, device='cuda:0', grad_fn=<MseLossBackward0>)
accuracy: 97.22222222222223
episode: 770 loss tensor(0.0031, device='cuda:0', grad_fn=<MseLossBackward0>)
accuracy: 97.22222222222223
episode: 780 loss tensor(0.0031, device='cuda:0', grad_fn=<MseLossBackward0>)
accuracy: 97.22222222222223
episode: 790 loss tensor(0.0031, device='cuda:0', grad_fn=<MseLossBackward0>)
accuracy: 97.22222222222223
episode: 800 loss tensor(0.0031, device='cuda:0', grad_fn=<MseLossBackward0>)
accuracy: 97.22222222222223
episode: 810 loss tensor(0.0124, device='cuda:0', grad_fn=<MseLossBackward0>)
accuracy: 88.88888888888889
episode: 820 loss tensor(0.0031, device='cuda:0', grad_fn=<MseLossBackward0>)
accuracy: 97.22222222222223
episode: 830 loss tensor(0.0031, device='cuda:0', grad_fn=<MseLossBackward0>)
accuracy: 97.22222222222223
episode: 840 loss tensor(0.0031, device='cuda:0', grad_fn=<MseLossBackward0>)
accuracy: 97.22222222222223
episode: 850 loss tensor(0.0031, device='cuda:0', grad_fn=<MseLossBackward0>)
accuracy: 97.22222222222223
episode: 860 loss tensor(0.0031, device='cuda:0', grad_fn=<MseLossBackward0>)
accuracy: 97.22222222222223
episode: 870 loss tensor(0.0031, device='cuda:0', grad_fn=<MseLossBackward0>)
accuracy: 97.22222222222223
episode: 880 loss tensor(0.0123, device='cuda:0', grad_fn=<MseLossBackward0>)
accuracy: 88.88888888888889
episode: 890 loss tensor(0.0031, device='cuda:0', grad_fn=<MseLossBackward0>)
accuracy: 97.22222222222223
episode: 900 loss tensor(0.0031, device='cuda:0', grad_fn=<MseLossBackward0>)
accuracy: 97.22222222222223
episode: 910 loss tensor(0.0031, device='cuda:0', grad_fn=<MseLossBackward0>)
accuracy: 97.22222222222223
episode: 920 loss tensor(0.0031, device='cuda:0', grad_fn=<MseLossBackward0>)
accuracy: 97.22222222222223
episode: 930 loss tensor(0.0031, device='cuda:0', grad_fn=<MseLossBackward0>)
accuracy: 97.22222222222223
episode: 940 loss tensor(0.0031, device='cuda:0', grad_fn=<MseLossBackward0>)
accuracy: 97.22222222222223
episode: 950 loss tensor(0.0031, device='cuda:0', grad_fn=<MseLossBackward0>)
accuracy: 97.22222222222223
episode: 960 loss tensor(0.0031, device='cuda:0', grad_fn=<MseLossBackward0>)
accuracy: 97.22222222222223
episode: 970 loss tensor(0.0031, device='cuda:0', grad_fn=<MseLossBackward0>)
accuracy: 97.22222222222223
episode: 980 loss tensor(0.0031, device='cuda:0', grad_fn=<MseLossBackward0>)
accuracy: 97.22222222222223
episode: 990 loss tensor(0.0031, device='cuda:0', grad_fn=<MseLossBackward0>)
accuracy: 97.22222222222223
episode: 1000 loss tensor(0.0123, device='cuda:0', grad_fn=<MseLossBackward0>)
accuracy: 88.88888888888889
few shot learning time : 24.90757417678833
[0;33;40mcheck the file![0m
[0;33;40m./model/UP_embdeeing_fewshot_1000fewshotepisode_4.pkl[0m
[0;33;40mcheck the file![0m
[0;33;40m./model/UP_relation_fewshot_1000fewshotepisode_4.pkl[0m
few shot model save success!
