************fewshot_train.py_2023-04-14_21_37_35************
[0;33;40mcheck the file![0m
[0;33;40m./model/meta_training_embedding_20way_1shot_19querty_0.001learning_10000metatrainepisode.pkl[0m
[0;33;40m./model/meta_training_relation_20way_1shot_19querty_0.001learning_10000metatrainepisode.pkl[0m
[0;33;40mload feature encoder success[0m
[0;33;40mload relation network success[0m
[0;33;40mcheck the file![0m
[0;33;40m../h5dataset_ica_bandselect_200/XZ_28_28_100_support5_0.h5[0m
episode: 10 loss tensor(0.1051, device='cuda:0', grad_fn=<MseLossBackward0>)
accuracy: 33.333333333333336
episode: 20 loss tensor(0.0966, device='cuda:0', grad_fn=<MseLossBackward0>)
accuracy: 50.0
episode: 30 loss tensor(0.0995, device='cuda:0', grad_fn=<MseLossBackward0>)
accuracy: 33.333333333333336
episode: 40 loss tensor(0.0988, device='cuda:0', grad_fn=<MseLossBackward0>)
accuracy: 41.666666666666664
episode: 50 loss tensor(0.0983, device='cuda:0', grad_fn=<MseLossBackward0>)
accuracy: 47.22222222222222
episode: 60 loss tensor(0.0895, device='cuda:0', grad_fn=<MseLossBackward0>)
accuracy: 52.77777777777778
episode: 70 loss tensor(0.0810, device='cuda:0', grad_fn=<MseLossBackward0>)
accuracy: 61.111111111111114
episode: 80 loss tensor(0.0860, device='cuda:0', grad_fn=<MseLossBackward0>)
accuracy: 50.0
episode: 90 loss tensor(0.0713, device='cuda:0', grad_fn=<MseLossBackward0>)
accuracy: 52.77777777777778
episode: 100 loss tensor(0.0744, device='cuda:0', grad_fn=<MseLossBackward0>)
accuracy: 52.77777777777778
episode: 110 loss tensor(0.0743, device='cuda:0', grad_fn=<MseLossBackward0>)
accuracy: 52.77777777777778
episode: 120 loss tensor(0.0556, device='cuda:0', grad_fn=<MseLossBackward0>)
accuracy: 69.44444444444444
episode: 130 loss tensor(0.0547, device='cuda:0', grad_fn=<MseLossBackward0>)
accuracy: 61.111111111111114
episode: 140 loss tensor(0.0365, device='cuda:0', grad_fn=<MseLossBackward0>)
accuracy: 72.22222222222223
episode: 150 loss tensor(0.0246, device='cuda:0', grad_fn=<MseLossBackward0>)
accuracy: 80.55555555555556
episode: 160 loss tensor(0.0287, device='cuda:0', grad_fn=<MseLossBackward0>)
accuracy: 77.77777777777777
episode: 170 loss tensor(0.0294, device='cuda:0', grad_fn=<MseLossBackward0>)
accuracy: 75.0
episode: 180 loss tensor(0.0294, device='cuda:0', grad_fn=<MseLossBackward0>)
accuracy: 80.55555555555556
episode: 190 loss tensor(0.0176, device='cuda:0', grad_fn=<MseLossBackward0>)
accuracy: 86.11111111111111
episode: 200 loss tensor(0.0116, device='cuda:0', grad_fn=<MseLossBackward0>)
accuracy: 91.66666666666667
episode: 210 loss tensor(0.0163, device='cuda:0', grad_fn=<MseLossBackward0>)
accuracy: 86.11111111111111
episode: 220 loss tensor(0.0099, device='cuda:0', grad_fn=<MseLossBackward0>)
accuracy: 91.66666666666667
episode: 230 loss tensor(0.0199, device='cuda:0', grad_fn=<MseLossBackward0>)
accuracy: 83.33333333333333
episode: 240 loss tensor(0.0185, device='cuda:0', grad_fn=<MseLossBackward0>)
accuracy: 83.33333333333333
episode: 250 loss tensor(0.0099, device='cuda:0', grad_fn=<MseLossBackward0>)
accuracy: 91.66666666666667
episode: 260 loss tensor(0.0093, device='cuda:0', grad_fn=<MseLossBackward0>)
accuracy: 91.66666666666667
episode: 270 loss tensor(0.0093, device='cuda:0', grad_fn=<MseLossBackward0>)
accuracy: 91.66666666666667
episode: 280 loss tensor(0.0185, device='cuda:0', grad_fn=<MseLossBackward0>)
accuracy: 83.33333333333333
episode: 290 loss tensor(0.0171, device='cuda:0', grad_fn=<MseLossBackward0>)
accuracy: 86.11111111111111
episode: 300 loss tensor(0.0156, device='cuda:0', grad_fn=<MseLossBackward0>)
accuracy: 86.11111111111111
episode: 310 loss tensor(0.0186, device='cuda:0', grad_fn=<MseLossBackward0>)
accuracy: 83.33333333333333
episode: 320 loss tensor(0.0167, device='cuda:0', grad_fn=<MseLossBackward0>)
accuracy: 86.11111111111111
episode: 330 loss tensor(0.0155, device='cuda:0', grad_fn=<MseLossBackward0>)
accuracy: 88.88888888888889
episode: 340 loss tensor(0.0101, device='cuda:0', grad_fn=<MseLossBackward0>)
accuracy: 91.66666666666667
episode: 350 loss tensor(0.0093, device='cuda:0', grad_fn=<MseLossBackward0>)
accuracy: 91.66666666666667
episode: 360 loss tensor(0.0188, device='cuda:0', grad_fn=<MseLossBackward0>)
accuracy: 83.33333333333333
episode: 370 loss tensor(0.0093, device='cuda:0', grad_fn=<MseLossBackward0>)
accuracy: 91.66666666666667
episode: 380 loss tensor(0.0155, device='cuda:0', grad_fn=<MseLossBackward0>)
accuracy: 88.88888888888889
episode: 390 loss tensor(0.0095, device='cuda:0', grad_fn=<MseLossBackward0>)
accuracy: 91.66666666666667
episode: 400 loss tensor(0.0093, device='cuda:0', grad_fn=<MseLossBackward0>)
accuracy: 91.66666666666667
episode: 410 loss tensor(0.0155, device='cuda:0', grad_fn=<MseLossBackward0>)
accuracy: 86.11111111111111
episode: 420 loss tensor(0.0093, device='cuda:0', grad_fn=<MseLossBackward0>)
accuracy: 91.66666666666667
episode: 430 loss tensor(0.0093, device='cuda:0', grad_fn=<MseLossBackward0>)
accuracy: 91.66666666666667
episode: 440 loss tensor(0.0154, device='cuda:0', grad_fn=<MseLossBackward0>)
accuracy: 86.11111111111111
episode: 450 loss tensor(0.0159, device='cuda:0', grad_fn=<MseLossBackward0>)
accuracy: 86.11111111111111
episode: 460 loss tensor(0.0185, device='cuda:0', grad_fn=<MseLossBackward0>)
accuracy: 83.33333333333333
episode: 470 loss tensor(0.0093, device='cuda:0', grad_fn=<MseLossBackward0>)
accuracy: 94.44444444444444
episode: 480 loss tensor(0.0247, device='cuda:0', grad_fn=<MseLossBackward0>)
accuracy: 77.77777777777777
episode: 490 loss tensor(0.0093, device='cuda:0', grad_fn=<MseLossBackward0>)
accuracy: 91.66666666666667
episode: 500 loss tensor(0.0247, device='cuda:0', grad_fn=<MseLossBackward0>)
accuracy: 77.77777777777777
episode: 510 loss tensor(0.0093, device='cuda:0', grad_fn=<MseLossBackward0>)
accuracy: 94.44444444444444
episode: 520 loss tensor(0.0154, device='cuda:0', grad_fn=<MseLossBackward0>)
accuracy: 86.11111111111111
episode: 530 loss tensor(0.0093, device='cuda:0', grad_fn=<MseLossBackward0>)
accuracy: 91.66666666666667
episode: 540 loss tensor(0.0247, device='cuda:0', grad_fn=<MseLossBackward0>)
accuracy: 77.77777777777777
episode: 550 loss tensor(0.0247, device='cuda:0', grad_fn=<MseLossBackward0>)
accuracy: 77.77777777777777
episode: 560 loss tensor(0.0185, device='cuda:0', grad_fn=<MseLossBackward0>)
accuracy: 83.33333333333333
episode: 570 loss tensor(0.0093, device='cuda:0', grad_fn=<MseLossBackward0>)
accuracy: 91.66666666666667
episode: 580 loss tensor(0.0093, device='cuda:0', grad_fn=<MseLossBackward0>)
accuracy: 91.66666666666667
episode: 590 loss tensor(0.0185, device='cuda:0', grad_fn=<MseLossBackward0>)
accuracy: 83.33333333333333
episode: 600 loss tensor(0.0247, device='cuda:0', grad_fn=<MseLossBackward0>)
accuracy: 77.77777777777777
episode: 610 loss tensor(0.0154, device='cuda:0', grad_fn=<MseLossBackward0>)
accuracy: 86.11111111111111
episode: 620 loss tensor(0.0093, device='cuda:0', grad_fn=<MseLossBackward0>)
accuracy: 91.66666666666667
episode: 630 loss tensor(0.0093, device='cuda:0', grad_fn=<MseLossBackward0>)
accuracy: 91.66666666666667
episode: 640 loss tensor(0.0154, device='cuda:0', grad_fn=<MseLossBackward0>)
accuracy: 86.11111111111111
episode: 650 loss tensor(0.0093, device='cuda:0', grad_fn=<MseLossBackward0>)
accuracy: 91.66666666666667
episode: 660 loss tensor(0.0185, device='cuda:0', grad_fn=<MseLossBackward0>)
accuracy: 83.33333333333333
episode: 670 loss tensor(0.0154, device='cuda:0', grad_fn=<MseLossBackward0>)
accuracy: 86.11111111111111
episode: 680 loss tensor(0.0154, device='cuda:0', grad_fn=<MseLossBackward0>)
accuracy: 86.11111111111111
episode: 690 loss tensor(0.0154, device='cuda:0', grad_fn=<MseLossBackward0>)
accuracy: 86.11111111111111
episode: 700 loss tensor(0.0093, device='cuda:0', grad_fn=<MseLossBackward0>)
accuracy: 91.66666666666667
episode: 710 loss tensor(0.0093, device='cuda:0', grad_fn=<MseLossBackward0>)
accuracy: 91.66666666666667
episode: 720 loss tensor(0.0247, device='cuda:0', grad_fn=<MseLossBackward0>)
accuracy: 77.77777777777777
episode: 730 loss tensor(0.0093, device='cuda:0', grad_fn=<MseLossBackward0>)
accuracy: 91.66666666666667
episode: 740 loss tensor(0.0154, device='cuda:0', grad_fn=<MseLossBackward0>)
accuracy: 86.11111111111111
episode: 750 loss tensor(0.0154, device='cuda:0', grad_fn=<MseLossBackward0>)
accuracy: 88.88888888888889
episode: 760 loss tensor(0.0154, device='cuda:0', grad_fn=<MseLossBackward0>)
accuracy: 86.11111111111111
episode: 770 loss tensor(0.0154, device='cuda:0', grad_fn=<MseLossBackward0>)
accuracy: 86.11111111111111
episode: 780 loss tensor(0.0154, device='cuda:0', grad_fn=<MseLossBackward0>)
accuracy: 86.11111111111111
episode: 790 loss tensor(0.0154, device='cuda:0', grad_fn=<MseLossBackward0>)
accuracy: 86.11111111111111
episode: 800 loss tensor(0.0093, device='cuda:0', grad_fn=<MseLossBackward0>)
accuracy: 91.66666666666667
episode: 810 loss tensor(0.0247, device='cuda:0', grad_fn=<MseLossBackward0>)
accuracy: 77.77777777777777
episode: 820 loss tensor(0.0093, device='cuda:0', grad_fn=<MseLossBackward0>)
accuracy: 91.66666666666667
episode: 830 loss tensor(0.0093, device='cuda:0', grad_fn=<MseLossBackward0>)
accuracy: 94.44444444444444
episode: 840 loss tensor(0.0154, device='cuda:0', grad_fn=<MseLossBackward0>)
accuracy: 86.11111111111111
episode: 850 loss tensor(0.0154, device='cuda:0', grad_fn=<MseLossBackward0>)
accuracy: 86.11111111111111
episode: 860 loss tensor(0.0154, device='cuda:0', grad_fn=<MseLossBackward0>)
accuracy: 86.11111111111111
episode: 870 loss tensor(0.0093, device='cuda:0', grad_fn=<MseLossBackward0>)
accuracy: 91.66666666666667
episode: 880 loss tensor(0.0093, device='cuda:0', grad_fn=<MseLossBackward0>)
accuracy: 91.66666666666667
episode: 890 loss tensor(0.0154, device='cuda:0', grad_fn=<MseLossBackward0>)
accuracy: 86.11111111111111
episode: 900 loss tensor(0.0154, device='cuda:0', grad_fn=<MseLossBackward0>)
accuracy: 88.88888888888889
episode: 910 loss tensor(0.0247, device='cuda:0', grad_fn=<MseLossBackward0>)
accuracy: 77.77777777777777
episode: 920 loss tensor(0.0185, device='cuda:0', grad_fn=<MseLossBackward0>)
accuracy: 83.33333333333333
episode: 930 loss tensor(0.0093, device='cuda:0', grad_fn=<MseLossBackward0>)
accuracy: 91.66666666666667
episode: 940 loss tensor(0.0093, device='cuda:0', grad_fn=<MseLossBackward0>)
accuracy: 91.66666666666667
episode: 950 loss tensor(0.0093, device='cuda:0', grad_fn=<MseLossBackward0>)
accuracy: 94.44444444444444
episode: 960 loss tensor(0.0154, device='cuda:0', grad_fn=<MseLossBackward0>)
accuracy: 86.11111111111111
episode: 970 loss tensor(0.0154, device='cuda:0', grad_fn=<MseLossBackward0>)
accuracy: 86.11111111111111
episode: 980 loss tensor(0.0185, device='cuda:0', grad_fn=<MseLossBackward0>)
accuracy: 83.33333333333333
episode: 990 loss tensor(0.0093, device='cuda:0', grad_fn=<MseLossBackward0>)
accuracy: 91.66666666666667
episode: 1000 loss tensor(0.0185, device='cuda:0', grad_fn=<MseLossBackward0>)
accuracy: 83.33333333333333
few shot learning time : 25.696155309677124
[0;33;40mcheck the file![0m
[0;33;40m./model/XZ_embdeeing_fewshot_1000fewshotepisode_0.pkl[0m
[0;33;40mcheck the file![0m
[0;33;40m./model/XZ_relation_fewshot_1000fewshotepisode_0.pkl[0m
few shot model save success!
