************fewshot_train.py_2023-04-14_18_38_51************
[0;33;40mcheck the file![0m
[0;33;40m./model/meta_training_embedding_20way_1shot_19querty_0.001learning_10000metatrainepisode.pkl[0m
[0;33;40m./model/meta_training_relation_20way_1shot_19querty_0.001learning_10000metatrainepisode.pkl[0m
[0;33;40mload feature encoder success[0m
[0;33;40mload relation network success[0m
[0;33;40mcheck the file![0m
[0;33;40m../h5dataset_ica_bandselect_200/IP_28_28_100_support5_2.h5[0m
episode: 10 loss tensor(0.0385, device='cuda:0', grad_fn=<MseLossBackward0>)
accuracy: 57.8125
episode: 20 loss tensor(0.0400, device='cuda:0', grad_fn=<MseLossBackward0>)
accuracy: 45.3125
episode: 30 loss tensor(0.0344, device='cuda:0', grad_fn=<MseLossBackward0>)
accuracy: 54.6875
episode: 40 loss tensor(0.0338, device='cuda:0', grad_fn=<MseLossBackward0>)
accuracy: 54.6875
episode: 50 loss tensor(0.0258, device='cuda:0', grad_fn=<MseLossBackward0>)
accuracy: 62.5
episode: 60 loss tensor(0.0328, device='cuda:0', grad_fn=<MseLossBackward0>)
accuracy: 50.0
episode: 70 loss tensor(0.0245, device='cuda:0', grad_fn=<MseLossBackward0>)
accuracy: 64.0625
episode: 80 loss tensor(0.0275, device='cuda:0', grad_fn=<MseLossBackward0>)
accuracy: 56.25
episode: 90 loss tensor(0.0236, device='cuda:0', grad_fn=<MseLossBackward0>)
accuracy: 65.625
episode: 100 loss tensor(0.0253, device='cuda:0', grad_fn=<MseLossBackward0>)
accuracy: 62.5
episode: 110 loss tensor(0.0251, device='cuda:0', grad_fn=<MseLossBackward0>)
accuracy: 65.625
episode: 120 loss tensor(0.0215, device='cuda:0', grad_fn=<MseLossBackward0>)
accuracy: 68.75
episode: 130 loss tensor(0.0234, device='cuda:0', grad_fn=<MseLossBackward0>)
accuracy: 65.625
episode: 140 loss tensor(0.0205, device='cuda:0', grad_fn=<MseLossBackward0>)
accuracy: 68.75
episode: 150 loss tensor(0.0205, device='cuda:0', grad_fn=<MseLossBackward0>)
accuracy: 67.1875
episode: 160 loss tensor(0.0264, device='cuda:0', grad_fn=<MseLossBackward0>)
accuracy: 60.9375
episode: 170 loss tensor(0.0235, device='cuda:0', grad_fn=<MseLossBackward0>)
accuracy: 62.5
episode: 180 loss tensor(0.0248, device='cuda:0', grad_fn=<MseLossBackward0>)
accuracy: 62.5
episode: 190 loss tensor(0.0196, device='cuda:0', grad_fn=<MseLossBackward0>)
accuracy: 70.3125
episode: 200 loss tensor(0.0215, device='cuda:0', grad_fn=<MseLossBackward0>)
accuracy: 67.1875
episode: 210 loss tensor(0.0176, device='cuda:0', grad_fn=<MseLossBackward0>)
accuracy: 73.4375
episode: 220 loss tensor(0.0234, device='cuda:0', grad_fn=<MseLossBackward0>)
accuracy: 65.625
episode: 230 loss tensor(0.0303, device='cuda:0', grad_fn=<MseLossBackward0>)
accuracy: 51.5625
episode: 240 loss tensor(0.0208, device='cuda:0', grad_fn=<MseLossBackward0>)
accuracy: 67.1875
episode: 250 loss tensor(0.0242, device='cuda:0', grad_fn=<MseLossBackward0>)
accuracy: 67.1875
episode: 260 loss tensor(0.0185, device='cuda:0', grad_fn=<MseLossBackward0>)
accuracy: 75.0
episode: 270 loss tensor(0.0254, device='cuda:0', grad_fn=<MseLossBackward0>)
accuracy: 60.9375
episode: 280 loss tensor(0.0186, device='cuda:0', grad_fn=<MseLossBackward0>)
accuracy: 70.3125
episode: 290 loss tensor(0.0232, device='cuda:0', grad_fn=<MseLossBackward0>)
accuracy: 65.625
episode: 300 loss tensor(0.0196, device='cuda:0', grad_fn=<MseLossBackward0>)
accuracy: 70.3125
episode: 310 loss tensor(0.0166, device='cuda:0', grad_fn=<MseLossBackward0>)
accuracy: 76.5625
episode: 320 loss tensor(0.0275, device='cuda:0', grad_fn=<MseLossBackward0>)
accuracy: 59.375
episode: 330 loss tensor(0.0187, device='cuda:0', grad_fn=<MseLossBackward0>)
accuracy: 71.875
episode: 340 loss tensor(0.0215, device='cuda:0', grad_fn=<MseLossBackward0>)
accuracy: 65.625
episode: 350 loss tensor(0.0186, device='cuda:0', grad_fn=<MseLossBackward0>)
accuracy: 71.875
episode: 360 loss tensor(0.0187, device='cuda:0', grad_fn=<MseLossBackward0>)
accuracy: 70.3125
episode: 370 loss tensor(0.0156, device='cuda:0', grad_fn=<MseLossBackward0>)
accuracy: 76.5625
episode: 380 loss tensor(0.0166, device='cuda:0', grad_fn=<MseLossBackward0>)
accuracy: 73.4375
episode: 390 loss tensor(0.0166, device='cuda:0', grad_fn=<MseLossBackward0>)
accuracy: 75.0
episode: 400 loss tensor(0.0147, device='cuda:0', grad_fn=<MseLossBackward0>)
accuracy: 79.6875
episode: 410 loss tensor(0.0205, device='cuda:0', grad_fn=<MseLossBackward0>)
accuracy: 67.1875
episode: 420 loss tensor(0.0156, device='cuda:0', grad_fn=<MseLossBackward0>)
accuracy: 75.0
episode: 430 loss tensor(0.0146, device='cuda:0', grad_fn=<MseLossBackward0>)
accuracy: 78.125
episode: 440 loss tensor(0.0156, device='cuda:0', grad_fn=<MseLossBackward0>)
accuracy: 75.0
episode: 450 loss tensor(0.0137, device='cuda:0', grad_fn=<MseLossBackward0>)
accuracy: 81.25
episode: 460 loss tensor(0.0175, device='cuda:0', grad_fn=<MseLossBackward0>)
accuracy: 73.4375
episode: 470 loss tensor(0.0176, device='cuda:0', grad_fn=<MseLossBackward0>)
accuracy: 71.875
episode: 480 loss tensor(0.0176, device='cuda:0', grad_fn=<MseLossBackward0>)
accuracy: 71.875
episode: 490 loss tensor(0.0156, device='cuda:0', grad_fn=<MseLossBackward0>)
accuracy: 76.5625
episode: 500 loss tensor(0.0137, device='cuda:0', grad_fn=<MseLossBackward0>)
accuracy: 78.125
episode: 510 loss tensor(0.0132, device='cuda:0', grad_fn=<MseLossBackward0>)
accuracy: 79.6875
episode: 520 loss tensor(0.0159, device='cuda:0', grad_fn=<MseLossBackward0>)
accuracy: 76.5625
episode: 530 loss tensor(0.0147, device='cuda:0', grad_fn=<MseLossBackward0>)
accuracy: 76.5625
episode: 540 loss tensor(0.0167, device='cuda:0', grad_fn=<MseLossBackward0>)
accuracy: 73.4375
episode: 550 loss tensor(0.0127, device='cuda:0', grad_fn=<MseLossBackward0>)
accuracy: 79.6875
episode: 560 loss tensor(0.0127, device='cuda:0', grad_fn=<MseLossBackward0>)
accuracy: 79.6875
episode: 570 loss tensor(0.0182, device='cuda:0', grad_fn=<MseLossBackward0>)
accuracy: 73.4375
episode: 580 loss tensor(0.0147, device='cuda:0', grad_fn=<MseLossBackward0>)
accuracy: 78.125
episode: 590 loss tensor(0.0166, device='cuda:0', grad_fn=<MseLossBackward0>)
accuracy: 73.4375
episode: 600 loss tensor(0.0166, device='cuda:0', grad_fn=<MseLossBackward0>)
accuracy: 76.5625
episode: 610 loss tensor(0.0127, device='cuda:0', grad_fn=<MseLossBackward0>)
accuracy: 79.6875
episode: 620 loss tensor(0.0137, device='cuda:0', grad_fn=<MseLossBackward0>)
accuracy: 78.125
episode: 630 loss tensor(0.0117, device='cuda:0', grad_fn=<MseLossBackward0>)
accuracy: 81.25
episode: 640 loss tensor(0.0137, device='cuda:0', grad_fn=<MseLossBackward0>)
accuracy: 78.125
episode: 650 loss tensor(0.0107, device='cuda:0', grad_fn=<MseLossBackward0>)
accuracy: 82.8125
episode: 660 loss tensor(0.0186, device='cuda:0', grad_fn=<MseLossBackward0>)
accuracy: 70.3125
episode: 670 loss tensor(0.0156, device='cuda:0', grad_fn=<MseLossBackward0>)
accuracy: 75.0
episode: 680 loss tensor(0.0166, device='cuda:0', grad_fn=<MseLossBackward0>)
accuracy: 73.4375
episode: 690 loss tensor(0.0117, device='cuda:0', grad_fn=<MseLossBackward0>)
accuracy: 81.25
episode: 700 loss tensor(0.0117, device='cuda:0', grad_fn=<MseLossBackward0>)
accuracy: 81.25
episode: 710 loss tensor(0.0137, device='cuda:0', grad_fn=<MseLossBackward0>)
accuracy: 78.125
episode: 720 loss tensor(0.0166, device='cuda:0', grad_fn=<MseLossBackward0>)
accuracy: 73.4375
episode: 730 loss tensor(0.0117, device='cuda:0', grad_fn=<MseLossBackward0>)
accuracy: 81.25
episode: 740 loss tensor(0.0117, device='cuda:0', grad_fn=<MseLossBackward0>)
accuracy: 81.25
episode: 750 loss tensor(0.0137, device='cuda:0', grad_fn=<MseLossBackward0>)
accuracy: 79.6875
episode: 760 loss tensor(0.0176, device='cuda:0', grad_fn=<MseLossBackward0>)
accuracy: 71.875
episode: 770 loss tensor(0.0166, device='cuda:0', grad_fn=<MseLossBackward0>)
accuracy: 75.0
episode: 780 loss tensor(0.0156, device='cuda:0', grad_fn=<MseLossBackward0>)
accuracy: 75.0
episode: 790 loss tensor(0.0127, device='cuda:0', grad_fn=<MseLossBackward0>)
accuracy: 79.6875
episode: 800 loss tensor(0.0176, device='cuda:0', grad_fn=<MseLossBackward0>)
accuracy: 71.875
episode: 810 loss tensor(0.0146, device='cuda:0', grad_fn=<MseLossBackward0>)
accuracy: 76.5625
episode: 820 loss tensor(0.0195, device='cuda:0', grad_fn=<MseLossBackward0>)
accuracy: 71.875
episode: 830 loss tensor(0.0107, device='cuda:0', grad_fn=<MseLossBackward0>)
accuracy: 82.8125
episode: 840 loss tensor(0.0137, device='cuda:0', grad_fn=<MseLossBackward0>)
accuracy: 78.125
episode: 850 loss tensor(0.0137, device='cuda:0', grad_fn=<MseLossBackward0>)
accuracy: 78.125
episode: 860 loss tensor(0.0146, device='cuda:0', grad_fn=<MseLossBackward0>)
accuracy: 76.5625
episode: 870 loss tensor(0.0137, device='cuda:0', grad_fn=<MseLossBackward0>)
accuracy: 78.125
episode: 880 loss tensor(0.0137, device='cuda:0', grad_fn=<MseLossBackward0>)
accuracy: 79.6875
episode: 890 loss tensor(0.0146, device='cuda:0', grad_fn=<MseLossBackward0>)
accuracy: 76.5625
episode: 900 loss tensor(0.0117, device='cuda:0', grad_fn=<MseLossBackward0>)
accuracy: 81.25
episode: 910 loss tensor(0.0176, device='cuda:0', grad_fn=<MseLossBackward0>)
accuracy: 71.875
episode: 920 loss tensor(0.0146, device='cuda:0', grad_fn=<MseLossBackward0>)
accuracy: 76.5625
episode: 930 loss tensor(0.0156, device='cuda:0', grad_fn=<MseLossBackward0>)
accuracy: 75.0
episode: 940 loss tensor(0.0146, device='cuda:0', grad_fn=<MseLossBackward0>)
accuracy: 76.5625
episode: 950 loss tensor(0.0176, device='cuda:0', grad_fn=<MseLossBackward0>)
accuracy: 71.875
episode: 960 loss tensor(0.0146, device='cuda:0', grad_fn=<MseLossBackward0>)
accuracy: 76.5625
episode: 970 loss tensor(0.0166, device='cuda:0', grad_fn=<MseLossBackward0>)
accuracy: 73.4375
episode: 980 loss tensor(0.0127, device='cuda:0', grad_fn=<MseLossBackward0>)
accuracy: 79.6875
episode: 990 loss tensor(0.0117, device='cuda:0', grad_fn=<MseLossBackward0>)
accuracy: 81.25
episode: 1000 loss tensor(0.0195, device='cuda:0', grad_fn=<MseLossBackward0>)
accuracy: 68.75
few shot learning time : 39.342087268829346
[0;33;40mcheck the file![0m
[0;33;40m./model/IP_embdeeing_fewshot_1000fewshotepisode_2.pkl[0m
[0;33;40mcheck the file![0m
[0;33;40m./model/IP_relation_fewshot_1000fewshotepisode_2.pkl[0m
few shot model save success!
