************fewshot_train.py_2023-04-16_12_51_32************
[0;33;40mcheck the file![0m
[0;33;40m./model/meta_training_embedding_20way_1shot_19querty_0.001learning_1metatrainepisode.pkl[0m
[0;33;40m./model/meta_training_relation_20way_1shot_19querty_0.001learning_1metatrainepisode.pkl[0m
[0;33;40mload feature encoder success[0m
[0;33;40mload relation network success[0m
[0;33;40mcheck the file![0m
[0;33;40m../h5dataset_ica_bandselect_200/IP_28_28_100_support5_3.h5[0m
episode: 10 loss tensor(0.3886, device='cuda:0', grad_fn=<MseLossBackward0>)
accuracy: 4.6875
episode: 20 loss tensor(0.1984, device='cuda:0', grad_fn=<MseLossBackward0>)
accuracy: 9.375
episode: 30 loss tensor(0.0900, device='cuda:0', grad_fn=<MseLossBackward0>)
accuracy: 3.125
episode: 40 loss tensor(0.0677, device='cuda:0', grad_fn=<MseLossBackward0>)
accuracy: 3.125
episode: 50 loss tensor(0.0650, device='cuda:0', grad_fn=<MseLossBackward0>)
accuracy: 3.125
episode: 60 loss tensor(0.0627, device='cuda:0', grad_fn=<MseLossBackward0>)
accuracy: 9.375
episode: 70 loss tensor(0.0629, device='cuda:0', grad_fn=<MseLossBackward0>)
accuracy: 3.125
episode: 80 loss tensor(0.0623, device='cuda:0', grad_fn=<MseLossBackward0>)
accuracy: 3.125
episode: 90 loss tensor(0.0626, device='cuda:0', grad_fn=<MseLossBackward0>)
accuracy: 9.375
episode: 100 loss tensor(0.0631, device='cuda:0', grad_fn=<MseLossBackward0>)
accuracy: 4.6875
episode: 110 loss tensor(0.0636, device='cuda:0', grad_fn=<MseLossBackward0>)
accuracy: 4.6875
episode: 120 loss tensor(0.0615, device='cuda:0', grad_fn=<MseLossBackward0>)
accuracy: 10.9375
episode: 130 loss tensor(0.0638, device='cuda:0', grad_fn=<MseLossBackward0>)
accuracy: 6.25
episode: 140 loss tensor(0.0621, device='cuda:0', grad_fn=<MseLossBackward0>)
accuracy: 7.8125
episode: 150 loss tensor(0.0632, device='cuda:0', grad_fn=<MseLossBackward0>)
accuracy: 3.125
episode: 160 loss tensor(0.0606, device='cuda:0', grad_fn=<MseLossBackward0>)
accuracy: 14.0625
episode: 170 loss tensor(0.0639, device='cuda:0', grad_fn=<MseLossBackward0>)
accuracy: 3.125
episode: 180 loss tensor(0.0634, device='cuda:0', grad_fn=<MseLossBackward0>)
accuracy: 3.125
episode: 190 loss tensor(0.0629, device='cuda:0', grad_fn=<MseLossBackward0>)
accuracy: 10.9375
episode: 200 loss tensor(0.0633, device='cuda:0', grad_fn=<MseLossBackward0>)
accuracy: 3.125
episode: 210 loss tensor(0.0626, device='cuda:0', grad_fn=<MseLossBackward0>)
accuracy: 4.6875
episode: 220 loss tensor(0.0570, device='cuda:0', grad_fn=<MseLossBackward0>)
accuracy: 21.875
episode: 230 loss tensor(0.0534, device='cuda:0', grad_fn=<MseLossBackward0>)
accuracy: 23.4375
episode: 240 loss tensor(0.0513, device='cuda:0', grad_fn=<MseLossBackward0>)
accuracy: 40.625
episode: 250 loss tensor(0.0430, device='cuda:0', grad_fn=<MseLossBackward0>)
accuracy: 54.6875
episode: 260 loss tensor(0.0387, device='cuda:0', grad_fn=<MseLossBackward0>)
accuracy: 54.6875
episode: 270 loss tensor(0.0328, device='cuda:0', grad_fn=<MseLossBackward0>)
accuracy: 68.75
episode: 280 loss tensor(0.0273, device='cuda:0', grad_fn=<MseLossBackward0>)
accuracy: 76.5625
episode: 290 loss tensor(0.0240, device='cuda:0', grad_fn=<MseLossBackward0>)
accuracy: 82.8125
episode: 300 loss tensor(0.0186, device='cuda:0', grad_fn=<MseLossBackward0>)
accuracy: 89.0625
episode: 310 loss tensor(0.0181, device='cuda:0', grad_fn=<MseLossBackward0>)
accuracy: 87.5
episode: 320 loss tensor(0.0143, device='cuda:0', grad_fn=<MseLossBackward0>)
accuracy: 92.1875
episode: 330 loss tensor(0.0169, device='cuda:0', grad_fn=<MseLossBackward0>)
accuracy: 87.5
episode: 340 loss tensor(0.0133, device='cuda:0', grad_fn=<MseLossBackward0>)
accuracy: 92.1875
episode: 350 loss tensor(0.0113, device='cuda:0', grad_fn=<MseLossBackward0>)
accuracy: 92.1875
episode: 360 loss tensor(0.0094, device='cuda:0', grad_fn=<MseLossBackward0>)
accuracy: 98.4375
episode: 370 loss tensor(0.0083, device='cuda:0', grad_fn=<MseLossBackward0>)
accuracy: 100.0
episode: 380 loss tensor(0.0073, device='cuda:0', grad_fn=<MseLossBackward0>)
accuracy: 100.0
episode: 390 loss tensor(0.0069, device='cuda:0', grad_fn=<MseLossBackward0>)
accuracy: 100.0
episode: 400 loss tensor(0.0058, device='cuda:0', grad_fn=<MseLossBackward0>)
accuracy: 100.0
episode: 410 loss tensor(0.0049, device='cuda:0', grad_fn=<MseLossBackward0>)
accuracy: 100.0
episode: 420 loss tensor(0.0039, device='cuda:0', grad_fn=<MseLossBackward0>)
accuracy: 100.0
episode: 430 loss tensor(0.0050, device='cuda:0', grad_fn=<MseLossBackward0>)
accuracy: 98.4375
episode: 440 loss tensor(0.0035, device='cuda:0', grad_fn=<MseLossBackward0>)
accuracy: 100.0
episode: 450 loss tensor(0.0035, device='cuda:0', grad_fn=<MseLossBackward0>)
accuracy: 100.0
episode: 460 loss tensor(0.0041, device='cuda:0', grad_fn=<MseLossBackward0>)
accuracy: 100.0
episode: 470 loss tensor(0.0034, device='cuda:0', grad_fn=<MseLossBackward0>)
accuracy: 100.0
episode: 480 loss tensor(0.0035, device='cuda:0', grad_fn=<MseLossBackward0>)
accuracy: 100.0
episode: 490 loss tensor(0.0029, device='cuda:0', grad_fn=<MseLossBackward0>)
accuracy: 100.0
episode: 500 loss tensor(0.0031, device='cuda:0', grad_fn=<MseLossBackward0>)
accuracy: 100.0
episode: 510 loss tensor(0.0041, device='cuda:0', grad_fn=<MseLossBackward0>)
accuracy: 100.0
episode: 520 loss tensor(0.0028, device='cuda:0', grad_fn=<MseLossBackward0>)
accuracy: 100.0
episode: 530 loss tensor(0.0023, device='cuda:0', grad_fn=<MseLossBackward0>)
accuracy: 100.0
episode: 540 loss tensor(0.0046, device='cuda:0', grad_fn=<MseLossBackward0>)
accuracy: 96.875
episode: 550 loss tensor(0.0024, device='cuda:0', grad_fn=<MseLossBackward0>)
accuracy: 100.0
episode: 560 loss tensor(0.0024, device='cuda:0', grad_fn=<MseLossBackward0>)
accuracy: 100.0
episode: 570 loss tensor(0.0023, device='cuda:0', grad_fn=<MseLossBackward0>)
accuracy: 100.0
episode: 580 loss tensor(0.0023, device='cuda:0', grad_fn=<MseLossBackward0>)
accuracy: 100.0
episode: 590 loss tensor(0.0016, device='cuda:0', grad_fn=<MseLossBackward0>)
accuracy: 100.0
episode: 600 loss tensor(0.0018, device='cuda:0', grad_fn=<MseLossBackward0>)
accuracy: 100.0
episode: 610 loss tensor(0.0018, device='cuda:0', grad_fn=<MseLossBackward0>)
accuracy: 100.0
episode: 620 loss tensor(0.0022, device='cuda:0', grad_fn=<MseLossBackward0>)
accuracy: 98.4375
episode: 630 loss tensor(0.0017, device='cuda:0', grad_fn=<MseLossBackward0>)
accuracy: 100.0
episode: 640 loss tensor(0.0019, device='cuda:0', grad_fn=<MseLossBackward0>)
accuracy: 100.0
episode: 650 loss tensor(0.0017, device='cuda:0', grad_fn=<MseLossBackward0>)
accuracy: 100.0
episode: 660 loss tensor(0.0023, device='cuda:0', grad_fn=<MseLossBackward0>)
accuracy: 100.0
episode: 670 loss tensor(0.0018, device='cuda:0', grad_fn=<MseLossBackward0>)
accuracy: 100.0
episode: 680 loss tensor(0.0017, device='cuda:0', grad_fn=<MseLossBackward0>)
accuracy: 100.0
episode: 690 loss tensor(0.0026, device='cuda:0', grad_fn=<MseLossBackward0>)
accuracy: 100.0
episode: 700 loss tensor(0.0015, device='cuda:0', grad_fn=<MseLossBackward0>)
accuracy: 100.0
episode: 710 loss tensor(0.0017, device='cuda:0', grad_fn=<MseLossBackward0>)
accuracy: 100.0
episode: 720 loss tensor(0.0014, device='cuda:0', grad_fn=<MseLossBackward0>)
accuracy: 100.0
episode: 730 loss tensor(0.0011, device='cuda:0', grad_fn=<MseLossBackward0>)
accuracy: 100.0
episode: 740 loss tensor(0.0016, device='cuda:0', grad_fn=<MseLossBackward0>)
accuracy: 100.0
episode: 750 loss tensor(0.0010, device='cuda:0', grad_fn=<MseLossBackward0>)
accuracy: 100.0
episode: 760 loss tensor(0.0011, device='cuda:0', grad_fn=<MseLossBackward0>)
accuracy: 100.0
episode: 770 loss tensor(0.0013, device='cuda:0', grad_fn=<MseLossBackward0>)
accuracy: 100.0
episode: 780 loss tensor(0.0015, device='cuda:0', grad_fn=<MseLossBackward0>)
accuracy: 100.0
episode: 790 loss tensor(0.0013, device='cuda:0', grad_fn=<MseLossBackward0>)
accuracy: 100.0
episode: 800 loss tensor(0.0011, device='cuda:0', grad_fn=<MseLossBackward0>)
accuracy: 100.0
episode: 810 loss tensor(0.0019, device='cuda:0', grad_fn=<MseLossBackward0>)
accuracy: 100.0
episode: 820 loss tensor(0.0015, device='cuda:0', grad_fn=<MseLossBackward0>)
accuracy: 100.0
episode: 830 loss tensor(0.0023, device='cuda:0', grad_fn=<MseLossBackward0>)
accuracy: 100.0
episode: 840 loss tensor(0.0009, device='cuda:0', grad_fn=<MseLossBackward0>)
accuracy: 100.0
episode: 850 loss tensor(0.0016, device='cuda:0', grad_fn=<MseLossBackward0>)
accuracy: 100.0
episode: 860 loss tensor(0.0016, device='cuda:0', grad_fn=<MseLossBackward0>)
accuracy: 100.0
episode: 870 loss tensor(0.0010, device='cuda:0', grad_fn=<MseLossBackward0>)
accuracy: 100.0
episode: 880 loss tensor(0.0014, device='cuda:0', grad_fn=<MseLossBackward0>)
accuracy: 100.0
episode: 890 loss tensor(0.0012, device='cuda:0', grad_fn=<MseLossBackward0>)
accuracy: 100.0
episode: 900 loss tensor(0.0010, device='cuda:0', grad_fn=<MseLossBackward0>)
accuracy: 100.0
episode: 910 loss tensor(0.0014, device='cuda:0', grad_fn=<MseLossBackward0>)
accuracy: 100.0
episode: 920 loss tensor(0.0013, device='cuda:0', grad_fn=<MseLossBackward0>)
accuracy: 100.0
episode: 930 loss tensor(0.0015, device='cuda:0', grad_fn=<MseLossBackward0>)
accuracy: 100.0
episode: 940 loss tensor(0.0010, device='cuda:0', grad_fn=<MseLossBackward0>)
accuracy: 100.0
episode: 950 loss tensor(0.0011, device='cuda:0', grad_fn=<MseLossBackward0>)
accuracy: 100.0
episode: 960 loss tensor(0.0011, device='cuda:0', grad_fn=<MseLossBackward0>)
accuracy: 100.0
episode: 970 loss tensor(0.0010, device='cuda:0', grad_fn=<MseLossBackward0>)
accuracy: 100.0
episode: 980 loss tensor(0.0011, device='cuda:0', grad_fn=<MseLossBackward0>)
accuracy: 100.0
episode: 990 loss tensor(0.0023, device='cuda:0', grad_fn=<MseLossBackward0>)
accuracy: 100.0
episode: 1000 loss tensor(0.0014, device='cuda:0', grad_fn=<MseLossBackward0>)
accuracy: 100.0
few shot learning time : 40.58035373687744
[0;33;40mcheck the file![0m
[0;33;40m./model/IP_embdeeing_fewshot_1000fewshotepisode_3.pkl[0m
[0;33;40mcheck the file![0m
[0;33;40m./model/IP_relation_fewshot_1000fewshotepisode_3.pkl[0m
few shot model save success!
