************fewshot_train.py_2023-04-16_12_52_44************
[0;33;40mcheck the file![0m
[0;33;40m./model/meta_training_embedding_20way_1shot_19querty_0.001learning_1metatrainepisode.pkl[0m
[0;33;40m./model/meta_training_relation_20way_1shot_19querty_0.001learning_1metatrainepisode.pkl[0m
[0;33;40mload feature encoder success[0m
[0;33;40mload relation network success[0m
[0;33;40mcheck the file![0m
[0;33;40m../h5dataset_ica_bandselect_200/IP_28_28_100_support5_4.h5[0m
episode: 10 loss tensor(0.3866, device='cuda:0', grad_fn=<MseLossBackward0>)
accuracy: 4.6875
episode: 20 loss tensor(0.2019, device='cuda:0', grad_fn=<MseLossBackward0>)
accuracy: 4.6875
episode: 30 loss tensor(0.0938, device='cuda:0', grad_fn=<MseLossBackward0>)
accuracy: 4.6875
episode: 40 loss tensor(0.0668, device='cuda:0', grad_fn=<MseLossBackward0>)
accuracy: 6.25
episode: 50 loss tensor(0.0641, device='cuda:0', grad_fn=<MseLossBackward0>)
accuracy: 7.8125
episode: 60 loss tensor(0.0643, device='cuda:0', grad_fn=<MseLossBackward0>)
accuracy: 4.6875
episode: 70 loss tensor(0.0618, device='cuda:0', grad_fn=<MseLossBackward0>)
accuracy: 10.9375
episode: 80 loss tensor(0.0638, device='cuda:0', grad_fn=<MseLossBackward0>)
accuracy: 7.8125
episode: 90 loss tensor(0.0629, device='cuda:0', grad_fn=<MseLossBackward0>)
accuracy: 4.6875
episode: 100 loss tensor(0.0626, device='cuda:0', grad_fn=<MseLossBackward0>)
accuracy: 7.8125
episode: 110 loss tensor(0.0635, device='cuda:0', grad_fn=<MseLossBackward0>)
accuracy: 4.6875
episode: 120 loss tensor(0.0617, device='cuda:0', grad_fn=<MseLossBackward0>)
accuracy: 4.6875
episode: 130 loss tensor(0.0630, device='cuda:0', grad_fn=<MseLossBackward0>)
accuracy: 9.375
episode: 140 loss tensor(0.0622, device='cuda:0', grad_fn=<MseLossBackward0>)
accuracy: 4.6875
episode: 150 loss tensor(0.0641, device='cuda:0', grad_fn=<MseLossBackward0>)
accuracy: 4.6875
episode: 160 loss tensor(0.0654, device='cuda:0', grad_fn=<MseLossBackward0>)
accuracy: 4.6875
episode: 170 loss tensor(0.0633, device='cuda:0', grad_fn=<MseLossBackward0>)
accuracy: 4.6875
episode: 180 loss tensor(0.0627, device='cuda:0', grad_fn=<MseLossBackward0>)
accuracy: 1.5625
episode: 190 loss tensor(0.0627, device='cuda:0', grad_fn=<MseLossBackward0>)
accuracy: 3.125
episode: 200 loss tensor(0.0628, device='cuda:0', grad_fn=<MseLossBackward0>)
accuracy: 6.25
episode: 210 loss tensor(0.0618, device='cuda:0', grad_fn=<MseLossBackward0>)
accuracy: 7.8125
episode: 220 loss tensor(0.0619, device='cuda:0', grad_fn=<MseLossBackward0>)
accuracy: 7.8125
episode: 230 loss tensor(0.0625, device='cuda:0', grad_fn=<MseLossBackward0>)
accuracy: 7.8125
episode: 240 loss tensor(0.0619, device='cuda:0', grad_fn=<MseLossBackward0>)
accuracy: 6.25
episode: 250 loss tensor(0.0634, device='cuda:0', grad_fn=<MseLossBackward0>)
accuracy: 9.375
episode: 260 loss tensor(0.0587, device='cuda:0', grad_fn=<MseLossBackward0>)
accuracy: 17.1875
episode: 270 loss tensor(0.0533, device='cuda:0', grad_fn=<MseLossBackward0>)
accuracy: 31.25
episode: 280 loss tensor(0.0464, device='cuda:0', grad_fn=<MseLossBackward0>)
accuracy: 45.3125
episode: 290 loss tensor(0.0434, device='cuda:0', grad_fn=<MseLossBackward0>)
accuracy: 48.4375
episode: 300 loss tensor(0.0355, device='cuda:0', grad_fn=<MseLossBackward0>)
accuracy: 64.0625
episode: 310 loss tensor(0.0256, device='cuda:0', grad_fn=<MseLossBackward0>)
accuracy: 89.0625
episode: 320 loss tensor(0.0196, device='cuda:0', grad_fn=<MseLossBackward0>)
accuracy: 92.1875
episode: 330 loss tensor(0.0166, device='cuda:0', grad_fn=<MseLossBackward0>)
accuracy: 96.875
episode: 340 loss tensor(0.0144, device='cuda:0', grad_fn=<MseLossBackward0>)
accuracy: 96.875
episode: 350 loss tensor(0.0129, device='cuda:0', grad_fn=<MseLossBackward0>)
accuracy: 93.75
episode: 360 loss tensor(0.0103, device='cuda:0', grad_fn=<MseLossBackward0>)
accuracy: 96.875
episode: 370 loss tensor(0.0092, device='cuda:0', grad_fn=<MseLossBackward0>)
accuracy: 98.4375
episode: 380 loss tensor(0.0078, device='cuda:0', grad_fn=<MseLossBackward0>)
accuracy: 98.4375
episode: 390 loss tensor(0.0076, device='cuda:0', grad_fn=<MseLossBackward0>)
accuracy: 98.4375
episode: 400 loss tensor(0.0066, device='cuda:0', grad_fn=<MseLossBackward0>)
accuracy: 98.4375
episode: 410 loss tensor(0.0069, device='cuda:0', grad_fn=<MseLossBackward0>)
accuracy: 98.4375
episode: 420 loss tensor(0.0058, device='cuda:0', grad_fn=<MseLossBackward0>)
accuracy: 98.4375
episode: 430 loss tensor(0.0058, device='cuda:0', grad_fn=<MseLossBackward0>)
accuracy: 100.0
episode: 440 loss tensor(0.0058, device='cuda:0', grad_fn=<MseLossBackward0>)
accuracy: 100.0
episode: 450 loss tensor(0.0046, device='cuda:0', grad_fn=<MseLossBackward0>)
accuracy: 100.0
episode: 460 loss tensor(0.0032, device='cuda:0', grad_fn=<MseLossBackward0>)
accuracy: 100.0
episode: 470 loss tensor(0.0036, device='cuda:0', grad_fn=<MseLossBackward0>)
accuracy: 100.0
episode: 480 loss tensor(0.0038, device='cuda:0', grad_fn=<MseLossBackward0>)
accuracy: 100.0
episode: 490 loss tensor(0.0037, device='cuda:0', grad_fn=<MseLossBackward0>)
accuracy: 100.0
episode: 500 loss tensor(0.0040, device='cuda:0', grad_fn=<MseLossBackward0>)
accuracy: 100.0
episode: 510 loss tensor(0.0031, device='cuda:0', grad_fn=<MseLossBackward0>)
accuracy: 100.0
episode: 520 loss tensor(0.0041, device='cuda:0', grad_fn=<MseLossBackward0>)
accuracy: 98.4375
episode: 530 loss tensor(0.0030, device='cuda:0', grad_fn=<MseLossBackward0>)
accuracy: 100.0
episode: 540 loss tensor(0.0023, device='cuda:0', grad_fn=<MseLossBackward0>)
accuracy: 100.0
episode: 550 loss tensor(0.0029, device='cuda:0', grad_fn=<MseLossBackward0>)
accuracy: 100.0
episode: 560 loss tensor(0.0022, device='cuda:0', grad_fn=<MseLossBackward0>)
accuracy: 100.0
episode: 570 loss tensor(0.0032, device='cuda:0', grad_fn=<MseLossBackward0>)
accuracy: 100.0
episode: 580 loss tensor(0.0030, device='cuda:0', grad_fn=<MseLossBackward0>)
accuracy: 98.4375
episode: 590 loss tensor(0.0016, device='cuda:0', grad_fn=<MseLossBackward0>)
accuracy: 100.0
episode: 600 loss tensor(0.0026, device='cuda:0', grad_fn=<MseLossBackward0>)
accuracy: 100.0
episode: 610 loss tensor(0.0020, device='cuda:0', grad_fn=<MseLossBackward0>)
accuracy: 100.0
episode: 620 loss tensor(0.0029, device='cuda:0', grad_fn=<MseLossBackward0>)
accuracy: 100.0
episode: 630 loss tensor(0.0036, device='cuda:0', grad_fn=<MseLossBackward0>)
accuracy: 100.0
episode: 640 loss tensor(0.0028, device='cuda:0', grad_fn=<MseLossBackward0>)
accuracy: 100.0
episode: 650 loss tensor(0.0033, device='cuda:0', grad_fn=<MseLossBackward0>)
accuracy: 100.0
episode: 660 loss tensor(0.0028, device='cuda:0', grad_fn=<MseLossBackward0>)
accuracy: 100.0
episode: 670 loss tensor(0.0023, device='cuda:0', grad_fn=<MseLossBackward0>)
accuracy: 100.0
episode: 680 loss tensor(0.0027, device='cuda:0', grad_fn=<MseLossBackward0>)
accuracy: 100.0
episode: 690 loss tensor(0.0017, device='cuda:0', grad_fn=<MseLossBackward0>)
accuracy: 100.0
episode: 700 loss tensor(0.0016, device='cuda:0', grad_fn=<MseLossBackward0>)
accuracy: 100.0
episode: 710 loss tensor(0.0015, device='cuda:0', grad_fn=<MseLossBackward0>)
accuracy: 100.0
episode: 720 loss tensor(0.0018, device='cuda:0', grad_fn=<MseLossBackward0>)
accuracy: 100.0
episode: 730 loss tensor(0.0016, device='cuda:0', grad_fn=<MseLossBackward0>)
accuracy: 100.0
episode: 740 loss tensor(0.0026, device='cuda:0', grad_fn=<MseLossBackward0>)
accuracy: 98.4375
episode: 750 loss tensor(0.0010, device='cuda:0', grad_fn=<MseLossBackward0>)
accuracy: 100.0
episode: 760 loss tensor(0.0019, device='cuda:0', grad_fn=<MseLossBackward0>)
accuracy: 100.0
episode: 770 loss tensor(0.0018, device='cuda:0', grad_fn=<MseLossBackward0>)
accuracy: 100.0
episode: 780 loss tensor(0.0010, device='cuda:0', grad_fn=<MseLossBackward0>)
accuracy: 100.0
episode: 790 loss tensor(0.0016, device='cuda:0', grad_fn=<MseLossBackward0>)
accuracy: 100.0
episode: 800 loss tensor(0.0017, device='cuda:0', grad_fn=<MseLossBackward0>)
accuracy: 100.0
episode: 810 loss tensor(0.0012, device='cuda:0', grad_fn=<MseLossBackward0>)
accuracy: 100.0
episode: 820 loss tensor(0.0015, device='cuda:0', grad_fn=<MseLossBackward0>)
accuracy: 100.0
episode: 830 loss tensor(0.0020, device='cuda:0', grad_fn=<MseLossBackward0>)
accuracy: 100.0
episode: 840 loss tensor(0.0017, device='cuda:0', grad_fn=<MseLossBackward0>)
accuracy: 100.0
episode: 850 loss tensor(0.0012, device='cuda:0', grad_fn=<MseLossBackward0>)
accuracy: 100.0
episode: 860 loss tensor(0.0013, device='cuda:0', grad_fn=<MseLossBackward0>)
accuracy: 100.0
episode: 870 loss tensor(0.0010, device='cuda:0', grad_fn=<MseLossBackward0>)
accuracy: 100.0
episode: 880 loss tensor(0.0016, device='cuda:0', grad_fn=<MseLossBackward0>)
accuracy: 100.0
episode: 890 loss tensor(0.0015, device='cuda:0', grad_fn=<MseLossBackward0>)
accuracy: 100.0
episode: 900 loss tensor(0.0011, device='cuda:0', grad_fn=<MseLossBackward0>)
accuracy: 100.0
episode: 910 loss tensor(0.0011, device='cuda:0', grad_fn=<MseLossBackward0>)
accuracy: 100.0
episode: 920 loss tensor(0.0017, device='cuda:0', grad_fn=<MseLossBackward0>)
accuracy: 100.0
episode: 930 loss tensor(0.0010, device='cuda:0', grad_fn=<MseLossBackward0>)
accuracy: 100.0
episode: 940 loss tensor(0.0010, device='cuda:0', grad_fn=<MseLossBackward0>)
accuracy: 100.0
episode: 950 loss tensor(0.0018, device='cuda:0', grad_fn=<MseLossBackward0>)
accuracy: 100.0
episode: 960 loss tensor(0.0009, device='cuda:0', grad_fn=<MseLossBackward0>)
accuracy: 100.0
episode: 970 loss tensor(0.0012, device='cuda:0', grad_fn=<MseLossBackward0>)
accuracy: 100.0
episode: 980 loss tensor(0.0015, device='cuda:0', grad_fn=<MseLossBackward0>)
accuracy: 100.0
episode: 990 loss tensor(0.0013, device='cuda:0', grad_fn=<MseLossBackward0>)
accuracy: 100.0
episode: 1000 loss tensor(0.0015, device='cuda:0', grad_fn=<MseLossBackward0>)
accuracy: 100.0
few shot learning time : 40.42752480506897
[0;33;40mcheck the file![0m
[0;33;40m./model/IP_embdeeing_fewshot_1000fewshotepisode_4.pkl[0m
[0;33;40mcheck the file![0m
[0;33;40m./model/IP_relation_fewshot_1000fewshotepisode_4.pkl[0m
few shot model save success!
