**********meta_train_EM_RN.py_2023-04-16_11_37_21***********
n_way = 20, n_shot = 1, n_query = 19, META_EPISODE = 1, LEARNING_RATE = 0.001, GPU = 0
n_examples = 200, im_width = 28, im_height = 28, depth = 100
[0;33;40mcheck the file![0m
[0;33;40m../h5dataset_ica_bandselect_200//meta_train_11000_78400.h5[0m
embedding network section:
size x: [20, 1, 100, 28, 28]
out = layer1(x)
size out: [20, 8, 25, 15, 15]
out = layer2(x)
size out: [20, 16, 6, 8, 8]
torch.Size([20, 16, 6, 8, 8])
torch.Size([20, 16, 6, 8, 8])
torch.Size([20, 16, 6, 8, 8])
torch.Size([20, 16, 6, 8, 8])
layer3
size out: [20, 16, 6, 8, 8]
torch.Size([20, 16, 6, 8, 8])
torch.Size([20, 16, 6, 8, 8])
torch.Size([20, 16, 6, 8, 8])
torch.Size([20, 16, 6, 8, 8])
layer4
size out: [20, 16, 6, 8, 8]
out = layer5(x)
size out: [20, 32, 6, 8, 8]
out = layer6(x)
size out: [20, 64, 6, 8, 8]
embedding network section:
size x: [380, 1, 100, 28, 28]
out = layer1(x)
size out: [380, 8, 25, 15, 15]
out = layer2(x)
size out: [380, 16, 6, 8, 8]
torch.Size([380, 16, 6, 8, 8])
torch.Size([380, 16, 6, 8, 8])
torch.Size([380, 16, 6, 8, 8])
torch.Size([380, 16, 6, 8, 8])
layer3
size out: [380, 16, 6, 8, 8]
torch.Size([380, 16, 6, 8, 8])
torch.Size([380, 16, 6, 8, 8])
torch.Size([380, 16, 6, 8, 8])
torch.Size([380, 16, 6, 8, 8])
layer4
size out: [380, 16, 6, 8, 8]
out = layer5(x)
size out: [380, 32, 6, 8, 8]
out = layer6(x)
size out: [380, 64, 6, 8, 8]
relation network section:
size x: [7600, 768, 8, 8]
