************fewshot_train.py_2023-04-16_11_08_39************
[0;33;40mcheck the file![0m
[0;33;40m./model/meta_training_embedding_20way_1shot_19querty_0.001learning_1metatrainepisode.pkl[0m
[0;33;40m./model/meta_training_relation_20way_1shot_19querty_0.001learning_1metatrainepisode.pkl[0m
[0;33;40mload feature encoder success[0m
[0;33;40mload relation network success[0m
[0;33;40mcheck the file![0m
[0;33;40m../h5dataset_ica_bandselect_200/IP_28_28_100_support5_8.h5[0m
episode: 10 loss tensor(0.3666, device='cuda:0', grad_fn=<MseLossBackward0>)
accuracy: 7.8125
episode: 20 loss tensor(0.1711, device='cuda:0', grad_fn=<MseLossBackward0>)
accuracy: 6.25
episode: 30 loss tensor(0.0656, device='cuda:0', grad_fn=<MseLossBackward0>)
accuracy: 6.25
episode: 40 loss tensor(0.0590, device='cuda:0', grad_fn=<MseLossBackward0>)
accuracy: 6.25
episode: 50 loss tensor(0.0599, device='cuda:0', grad_fn=<MseLossBackward0>)
accuracy: 6.25
episode: 60 loss tensor(0.0587, device='cuda:0', grad_fn=<MseLossBackward0>)
accuracy: 7.8125
episode: 70 loss tensor(0.0586, device='cuda:0', grad_fn=<MseLossBackward0>)
accuracy: 6.25
episode: 80 loss tensor(0.0586, device='cuda:0', grad_fn=<MseLossBackward0>)
accuracy: 6.25
episode: 90 loss tensor(0.0586, device='cuda:0', grad_fn=<MseLossBackward0>)
accuracy: 6.25
episode: 100 loss tensor(0.0586, device='cuda:0', grad_fn=<MseLossBackward0>)
accuracy: 6.25
episode: 110 loss tensor(0.0586, device='cuda:0', grad_fn=<MseLossBackward0>)
accuracy: 6.25
episode: 120 loss tensor(0.0586, device='cuda:0', grad_fn=<MseLossBackward0>)
accuracy: 9.375
episode: 130 loss tensor(0.0586, device='cuda:0', grad_fn=<MseLossBackward0>)
accuracy: 9.375
episode: 140 loss tensor(0.0585, device='cuda:0', grad_fn=<MseLossBackward0>)
accuracy: 12.5
episode: 150 loss tensor(0.0585, device='cuda:0', grad_fn=<MseLossBackward0>)
accuracy: 12.5
episode: 160 loss tensor(0.0584, device='cuda:0', grad_fn=<MseLossBackward0>)
accuracy: 9.375
episode: 170 loss tensor(0.0582, device='cuda:0', grad_fn=<MseLossBackward0>)
accuracy: 18.75
episode: 180 loss tensor(0.0571, device='cuda:0', grad_fn=<MseLossBackward0>)
accuracy: 17.1875
episode: 190 loss tensor(0.0544, device='cuda:0', grad_fn=<MseLossBackward0>)
accuracy: 34.375
episode: 200 loss tensor(0.0508, device='cuda:0', grad_fn=<MseLossBackward0>)
accuracy: 40.625
episode: 210 loss tensor(0.0471, device='cuda:0', grad_fn=<MseLossBackward0>)
accuracy: 57.8125
episode: 220 loss tensor(0.0427, device='cuda:0', grad_fn=<MseLossBackward0>)
accuracy: 59.375
episode: 230 loss tensor(0.0356, device='cuda:0', grad_fn=<MseLossBackward0>)
accuracy: 75.0
episode: 240 loss tensor(0.0316, device='cuda:0', grad_fn=<MseLossBackward0>)
accuracy: 82.8125
episode: 250 loss tensor(0.0243, device='cuda:0', grad_fn=<MseLossBackward0>)
accuracy: 84.375
episode: 260 loss tensor(0.0203, device='cuda:0', grad_fn=<MseLossBackward0>)
accuracy: 90.625
episode: 270 loss tensor(0.0186, device='cuda:0', grad_fn=<MseLossBackward0>)
accuracy: 87.5
episode: 280 loss tensor(0.0150, device='cuda:0', grad_fn=<MseLossBackward0>)
accuracy: 92.1875
episode: 290 loss tensor(0.0130, device='cuda:0', grad_fn=<MseLossBackward0>)
accuracy: 93.75
episode: 300 loss tensor(0.0113, device='cuda:0', grad_fn=<MseLossBackward0>)
accuracy: 93.75
episode: 310 loss tensor(0.0127, device='cuda:0', grad_fn=<MseLossBackward0>)
accuracy: 92.1875
episode: 320 loss tensor(0.0081, device='cuda:0', grad_fn=<MseLossBackward0>)
accuracy: 96.875
episode: 330 loss tensor(0.0093, device='cuda:0', grad_fn=<MseLossBackward0>)
accuracy: 93.75
episode: 340 loss tensor(0.0065, device='cuda:0', grad_fn=<MseLossBackward0>)
accuracy: 98.4375
episode: 350 loss tensor(0.0055, device='cuda:0', grad_fn=<MseLossBackward0>)
accuracy: 98.4375
episode: 360 loss tensor(0.0077, device='cuda:0', grad_fn=<MseLossBackward0>)
accuracy: 93.75
episode: 370 loss tensor(0.0045, device='cuda:0', grad_fn=<MseLossBackward0>)
accuracy: 98.4375
episode: 380 loss tensor(0.0070, device='cuda:0', grad_fn=<MseLossBackward0>)
accuracy: 93.75
episode: 390 loss tensor(0.0039, device='cuda:0', grad_fn=<MseLossBackward0>)
accuracy: 98.4375
episode: 400 loss tensor(0.0036, device='cuda:0', grad_fn=<MseLossBackward0>)
accuracy: 98.4375
episode: 410 loss tensor(0.0034, device='cuda:0', grad_fn=<MseLossBackward0>)
accuracy: 98.4375
episode: 420 loss tensor(0.0032, device='cuda:0', grad_fn=<MseLossBackward0>)
accuracy: 98.4375
episode: 430 loss tensor(0.0030, device='cuda:0', grad_fn=<MseLossBackward0>)
accuracy: 98.4375
episode: 440 loss tensor(0.0029, device='cuda:0', grad_fn=<MseLossBackward0>)
accuracy: 98.4375
episode: 450 loss tensor(0.0028, device='cuda:0', grad_fn=<MseLossBackward0>)
accuracy: 98.4375
episode: 460 loss tensor(0.0026, device='cuda:0', grad_fn=<MseLossBackward0>)
accuracy: 98.4375
episode: 470 loss tensor(0.0025, device='cuda:0', grad_fn=<MseLossBackward0>)
accuracy: 98.4375
episode: 480 loss tensor(0.0019, device='cuda:0', grad_fn=<MseLossBackward0>)
accuracy: 100.0
episode: 490 loss tensor(0.0016, device='cuda:0', grad_fn=<MseLossBackward0>)
accuracy: 100.0
episode: 500 loss tensor(0.0014, device='cuda:0', grad_fn=<MseLossBackward0>)
accuracy: 100.0
episode: 510 loss tensor(0.0013, device='cuda:0', grad_fn=<MseLossBackward0>)
accuracy: 100.0
episode: 520 loss tensor(0.0012, device='cuda:0', grad_fn=<MseLossBackward0>)
accuracy: 100.0
episode: 530 loss tensor(0.0011, device='cuda:0', grad_fn=<MseLossBackward0>)
accuracy: 100.0
episode: 540 loss tensor(0.0010, device='cuda:0', grad_fn=<MseLossBackward0>)
accuracy: 100.0
episode: 550 loss tensor(0.0010, device='cuda:0', grad_fn=<MseLossBackward0>)
accuracy: 100.0
episode: 560 loss tensor(0.0009, device='cuda:0', grad_fn=<MseLossBackward0>)
accuracy: 100.0
episode: 570 loss tensor(0.0009, device='cuda:0', grad_fn=<MseLossBackward0>)
accuracy: 100.0
episode: 580 loss tensor(0.0008, device='cuda:0', grad_fn=<MseLossBackward0>)
accuracy: 100.0
episode: 590 loss tensor(0.0008, device='cuda:0', grad_fn=<MseLossBackward0>)
accuracy: 100.0
episode: 600 loss tensor(0.0007, device='cuda:0', grad_fn=<MseLossBackward0>)
accuracy: 100.0
episode: 610 loss tensor(0.0007, device='cuda:0', grad_fn=<MseLossBackward0>)
accuracy: 100.0
episode: 620 loss tensor(0.0007, device='cuda:0', grad_fn=<MseLossBackward0>)
accuracy: 100.0
episode: 630 loss tensor(0.0006, device='cuda:0', grad_fn=<MseLossBackward0>)
accuracy: 100.0
episode: 640 loss tensor(0.0006, device='cuda:0', grad_fn=<MseLossBackward0>)
accuracy: 100.0
episode: 650 loss tensor(0.0006, device='cuda:0', grad_fn=<MseLossBackward0>)
accuracy: 100.0
episode: 660 loss tensor(0.0006, device='cuda:0', grad_fn=<MseLossBackward0>)
accuracy: 100.0
episode: 670 loss tensor(0.0005, device='cuda:0', grad_fn=<MseLossBackward0>)
accuracy: 100.0
episode: 680 loss tensor(0.0005, device='cuda:0', grad_fn=<MseLossBackward0>)
accuracy: 100.0
episode: 690 loss tensor(0.0005, device='cuda:0', grad_fn=<MseLossBackward0>)
accuracy: 100.0
episode: 700 loss tensor(0.0005, device='cuda:0', grad_fn=<MseLossBackward0>)
accuracy: 100.0
episode: 710 loss tensor(0.0005, device='cuda:0', grad_fn=<MseLossBackward0>)
accuracy: 100.0
episode: 720 loss tensor(0.0005, device='cuda:0', grad_fn=<MseLossBackward0>)
accuracy: 100.0
episode: 730 loss tensor(0.0005, device='cuda:0', grad_fn=<MseLossBackward0>)
accuracy: 100.0
episode: 740 loss tensor(0.0004, device='cuda:0', grad_fn=<MseLossBackward0>)
accuracy: 100.0
episode: 750 loss tensor(0.0004, device='cuda:0', grad_fn=<MseLossBackward0>)
accuracy: 100.0
episode: 760 loss tensor(0.0004, device='cuda:0', grad_fn=<MseLossBackward0>)
accuracy: 100.0
episode: 770 loss tensor(0.0004, device='cuda:0', grad_fn=<MseLossBackward0>)
accuracy: 100.0
episode: 780 loss tensor(0.0004, device='cuda:0', grad_fn=<MseLossBackward0>)
accuracy: 100.0
episode: 790 loss tensor(0.0004, device='cuda:0', grad_fn=<MseLossBackward0>)
accuracy: 100.0
episode: 800 loss tensor(0.0004, device='cuda:0', grad_fn=<MseLossBackward0>)
accuracy: 100.0
episode: 810 loss tensor(0.0004, device='cuda:0', grad_fn=<MseLossBackward0>)
accuracy: 100.0
episode: 820 loss tensor(0.0004, device='cuda:0', grad_fn=<MseLossBackward0>)
accuracy: 100.0
episode: 830 loss tensor(0.0004, device='cuda:0', grad_fn=<MseLossBackward0>)
accuracy: 100.0
episode: 840 loss tensor(0.0004, device='cuda:0', grad_fn=<MseLossBackward0>)
accuracy: 100.0
episode: 850 loss tensor(0.0004, device='cuda:0', grad_fn=<MseLossBackward0>)
accuracy: 100.0
episode: 860 loss tensor(0.0004, device='cuda:0', grad_fn=<MseLossBackward0>)
accuracy: 100.0
episode: 870 loss tensor(0.0003, device='cuda:0', grad_fn=<MseLossBackward0>)
accuracy: 100.0
episode: 880 loss tensor(0.0003, device='cuda:0', grad_fn=<MseLossBackward0>)
accuracy: 100.0
episode: 890 loss tensor(0.0003, device='cuda:0', grad_fn=<MseLossBackward0>)
accuracy: 100.0
episode: 900 loss tensor(0.0003, device='cuda:0', grad_fn=<MseLossBackward0>)
accuracy: 100.0
episode: 910 loss tensor(0.0003, device='cuda:0', grad_fn=<MseLossBackward0>)
accuracy: 100.0
episode: 920 loss tensor(0.0003, device='cuda:0', grad_fn=<MseLossBackward0>)
accuracy: 100.0
episode: 930 loss tensor(0.0003, device='cuda:0', grad_fn=<MseLossBackward0>)
accuracy: 100.0
episode: 940 loss tensor(0.0003, device='cuda:0', grad_fn=<MseLossBackward0>)
accuracy: 100.0
episode: 950 loss tensor(0.0003, device='cuda:0', grad_fn=<MseLossBackward0>)
accuracy: 100.0
episode: 960 loss tensor(0.0003, device='cuda:0', grad_fn=<MseLossBackward0>)
accuracy: 100.0
episode: 970 loss tensor(0.0003, device='cuda:0', grad_fn=<MseLossBackward0>)
accuracy: 100.0
episode: 980 loss tensor(0.0003, device='cuda:0', grad_fn=<MseLossBackward0>)
accuracy: 100.0
episode: 990 loss tensor(0.0003, device='cuda:0', grad_fn=<MseLossBackward0>)
accuracy: 100.0
episode: 1000 loss tensor(0.0003, device='cuda:0', grad_fn=<MseLossBackward0>)
accuracy: 100.0
few shot learning time : 41.54130959510803
[0;33;40mcheck the file![0m
[0;33;40m./model/IP_embdeeing_fewshot_1000fewshotepisode_8.pkl[0m
[0;33;40mcheck the file![0m
[0;33;40m./model/IP_relation_fewshot_1000fewshotepisode_8.pkl[0m
few shot model save success!
