************fewshot_train.py_2023-04-14_23_07_54************
[0;33;40mcheck the file![0m
[0;33;40m./model/meta_training_embedding_10way_1shot_19querty_0.001learning_10000metatrainepisode.pkl[0m
[0;33;40m./model/meta_training_relation_10way_1shot_19querty_0.001learning_10000metatrainepisode.pkl[0m
[0;33;40mload feature encoder success[0m
[0;33;40mload relation network success[0m
[0;33;40mcheck the file![0m
[0;33;40m../h5dataset_ica_bandselect_200/IP_28_28_100_support5_4.h5[0m
episode: 10 loss tensor(0.0498, device='cuda:0', grad_fn=<MseLossBackward0>)
accuracy: 48.4375
episode: 20 loss tensor(0.0349, device='cuda:0', grad_fn=<MseLossBackward0>)
accuracy: 57.8125
episode: 30 loss tensor(0.0351, device='cuda:0', grad_fn=<MseLossBackward0>)
accuracy: 51.5625
episode: 40 loss tensor(0.0303, device='cuda:0', grad_fn=<MseLossBackward0>)
accuracy: 59.375
episode: 50 loss tensor(0.0298, device='cuda:0', grad_fn=<MseLossBackward0>)
accuracy: 60.9375
episode: 60 loss tensor(0.0268, device='cuda:0', grad_fn=<MseLossBackward0>)
accuracy: 62.5
episode: 70 loss tensor(0.0300, device='cuda:0', grad_fn=<MseLossBackward0>)
accuracy: 60.9375
episode: 80 loss tensor(0.0283, device='cuda:0', grad_fn=<MseLossBackward0>)
accuracy: 64.0625
episode: 90 loss tensor(0.0242, device='cuda:0', grad_fn=<MseLossBackward0>)
accuracy: 67.1875
episode: 100 loss tensor(0.0263, device='cuda:0', grad_fn=<MseLossBackward0>)
accuracy: 64.0625
episode: 110 loss tensor(0.0236, device='cuda:0', grad_fn=<MseLossBackward0>)
accuracy: 71.875
episode: 120 loss tensor(0.0238, device='cuda:0', grad_fn=<MseLossBackward0>)
accuracy: 71.875
episode: 130 loss tensor(0.0229, device='cuda:0', grad_fn=<MseLossBackward0>)
accuracy: 73.4375
episode: 140 loss tensor(0.0210, device='cuda:0', grad_fn=<MseLossBackward0>)
accuracy: 73.4375
episode: 150 loss tensor(0.0216, device='cuda:0', grad_fn=<MseLossBackward0>)
accuracy: 68.75
episode: 160 loss tensor(0.0201, device='cuda:0', grad_fn=<MseLossBackward0>)
accuracy: 71.875
episode: 170 loss tensor(0.0200, device='cuda:0', grad_fn=<MseLossBackward0>)
accuracy: 70.3125
episode: 180 loss tensor(0.0167, device='cuda:0', grad_fn=<MseLossBackward0>)
accuracy: 75.0
episode: 190 loss tensor(0.0222, device='cuda:0', grad_fn=<MseLossBackward0>)
accuracy: 67.1875
episode: 200 loss tensor(0.0197, device='cuda:0', grad_fn=<MseLossBackward0>)
accuracy: 71.875
episode: 210 loss tensor(0.0167, device='cuda:0', grad_fn=<MseLossBackward0>)
accuracy: 75.0
episode: 220 loss tensor(0.0212, device='cuda:0', grad_fn=<MseLossBackward0>)
accuracy: 70.3125
episode: 230 loss tensor(0.0168, device='cuda:0', grad_fn=<MseLossBackward0>)
accuracy: 73.4375
episode: 240 loss tensor(0.0156, device='cuda:0', grad_fn=<MseLossBackward0>)
accuracy: 78.125
episode: 250 loss tensor(0.0192, device='cuda:0', grad_fn=<MseLossBackward0>)
accuracy: 71.875
episode: 260 loss tensor(0.0169, device='cuda:0', grad_fn=<MseLossBackward0>)
accuracy: 73.4375
episode: 270 loss tensor(0.0179, device='cuda:0', grad_fn=<MseLossBackward0>)
accuracy: 71.875
episode: 280 loss tensor(0.0168, device='cuda:0', grad_fn=<MseLossBackward0>)
accuracy: 73.4375
episode: 290 loss tensor(0.0167, device='cuda:0', grad_fn=<MseLossBackward0>)
accuracy: 75.0
episode: 300 loss tensor(0.0151, device='cuda:0', grad_fn=<MseLossBackward0>)
accuracy: 78.125
episode: 310 loss tensor(0.0170, device='cuda:0', grad_fn=<MseLossBackward0>)
accuracy: 73.4375
episode: 320 loss tensor(0.0189, device='cuda:0', grad_fn=<MseLossBackward0>)
accuracy: 71.875
episode: 330 loss tensor(0.0121, device='cuda:0', grad_fn=<MseLossBackward0>)
accuracy: 82.8125
episode: 340 loss tensor(0.0187, device='cuda:0', grad_fn=<MseLossBackward0>)
accuracy: 71.875
episode: 350 loss tensor(0.0119, device='cuda:0', grad_fn=<MseLossBackward0>)
accuracy: 81.25
episode: 360 loss tensor(0.0187, device='cuda:0', grad_fn=<MseLossBackward0>)
accuracy: 73.4375
episode: 370 loss tensor(0.0150, device='cuda:0', grad_fn=<MseLossBackward0>)
accuracy: 76.5625
episode: 380 loss tensor(0.0217, device='cuda:0', grad_fn=<MseLossBackward0>)
accuracy: 65.625
episode: 390 loss tensor(0.0167, device='cuda:0', grad_fn=<MseLossBackward0>)
accuracy: 75.0
episode: 400 loss tensor(0.0207, device='cuda:0', grad_fn=<MseLossBackward0>)
accuracy: 67.1875
episode: 410 loss tensor(0.0190, device='cuda:0', grad_fn=<MseLossBackward0>)
accuracy: 71.875
episode: 420 loss tensor(0.0138, device='cuda:0', grad_fn=<MseLossBackward0>)
accuracy: 78.125
episode: 430 loss tensor(0.0167, device='cuda:0', grad_fn=<MseLossBackward0>)
accuracy: 75.0
episode: 440 loss tensor(0.0128, device='cuda:0', grad_fn=<MseLossBackward0>)
accuracy: 81.25
episode: 450 loss tensor(0.0177, device='cuda:0', grad_fn=<MseLossBackward0>)
accuracy: 73.4375
episode: 460 loss tensor(0.0177, device='cuda:0', grad_fn=<MseLossBackward0>)
accuracy: 71.875
episode: 470 loss tensor(0.0148, device='cuda:0', grad_fn=<MseLossBackward0>)
accuracy: 76.5625
episode: 480 loss tensor(0.0167, device='cuda:0', grad_fn=<MseLossBackward0>)
accuracy: 79.6875
episode: 490 loss tensor(0.0158, device='cuda:0', grad_fn=<MseLossBackward0>)
accuracy: 76.5625
episode: 500 loss tensor(0.0187, device='cuda:0', grad_fn=<MseLossBackward0>)
accuracy: 71.875
episode: 510 loss tensor(0.0167, device='cuda:0', grad_fn=<MseLossBackward0>)
accuracy: 73.4375
episode: 520 loss tensor(0.0177, device='cuda:0', grad_fn=<MseLossBackward0>)
accuracy: 75.0
episode: 530 loss tensor(0.0167, device='cuda:0', grad_fn=<MseLossBackward0>)
accuracy: 73.4375
episode: 540 loss tensor(0.0196, device='cuda:0', grad_fn=<MseLossBackward0>)
accuracy: 68.75
episode: 550 loss tensor(0.0206, device='cuda:0', grad_fn=<MseLossBackward0>)
accuracy: 70.3125
episode: 560 loss tensor(0.0187, device='cuda:0', grad_fn=<MseLossBackward0>)
accuracy: 70.3125
episode: 570 loss tensor(0.0129, device='cuda:0', grad_fn=<MseLossBackward0>)
accuracy: 79.6875
episode: 580 loss tensor(0.0128, device='cuda:0', grad_fn=<MseLossBackward0>)
accuracy: 81.25
episode: 590 loss tensor(0.0119, device='cuda:0', grad_fn=<MseLossBackward0>)
accuracy: 84.375
episode: 600 loss tensor(0.0136, device='cuda:0', grad_fn=<MseLossBackward0>)
accuracy: 78.125
episode: 610 loss tensor(0.0166, device='cuda:0', grad_fn=<MseLossBackward0>)
accuracy: 78.125
episode: 620 loss tensor(0.0196, device='cuda:0', grad_fn=<MseLossBackward0>)
accuracy: 70.3125
episode: 630 loss tensor(0.0118, device='cuda:0', grad_fn=<MseLossBackward0>)
accuracy: 81.25
episode: 640 loss tensor(0.0128, device='cuda:0', grad_fn=<MseLossBackward0>)
accuracy: 79.6875
episode: 650 loss tensor(0.0167, device='cuda:0', grad_fn=<MseLossBackward0>)
accuracy: 76.5625
episode: 660 loss tensor(0.0157, device='cuda:0', grad_fn=<MseLossBackward0>)
accuracy: 75.0
episode: 670 loss tensor(0.0196, device='cuda:0', grad_fn=<MseLossBackward0>)
accuracy: 73.4375
episode: 680 loss tensor(0.0217, device='cuda:0', grad_fn=<MseLossBackward0>)
accuracy: 67.1875
episode: 690 loss tensor(0.0118, device='cuda:0', grad_fn=<MseLossBackward0>)
accuracy: 81.25
episode: 700 loss tensor(0.0139, device='cuda:0', grad_fn=<MseLossBackward0>)
accuracy: 81.25
episode: 710 loss tensor(0.0167, device='cuda:0', grad_fn=<MseLossBackward0>)
accuracy: 73.4375
episode: 720 loss tensor(0.0138, device='cuda:0', grad_fn=<MseLossBackward0>)
accuracy: 78.125
episode: 730 loss tensor(0.0157, device='cuda:0', grad_fn=<MseLossBackward0>)
accuracy: 78.125
episode: 740 loss tensor(0.0147, device='cuda:0', grad_fn=<MseLossBackward0>)
accuracy: 82.8125
episode: 750 loss tensor(0.0147, device='cuda:0', grad_fn=<MseLossBackward0>)
accuracy: 81.25
episode: 760 loss tensor(0.0148, device='cuda:0', grad_fn=<MseLossBackward0>)
accuracy: 76.5625
episode: 770 loss tensor(0.0147, device='cuda:0', grad_fn=<MseLossBackward0>)
accuracy: 78.125
episode: 780 loss tensor(0.0148, device='cuda:0', grad_fn=<MseLossBackward0>)
accuracy: 78.125
episode: 790 loss tensor(0.0177, device='cuda:0', grad_fn=<MseLossBackward0>)
accuracy: 78.125
episode: 800 loss tensor(0.0186, device='cuda:0', grad_fn=<MseLossBackward0>)
accuracy: 71.875
episode: 810 loss tensor(0.0138, device='cuda:0', grad_fn=<MseLossBackward0>)
accuracy: 79.6875
episode: 820 loss tensor(0.0148, device='cuda:0', grad_fn=<MseLossBackward0>)
accuracy: 78.125
episode: 830 loss tensor(0.0196, device='cuda:0', grad_fn=<MseLossBackward0>)
accuracy: 68.75
episode: 840 loss tensor(0.0148, device='cuda:0', grad_fn=<MseLossBackward0>)
accuracy: 76.5625
episode: 850 loss tensor(0.0186, device='cuda:0', grad_fn=<MseLossBackward0>)
accuracy: 73.4375
episode: 860 loss tensor(0.0167, device='cuda:0', grad_fn=<MseLossBackward0>)
accuracy: 75.0
episode: 870 loss tensor(0.0148, device='cuda:0', grad_fn=<MseLossBackward0>)
accuracy: 76.5625
episode: 880 loss tensor(0.0165, device='cuda:0', grad_fn=<MseLossBackward0>)
accuracy: 75.0
episode: 890 loss tensor(0.0216, device='cuda:0', grad_fn=<MseLossBackward0>)
accuracy: 65.625
episode: 900 loss tensor(0.0147, device='cuda:0', grad_fn=<MseLossBackward0>)
accuracy: 76.5625
episode: 910 loss tensor(0.0157, device='cuda:0', grad_fn=<MseLossBackward0>)
accuracy: 76.5625
episode: 920 loss tensor(0.0137, device='cuda:0', grad_fn=<MseLossBackward0>)
accuracy: 81.25
episode: 930 loss tensor(0.0177, device='cuda:0', grad_fn=<MseLossBackward0>)
accuracy: 71.875
episode: 940 loss tensor(0.0206, device='cuda:0', grad_fn=<MseLossBackward0>)
accuracy: 70.3125
episode: 950 loss tensor(0.0138, device='cuda:0', grad_fn=<MseLossBackward0>)
accuracy: 78.125
episode: 960 loss tensor(0.0196, device='cuda:0', grad_fn=<MseLossBackward0>)
accuracy: 70.3125
episode: 970 loss tensor(0.0138, device='cuda:0', grad_fn=<MseLossBackward0>)
accuracy: 81.25
episode: 980 loss tensor(0.0177, device='cuda:0', grad_fn=<MseLossBackward0>)
accuracy: 73.4375
episode: 990 loss tensor(0.0196, device='cuda:0', grad_fn=<MseLossBackward0>)
accuracy: 70.3125
episode: 1000 loss tensor(0.0177, device='cuda:0', grad_fn=<MseLossBackward0>)
accuracy: 73.4375
few shot learning time : 37.04216527938843
[0;33;40mcheck the file![0m
[0;33;40m./model/IP_embdeeing_fewshot_1000fewshotepisode_4.pkl[0m
[0;33;40mcheck the file![0m
[0;33;40m./model/IP_relation_fewshot_1000fewshotepisode_4.pkl[0m
few shot model save success!
