************fewshot_train.py_2023-04-14_23_05_30************
[0;33;40mcheck the file![0m
[0;33;40m./model/meta_training_embedding_10way_1shot_19querty_0.001learning_10000metatrainepisode.pkl[0m
[0;33;40m./model/meta_training_relation_10way_1shot_19querty_0.001learning_10000metatrainepisode.pkl[0m
[0;33;40mload feature encoder success[0m
[0;33;40mload relation network success[0m
[0;33;40mcheck the file![0m
[0;33;40m../h5dataset_ica_bandselect_200/IP_28_28_100_support5_2.h5[0m
episode: 10 loss tensor(0.0383, device='cuda:0', grad_fn=<MseLossBackward0>)
accuracy: 57.8125
episode: 20 loss tensor(0.0276, device='cuda:0', grad_fn=<MseLossBackward0>)
accuracy: 65.625
episode: 30 loss tensor(0.0249, device='cuda:0', grad_fn=<MseLossBackward0>)
accuracy: 67.1875
episode: 40 loss tensor(0.0242, device='cuda:0', grad_fn=<MseLossBackward0>)
accuracy: 67.1875
episode: 50 loss tensor(0.0186, device='cuda:0', grad_fn=<MseLossBackward0>)
accuracy: 75.0
episode: 60 loss tensor(0.0212, device='cuda:0', grad_fn=<MseLossBackward0>)
accuracy: 73.4375
episode: 70 loss tensor(0.0144, device='cuda:0', grad_fn=<MseLossBackward0>)
accuracy: 79.6875
episode: 80 loss tensor(0.0166, device='cuda:0', grad_fn=<MseLossBackward0>)
accuracy: 79.6875
episode: 90 loss tensor(0.0212, device='cuda:0', grad_fn=<MseLossBackward0>)
accuracy: 70.3125
episode: 100 loss tensor(0.0119, device='cuda:0', grad_fn=<MseLossBackward0>)
accuracy: 82.8125
episode: 110 loss tensor(0.0178, device='cuda:0', grad_fn=<MseLossBackward0>)
accuracy: 73.4375
episode: 120 loss tensor(0.0149, device='cuda:0', grad_fn=<MseLossBackward0>)
accuracy: 76.5625
episode: 130 loss tensor(0.0218, device='cuda:0', grad_fn=<MseLossBackward0>)
accuracy: 65.625
episode: 140 loss tensor(0.0136, device='cuda:0', grad_fn=<MseLossBackward0>)
accuracy: 79.6875
episode: 150 loss tensor(0.0119, device='cuda:0', grad_fn=<MseLossBackward0>)
accuracy: 82.8125
episode: 160 loss tensor(0.0177, device='cuda:0', grad_fn=<MseLossBackward0>)
accuracy: 71.875
episode: 170 loss tensor(0.0161, device='cuda:0', grad_fn=<MseLossBackward0>)
accuracy: 75.0
episode: 180 loss tensor(0.0119, device='cuda:0', grad_fn=<MseLossBackward0>)
accuracy: 84.375
episode: 190 loss tensor(0.0110, device='cuda:0', grad_fn=<MseLossBackward0>)
accuracy: 84.375
episode: 200 loss tensor(0.0154, device='cuda:0', grad_fn=<MseLossBackward0>)
accuracy: 78.125
episode: 210 loss tensor(0.0128, device='cuda:0', grad_fn=<MseLossBackward0>)
accuracy: 84.375
episode: 220 loss tensor(0.0119, device='cuda:0', grad_fn=<MseLossBackward0>)
accuracy: 84.375
episode: 230 loss tensor(0.0121, device='cuda:0', grad_fn=<MseLossBackward0>)
accuracy: 82.8125
episode: 240 loss tensor(0.0147, device='cuda:0', grad_fn=<MseLossBackward0>)
accuracy: 79.6875
episode: 250 loss tensor(0.0158, device='cuda:0', grad_fn=<MseLossBackward0>)
accuracy: 76.5625
episode: 260 loss tensor(0.0139, device='cuda:0', grad_fn=<MseLossBackward0>)
accuracy: 82.8125
episode: 270 loss tensor(0.0217, device='cuda:0', grad_fn=<MseLossBackward0>)
accuracy: 70.3125
episode: 280 loss tensor(0.0149, device='cuda:0', grad_fn=<MseLossBackward0>)
accuracy: 79.6875
episode: 290 loss tensor(0.0178, device='cuda:0', grad_fn=<MseLossBackward0>)
accuracy: 73.4375
episode: 300 loss tensor(0.0117, device='cuda:0', grad_fn=<MseLossBackward0>)
accuracy: 82.8125
episode: 310 loss tensor(0.0119, device='cuda:0', grad_fn=<MseLossBackward0>)
accuracy: 82.8125
episode: 320 loss tensor(0.0109, device='cuda:0', grad_fn=<MseLossBackward0>)
accuracy: 85.9375
episode: 330 loss tensor(0.0123, device='cuda:0', grad_fn=<MseLossBackward0>)
accuracy: 82.8125
episode: 340 loss tensor(0.0088, device='cuda:0', grad_fn=<MseLossBackward0>)
accuracy: 89.0625
episode: 350 loss tensor(0.0090, device='cuda:0', grad_fn=<MseLossBackward0>)
accuracy: 89.0625
episode: 360 loss tensor(0.0082, device='cuda:0', grad_fn=<MseLossBackward0>)
accuracy: 90.625
episode: 370 loss tensor(0.0129, device='cuda:0', grad_fn=<MseLossBackward0>)
accuracy: 81.25
episode: 380 loss tensor(0.0139, device='cuda:0', grad_fn=<MseLossBackward0>)
accuracy: 78.125
episode: 390 loss tensor(0.0080, device='cuda:0', grad_fn=<MseLossBackward0>)
accuracy: 87.5
episode: 400 loss tensor(0.0080, device='cuda:0', grad_fn=<MseLossBackward0>)
accuracy: 87.5
episode: 410 loss tensor(0.0109, device='cuda:0', grad_fn=<MseLossBackward0>)
accuracy: 82.8125
episode: 420 loss tensor(0.0111, device='cuda:0', grad_fn=<MseLossBackward0>)
accuracy: 82.8125
episode: 430 loss tensor(0.0128, device='cuda:0', grad_fn=<MseLossBackward0>)
accuracy: 79.6875
episode: 440 loss tensor(0.0099, device='cuda:0', grad_fn=<MseLossBackward0>)
accuracy: 84.375
episode: 450 loss tensor(0.0072, device='cuda:0', grad_fn=<MseLossBackward0>)
accuracy: 89.0625
episode: 460 loss tensor(0.0128, device='cuda:0', grad_fn=<MseLossBackward0>)
accuracy: 81.25
episode: 470 loss tensor(0.0079, device='cuda:0', grad_fn=<MseLossBackward0>)
accuracy: 89.0625
episode: 480 loss tensor(0.0070, device='cuda:0', grad_fn=<MseLossBackward0>)
accuracy: 90.625
episode: 490 loss tensor(0.0110, device='cuda:0', grad_fn=<MseLossBackward0>)
accuracy: 84.375
episode: 500 loss tensor(0.0099, device='cuda:0', grad_fn=<MseLossBackward0>)
accuracy: 84.375
episode: 510 loss tensor(0.0080, device='cuda:0', grad_fn=<MseLossBackward0>)
accuracy: 87.5
episode: 520 loss tensor(0.0061, device='cuda:0', grad_fn=<MseLossBackward0>)
accuracy: 90.625
episode: 530 loss tensor(0.0094, device='cuda:0', grad_fn=<MseLossBackward0>)
accuracy: 85.9375
episode: 540 loss tensor(0.0119, device='cuda:0', grad_fn=<MseLossBackward0>)
accuracy: 82.8125
episode: 550 loss tensor(0.0119, device='cuda:0', grad_fn=<MseLossBackward0>)
accuracy: 81.25
episode: 560 loss tensor(0.0060, device='cuda:0', grad_fn=<MseLossBackward0>)
accuracy: 90.625
episode: 570 loss tensor(0.0110, device='cuda:0', grad_fn=<MseLossBackward0>)
accuracy: 82.8125
episode: 580 loss tensor(0.0108, device='cuda:0', grad_fn=<MseLossBackward0>)
accuracy: 82.8125
episode: 590 loss tensor(0.0061, device='cuda:0', grad_fn=<MseLossBackward0>)
accuracy: 92.1875
episode: 600 loss tensor(0.0108, device='cuda:0', grad_fn=<MseLossBackward0>)
accuracy: 82.8125
episode: 610 loss tensor(0.0119, device='cuda:0', grad_fn=<MseLossBackward0>)
accuracy: 81.25
episode: 620 loss tensor(0.0110, device='cuda:0', grad_fn=<MseLossBackward0>)
accuracy: 82.8125
episode: 630 loss tensor(0.0091, device='cuda:0', grad_fn=<MseLossBackward0>)
accuracy: 85.9375
episode: 640 loss tensor(0.0119, device='cuda:0', grad_fn=<MseLossBackward0>)
accuracy: 82.8125
episode: 650 loss tensor(0.0092, device='cuda:0', grad_fn=<MseLossBackward0>)
accuracy: 85.9375
episode: 660 loss tensor(0.0060, device='cuda:0', grad_fn=<MseLossBackward0>)
accuracy: 90.625
episode: 670 loss tensor(0.0079, device='cuda:0', grad_fn=<MseLossBackward0>)
accuracy: 87.5
episode: 680 loss tensor(0.0119, device='cuda:0', grad_fn=<MseLossBackward0>)
accuracy: 81.25
episode: 690 loss tensor(0.0080, device='cuda:0', grad_fn=<MseLossBackward0>)
accuracy: 89.0625
episode: 700 loss tensor(0.0140, device='cuda:0', grad_fn=<MseLossBackward0>)
accuracy: 79.6875
episode: 710 loss tensor(0.0089, device='cuda:0', grad_fn=<MseLossBackward0>)
accuracy: 85.9375
episode: 720 loss tensor(0.0109, device='cuda:0', grad_fn=<MseLossBackward0>)
accuracy: 82.8125
episode: 730 loss tensor(0.0109, device='cuda:0', grad_fn=<MseLossBackward0>)
accuracy: 82.8125
episode: 740 loss tensor(0.0079, device='cuda:0', grad_fn=<MseLossBackward0>)
accuracy: 87.5
episode: 750 loss tensor(0.0089, device='cuda:0', grad_fn=<MseLossBackward0>)
accuracy: 87.5
episode: 760 loss tensor(0.0089, device='cuda:0', grad_fn=<MseLossBackward0>)
accuracy: 87.5
episode: 770 loss tensor(0.0089, device='cuda:0', grad_fn=<MseLossBackward0>)
accuracy: 85.9375
episode: 780 loss tensor(0.0089, device='cuda:0', grad_fn=<MseLossBackward0>)
accuracy: 85.9375
episode: 790 loss tensor(0.0060, device='cuda:0', grad_fn=<MseLossBackward0>)
accuracy: 92.1875
episode: 800 loss tensor(0.0079, device='cuda:0', grad_fn=<MseLossBackward0>)
accuracy: 87.5
episode: 810 loss tensor(0.0089, device='cuda:0', grad_fn=<MseLossBackward0>)
accuracy: 87.5
episode: 820 loss tensor(0.0108, device='cuda:0', grad_fn=<MseLossBackward0>)
accuracy: 82.8125
episode: 830 loss tensor(0.0060, device='cuda:0', grad_fn=<MseLossBackward0>)
accuracy: 92.1875
episode: 840 loss tensor(0.0060, device='cuda:0', grad_fn=<MseLossBackward0>)
accuracy: 90.625
episode: 850 loss tensor(0.0089, device='cuda:0', grad_fn=<MseLossBackward0>)
accuracy: 90.625
episode: 860 loss tensor(0.0109, device='cuda:0', grad_fn=<MseLossBackward0>)
accuracy: 82.8125
episode: 870 loss tensor(0.0079, device='cuda:0', grad_fn=<MseLossBackward0>)
accuracy: 87.5
episode: 880 loss tensor(0.0108, device='cuda:0', grad_fn=<MseLossBackward0>)
accuracy: 85.9375
episode: 890 loss tensor(0.0079, device='cuda:0', grad_fn=<MseLossBackward0>)
accuracy: 87.5
episode: 900 loss tensor(0.0087, device='cuda:0', grad_fn=<MseLossBackward0>)
accuracy: 87.5
episode: 910 loss tensor(0.0089, device='cuda:0', grad_fn=<MseLossBackward0>)
accuracy: 85.9375
episode: 920 loss tensor(0.0118, device='cuda:0', grad_fn=<MseLossBackward0>)
accuracy: 82.8125
episode: 930 loss tensor(0.0109, device='cuda:0', grad_fn=<MseLossBackward0>)
accuracy: 82.8125
episode: 940 loss tensor(0.0080, device='cuda:0', grad_fn=<MseLossBackward0>)
accuracy: 87.5
episode: 950 loss tensor(0.0060, device='cuda:0', grad_fn=<MseLossBackward0>)
accuracy: 90.625
episode: 960 loss tensor(0.0089, device='cuda:0', grad_fn=<MseLossBackward0>)
accuracy: 85.9375
episode: 970 loss tensor(0.0109, device='cuda:0', grad_fn=<MseLossBackward0>)
accuracy: 82.8125
episode: 980 loss tensor(0.0118, device='cuda:0', grad_fn=<MseLossBackward0>)
accuracy: 82.8125
episode: 990 loss tensor(0.0089, device='cuda:0', grad_fn=<MseLossBackward0>)
accuracy: 87.5
episode: 1000 loss tensor(0.0060, device='cuda:0', grad_fn=<MseLossBackward0>)
accuracy: 90.625
few shot learning time : 39.19892883300781
[0;33;40mcheck the file![0m
[0;33;40m./model/IP_embdeeing_fewshot_1000fewshotepisode_2.pkl[0m
[0;33;40mcheck the file![0m
[0;33;40m./model/IP_relation_fewshot_1000fewshotepisode_2.pkl[0m
few shot model save success!
