************fewshot_train.py_2023-04-14_23_12_42************
[0;33;40mcheck the file![0m
[0;33;40m./model/meta_training_embedding_10way_1shot_19querty_0.001learning_10000metatrainepisode.pkl[0m
[0;33;40m./model/meta_training_relation_10way_1shot_19querty_0.001learning_10000metatrainepisode.pkl[0m
[0;33;40mload feature encoder success[0m
[0;33;40mload relation network success[0m
[0;33;40mcheck the file![0m
[0;33;40m../h5dataset_ica_bandselect_200/IP_28_28_100_support5_8.h5[0m
episode: 10 loss tensor(0.0423, device='cuda:0', grad_fn=<MseLossBackward0>)
accuracy: 46.875
episode: 20 loss tensor(0.0416, device='cuda:0', grad_fn=<MseLossBackward0>)
accuracy: 48.4375
episode: 30 loss tensor(0.0396, device='cuda:0', grad_fn=<MseLossBackward0>)
accuracy: 48.4375
episode: 40 loss tensor(0.0365, device='cuda:0', grad_fn=<MseLossBackward0>)
accuracy: 46.875
episode: 50 loss tensor(0.0358, device='cuda:0', grad_fn=<MseLossBackward0>)
accuracy: 48.4375
episode: 60 loss tensor(0.0364, device='cuda:0', grad_fn=<MseLossBackward0>)
accuracy: 45.3125
episode: 70 loss tensor(0.0314, device='cuda:0', grad_fn=<MseLossBackward0>)
accuracy: 53.125
episode: 80 loss tensor(0.0368, device='cuda:0', grad_fn=<MseLossBackward0>)
accuracy: 45.3125
episode: 90 loss tensor(0.0351, device='cuda:0', grad_fn=<MseLossBackward0>)
accuracy: 46.875
episode: 100 loss tensor(0.0308, device='cuda:0', grad_fn=<MseLossBackward0>)
accuracy: 51.5625
episode: 110 loss tensor(0.0354, device='cuda:0', grad_fn=<MseLossBackward0>)
accuracy: 48.4375
episode: 120 loss tensor(0.0304, device='cuda:0', grad_fn=<MseLossBackward0>)
accuracy: 51.5625
episode: 130 loss tensor(0.0304, device='cuda:0', grad_fn=<MseLossBackward0>)
accuracy: 56.25
episode: 140 loss tensor(0.0324, device='cuda:0', grad_fn=<MseLossBackward0>)
accuracy: 50.0
episode: 150 loss tensor(0.0278, device='cuda:0', grad_fn=<MseLossBackward0>)
accuracy: 59.375
episode: 160 loss tensor(0.0287, device='cuda:0', grad_fn=<MseLossBackward0>)
accuracy: 59.375
episode: 170 loss tensor(0.0286, device='cuda:0', grad_fn=<MseLossBackward0>)
accuracy: 57.8125
episode: 180 loss tensor(0.0315, device='cuda:0', grad_fn=<MseLossBackward0>)
accuracy: 51.5625
episode: 190 loss tensor(0.0306, device='cuda:0', grad_fn=<MseLossBackward0>)
accuracy: 56.25
episode: 200 loss tensor(0.0286, device='cuda:0', grad_fn=<MseLossBackward0>)
accuracy: 54.6875
episode: 210 loss tensor(0.0305, device='cuda:0', grad_fn=<MseLossBackward0>)
accuracy: 54.6875
episode: 220 loss tensor(0.0286, device='cuda:0', grad_fn=<MseLossBackward0>)
accuracy: 56.25
episode: 230 loss tensor(0.0285, device='cuda:0', grad_fn=<MseLossBackward0>)
accuracy: 57.8125
episode: 240 loss tensor(0.0265, device='cuda:0', grad_fn=<MseLossBackward0>)
accuracy: 57.8125
episode: 250 loss tensor(0.0343, device='cuda:0', grad_fn=<MseLossBackward0>)
accuracy: 46.875
episode: 260 loss tensor(0.0246, device='cuda:0', grad_fn=<MseLossBackward0>)
accuracy: 62.5
episode: 270 loss tensor(0.0294, device='cuda:0', grad_fn=<MseLossBackward0>)
accuracy: 53.125
episode: 280 loss tensor(0.0352, device='cuda:0', grad_fn=<MseLossBackward0>)
accuracy: 46.875
episode: 290 loss tensor(0.0292, device='cuda:0', grad_fn=<MseLossBackward0>)
accuracy: 56.25
episode: 300 loss tensor(0.0237, device='cuda:0', grad_fn=<MseLossBackward0>)
accuracy: 62.5
episode: 310 loss tensor(0.0265, device='cuda:0', grad_fn=<MseLossBackward0>)
accuracy: 57.8125
episode: 320 loss tensor(0.0255, device='cuda:0', grad_fn=<MseLossBackward0>)
accuracy: 62.5
episode: 330 loss tensor(0.0274, device='cuda:0', grad_fn=<MseLossBackward0>)
accuracy: 56.25
episode: 340 loss tensor(0.0275, device='cuda:0', grad_fn=<MseLossBackward0>)
accuracy: 57.8125
episode: 350 loss tensor(0.0331, device='cuda:0', grad_fn=<MseLossBackward0>)
accuracy: 51.5625
episode: 360 loss tensor(0.0265, device='cuda:0', grad_fn=<MseLossBackward0>)
accuracy: 57.8125
episode: 370 loss tensor(0.0285, device='cuda:0', grad_fn=<MseLossBackward0>)
accuracy: 57.8125
episode: 380 loss tensor(0.0265, device='cuda:0', grad_fn=<MseLossBackward0>)
accuracy: 57.8125
episode: 390 loss tensor(0.0265, device='cuda:0', grad_fn=<MseLossBackward0>)
accuracy: 57.8125
episode: 400 loss tensor(0.0304, device='cuda:0', grad_fn=<MseLossBackward0>)
accuracy: 54.6875
episode: 410 loss tensor(0.0235, device='cuda:0', grad_fn=<MseLossBackward0>)
accuracy: 64.0625
episode: 420 loss tensor(0.0294, device='cuda:0', grad_fn=<MseLossBackward0>)
accuracy: 56.25
episode: 430 loss tensor(0.0324, device='cuda:0', grad_fn=<MseLossBackward0>)
accuracy: 56.25
episode: 440 loss tensor(0.0293, device='cuda:0', grad_fn=<MseLossBackward0>)
accuracy: 56.25
episode: 450 loss tensor(0.0275, device='cuda:0', grad_fn=<MseLossBackward0>)
accuracy: 59.375
episode: 460 loss tensor(0.0294, device='cuda:0', grad_fn=<MseLossBackward0>)
accuracy: 54.6875
episode: 470 loss tensor(0.0304, device='cuda:0', grad_fn=<MseLossBackward0>)
accuracy: 53.125
episode: 480 loss tensor(0.0304, device='cuda:0', grad_fn=<MseLossBackward0>)
accuracy: 56.25
episode: 490 loss tensor(0.0264, device='cuda:0', grad_fn=<MseLossBackward0>)
accuracy: 59.375
episode: 500 loss tensor(0.0284, device='cuda:0', grad_fn=<MseLossBackward0>)
accuracy: 56.25
episode: 510 loss tensor(0.0255, device='cuda:0', grad_fn=<MseLossBackward0>)
accuracy: 60.9375
episode: 520 loss tensor(0.0292, device='cuda:0', grad_fn=<MseLossBackward0>)
accuracy: 57.8125
episode: 530 loss tensor(0.0243, device='cuda:0', grad_fn=<MseLossBackward0>)
accuracy: 64.0625
episode: 540 loss tensor(0.0314, device='cuda:0', grad_fn=<MseLossBackward0>)
accuracy: 51.5625
episode: 550 loss tensor(0.0314, device='cuda:0', grad_fn=<MseLossBackward0>)
accuracy: 50.0
episode: 560 loss tensor(0.0264, device='cuda:0', grad_fn=<MseLossBackward0>)
accuracy: 57.8125
episode: 570 loss tensor(0.0313, device='cuda:0', grad_fn=<MseLossBackward0>)
accuracy: 51.5625
episode: 580 loss tensor(0.0274, device='cuda:0', grad_fn=<MseLossBackward0>)
accuracy: 56.25
episode: 590 loss tensor(0.0304, device='cuda:0', grad_fn=<MseLossBackward0>)
accuracy: 53.125
episode: 600 loss tensor(0.0264, device='cuda:0', grad_fn=<MseLossBackward0>)
accuracy: 62.5
episode: 610 loss tensor(0.0255, device='cuda:0', grad_fn=<MseLossBackward0>)
accuracy: 60.9375
episode: 620 loss tensor(0.0321, device='cuda:0', grad_fn=<MseLossBackward0>)
accuracy: 56.25
episode: 630 loss tensor(0.0304, device='cuda:0', grad_fn=<MseLossBackward0>)
accuracy: 51.5625
episode: 640 loss tensor(0.0275, device='cuda:0', grad_fn=<MseLossBackward0>)
accuracy: 56.25
episode: 650 loss tensor(0.0284, device='cuda:0', grad_fn=<MseLossBackward0>)
accuracy: 54.6875
episode: 660 loss tensor(0.0274, device='cuda:0', grad_fn=<MseLossBackward0>)
accuracy: 57.8125
episode: 670 loss tensor(0.0284, device='cuda:0', grad_fn=<MseLossBackward0>)
accuracy: 56.25
episode: 680 loss tensor(0.0255, device='cuda:0', grad_fn=<MseLossBackward0>)
accuracy: 60.9375
episode: 690 loss tensor(0.0303, device='cuda:0', grad_fn=<MseLossBackward0>)
accuracy: 51.5625
episode: 700 loss tensor(0.0302, device='cuda:0', grad_fn=<MseLossBackward0>)
accuracy: 56.25
episode: 710 loss tensor(0.0274, device='cuda:0', grad_fn=<MseLossBackward0>)
accuracy: 57.8125
episode: 720 loss tensor(0.0245, device='cuda:0', grad_fn=<MseLossBackward0>)
accuracy: 64.0625
episode: 730 loss tensor(0.0274, device='cuda:0', grad_fn=<MseLossBackward0>)
accuracy: 60.9375
episode: 740 loss tensor(0.0255, device='cuda:0', grad_fn=<MseLossBackward0>)
accuracy: 59.375
episode: 750 loss tensor(0.0293, device='cuda:0', grad_fn=<MseLossBackward0>)
accuracy: 54.6875
episode: 760 loss tensor(0.0235, device='cuda:0', grad_fn=<MseLossBackward0>)
accuracy: 64.0625
episode: 770 loss tensor(0.0286, device='cuda:0', grad_fn=<MseLossBackward0>)
accuracy: 59.375
episode: 780 loss tensor(0.0246, device='cuda:0', grad_fn=<MseLossBackward0>)
accuracy: 60.9375
episode: 790 loss tensor(0.0274, device='cuda:0', grad_fn=<MseLossBackward0>)
accuracy: 57.8125
episode: 800 loss tensor(0.0264, device='cuda:0', grad_fn=<MseLossBackward0>)
accuracy: 60.9375
episode: 810 loss tensor(0.0252, device='cuda:0', grad_fn=<MseLossBackward0>)
accuracy: 62.5
episode: 820 loss tensor(0.0284, device='cuda:0', grad_fn=<MseLossBackward0>)
accuracy: 54.6875
episode: 830 loss tensor(0.0274, device='cuda:0', grad_fn=<MseLossBackward0>)
accuracy: 56.25
episode: 840 loss tensor(0.0288, device='cuda:0', grad_fn=<MseLossBackward0>)
accuracy: 54.6875
episode: 850 loss tensor(0.0275, device='cuda:0', grad_fn=<MseLossBackward0>)
accuracy: 56.25
episode: 860 loss tensor(0.0280, device='cuda:0', grad_fn=<MseLossBackward0>)
accuracy: 57.8125
episode: 870 loss tensor(0.0265, device='cuda:0', grad_fn=<MseLossBackward0>)
accuracy: 59.375
episode: 880 loss tensor(0.0274, device='cuda:0', grad_fn=<MseLossBackward0>)
accuracy: 59.375
episode: 890 loss tensor(0.0274, device='cuda:0', grad_fn=<MseLossBackward0>)
accuracy: 56.25
episode: 900 loss tensor(0.0284, device='cuda:0', grad_fn=<MseLossBackward0>)
accuracy: 56.25
episode: 910 loss tensor(0.0255, device='cuda:0', grad_fn=<MseLossBackward0>)
accuracy: 59.375
episode: 920 loss tensor(0.0284, device='cuda:0', grad_fn=<MseLossBackward0>)
accuracy: 54.6875
episode: 930 loss tensor(0.0265, device='cuda:0', grad_fn=<MseLossBackward0>)
accuracy: 59.375
episode: 940 loss tensor(0.0245, device='cuda:0', grad_fn=<MseLossBackward0>)
accuracy: 62.5
episode: 950 loss tensor(0.0245, device='cuda:0', grad_fn=<MseLossBackward0>)
accuracy: 60.9375
episode: 960 loss tensor(0.0235, device='cuda:0', grad_fn=<MseLossBackward0>)
accuracy: 62.5
episode: 970 loss tensor(0.0293, device='cuda:0', grad_fn=<MseLossBackward0>)
accuracy: 54.6875
episode: 980 loss tensor(0.0254, device='cuda:0', grad_fn=<MseLossBackward0>)
accuracy: 59.375
episode: 990 loss tensor(0.0254, device='cuda:0', grad_fn=<MseLossBackward0>)
accuracy: 59.375
episode: 1000 loss tensor(0.0274, device='cuda:0', grad_fn=<MseLossBackward0>)
accuracy: 57.8125
few shot learning time : 39.14259195327759
[0;33;40mcheck the file![0m
[0;33;40m./model/IP_embdeeing_fewshot_1000fewshotepisode_8.pkl[0m
[0;33;40mcheck the file![0m
[0;33;40m./model/IP_relation_fewshot_1000fewshotepisode_8.pkl[0m
few shot model save success!
