**********meta_train_EM_RN.py_2023-04-14_13_59_16***********
n_way = 20, n_shot = 1, n_query = 19, META_EPISODE = 10000, LEARNING_RATE = 0.01, GPU = 0
n_examples = 200, im_width = 28, im_height = 28, depth = 100
[0;33;40mcheck the file![0m
[0;33;40m../h5dataset_ica_bandselect_200//meta_train_11000_78400.h5[0m
episode: 20 loss tensor(0.0501, device='cuda:0', grad_fn=<MseLossBackward0>)
accuracy: 7.368421052631579
episode: 40 loss tensor(0.0487, device='cuda:0', grad_fn=<MseLossBackward0>)
accuracy: 5.7894736842105265
episode: 60 loss tensor(0.0478, device='cuda:0', grad_fn=<MseLossBackward0>)
accuracy: 6.842105263157895
episode: 80 loss tensor(0.0491, device='cuda:0', grad_fn=<MseLossBackward0>)
accuracy: 7.368421052631579
episode: 100 loss tensor(0.0484, device='cuda:0', grad_fn=<MseLossBackward0>)
accuracy: 7.894736842105263
episode: 120 loss tensor(0.0486, device='cuda:0', grad_fn=<MseLossBackward0>)
accuracy: 7.105263157894737
episode: 140 loss tensor(0.0483, device='cuda:0', grad_fn=<MseLossBackward0>)
accuracy: 7.105263157894737
episode: 160 loss tensor(0.0489, device='cuda:0', grad_fn=<MseLossBackward0>)
accuracy: 6.315789473684211
episode: 180 loss tensor(0.0482, device='cuda:0', grad_fn=<MseLossBackward0>)
accuracy: 7.105263157894737
episode: 200 loss tensor(0.0480, device='cuda:0', grad_fn=<MseLossBackward0>)
accuracy: 7.368421052631579
episode: 220 loss tensor(0.0482, device='cuda:0', grad_fn=<MseLossBackward0>)
accuracy: 8.157894736842104
episode: 240 loss tensor(0.0480, device='cuda:0', grad_fn=<MseLossBackward0>)
accuracy: 7.105263157894737
episode: 260 loss tensor(0.0479, device='cuda:0', grad_fn=<MseLossBackward0>)
accuracy: 6.578947368421052
episode: 280 loss tensor(0.0492, device='cuda:0', grad_fn=<MseLossBackward0>)
accuracy: 7.894736842105263
episode: 300 loss tensor(0.0480, device='cuda:0', grad_fn=<MseLossBackward0>)
accuracy: 8.68421052631579
episode: 320 loss tensor(0.0478, device='cuda:0', grad_fn=<MseLossBackward0>)
accuracy: 9.473684210526315
episode: 340 loss tensor(0.0479, device='cuda:0', grad_fn=<MseLossBackward0>)
accuracy: 7.105263157894737
episode: 360 loss tensor(0.0468, device='cuda:0', grad_fn=<MseLossBackward0>)
accuracy: 15.0
episode: 380 loss tensor(0.0475, device='cuda:0', grad_fn=<MseLossBackward0>)
accuracy: 11.31578947368421
episode: 400 loss tensor(0.0474, device='cuda:0', grad_fn=<MseLossBackward0>)
accuracy: 11.578947368421053
episode: 420 loss tensor(0.0469, device='cuda:0', grad_fn=<MseLossBackward0>)
accuracy: 10.789473684210526
episode: 440 loss tensor(0.0485, device='cuda:0', grad_fn=<MseLossBackward0>)
accuracy: 9.210526315789474
episode: 460 loss tensor(0.0496, device='cuda:0', grad_fn=<MseLossBackward0>)
accuracy: 10.789473684210526
episode: 480 loss tensor(0.0443, device='cuda:0', grad_fn=<MseLossBackward0>)
accuracy: 28.94736842105263
episode: 500 loss tensor(0.0401, device='cuda:0', grad_fn=<MseLossBackward0>)
accuracy: 31.31578947368421
episode: 520 loss tensor(0.0368, device='cuda:0', grad_fn=<MseLossBackward0>)
accuracy: 45.526315789473685
episode: 540 loss tensor(0.0392, device='cuda:0', grad_fn=<MseLossBackward0>)
accuracy: 43.421052631578945
episode: 560 loss tensor(0.0355, device='cuda:0', grad_fn=<MseLossBackward0>)
accuracy: 50.526315789473685
episode: 580 loss tensor(0.0347, device='cuda:0', grad_fn=<MseLossBackward0>)
accuracy: 52.89473684210526
episode: 600 loss tensor(0.0383, device='cuda:0', grad_fn=<MseLossBackward0>)
accuracy: 40.526315789473685
episode: 620 loss tensor(0.0324, device='cuda:0', grad_fn=<MseLossBackward0>)
accuracy: 56.31578947368421
episode: 640 loss tensor(0.0347, device='cuda:0', grad_fn=<MseLossBackward0>)
accuracy: 51.05263157894737
episode: 660 loss tensor(0.0293, device='cuda:0', grad_fn=<MseLossBackward0>)
accuracy: 65.52631578947368
episode: 680 loss tensor(0.0295, device='cuda:0', grad_fn=<MseLossBackward0>)
accuracy: 58.94736842105263
episode: 700 loss tensor(0.0300, device='cuda:0', grad_fn=<MseLossBackward0>)
accuracy: 59.73684210526316
episode: 720 loss tensor(0.0275, device='cuda:0', grad_fn=<MseLossBackward0>)
accuracy: 68.15789473684211
episode: 740 loss tensor(0.0273, device='cuda:0', grad_fn=<MseLossBackward0>)
accuracy: 70.0
episode: 760 loss tensor(0.0211, device='cuda:0', grad_fn=<MseLossBackward0>)
accuracy: 76.84210526315789
episode: 780 loss tensor(0.0286, device='cuda:0', grad_fn=<MseLossBackward0>)
accuracy: 68.94736842105263
episode: 800 loss tensor(0.0255, device='cuda:0', grad_fn=<MseLossBackward0>)
accuracy: 73.94736842105263
episode: 820 loss tensor(0.0290, device='cuda:0', grad_fn=<MseLossBackward0>)
accuracy: 60.526315789473685
episode: 840 loss tensor(0.0270, device='cuda:0', grad_fn=<MseLossBackward0>)
accuracy: 65.26315789473684
episode: 860 loss tensor(0.0247, device='cuda:0', grad_fn=<MseLossBackward0>)
accuracy: 70.52631578947368
episode: 880 loss tensor(0.0291, device='cuda:0', grad_fn=<MseLossBackward0>)
accuracy: 62.10526315789474
episode: 900 loss tensor(0.0187, device='cuda:0', grad_fn=<MseLossBackward0>)
accuracy: 78.94736842105263
episode: 920 loss tensor(0.0230, device='cuda:0', grad_fn=<MseLossBackward0>)
accuracy: 79.21052631578948
episode: 940 loss tensor(0.0260, device='cuda:0', grad_fn=<MseLossBackward0>)
accuracy: 63.1578947368421
episode: 960 loss tensor(0.0201, device='cuda:0', grad_fn=<MseLossBackward0>)
accuracy: 81.3157894736842
episode: 980 loss tensor(0.0210, device='cuda:0', grad_fn=<MseLossBackward0>)
accuracy: 78.6842105263158
episode: 1000 loss tensor(0.0201, device='cuda:0', grad_fn=<MseLossBackward0>)
accuracy: 74.47368421052632
episode: 1020 loss tensor(0.0307, device='cuda:0', grad_fn=<MseLossBackward0>)
accuracy: 69.73684210526316
episode: 1040 loss tensor(0.0194, device='cuda:0', grad_fn=<MseLossBackward0>)
accuracy: 78.6842105263158
episode: 1060 loss tensor(0.0195, device='cuda:0', grad_fn=<MseLossBackward0>)
accuracy: 78.94736842105263
episode: 1080 loss tensor(0.0224, device='cuda:0', grad_fn=<MseLossBackward0>)
accuracy: 70.78947368421052
episode: 1100 loss tensor(0.0245, device='cuda:0', grad_fn=<MseLossBackward0>)
accuracy: 70.52631578947368
episode: 1120 loss tensor(0.0200, device='cuda:0', grad_fn=<MseLossBackward0>)
accuracy: 84.73684210526316
episode: 1140 loss tensor(0.0163, device='cuda:0', grad_fn=<MseLossBackward0>)
accuracy: 87.63157894736842
episode: 1160 loss tensor(0.0115, device='cuda:0', grad_fn=<MseLossBackward0>)
accuracy: 87.10526315789474
episode: 1180 loss tensor(0.0154, device='cuda:0', grad_fn=<MseLossBackward0>)
accuracy: 85.78947368421052
episode: 1200 loss tensor(0.0147, device='cuda:0', grad_fn=<MseLossBackward0>)
accuracy: 87.89473684210526
episode: 1220 loss tensor(0.0253, device='cuda:0', grad_fn=<MseLossBackward0>)
accuracy: 69.47368421052632
episode: 1240 loss tensor(0.0131, device='cuda:0', grad_fn=<MseLossBackward0>)
accuracy: 89.21052631578948
episode: 1260 loss tensor(0.0183, device='cuda:0', grad_fn=<MseLossBackward0>)
accuracy: 77.89473684210526
episode: 1280 loss tensor(0.0172, device='cuda:0', grad_fn=<MseLossBackward0>)
accuracy: 86.57894736842105
episode: 1300 loss tensor(0.0177, device='cuda:0', grad_fn=<MseLossBackward0>)
accuracy: 82.63157894736842
episode: 1320 loss tensor(0.0203, device='cuda:0', grad_fn=<MseLossBackward0>)
accuracy: 86.3157894736842
episode: 1340 loss tensor(0.0131, device='cuda:0', grad_fn=<MseLossBackward0>)
accuracy: 88.42105263157895
episode: 1360 loss tensor(0.0133, device='cuda:0', grad_fn=<MseLossBackward0>)
accuracy: 89.21052631578948
episode: 1380 loss tensor(0.0101, device='cuda:0', grad_fn=<MseLossBackward0>)
accuracy: 93.15789473684211
episode: 1400 loss tensor(0.0153, device='cuda:0', grad_fn=<MseLossBackward0>)
accuracy: 83.94736842105263
episode: 1420 loss tensor(0.0107, device='cuda:0', grad_fn=<MseLossBackward0>)
accuracy: 89.73684210526316
episode: 1440 loss tensor(0.0095, device='cuda:0', grad_fn=<MseLossBackward0>)
accuracy: 95.0
episode: 1460 loss tensor(0.0187, device='cuda:0', grad_fn=<MseLossBackward0>)
accuracy: 81.57894736842105
episode: 1480 loss tensor(0.0077, device='cuda:0', grad_fn=<MseLossBackward0>)
accuracy: 90.52631578947368
episode: 1500 loss tensor(0.0113, device='cuda:0', grad_fn=<MseLossBackward0>)
accuracy: 92.10526315789474
episode: 1520 loss tensor(0.0110, device='cuda:0', grad_fn=<MseLossBackward0>)
accuracy: 93.42105263157895
episode: 1540 loss tensor(0.0214, device='cuda:0', grad_fn=<MseLossBackward0>)
accuracy: 77.89473684210526
episode: 1560 loss tensor(0.0113, device='cuda:0', grad_fn=<MseLossBackward0>)
accuracy: 90.0
episode: 1580 loss tensor(0.0139, device='cuda:0', grad_fn=<MseLossBackward0>)
accuracy: 89.73684210526316
episode: 1600 loss tensor(0.0194, device='cuda:0', grad_fn=<MseLossBackward0>)
accuracy: 80.78947368421052
episode: 1620 loss tensor(0.0123, device='cuda:0', grad_fn=<MseLossBackward0>)
accuracy: 87.89473684210526
episode: 1640 loss tensor(0.0175, device='cuda:0', grad_fn=<MseLossBackward0>)
accuracy: 80.52631578947368
episode: 1660 loss tensor(0.0128, device='cuda:0', grad_fn=<MseLossBackward0>)
accuracy: 93.15789473684211
episode: 1680 loss tensor(0.0161, device='cuda:0', grad_fn=<MseLossBackward0>)
accuracy: 88.15789473684211
episode: 1700 loss tensor(0.0101, device='cuda:0', grad_fn=<MseLossBackward0>)
accuracy: 90.0
episode: 1720 loss tensor(0.0151, device='cuda:0', grad_fn=<MseLossBackward0>)
accuracy: 83.6842105263158
episode: 1740 loss tensor(0.0192, device='cuda:0', grad_fn=<MseLossBackward0>)
accuracy: 77.89473684210526
episode: 1760 loss tensor(0.0103, device='cuda:0', grad_fn=<MseLossBackward0>)
accuracy: 92.10526315789474
episode: 1780 loss tensor(0.0124, device='cuda:0', grad_fn=<MseLossBackward0>)
accuracy: 91.84210526315789
episode: 1800 loss tensor(0.0111, device='cuda:0', grad_fn=<MseLossBackward0>)
accuracy: 91.84210526315789
episode: 1820 loss tensor(0.0112, device='cuda:0', grad_fn=<MseLossBackward0>)
accuracy: 91.3157894736842
episode: 1840 loss tensor(0.0116, device='cuda:0', grad_fn=<MseLossBackward0>)
accuracy: 92.10526315789474
episode: 1860 loss tensor(0.0093, device='cuda:0', grad_fn=<MseLossBackward0>)
accuracy: 93.6842105263158
episode: 1880 loss tensor(0.0141, device='cuda:0', grad_fn=<MseLossBackward0>)
accuracy: 90.26315789473684
episode: 1900 loss tensor(0.0200, device='cuda:0', grad_fn=<MseLossBackward0>)
accuracy: 77.63157894736842
episode: 1920 loss tensor(0.0062, device='cuda:0', grad_fn=<MseLossBackward0>)
accuracy: 95.26315789473684
episode: 1940 loss tensor(0.0080, device='cuda:0', grad_fn=<MseLossBackward0>)
accuracy: 91.84210526315789
episode: 1960 loss tensor(0.0123, device='cuda:0', grad_fn=<MseLossBackward0>)
accuracy: 94.21052631578948
episode: 1980 loss tensor(0.0081, device='cuda:0', grad_fn=<MseLossBackward0>)
accuracy: 94.47368421052632
episode: 2000 loss tensor(0.0110, device='cuda:0', grad_fn=<MseLossBackward0>)
accuracy: 93.42105263157895
episode: 2020 loss tensor(0.0078, device='cuda:0', grad_fn=<MseLossBackward0>)
accuracy: 94.47368421052632
episode: 2040 loss tensor(0.0130, device='cuda:0', grad_fn=<MseLossBackward0>)
accuracy: 85.26315789473684
episode: 2060 loss tensor(0.0122, device='cuda:0', grad_fn=<MseLossBackward0>)
accuracy: 87.63157894736842
episode: 2080 loss tensor(0.0103, device='cuda:0', grad_fn=<MseLossBackward0>)
accuracy: 88.94736842105263
episode: 2100 loss tensor(0.0176, device='cuda:0', grad_fn=<MseLossBackward0>)
accuracy: 86.3157894736842
episode: 2120 loss tensor(0.0046, device='cuda:0', grad_fn=<MseLossBackward0>)
accuracy: 98.42105263157895
episode: 2140 loss tensor(0.0245, device='cuda:0', grad_fn=<MseLossBackward0>)
accuracy: 73.6842105263158
episode: 2160 loss tensor(0.0076, device='cuda:0', grad_fn=<MseLossBackward0>)
accuracy: 93.6842105263158
episode: 2180 loss tensor(0.0098, device='cuda:0', grad_fn=<MseLossBackward0>)
accuracy: 89.73684210526316
episode: 2200 loss tensor(0.0073, device='cuda:0', grad_fn=<MseLossBackward0>)
accuracy: 96.05263157894737
episode: 2220 loss tensor(0.0060, device='cuda:0', grad_fn=<MseLossBackward0>)
accuracy: 95.26315789473684
episode: 2240 loss tensor(0.0108, device='cuda:0', grad_fn=<MseLossBackward0>)
accuracy: 88.94736842105263
episode: 2260 loss tensor(0.0050, device='cuda:0', grad_fn=<MseLossBackward0>)
accuracy: 97.63157894736842
episode: 2280 loss tensor(0.0078, device='cuda:0', grad_fn=<MseLossBackward0>)
accuracy: 93.42105263157895
episode: 2300 loss tensor(0.0023, device='cuda:0', grad_fn=<MseLossBackward0>)
accuracy: 99.21052631578948
episode: 2320 loss tensor(0.0043, device='cuda:0', grad_fn=<MseLossBackward0>)
accuracy: 97.89473684210526
episode: 2340 loss tensor(0.0146, device='cuda:0', grad_fn=<MseLossBackward0>)
accuracy: 83.42105263157895
episode: 2360 loss tensor(0.0143, device='cuda:0', grad_fn=<MseLossBackward0>)
accuracy: 84.21052631578948
episode: 2380 loss tensor(0.0079, device='cuda:0', grad_fn=<MseLossBackward0>)
accuracy: 95.52631578947368
episode: 2400 loss tensor(0.0068, device='cuda:0', grad_fn=<MseLossBackward0>)
accuracy: 92.10526315789474
episode: 2420 loss tensor(0.0104, device='cuda:0', grad_fn=<MseLossBackward0>)
accuracy: 88.6842105263158
episode: 2440 loss tensor(0.0056, device='cuda:0', grad_fn=<MseLossBackward0>)
accuracy: 94.73684210526316
episode: 2460 loss tensor(0.0184, device='cuda:0', grad_fn=<MseLossBackward0>)
accuracy: 82.36842105263158
episode: 2480 loss tensor(0.0155, device='cuda:0', grad_fn=<MseLossBackward0>)
accuracy: 85.78947368421052
episode: 2500 loss tensor(0.0129, device='cuda:0', grad_fn=<MseLossBackward0>)
accuracy: 88.42105263157895
episode: 2520 loss tensor(0.0104, device='cuda:0', grad_fn=<MseLossBackward0>)
accuracy: 91.84210526315789
episode: 2540 loss tensor(0.0130, device='cuda:0', grad_fn=<MseLossBackward0>)
accuracy: 87.63157894736842
episode: 2560 loss tensor(0.0135, device='cuda:0', grad_fn=<MseLossBackward0>)
accuracy: 87.89473684210526
episode: 2580 loss tensor(0.0093, device='cuda:0', grad_fn=<MseLossBackward0>)
accuracy: 91.84210526315789
episode: 2600 loss tensor(0.0147, device='cuda:0', grad_fn=<MseLossBackward0>)
accuracy: 90.26315789473684
episode: 2620 loss tensor(0.0071, device='cuda:0', grad_fn=<MseLossBackward0>)
accuracy: 96.05263157894737
episode: 2640 loss tensor(0.0076, device='cuda:0', grad_fn=<MseLossBackward0>)
accuracy: 97.36842105263158
episode: 2660 loss tensor(0.0059, device='cuda:0', grad_fn=<MseLossBackward0>)
accuracy: 95.52631578947368
episode: 2680 loss tensor(0.0097, device='cuda:0', grad_fn=<MseLossBackward0>)
accuracy: 92.89473684210526
episode: 2700 loss tensor(0.0050, device='cuda:0', grad_fn=<MseLossBackward0>)
accuracy: 96.3157894736842
episode: 2720 loss tensor(0.0086, device='cuda:0', grad_fn=<MseLossBackward0>)
accuracy: 91.05263157894737
episode: 2740 loss tensor(0.0077, device='cuda:0', grad_fn=<MseLossBackward0>)
accuracy: 91.84210526315789
episode: 2760 loss tensor(0.0065, device='cuda:0', grad_fn=<MseLossBackward0>)
accuracy: 95.78947368421052
episode: 2780 loss tensor(0.0115, device='cuda:0', grad_fn=<MseLossBackward0>)
accuracy: 89.21052631578948
episode: 2800 loss tensor(0.0115, device='cuda:0', grad_fn=<MseLossBackward0>)
accuracy: 90.0
episode: 2820 loss tensor(0.0072, device='cuda:0', grad_fn=<MseLossBackward0>)
accuracy: 92.89473684210526
episode: 2840 loss tensor(0.0138, device='cuda:0', grad_fn=<MseLossBackward0>)
accuracy: 88.6842105263158
episode: 2860 loss tensor(0.0099, device='cuda:0', grad_fn=<MseLossBackward0>)
accuracy: 87.89473684210526
episode: 2880 loss tensor(0.0078, device='cuda:0', grad_fn=<MseLossBackward0>)
accuracy: 92.10526315789474
episode: 2900 loss tensor(0.0114, device='cuda:0', grad_fn=<MseLossBackward0>)
accuracy: 89.47368421052632
episode: 2920 loss tensor(0.0051, device='cuda:0', grad_fn=<MseLossBackward0>)
accuracy: 98.15789473684211
episode: 2940 loss tensor(0.0110, device='cuda:0', grad_fn=<MseLossBackward0>)
accuracy: 93.15789473684211
episode: 2960 loss tensor(0.0086, device='cuda:0', grad_fn=<MseLossBackward0>)
accuracy: 95.0
episode: 2980 loss tensor(0.0083, device='cuda:0', grad_fn=<MseLossBackward0>)
accuracy: 91.84210526315789
episode: 3000 loss tensor(0.0109, device='cuda:0', grad_fn=<MseLossBackward0>)
accuracy: 93.15789473684211
episode: 3020 loss tensor(0.0097, device='cuda:0', grad_fn=<MseLossBackward0>)
accuracy: 90.0
episode: 3040 loss tensor(0.0101, device='cuda:0', grad_fn=<MseLossBackward0>)
accuracy: 88.42105263157895
episode: 3060 loss tensor(0.0034, device='cuda:0', grad_fn=<MseLossBackward0>)
accuracy: 97.36842105263158
episode: 3080 loss tensor(0.0050, device='cuda:0', grad_fn=<MseLossBackward0>)
accuracy: 96.57894736842105
episode: 3100 loss tensor(0.0041, device='cuda:0', grad_fn=<MseLossBackward0>)
accuracy: 98.94736842105263
episode: 3120 loss tensor(0.0049, device='cuda:0', grad_fn=<MseLossBackward0>)
accuracy: 95.52631578947368
episode: 3140 loss tensor(0.0077, device='cuda:0', grad_fn=<MseLossBackward0>)
accuracy: 92.36842105263158
episode: 3160 loss tensor(0.0069, device='cuda:0', grad_fn=<MseLossBackward0>)
accuracy: 92.89473684210526
episode: 3180 loss tensor(0.0036, device='cuda:0', grad_fn=<MseLossBackward0>)
accuracy: 97.36842105263158
episode: 3200 loss tensor(0.0081, device='cuda:0', grad_fn=<MseLossBackward0>)
accuracy: 96.3157894736842
episode: 3220 loss tensor(0.0080, device='cuda:0', grad_fn=<MseLossBackward0>)
accuracy: 91.3157894736842
episode: 3240 loss tensor(0.0141, device='cuda:0', grad_fn=<MseLossBackward0>)
accuracy: 90.52631578947368
episode: 3260 loss tensor(0.0038, device='cuda:0', grad_fn=<MseLossBackward0>)
accuracy: 97.10526315789474
episode: 3280 loss tensor(0.0101, device='cuda:0', grad_fn=<MseLossBackward0>)
accuracy: 91.3157894736842
episode: 3300 loss tensor(0.0064, device='cuda:0', grad_fn=<MseLossBackward0>)
accuracy: 95.26315789473684
episode: 3320 loss tensor(0.0056, device='cuda:0', grad_fn=<MseLossBackward0>)
accuracy: 96.57894736842105
episode: 3340 loss tensor(0.0115, device='cuda:0', grad_fn=<MseLossBackward0>)
accuracy: 86.84210526315789
episode: 3360 loss tensor(0.0086, device='cuda:0', grad_fn=<MseLossBackward0>)
accuracy: 90.0
episode: 3380 loss tensor(0.0059, device='cuda:0', grad_fn=<MseLossBackward0>)
accuracy: 93.42105263157895
episode: 3400 loss tensor(0.0090, device='cuda:0', grad_fn=<MseLossBackward0>)
accuracy: 95.78947368421052
episode: 3420 loss tensor(0.0104, device='cuda:0', grad_fn=<MseLossBackward0>)
accuracy: 88.94736842105263
episode: 3440 loss tensor(0.0123, device='cuda:0', grad_fn=<MseLossBackward0>)
accuracy: 92.63157894736842
episode: 3460 loss tensor(0.0083, device='cuda:0', grad_fn=<MseLossBackward0>)
accuracy: 91.3157894736842
episode: 3480 loss tensor(0.0093, device='cuda:0', grad_fn=<MseLossBackward0>)
accuracy: 89.47368421052632
episode: 3500 loss tensor(0.0120, device='cuda:0', grad_fn=<MseLossBackward0>)
accuracy: 91.57894736842105
episode: 3520 loss tensor(0.0046, device='cuda:0', grad_fn=<MseLossBackward0>)
accuracy: 94.47368421052632
episode: 3540 loss tensor(0.0064, device='cuda:0', grad_fn=<MseLossBackward0>)
accuracy: 92.89473684210526
episode: 3560 loss tensor(0.0064, device='cuda:0', grad_fn=<MseLossBackward0>)
accuracy: 95.0
episode: 3580 loss tensor(0.0060, device='cuda:0', grad_fn=<MseLossBackward0>)
accuracy: 95.0
episode: 3600 loss tensor(0.0056, device='cuda:0', grad_fn=<MseLossBackward0>)
accuracy: 95.26315789473684
episode: 3620 loss tensor(0.0069, device='cuda:0', grad_fn=<MseLossBackward0>)
accuracy: 95.52631578947368
episode: 3640 loss tensor(0.0070, device='cuda:0', grad_fn=<MseLossBackward0>)
accuracy: 93.42105263157895
episode: 3660 loss tensor(0.0136, device='cuda:0', grad_fn=<MseLossBackward0>)
accuracy: 89.73684210526316
episode: 3680 loss tensor(0.0048, device='cuda:0', grad_fn=<MseLossBackward0>)
accuracy: 97.10526315789474
episode: 3700 loss tensor(0.0076, device='cuda:0', grad_fn=<MseLossBackward0>)
accuracy: 94.73684210526316
episode: 3720 loss tensor(0.0093, device='cuda:0', grad_fn=<MseLossBackward0>)
accuracy: 88.6842105263158
episode: 3740 loss tensor(0.0044, device='cuda:0', grad_fn=<MseLossBackward0>)
accuracy: 97.36842105263158
episode: 3760 loss tensor(0.0099, device='cuda:0', grad_fn=<MseLossBackward0>)
accuracy: 87.63157894736842
episode: 3780 loss tensor(0.0081, device='cuda:0', grad_fn=<MseLossBackward0>)
accuracy: 90.78947368421052
episode: 3800 loss tensor(0.0046, device='cuda:0', grad_fn=<MseLossBackward0>)
accuracy: 98.15789473684211
episode: 3820 loss tensor(0.0028, device='cuda:0', grad_fn=<MseLossBackward0>)
accuracy: 98.94736842105263
episode: 3840 loss tensor(0.0067, device='cuda:0', grad_fn=<MseLossBackward0>)
accuracy: 93.94736842105263
episode: 3860 loss tensor(0.0031, device='cuda:0', grad_fn=<MseLossBackward0>)
accuracy: 97.36842105263158
episode: 3880 loss tensor(0.0090, device='cuda:0', grad_fn=<MseLossBackward0>)
accuracy: 90.52631578947368
episode: 3900 loss tensor(0.0069, device='cuda:0', grad_fn=<MseLossBackward0>)
accuracy: 94.21052631578948
episode: 3920 loss tensor(0.0087, device='cuda:0', grad_fn=<MseLossBackward0>)
accuracy: 91.3157894736842
episode: 3940 loss tensor(0.0080, device='cuda:0', grad_fn=<MseLossBackward0>)
accuracy: 91.57894736842105
episode: 3960 loss tensor(0.0070, device='cuda:0', grad_fn=<MseLossBackward0>)
accuracy: 94.21052631578948
episode: 3980 loss tensor(0.0032, device='cuda:0', grad_fn=<MseLossBackward0>)
accuracy: 97.63157894736842
episode: 4000 loss tensor(0.0065, device='cuda:0', grad_fn=<MseLossBackward0>)
accuracy: 95.52631578947368
episode: 4020 loss tensor(0.0112, device='cuda:0', grad_fn=<MseLossBackward0>)
accuracy: 91.84210526315789
episode: 4040 loss tensor(0.0084, device='cuda:0', grad_fn=<MseLossBackward0>)
accuracy: 91.57894736842105
episode: 4060 loss tensor(0.0051, device='cuda:0', grad_fn=<MseLossBackward0>)
accuracy: 95.26315789473684
episode: 4080 loss tensor(0.0032, device='cuda:0', grad_fn=<MseLossBackward0>)
accuracy: 98.42105263157895
episode: 4100 loss tensor(0.0057, device='cuda:0', grad_fn=<MseLossBackward0>)
accuracy: 96.57894736842105
episode: 4120 loss tensor(0.0058, device='cuda:0', grad_fn=<MseLossBackward0>)
accuracy: 96.84210526315789
episode: 4140 loss tensor(0.0056, device='cuda:0', grad_fn=<MseLossBackward0>)
accuracy: 96.84210526315789
episode: 4160 loss tensor(0.0065, device='cuda:0', grad_fn=<MseLossBackward0>)
accuracy: 95.0
episode: 4180 loss tensor(0.0021, device='cuda:0', grad_fn=<MseLossBackward0>)
accuracy: 99.47368421052632
episode: 4200 loss tensor(0.0073, device='cuda:0', grad_fn=<MseLossBackward0>)
accuracy: 96.57894736842105
episode: 4220 loss tensor(0.0068, device='cuda:0', grad_fn=<MseLossBackward0>)
accuracy: 93.94736842105263
episode: 4240 loss tensor(0.0066, device='cuda:0', grad_fn=<MseLossBackward0>)
accuracy: 94.21052631578948
episode: 4260 loss tensor(0.0037, device='cuda:0', grad_fn=<MseLossBackward0>)
accuracy: 97.63157894736842
episode: 4280 loss tensor(0.0048, device='cuda:0', grad_fn=<MseLossBackward0>)
accuracy: 95.0
episode: 4300 loss tensor(0.0038, device='cuda:0', grad_fn=<MseLossBackward0>)
accuracy: 97.63157894736842
episode: 4320 loss tensor(0.0071, device='cuda:0', grad_fn=<MseLossBackward0>)
accuracy: 95.52631578947368
episode: 4340 loss tensor(0.0054, device='cuda:0', grad_fn=<MseLossBackward0>)
accuracy: 97.89473684210526
episode: 4360 loss tensor(0.0066, device='cuda:0', grad_fn=<MseLossBackward0>)
accuracy: 97.89473684210526
episode: 4380 loss tensor(0.0050, device='cuda:0', grad_fn=<MseLossBackward0>)
accuracy: 99.21052631578948
episode: 4400 loss tensor(0.0060, device='cuda:0', grad_fn=<MseLossBackward0>)
accuracy: 96.84210526315789
episode: 4420 loss tensor(0.0057, device='cuda:0', grad_fn=<MseLossBackward0>)
accuracy: 93.94736842105263
episode: 4440 loss tensor(0.0035, device='cuda:0', grad_fn=<MseLossBackward0>)
accuracy: 98.6842105263158
episode: 4460 loss tensor(0.0123, device='cuda:0', grad_fn=<MseLossBackward0>)
accuracy: 91.57894736842105
episode: 4480 loss tensor(0.0069, device='cuda:0', grad_fn=<MseLossBackward0>)
accuracy: 90.26315789473684
episode: 4500 loss tensor(0.0087, device='cuda:0', grad_fn=<MseLossBackward0>)
accuracy: 88.6842105263158
episode: 4520 loss tensor(0.0018, device='cuda:0', grad_fn=<MseLossBackward0>)
accuracy: 99.73684210526316
episode: 4540 loss tensor(0.0050, device='cuda:0', grad_fn=<MseLossBackward0>)
accuracy: 96.3157894736842
episode: 4560 loss tensor(0.0019, device='cuda:0', grad_fn=<MseLossBackward0>)
accuracy: 98.94736842105263
episode: 4580 loss tensor(0.0123, device='cuda:0', grad_fn=<MseLossBackward0>)
accuracy: 89.47368421052632
episode: 4600 loss tensor(0.0082, device='cuda:0', grad_fn=<MseLossBackward0>)
accuracy: 92.36842105263158
episode: 4620 loss tensor(0.0042, device='cuda:0', grad_fn=<MseLossBackward0>)
accuracy: 96.84210526315789
episode: 4640 loss tensor(0.0048, device='cuda:0', grad_fn=<MseLossBackward0>)
accuracy: 93.94736842105263
episode: 4660 loss tensor(0.0108, device='cuda:0', grad_fn=<MseLossBackward0>)
accuracy: 85.26315789473684
episode: 4680 loss tensor(0.0031, device='cuda:0', grad_fn=<MseLossBackward0>)
accuracy: 97.36842105263158
episode: 4700 loss tensor(0.0044, device='cuda:0', grad_fn=<MseLossBackward0>)
accuracy: 96.05263157894737
episode: 4720 loss tensor(0.0046, device='cuda:0', grad_fn=<MseLossBackward0>)
accuracy: 99.47368421052632
episode: 4740 loss tensor(0.0072, device='cuda:0', grad_fn=<MseLossBackward0>)
accuracy: 94.73684210526316
episode: 4760 loss tensor(0.0049, device='cuda:0', grad_fn=<MseLossBackward0>)
accuracy: 95.0
episode: 4780 loss tensor(0.0045, device='cuda:0', grad_fn=<MseLossBackward0>)
accuracy: 96.57894736842105
episode: 4800 loss tensor(0.0057, device='cuda:0', grad_fn=<MseLossBackward0>)
accuracy: 93.6842105263158
episode: 4820 loss tensor(0.0045, device='cuda:0', grad_fn=<MseLossBackward0>)
accuracy: 95.26315789473684
episode: 4840 loss tensor(0.0083, device='cuda:0', grad_fn=<MseLossBackward0>)
accuracy: 92.89473684210526
episode: 4860 loss tensor(0.0079, device='cuda:0', grad_fn=<MseLossBackward0>)
accuracy: 93.42105263157895
episode: 4880 loss tensor(0.0075, device='cuda:0', grad_fn=<MseLossBackward0>)
accuracy: 94.73684210526316
episode: 4900 loss tensor(0.0084, device='cuda:0', grad_fn=<MseLossBackward0>)
accuracy: 92.89473684210526
episode: 4920 loss tensor(0.0057, device='cuda:0', grad_fn=<MseLossBackward0>)
accuracy: 96.05263157894737
episode: 4940 loss tensor(0.0047, device='cuda:0', grad_fn=<MseLossBackward0>)
accuracy: 94.47368421052632
episode: 4960 loss tensor(0.0037, device='cuda:0', grad_fn=<MseLossBackward0>)
accuracy: 99.21052631578948
episode: 4980 loss tensor(0.0051, device='cuda:0', grad_fn=<MseLossBackward0>)
accuracy: 96.05263157894737
episode: 5000 loss tensor(0.0042, device='cuda:0', grad_fn=<MseLossBackward0>)
accuracy: 97.10526315789474
episode: 5020 loss tensor(0.0028, device='cuda:0', grad_fn=<MseLossBackward0>)
accuracy: 95.52631578947368
episode: 5040 loss tensor(0.0067, device='cuda:0', grad_fn=<MseLossBackward0>)
accuracy: 93.94736842105263
episode: 5060 loss tensor(0.0017, device='cuda:0', grad_fn=<MseLossBackward0>)
accuracy: 98.42105263157895
episode: 5080 loss tensor(0.0068, device='cuda:0', grad_fn=<MseLossBackward0>)
accuracy: 95.0
episode: 5100 loss tensor(0.0031, device='cuda:0', grad_fn=<MseLossBackward0>)
accuracy: 98.15789473684211
episode: 5120 loss tensor(0.0020, device='cuda:0', grad_fn=<MseLossBackward0>)
accuracy: 98.42105263157895
episode: 5140 loss tensor(0.0036, device='cuda:0', grad_fn=<MseLossBackward0>)
accuracy: 97.10526315789474
episode: 5160 loss tensor(0.0064, device='cuda:0', grad_fn=<MseLossBackward0>)
accuracy: 93.42105263157895
episode: 5180 loss tensor(0.0050, device='cuda:0', grad_fn=<MseLossBackward0>)
accuracy: 93.15789473684211
episode: 5200 loss tensor(0.0069, device='cuda:0', grad_fn=<MseLossBackward0>)
accuracy: 92.36842105263158
episode: 5220 loss tensor(0.0063, device='cuda:0', grad_fn=<MseLossBackward0>)
accuracy: 96.3157894736842
episode: 5240 loss tensor(0.0087, device='cuda:0', grad_fn=<MseLossBackward0>)
accuracy: 93.6842105263158
episode: 5260 loss tensor(0.0074, device='cuda:0', grad_fn=<MseLossBackward0>)
accuracy: 96.84210526315789
episode: 5280 loss tensor(0.0120, device='cuda:0', grad_fn=<MseLossBackward0>)
accuracy: 88.94736842105263
episode: 5300 loss tensor(0.0035, device='cuda:0', grad_fn=<MseLossBackward0>)
accuracy: 95.0
episode: 5320 loss tensor(0.0020, device='cuda:0', grad_fn=<MseLossBackward0>)
accuracy: 98.42105263157895
episode: 5340 loss tensor(0.0042, device='cuda:0', grad_fn=<MseLossBackward0>)
accuracy: 97.89473684210526
episode: 5360 loss tensor(0.0025, device='cuda:0', grad_fn=<MseLossBackward0>)
accuracy: 96.57894736842105
episode: 5380 loss tensor(0.0076, device='cuda:0', grad_fn=<MseLossBackward0>)
accuracy: 93.94736842105263
episode: 5400 loss tensor(0.0053, device='cuda:0', grad_fn=<MseLossBackward0>)
accuracy: 95.78947368421052
episode: 5420 loss tensor(0.0027, device='cuda:0', grad_fn=<MseLossBackward0>)
accuracy: 97.63157894736842
episode: 5440 loss tensor(0.0065, device='cuda:0', grad_fn=<MseLossBackward0>)
accuracy: 94.47368421052632
episode: 5460 loss tensor(0.0045, device='cuda:0', grad_fn=<MseLossBackward0>)
accuracy: 94.73684210526316
episode: 5480 loss tensor(0.0035, device='cuda:0', grad_fn=<MseLossBackward0>)
accuracy: 97.10526315789474
episode: 5500 loss tensor(0.0044, device='cuda:0', grad_fn=<MseLossBackward0>)
accuracy: 93.15789473684211
episode: 5520 loss tensor(0.0007, device='cuda:0', grad_fn=<MseLossBackward0>)
accuracy: 100.0
episode: 5540 loss tensor(0.0043, device='cuda:0', grad_fn=<MseLossBackward0>)
accuracy: 97.10526315789474
episode: 5560 loss tensor(0.0030, device='cuda:0', grad_fn=<MseLossBackward0>)
accuracy: 96.57894736842105
episode: 5580 loss tensor(0.0061, device='cuda:0', grad_fn=<MseLossBackward0>)
accuracy: 93.6842105263158
episode: 5600 loss tensor(0.0025, device='cuda:0', grad_fn=<MseLossBackward0>)
accuracy: 97.36842105263158
episode: 5620 loss tensor(0.0018, device='cuda:0', grad_fn=<MseLossBackward0>)
accuracy: 97.63157894736842
episode: 5640 loss tensor(0.0058, device='cuda:0', grad_fn=<MseLossBackward0>)
accuracy: 92.36842105263158
episode: 5660 loss tensor(0.0029, device='cuda:0', grad_fn=<MseLossBackward0>)
accuracy: 96.84210526315789
episode: 5680 loss tensor(0.0011, device='cuda:0', grad_fn=<MseLossBackward0>)
accuracy: 98.94736842105263
episode: 5700 loss tensor(0.0028, device='cuda:0', grad_fn=<MseLossBackward0>)
accuracy: 96.3157894736842
episode: 5720 loss tensor(0.0045, device='cuda:0', grad_fn=<MseLossBackward0>)
accuracy: 94.73684210526316
episode: 5740 loss tensor(0.0051, device='cuda:0', grad_fn=<MseLossBackward0>)
accuracy: 93.6842105263158
episode: 5760 loss tensor(0.0075, device='cuda:0', grad_fn=<MseLossBackward0>)
accuracy: 91.84210526315789
episode: 5780 loss tensor(0.0042, device='cuda:0', grad_fn=<MseLossBackward0>)
accuracy: 95.0
episode: 5800 loss tensor(0.0045, device='cuda:0', grad_fn=<MseLossBackward0>)
accuracy: 94.73684210526316
episode: 5820 loss tensor(0.0018, device='cuda:0', grad_fn=<MseLossBackward0>)
accuracy: 98.94736842105263
episode: 5840 loss tensor(0.0054, device='cuda:0', grad_fn=<MseLossBackward0>)
accuracy: 95.26315789473684
episode: 5860 loss tensor(0.0037, device='cuda:0', grad_fn=<MseLossBackward0>)
accuracy: 96.05263157894737
episode: 5880 loss tensor(0.0057, device='cuda:0', grad_fn=<MseLossBackward0>)
accuracy: 92.10526315789474
episode: 5900 loss tensor(0.0055, device='cuda:0', grad_fn=<MseLossBackward0>)
accuracy: 98.15789473684211
episode: 5920 loss tensor(0.0026, device='cuda:0', grad_fn=<MseLossBackward0>)
accuracy: 95.78947368421052
episode: 5940 loss tensor(0.0022, device='cuda:0', grad_fn=<MseLossBackward0>)
accuracy: 97.10526315789474
episode: 5960 loss tensor(0.0033, device='cuda:0', grad_fn=<MseLossBackward0>)
accuracy: 95.26315789473684
episode: 5980 loss tensor(0.0033, device='cuda:0', grad_fn=<MseLossBackward0>)
accuracy: 96.57894736842105
episode: 6000 loss tensor(0.0035, device='cuda:0', grad_fn=<MseLossBackward0>)
accuracy: 97.10526315789474
episode: 6020 loss tensor(0.0004, device='cuda:0', grad_fn=<MseLossBackward0>)
accuracy: 100.0
episode: 6040 loss tensor(0.0011, device='cuda:0', grad_fn=<MseLossBackward0>)
accuracy: 98.94736842105263
episode: 6060 loss tensor(0.0023, device='cuda:0', grad_fn=<MseLossBackward0>)
accuracy: 98.15789473684211
episode: 6080 loss tensor(0.0022, device='cuda:0', grad_fn=<MseLossBackward0>)
accuracy: 97.36842105263158
episode: 6100 loss tensor(0.0087, device='cuda:0', grad_fn=<MseLossBackward0>)
accuracy: 94.21052631578948
episode: 6120 loss tensor(0.0023, device='cuda:0', grad_fn=<MseLossBackward0>)
accuracy: 97.36842105263158
episode: 6140 loss tensor(0.0039, device='cuda:0', grad_fn=<MseLossBackward0>)
accuracy: 97.36842105263158
episode: 6160 loss tensor(0.0015, device='cuda:0', grad_fn=<MseLossBackward0>)
accuracy: 99.47368421052632
episode: 6180 loss tensor(0.0066, device='cuda:0', grad_fn=<MseLossBackward0>)
accuracy: 93.15789473684211
episode: 6200 loss tensor(0.0022, device='cuda:0', grad_fn=<MseLossBackward0>)
accuracy: 97.36842105263158
episode: 6220 loss tensor(0.0063, device='cuda:0', grad_fn=<MseLossBackward0>)
accuracy: 91.57894736842105
episode: 6240 loss tensor(0.0022, device='cuda:0', grad_fn=<MseLossBackward0>)
accuracy: 97.89473684210526
episode: 6260 loss tensor(0.0014, device='cuda:0', grad_fn=<MseLossBackward0>)
accuracy: 99.73684210526316
episode: 6280 loss tensor(0.0054, device='cuda:0', grad_fn=<MseLossBackward0>)
accuracy: 95.0
episode: 6300 loss tensor(0.0033, device='cuda:0', grad_fn=<MseLossBackward0>)
accuracy: 97.63157894736842
episode: 6320 loss tensor(0.0026, device='cuda:0', grad_fn=<MseLossBackward0>)
accuracy: 97.89473684210526
episode: 6340 loss tensor(0.0040, device='cuda:0', grad_fn=<MseLossBackward0>)
accuracy: 93.6842105263158
episode: 6360 loss tensor(0.0037, device='cuda:0', grad_fn=<MseLossBackward0>)
accuracy: 96.84210526315789
episode: 6380 loss tensor(0.0041, device='cuda:0', grad_fn=<MseLossBackward0>)
accuracy: 98.42105263157895
episode: 6400 loss tensor(0.0040, device='cuda:0', grad_fn=<MseLossBackward0>)
accuracy: 95.78947368421052
episode: 6420 loss tensor(0.0034, device='cuda:0', grad_fn=<MseLossBackward0>)
accuracy: 96.3157894736842
episode: 6440 loss tensor(0.0119, device='cuda:0', grad_fn=<MseLossBackward0>)
accuracy: 94.21052631578948
episode: 6460 loss tensor(0.0049, device='cuda:0', grad_fn=<MseLossBackward0>)
accuracy: 94.21052631578948
episode: 6480 loss tensor(0.0011, device='cuda:0', grad_fn=<MseLossBackward0>)
accuracy: 98.94736842105263
episode: 6500 loss tensor(0.0016, device='cuda:0', grad_fn=<MseLossBackward0>)
accuracy: 99.47368421052632
episode: 6520 loss tensor(0.0048, device='cuda:0', grad_fn=<MseLossBackward0>)
accuracy: 97.10526315789474
episode: 6540 loss tensor(0.0046, device='cuda:0', grad_fn=<MseLossBackward0>)
accuracy: 94.47368421052632
episode: 6560 loss tensor(0.0047, device='cuda:0', grad_fn=<MseLossBackward0>)
accuracy: 93.6842105263158
episode: 6580 loss tensor(0.0044, device='cuda:0', grad_fn=<MseLossBackward0>)
accuracy: 98.6842105263158
episode: 6600 loss tensor(0.0016, device='cuda:0', grad_fn=<MseLossBackward0>)
accuracy: 98.94736842105263
episode: 6620 loss tensor(0.0016, device='cuda:0', grad_fn=<MseLossBackward0>)
accuracy: 98.94736842105263
episode: 6640 loss tensor(0.0030, device='cuda:0', grad_fn=<MseLossBackward0>)
accuracy: 95.78947368421052
episode: 6660 loss tensor(0.0042, device='cuda:0', grad_fn=<MseLossBackward0>)
accuracy: 93.6842105263158
episode: 6680 loss tensor(0.0018, device='cuda:0', grad_fn=<MseLossBackward0>)
accuracy: 97.36842105263158
episode: 6700 loss tensor(0.0066, device='cuda:0', grad_fn=<MseLossBackward0>)
accuracy: 97.10526315789474
episode: 6720 loss tensor(0.0026, device='cuda:0', grad_fn=<MseLossBackward0>)
accuracy: 96.05263157894737
episode: 6740 loss tensor(0.0018, device='cuda:0', grad_fn=<MseLossBackward0>)
accuracy: 98.42105263157895
episode: 6760 loss tensor(0.0093, device='cuda:0', grad_fn=<MseLossBackward0>)
accuracy: 89.47368421052632
episode: 6780 loss tensor(0.0071, device='cuda:0', grad_fn=<MseLossBackward0>)
accuracy: 95.0
episode: 6800 loss tensor(0.0019, device='cuda:0', grad_fn=<MseLossBackward0>)
accuracy: 97.63157894736842
episode: 6820 loss tensor(0.0012, device='cuda:0', grad_fn=<MseLossBackward0>)
accuracy: 97.89473684210526
episode: 6840 loss tensor(0.0055, device='cuda:0', grad_fn=<MseLossBackward0>)
accuracy: 94.21052631578948
episode: 6860 loss tensor(0.0035, device='cuda:0', grad_fn=<MseLossBackward0>)
accuracy: 96.84210526315789
episode: 6880 loss tensor(0.0017, device='cuda:0', grad_fn=<MseLossBackward0>)
accuracy: 98.6842105263158
episode: 6900 loss tensor(0.0031, device='cuda:0', grad_fn=<MseLossBackward0>)
accuracy: 97.36842105263158
episode: 6920 loss tensor(0.0030, device='cuda:0', grad_fn=<MseLossBackward0>)
accuracy: 96.57894736842105
episode: 6940 loss tensor(0.0026, device='cuda:0', grad_fn=<MseLossBackward0>)
accuracy: 98.42105263157895
episode: 6960 loss tensor(0.0025, device='cuda:0', grad_fn=<MseLossBackward0>)
accuracy: 96.57894736842105
episode: 6980 loss tensor(0.0018, device='cuda:0', grad_fn=<MseLossBackward0>)
accuracy: 97.89473684210526
episode: 7000 loss tensor(0.0041, device='cuda:0', grad_fn=<MseLossBackward0>)
accuracy: 94.47368421052632
episode: 7020 loss tensor(0.0051, device='cuda:0', grad_fn=<MseLossBackward0>)
accuracy: 91.84210526315789
episode: 7040 loss tensor(0.0032, device='cuda:0', grad_fn=<MseLossBackward0>)
accuracy: 97.10526315789474
episode: 7060 loss tensor(0.0004, device='cuda:0', grad_fn=<MseLossBackward0>)
accuracy: 100.0
episode: 7080 loss tensor(0.0034, device='cuda:0', grad_fn=<MseLossBackward0>)
accuracy: 96.05263157894737
episode: 7100 loss tensor(0.0082, device='cuda:0', grad_fn=<MseLossBackward0>)
accuracy: 91.84210526315789
episode: 7120 loss tensor(0.0014, device='cuda:0', grad_fn=<MseLossBackward0>)
accuracy: 98.6842105263158
episode: 7140 loss tensor(0.0034, device='cuda:0', grad_fn=<MseLossBackward0>)
accuracy: 98.94736842105263
episode: 7160 loss tensor(0.0038, device='cuda:0', grad_fn=<MseLossBackward0>)
accuracy: 94.47368421052632
episode: 7180 loss tensor(0.0025, device='cuda:0', grad_fn=<MseLossBackward0>)
accuracy: 97.63157894736842
episode: 7200 loss tensor(0.0047, device='cuda:0', grad_fn=<MseLossBackward0>)
accuracy: 94.73684210526316
episode: 7220 loss tensor(0.0044, device='cuda:0', grad_fn=<MseLossBackward0>)
accuracy: 97.10526315789474
episode: 7240 loss tensor(0.0048, device='cuda:0', grad_fn=<MseLossBackward0>)
accuracy: 97.63157894736842
episode: 7260 loss tensor(0.0047, device='cuda:0', grad_fn=<MseLossBackward0>)
accuracy: 94.21052631578948
episode: 7280 loss tensor(0.0016, device='cuda:0', grad_fn=<MseLossBackward0>)
accuracy: 98.15789473684211
episode: 7300 loss tensor(0.0035, device='cuda:0', grad_fn=<MseLossBackward0>)
accuracy: 94.73684210526316
episode: 7320 loss tensor(0.0028, device='cuda:0', grad_fn=<MseLossBackward0>)
accuracy: 95.52631578947368
episode: 7340 loss tensor(0.0021, device='cuda:0', grad_fn=<MseLossBackward0>)
accuracy: 98.15789473684211
episode: 7360 loss tensor(0.0020, device='cuda:0', grad_fn=<MseLossBackward0>)
accuracy: 98.6842105263158
episode: 7380 loss tensor(0.0014, device='cuda:0', grad_fn=<MseLossBackward0>)
accuracy: 97.36842105263158
episode: 7400 loss tensor(0.0035, device='cuda:0', grad_fn=<MseLossBackward0>)
accuracy: 95.26315789473684
episode: 7420 loss tensor(0.0033, device='cuda:0', grad_fn=<MseLossBackward0>)
accuracy: 96.57894736842105
episode: 7440 loss tensor(0.0037, device='cuda:0', grad_fn=<MseLossBackward0>)
accuracy: 95.26315789473684
episode: 7460 loss tensor(0.0033, device='cuda:0', grad_fn=<MseLossBackward0>)
accuracy: 97.10526315789474
episode: 7480 loss tensor(0.0042, device='cuda:0', grad_fn=<MseLossBackward0>)
accuracy: 94.73684210526316
episode: 7500 loss tensor(0.0045, device='cuda:0', grad_fn=<MseLossBackward0>)
accuracy: 96.3157894736842
episode: 7520 loss tensor(0.0025, device='cuda:0', grad_fn=<MseLossBackward0>)
accuracy: 97.63157894736842
episode: 7540 loss tensor(0.0006, device='cuda:0', grad_fn=<MseLossBackward0>)
accuracy: 99.47368421052632
episode: 7560 loss tensor(0.0046, device='cuda:0', grad_fn=<MseLossBackward0>)
accuracy: 96.3157894736842
episode: 7580 loss tensor(0.0025, device='cuda:0', grad_fn=<MseLossBackward0>)
accuracy: 97.36842105263158
episode: 7600 loss tensor(0.0038, device='cuda:0', grad_fn=<MseLossBackward0>)
accuracy: 95.52631578947368
episode: 7620 loss tensor(0.0020, device='cuda:0', grad_fn=<MseLossBackward0>)
accuracy: 98.6842105263158
episode: 7640 loss tensor(0.0030, device='cuda:0', grad_fn=<MseLossBackward0>)
accuracy: 96.57894736842105
episode: 7660 loss tensor(0.0008, device='cuda:0', grad_fn=<MseLossBackward0>)
accuracy: 98.94736842105263
episode: 7680 loss tensor(0.0010, device='cuda:0', grad_fn=<MseLossBackward0>)
accuracy: 98.42105263157895
episode: 7700 loss tensor(0.0034, device='cuda:0', grad_fn=<MseLossBackward0>)
accuracy: 95.26315789473684
episode: 7720 loss tensor(0.0035, device='cuda:0', grad_fn=<MseLossBackward0>)
accuracy: 97.63157894736842
episode: 7740 loss tensor(0.0026, device='cuda:0', grad_fn=<MseLossBackward0>)
accuracy: 99.47368421052632
episode: 7760 loss tensor(0.0058, device='cuda:0', grad_fn=<MseLossBackward0>)
accuracy: 95.52631578947368
episode: 7780 loss tensor(0.0020, device='cuda:0', grad_fn=<MseLossBackward0>)
accuracy: 97.63157894736842
episode: 7800 loss tensor(0.0026, device='cuda:0', grad_fn=<MseLossBackward0>)
accuracy: 97.89473684210526
episode: 7820 loss tensor(0.0037, device='cuda:0', grad_fn=<MseLossBackward0>)
accuracy: 97.10526315789474
episode: 7840 loss tensor(0.0034, device='cuda:0', grad_fn=<MseLossBackward0>)
accuracy: 95.78947368421052
episode: 7860 loss tensor(0.0019, device='cuda:0', grad_fn=<MseLossBackward0>)
accuracy: 98.42105263157895
episode: 7880 loss tensor(0.0076, device='cuda:0', grad_fn=<MseLossBackward0>)
accuracy: 91.84210526315789
episode: 7900 loss tensor(0.0019, device='cuda:0', grad_fn=<MseLossBackward0>)
accuracy: 99.47368421052632
episode: 7920 loss tensor(0.0034, device='cuda:0', grad_fn=<MseLossBackward0>)
accuracy: 94.47368421052632
episode: 7940 loss tensor(0.0015, device='cuda:0', grad_fn=<MseLossBackward0>)
accuracy: 99.47368421052632
episode: 7960 loss tensor(0.0019, device='cuda:0', grad_fn=<MseLossBackward0>)
accuracy: 97.36842105263158
episode: 7980 loss tensor(0.0054, device='cuda:0', grad_fn=<MseLossBackward0>)
accuracy: 93.94736842105263
episode: 8000 loss tensor(0.0038, device='cuda:0', grad_fn=<MseLossBackward0>)
accuracy: 96.3157894736842
episode: 8020 loss tensor(0.0162, device='cuda:0', grad_fn=<MseLossBackward0>)
accuracy: 85.78947368421052
episode: 8040 loss tensor(0.0047, device='cuda:0', grad_fn=<MseLossBackward0>)
accuracy: 94.21052631578948
episode: 8060 loss tensor(0.0041, device='cuda:0', grad_fn=<MseLossBackward0>)
accuracy: 94.21052631578948
episode: 8080 loss tensor(0.0020, device='cuda:0', grad_fn=<MseLossBackward0>)
accuracy: 97.10526315789474
episode: 8100 loss tensor(0.0039, device='cuda:0', grad_fn=<MseLossBackward0>)
accuracy: 95.78947368421052
episode: 8120 loss tensor(0.0006, device='cuda:0', grad_fn=<MseLossBackward0>)
accuracy: 99.21052631578948
episode: 8140 loss tensor(0.0021, device='cuda:0', grad_fn=<MseLossBackward0>)
accuracy: 96.84210526315789
episode: 8160 loss tensor(0.0017, device='cuda:0', grad_fn=<MseLossBackward0>)
accuracy: 98.15789473684211
episode: 8180 loss tensor(0.0025, device='cuda:0', grad_fn=<MseLossBackward0>)
accuracy: 97.89473684210526
episode: 8200 loss tensor(0.0046, device='cuda:0', grad_fn=<MseLossBackward0>)
accuracy: 92.89473684210526
episode: 8220 loss tensor(0.0041, device='cuda:0', grad_fn=<MseLossBackward0>)
accuracy: 97.63157894736842
episode: 8240 loss tensor(0.0005, device='cuda:0', grad_fn=<MseLossBackward0>)
accuracy: 99.73684210526316
episode: 8260 loss tensor(0.0031, device='cuda:0', grad_fn=<MseLossBackward0>)
accuracy: 96.3157894736842
episode: 8280 loss tensor(0.0004, device='cuda:0', grad_fn=<MseLossBackward0>)
accuracy: 99.73684210526316
episode: 8300 loss tensor(0.0002, device='cuda:0', grad_fn=<MseLossBackward0>)
accuracy: 100.0
episode: 8320 loss tensor(0.0036, device='cuda:0', grad_fn=<MseLossBackward0>)
accuracy: 95.78947368421052
episode: 8340 loss tensor(0.0058, device='cuda:0', grad_fn=<MseLossBackward0>)
accuracy: 92.89473684210526
episode: 8360 loss tensor(0.0019, device='cuda:0', grad_fn=<MseLossBackward0>)
accuracy: 97.63157894736842
episode: 8380 loss tensor(0.0022, device='cuda:0', grad_fn=<MseLossBackward0>)
accuracy: 98.94736842105263
episode: 8400 loss tensor(0.0022, device='cuda:0', grad_fn=<MseLossBackward0>)
accuracy: 98.15789473684211
episode: 8420 loss tensor(0.0015, device='cuda:0', grad_fn=<MseLossBackward0>)
accuracy: 99.21052631578948
episode: 8440 loss tensor(0.0040, device='cuda:0', grad_fn=<MseLossBackward0>)
accuracy: 97.10526315789474
episode: 8460 loss tensor(0.0071, device='cuda:0', grad_fn=<MseLossBackward0>)
accuracy: 94.73684210526316
episode: 8480 loss tensor(0.0025, device='cuda:0', grad_fn=<MseLossBackward0>)
accuracy: 96.3157894736842
episode: 8500 loss tensor(0.0037, device='cuda:0', grad_fn=<MseLossBackward0>)
accuracy: 97.89473684210526
episode: 8520 loss tensor(0.0031, device='cuda:0', grad_fn=<MseLossBackward0>)
accuracy: 95.52631578947368
episode: 8540 loss tensor(0.0033, device='cuda:0', grad_fn=<MseLossBackward0>)
accuracy: 96.57894736842105
episode: 8560 loss tensor(0.0016, device='cuda:0', grad_fn=<MseLossBackward0>)
accuracy: 98.6842105263158
episode: 8580 loss tensor(0.0057, device='cuda:0', grad_fn=<MseLossBackward0>)
accuracy: 90.52631578947368
episode: 8600 loss tensor(0.0043, device='cuda:0', grad_fn=<MseLossBackward0>)
accuracy: 95.26315789473684
episode: 8620 loss tensor(0.0043, device='cuda:0', grad_fn=<MseLossBackward0>)
accuracy: 96.84210526315789
episode: 8640 loss tensor(0.0013, device='cuda:0', grad_fn=<MseLossBackward0>)
accuracy: 99.73684210526316
episode: 8660 loss tensor(0.0044, device='cuda:0', grad_fn=<MseLossBackward0>)
accuracy: 96.84210526315789
episode: 8680 loss tensor(0.0064, device='cuda:0', grad_fn=<MseLossBackward0>)
accuracy: 93.42105263157895
episode: 8700 loss tensor(0.0007, device='cuda:0', grad_fn=<MseLossBackward0>)
accuracy: 99.73684210526316
episode: 8720 loss tensor(0.0042, device='cuda:0', grad_fn=<MseLossBackward0>)
accuracy: 98.94736842105263
episode: 8740 loss tensor(0.0042, device='cuda:0', grad_fn=<MseLossBackward0>)
accuracy: 98.15789473684211
episode: 8760 loss tensor(0.0014, device='cuda:0', grad_fn=<MseLossBackward0>)
accuracy: 99.73684210526316
episode: 8780 loss tensor(0.0027, device='cuda:0', grad_fn=<MseLossBackward0>)
accuracy: 96.3157894736842
episode: 8800 loss tensor(0.0003, device='cuda:0', grad_fn=<MseLossBackward0>)
accuracy: 99.73684210526316
episode: 8820 loss tensor(0.0077, device='cuda:0', grad_fn=<MseLossBackward0>)
accuracy: 90.0
episode: 8840 loss tensor(0.0044, device='cuda:0', grad_fn=<MseLossBackward0>)
accuracy: 93.6842105263158
episode: 8860 loss tensor(0.0010, device='cuda:0', grad_fn=<MseLossBackward0>)
accuracy: 99.73684210526316
episode: 8880 loss tensor(0.0018, device='cuda:0', grad_fn=<MseLossBackward0>)
accuracy: 97.36842105263158
episode: 8900 loss tensor(0.0049, device='cuda:0', grad_fn=<MseLossBackward0>)
accuracy: 94.73684210526316
episode: 8920 loss tensor(0.0047, device='cuda:0', grad_fn=<MseLossBackward0>)
accuracy: 93.15789473684211
episode: 8940 loss tensor(0.0046, device='cuda:0', grad_fn=<MseLossBackward0>)
accuracy: 92.63157894736842
episode: 8960 loss tensor(0.0050, device='cuda:0', grad_fn=<MseLossBackward0>)
accuracy: 93.94736842105263
episode: 8980 loss tensor(0.0054, device='cuda:0', grad_fn=<MseLossBackward0>)
accuracy: 97.10526315789474
episode: 9000 loss tensor(0.0039, device='cuda:0', grad_fn=<MseLossBackward0>)
accuracy: 93.94736842105263
episode: 9020 loss tensor(0.0003, device='cuda:0', grad_fn=<MseLossBackward0>)
accuracy: 99.73684210526316
episode: 9040 loss tensor(0.0064, device='cuda:0', grad_fn=<MseLossBackward0>)
accuracy: 92.10526315789474
episode: 9060 loss tensor(0.0027, device='cuda:0', grad_fn=<MseLossBackward0>)
accuracy: 95.52631578947368
episode: 9080 loss tensor(0.0019, device='cuda:0', grad_fn=<MseLossBackward0>)
accuracy: 97.89473684210526
episode: 9100 loss tensor(0.0077, device='cuda:0', grad_fn=<MseLossBackward0>)
accuracy: 94.73684210526316
episode: 9120 loss tensor(0.0075, device='cuda:0', grad_fn=<MseLossBackward0>)
accuracy: 89.21052631578948
episode: 9140 loss tensor(0.0023, device='cuda:0', grad_fn=<MseLossBackward0>)
accuracy: 97.63157894736842
episode: 9160 loss tensor(0.0027, device='cuda:0', grad_fn=<MseLossBackward0>)
accuracy: 95.52631578947368
episode: 9180 loss tensor(0.0011, device='cuda:0', grad_fn=<MseLossBackward0>)
accuracy: 99.21052631578948
episode: 9200 loss tensor(0.0083, device='cuda:0', grad_fn=<MseLossBackward0>)
accuracy: 93.15789473684211
episode: 9220 loss tensor(0.0008, device='cuda:0', grad_fn=<MseLossBackward0>)
accuracy: 98.6842105263158
episode: 9240 loss tensor(0.0049, device='cuda:0', grad_fn=<MseLossBackward0>)
accuracy: 96.57894736842105
episode: 9260 loss tensor(0.0014, device='cuda:0', grad_fn=<MseLossBackward0>)
accuracy: 99.73684210526316
episode: 9280 loss tensor(0.0011, device='cuda:0', grad_fn=<MseLossBackward0>)
accuracy: 98.15789473684211
episode: 9300 loss tensor(0.0020, device='cuda:0', grad_fn=<MseLossBackward0>)
accuracy: 98.42105263157895
episode: 9320 loss tensor(0.0015, device='cuda:0', grad_fn=<MseLossBackward0>)
accuracy: 100.0
episode: 9340 loss tensor(0.0044, device='cuda:0', grad_fn=<MseLossBackward0>)
accuracy: 98.42105263157895
episode: 9360 loss tensor(0.0010, device='cuda:0', grad_fn=<MseLossBackward0>)
accuracy: 98.94736842105263
episode: 9380 loss tensor(0.0129, device='cuda:0', grad_fn=<MseLossBackward0>)
accuracy: 95.52631578947368
episode: 9400 loss tensor(0.0048, device='cuda:0', grad_fn=<MseLossBackward0>)
accuracy: 95.78947368421052
episode: 9420 loss tensor(0.0055, device='cuda:0', grad_fn=<MseLossBackward0>)
accuracy: 93.6842105263158
episode: 9440 loss tensor(0.0012, device='cuda:0', grad_fn=<MseLossBackward0>)
accuracy: 98.15789473684211
episode: 9460 loss tensor(0.0044, device='cuda:0', grad_fn=<MseLossBackward0>)
accuracy: 95.52631578947368
episode: 9480 loss tensor(0.0014, device='cuda:0', grad_fn=<MseLossBackward0>)
accuracy: 99.21052631578948
episode: 9500 loss tensor(0.0009, device='cuda:0', grad_fn=<MseLossBackward0>)
accuracy: 99.21052631578948
episode: 9520 loss tensor(0.0011, device='cuda:0', grad_fn=<MseLossBackward0>)
accuracy: 98.42105263157895
episode: 9540 loss tensor(0.0044, device='cuda:0', grad_fn=<MseLossBackward0>)
accuracy: 93.94736842105263
episode: 9560 loss tensor(0.0011, device='cuda:0', grad_fn=<MseLossBackward0>)
accuracy: 98.42105263157895
episode: 9580 loss tensor(0.0029, device='cuda:0', grad_fn=<MseLossBackward0>)
accuracy: 94.73684210526316
episode: 9600 loss tensor(0.0032, device='cuda:0', grad_fn=<MseLossBackward0>)
accuracy: 96.3157894736842
episode: 9620 loss tensor(0.0041, device='cuda:0', grad_fn=<MseLossBackward0>)
accuracy: 93.94736842105263
episode: 9640 loss tensor(0.0099, device='cuda:0', grad_fn=<MseLossBackward0>)
accuracy: 90.52631578947368
episode: 9660 loss tensor(0.0029, device='cuda:0', grad_fn=<MseLossBackward0>)
accuracy: 97.36842105263158
episode: 9680 loss tensor(0.0026, device='cuda:0', grad_fn=<MseLossBackward0>)
accuracy: 97.89473684210526
episode: 9700 loss tensor(0.0033, device='cuda:0', grad_fn=<MseLossBackward0>)
accuracy: 98.42105263157895
episode: 9720 loss tensor(0.0063, device='cuda:0', grad_fn=<MseLossBackward0>)
accuracy: 94.47368421052632
episode: 9740 loss tensor(0.0009, device='cuda:0', grad_fn=<MseLossBackward0>)
accuracy: 99.73684210526316
episode: 9760 loss tensor(0.0046, device='cuda:0', grad_fn=<MseLossBackward0>)
accuracy: 94.47368421052632
episode: 9780 loss tensor(0.0012, device='cuda:0', grad_fn=<MseLossBackward0>)
accuracy: 99.73684210526316
episode: 9800 loss tensor(0.0016, device='cuda:0', grad_fn=<MseLossBackward0>)
accuracy: 98.42105263157895
episode: 9820 loss tensor(0.0041, device='cuda:0', grad_fn=<MseLossBackward0>)
accuracy: 93.15789473684211
episode: 9840 loss tensor(0.0005, device='cuda:0', grad_fn=<MseLossBackward0>)
accuracy: 100.0
episode: 9860 loss tensor(0.0047, device='cuda:0', grad_fn=<MseLossBackward0>)
accuracy: 96.57894736842105
episode: 9880 loss tensor(0.0028, device='cuda:0', grad_fn=<MseLossBackward0>)
accuracy: 95.0
episode: 9900 loss tensor(0.0007, device='cuda:0', grad_fn=<MseLossBackward0>)
accuracy: 98.6842105263158
episode: 9920 loss tensor(0.0008, device='cuda:0', grad_fn=<MseLossBackward0>)
accuracy: 98.6842105263158
episode: 9940 loss tensor(0.0065, device='cuda:0', grad_fn=<MseLossBackward0>)
accuracy: 96.57894736842105
episode: 9960 loss tensor(0.0024, device='cuda:0', grad_fn=<MseLossBackward0>)
accuracy: 97.36842105263158
episode: 9980 loss tensor(0.0035, device='cuda:0', grad_fn=<MseLossBackward0>)
accuracy: 97.89473684210526
episode: 10000 loss tensor(0.0040, device='cuda:0', grad_fn=<MseLossBackward0>)
accuracy: 98.15789473684211
meta_train_time =  1904.0785133838654
