**********meta_train_EM_RN.py_2023-04-14_13_25_13***********
n_way = 20, n_shot = 1, n_query = 19, META_EPISODE = 10000, LEARNING_RATE = 0.1, GPU = 0
n_examples = 200, im_width = 28, im_height = 28, depth = 100
[0;33;40mcheck the file![0m
[0;33;40m../h5dataset_ica_bandselect_200//meta_train_11000_78400.h5[0m
episode: 20 loss tensor(0.0517, device='cuda:0', grad_fn=<MseLossBackward0>)
accuracy: 7.368421052631579
episode: 40 loss tensor(0.0516, device='cuda:0', grad_fn=<MseLossBackward0>)
accuracy: 3.6842105263157894
episode: 60 loss tensor(0.0509, device='cuda:0', grad_fn=<MseLossBackward0>)
accuracy: 5.2631578947368425
episode: 80 loss tensor(0.0509, device='cuda:0', grad_fn=<MseLossBackward0>)
accuracy: 4.7368421052631575
episode: 100 loss tensor(0.0506, device='cuda:0', grad_fn=<MseLossBackward0>)
accuracy: 4.7368421052631575
episode: 120 loss tensor(0.0506, device='cuda:0', grad_fn=<MseLossBackward0>)
accuracy: 5.2631578947368425
episode: 140 loss tensor(0.0505, device='cuda:0', grad_fn=<MseLossBackward0>)
accuracy: 5.0
episode: 160 loss tensor(0.0504, device='cuda:0', grad_fn=<MseLossBackward0>)
accuracy: 4.7368421052631575
episode: 180 loss tensor(0.0503, device='cuda:0', grad_fn=<MseLossBackward0>)
accuracy: 4.7368421052631575
episode: 200 loss tensor(0.0502, device='cuda:0', grad_fn=<MseLossBackward0>)
accuracy: 5.2631578947368425
episode: 220 loss tensor(0.0502, device='cuda:0', grad_fn=<MseLossBackward0>)
accuracy: 4.2105263157894735
episode: 240 loss tensor(0.0501, device='cuda:0', grad_fn=<MseLossBackward0>)
accuracy: 5.7894736842105265
episode: 260 loss tensor(0.0502, device='cuda:0', grad_fn=<MseLossBackward0>)
accuracy: 3.6842105263157894
episode: 280 loss tensor(0.0501, device='cuda:0', grad_fn=<MseLossBackward0>)
accuracy: 5.0
episode: 300 loss tensor(0.0501, device='cuda:0', grad_fn=<MseLossBackward0>)
accuracy: 5.0
episode: 320 loss tensor(0.0499, device='cuda:0', grad_fn=<MseLossBackward0>)
accuracy: 6.052631578947368
episode: 340 loss tensor(0.0500, device='cuda:0', grad_fn=<MseLossBackward0>)
accuracy: 5.0
episode: 360 loss tensor(0.0500, device='cuda:0', grad_fn=<MseLossBackward0>)
accuracy: 5.0
episode: 380 loss tensor(0.0501, device='cuda:0', grad_fn=<MseLossBackward0>)
accuracy: 5.0
episode: 400 loss tensor(0.0499, device='cuda:0', grad_fn=<MseLossBackward0>)
accuracy: 5.526315789473684
episode: 420 loss tensor(0.0500, device='cuda:0', grad_fn=<MseLossBackward0>)
accuracy: 4.2105263157894735
episode: 440 loss tensor(0.0500, device='cuda:0', grad_fn=<MseLossBackward0>)
accuracy: 4.2105263157894735
episode: 460 loss tensor(0.0500, device='cuda:0', grad_fn=<MseLossBackward0>)
accuracy: 4.473684210526316
episode: 480 loss tensor(0.0500, device='cuda:0', grad_fn=<MseLossBackward0>)
accuracy: 5.2631578947368425
episode: 500 loss tensor(0.0500, device='cuda:0', grad_fn=<MseLossBackward0>)
accuracy: 4.7368421052631575
episode: 520 loss tensor(0.0500, device='cuda:0', grad_fn=<MseLossBackward0>)
accuracy: 5.0
episode: 540 loss tensor(0.0500, device='cuda:0', grad_fn=<MseLossBackward0>)
accuracy: 5.526315789473684
episode: 560 loss tensor(0.0500, device='cuda:0', grad_fn=<MseLossBackward0>)
accuracy: 5.0
episode: 580 loss tensor(0.0500, device='cuda:0', grad_fn=<MseLossBackward0>)
accuracy: 4.7368421052631575
episode: 600 loss tensor(0.0500, device='cuda:0', grad_fn=<MseLossBackward0>)
accuracy: 5.0
episode: 620 loss tensor(0.0499, device='cuda:0', grad_fn=<MseLossBackward0>)
accuracy: 5.2631578947368425
episode: 640 loss tensor(0.0500, device='cuda:0', grad_fn=<MseLossBackward0>)
accuracy: 4.7368421052631575
episode: 660 loss tensor(0.0500, device='cuda:0', grad_fn=<MseLossBackward0>)
accuracy: 4.2105263157894735
episode: 680 loss tensor(0.0500, device='cuda:0', grad_fn=<MseLossBackward0>)
accuracy: 5.526315789473684
episode: 700 loss tensor(0.0500, device='cuda:0', grad_fn=<MseLossBackward0>)
accuracy: 4.473684210526316
episode: 720 loss tensor(0.0500, device='cuda:0', grad_fn=<MseLossBackward0>)
accuracy: 5.0
episode: 740 loss tensor(0.0500, device='cuda:0', grad_fn=<MseLossBackward0>)
accuracy: 5.0
episode: 760 loss tensor(0.0500, device='cuda:0', grad_fn=<MseLossBackward0>)
accuracy: 4.7368421052631575
episode: 780 loss tensor(0.0500, device='cuda:0', grad_fn=<MseLossBackward0>)
accuracy: 5.0
episode: 800 loss tensor(0.0500, device='cuda:0', grad_fn=<MseLossBackward0>)
accuracy: 5.526315789473684
episode: 820 loss tensor(0.0500, device='cuda:0', grad_fn=<MseLossBackward0>)
accuracy: 5.0
episode: 840 loss tensor(0.0500, device='cuda:0', grad_fn=<MseLossBackward0>)
accuracy: 4.7368421052631575
episode: 860 loss tensor(0.0499, device='cuda:0', grad_fn=<MseLossBackward0>)
accuracy: 5.7894736842105265
episode: 880 loss tensor(0.0500, device='cuda:0', grad_fn=<MseLossBackward0>)
accuracy: 3.1578947368421053
episode: 900 loss tensor(0.0500, device='cuda:0', grad_fn=<MseLossBackward0>)
accuracy: 4.7368421052631575
episode: 920 loss tensor(0.0500, device='cuda:0', grad_fn=<MseLossBackward0>)
accuracy: 5.0
episode: 940 loss tensor(0.0500, device='cuda:0', grad_fn=<MseLossBackward0>)
accuracy: 5.7894736842105265
episode: 960 loss tensor(0.0499, device='cuda:0', grad_fn=<MseLossBackward0>)
accuracy: 5.7894736842105265
episode: 980 loss tensor(0.0499, device='cuda:0', grad_fn=<MseLossBackward0>)
accuracy: 5.2631578947368425
episode: 1000 loss tensor(0.0500, device='cuda:0', grad_fn=<MseLossBackward0>)
accuracy: 4.7368421052631575
episode: 1020 loss tensor(0.0500, device='cuda:0', grad_fn=<MseLossBackward0>)
accuracy: 5.0
episode: 1040 loss tensor(0.0500, device='cuda:0', grad_fn=<MseLossBackward0>)
accuracy: 4.473684210526316
episode: 1060 loss tensor(0.0500, device='cuda:0', grad_fn=<MseLossBackward0>)
accuracy: 5.0
episode: 1080 loss tensor(0.0500, device='cuda:0', grad_fn=<MseLossBackward0>)
accuracy: 4.7368421052631575
episode: 1100 loss tensor(0.0499, device='cuda:0', grad_fn=<MseLossBackward0>)
accuracy: 6.052631578947368
episode: 1120 loss tensor(0.0500, device='cuda:0', grad_fn=<MseLossBackward0>)
accuracy: 5.0
episode: 1140 loss tensor(0.0500, device='cuda:0', grad_fn=<MseLossBackward0>)
accuracy: 5.0
episode: 1160 loss tensor(0.0500, device='cuda:0', grad_fn=<MseLossBackward0>)
accuracy: 5.526315789473684
episode: 1180 loss tensor(0.0500, device='cuda:0', grad_fn=<MseLossBackward0>)
accuracy: 5.7894736842105265
episode: 1200 loss tensor(0.0500, device='cuda:0', grad_fn=<MseLossBackward0>)
accuracy: 4.7368421052631575
episode: 1220 loss tensor(0.0500, device='cuda:0', grad_fn=<MseLossBackward0>)
accuracy: 4.2105263157894735
episode: 1240 loss tensor(0.0499, device='cuda:0', grad_fn=<MseLossBackward0>)
accuracy: 6.052631578947368
episode: 1260 loss tensor(0.0500, device='cuda:0', grad_fn=<MseLossBackward0>)
accuracy: 5.2631578947368425
episode: 1280 loss tensor(0.0500, device='cuda:0', grad_fn=<MseLossBackward0>)
accuracy: 4.2105263157894735
episode: 1300 loss tensor(0.0500, device='cuda:0', grad_fn=<MseLossBackward0>)
accuracy: 4.473684210526316
episode: 1320 loss tensor(0.0499, device='cuda:0', grad_fn=<MseLossBackward0>)
accuracy: 5.2631578947368425
episode: 1340 loss tensor(0.0500, device='cuda:0', grad_fn=<MseLossBackward0>)
accuracy: 5.2631578947368425
episode: 1360 loss tensor(0.0499, device='cuda:0', grad_fn=<MseLossBackward0>)
accuracy: 5.2631578947368425
episode: 1380 loss tensor(0.0500, device='cuda:0', grad_fn=<MseLossBackward0>)
accuracy: 5.526315789473684
episode: 1400 loss tensor(0.0499, device='cuda:0', grad_fn=<MseLossBackward0>)
accuracy: 4.7368421052631575
episode: 1420 loss tensor(0.0500, device='cuda:0', grad_fn=<MseLossBackward0>)
accuracy: 4.2105263157894735
episode: 1440 loss tensor(0.0500, device='cuda:0', grad_fn=<MseLossBackward0>)
accuracy: 3.4210526315789473
episode: 1460 loss tensor(0.0500, device='cuda:0', grad_fn=<MseLossBackward0>)
accuracy: 5.7894736842105265
episode: 1480 loss tensor(0.0499, device='cuda:0', grad_fn=<MseLossBackward0>)
accuracy: 5.526315789473684
episode: 1500 loss tensor(0.0500, device='cuda:0', grad_fn=<MseLossBackward0>)
accuracy: 5.526315789473684
episode: 1520 loss tensor(0.0500, device='cuda:0', grad_fn=<MseLossBackward0>)
accuracy: 4.7368421052631575
episode: 1540 loss tensor(0.0500, device='cuda:0', grad_fn=<MseLossBackward0>)
accuracy: 5.0
episode: 1560 loss tensor(0.0500, device='cuda:0', grad_fn=<MseLossBackward0>)
accuracy: 4.7368421052631575
episode: 1580 loss tensor(0.0500, device='cuda:0', grad_fn=<MseLossBackward0>)
accuracy: 3.6842105263157894
episode: 1600 loss tensor(0.0500, device='cuda:0', grad_fn=<MseLossBackward0>)
accuracy: 6.052631578947368
episode: 1620 loss tensor(0.0500, device='cuda:0', grad_fn=<MseLossBackward0>)
accuracy: 5.2631578947368425
episode: 1640 loss tensor(0.0500, device='cuda:0', grad_fn=<MseLossBackward0>)
accuracy: 5.2631578947368425
episode: 1660 loss tensor(0.0500, device='cuda:0', grad_fn=<MseLossBackward0>)
accuracy: 5.0
episode: 1680 loss tensor(0.0500, device='cuda:0', grad_fn=<MseLossBackward0>)
accuracy: 3.9473684210526314
episode: 1700 loss tensor(0.0500, device='cuda:0', grad_fn=<MseLossBackward0>)
accuracy: 5.0
episode: 1720 loss tensor(0.0500, device='cuda:0', grad_fn=<MseLossBackward0>)
accuracy: 4.7368421052631575
episode: 1740 loss tensor(0.0500, device='cuda:0', grad_fn=<MseLossBackward0>)
accuracy: 5.0
episode: 1760 loss tensor(0.0500, device='cuda:0', grad_fn=<MseLossBackward0>)
accuracy: 4.2105263157894735
episode: 1780 loss tensor(0.0500, device='cuda:0', grad_fn=<MseLossBackward0>)
accuracy: 5.0
episode: 1800 loss tensor(0.0500, device='cuda:0', grad_fn=<MseLossBackward0>)
accuracy: 5.2631578947368425
episode: 1820 loss tensor(0.0500, device='cuda:0', grad_fn=<MseLossBackward0>)
accuracy: 4.7368421052631575
episode: 1840 loss tensor(0.0500, device='cuda:0', grad_fn=<MseLossBackward0>)
accuracy: 5.0
episode: 1860 loss tensor(0.0500, device='cuda:0', grad_fn=<MseLossBackward0>)
accuracy: 4.473684210526316
episode: 1880 loss tensor(0.0500, device='cuda:0', grad_fn=<MseLossBackward0>)
accuracy: 5.2631578947368425
episode: 1900 loss tensor(0.0500, device='cuda:0', grad_fn=<MseLossBackward0>)
accuracy: 4.2105263157894735
episode: 1920 loss tensor(0.0500, device='cuda:0', grad_fn=<MseLossBackward0>)
accuracy: 4.7368421052631575
episode: 1940 loss tensor(0.0500, device='cuda:0', grad_fn=<MseLossBackward0>)
accuracy: 5.2631578947368425
episode: 1960 loss tensor(0.0500, device='cuda:0', grad_fn=<MseLossBackward0>)
accuracy: 5.7894736842105265
episode: 1980 loss tensor(0.0500, device='cuda:0', grad_fn=<MseLossBackward0>)
accuracy: 4.2105263157894735
episode: 2000 loss tensor(0.0500, device='cuda:0', grad_fn=<MseLossBackward0>)
accuracy: 5.7894736842105265
episode: 2020 loss tensor(0.0500, device='cuda:0', grad_fn=<MseLossBackward0>)
accuracy: 4.2105263157894735
episode: 2040 loss tensor(0.0500, device='cuda:0', grad_fn=<MseLossBackward0>)
accuracy: 5.7894736842105265
episode: 2060 loss tensor(0.0500, device='cuda:0', grad_fn=<MseLossBackward0>)
accuracy: 4.2105263157894735
episode: 2080 loss tensor(0.0500, device='cuda:0', grad_fn=<MseLossBackward0>)
accuracy: 4.473684210526316
episode: 2100 loss tensor(0.0500, device='cuda:0', grad_fn=<MseLossBackward0>)
accuracy: 5.0
episode: 2120 loss tensor(0.0500, device='cuda:0', grad_fn=<MseLossBackward0>)
accuracy: 4.473684210526316
episode: 2140 loss tensor(0.0500, device='cuda:0', grad_fn=<MseLossBackward0>)
accuracy: 5.7894736842105265
episode: 2160 loss tensor(0.0500, device='cuda:0', grad_fn=<MseLossBackward0>)
accuracy: 5.0
episode: 2180 loss tensor(0.0499, device='cuda:0', grad_fn=<MseLossBackward0>)
accuracy: 5.2631578947368425
episode: 2200 loss tensor(0.0500, device='cuda:0', grad_fn=<MseLossBackward0>)
accuracy: 5.526315789473684
episode: 2220 loss tensor(0.0500, device='cuda:0', grad_fn=<MseLossBackward0>)
accuracy: 5.526315789473684
episode: 2240 loss tensor(0.0500, device='cuda:0', grad_fn=<MseLossBackward0>)
accuracy: 4.473684210526316
episode: 2260 loss tensor(0.0500, device='cuda:0', grad_fn=<MseLossBackward0>)
accuracy: 5.2631578947368425
episode: 2280 loss tensor(0.0500, device='cuda:0', grad_fn=<MseLossBackward0>)
accuracy: 5.0
episode: 2300 loss tensor(0.0500, device='cuda:0', grad_fn=<MseLossBackward0>)
accuracy: 4.7368421052631575
episode: 2320 loss tensor(0.0500, device='cuda:0', grad_fn=<MseLossBackward0>)
accuracy: 5.2631578947368425
episode: 2340 loss tensor(0.0500, device='cuda:0', grad_fn=<MseLossBackward0>)
accuracy: 4.7368421052631575
episode: 2360 loss tensor(0.0500, device='cuda:0', grad_fn=<MseLossBackward0>)
accuracy: 5.0
episode: 2380 loss tensor(0.0500, device='cuda:0', grad_fn=<MseLossBackward0>)
accuracy: 5.7894736842105265
episode: 2400 loss tensor(0.0500, device='cuda:0', grad_fn=<MseLossBackward0>)
accuracy: 5.0
episode: 2420 loss tensor(0.0500, device='cuda:0', grad_fn=<MseLossBackward0>)
accuracy: 3.9473684210526314
episode: 2440 loss tensor(0.0500, device='cuda:0', grad_fn=<MseLossBackward0>)
accuracy: 5.2631578947368425
episode: 2460 loss tensor(0.0500, device='cuda:0', grad_fn=<MseLossBackward0>)
accuracy: 4.473684210526316
episode: 2480 loss tensor(0.0500, device='cuda:0', grad_fn=<MseLossBackward0>)
accuracy: 4.7368421052631575
episode: 2500 loss tensor(0.0500, device='cuda:0', grad_fn=<MseLossBackward0>)
accuracy: 3.6842105263157894
episode: 2520 loss tensor(0.0500, device='cuda:0', grad_fn=<MseLossBackward0>)
accuracy: 4.473684210526316
episode: 2540 loss tensor(0.0500, device='cuda:0', grad_fn=<MseLossBackward0>)
accuracy: 4.7368421052631575
episode: 2560 loss tensor(0.0500, device='cuda:0', grad_fn=<MseLossBackward0>)
accuracy: 3.9473684210526314
episode: 2580 loss tensor(0.0500, device='cuda:0', grad_fn=<MseLossBackward0>)
accuracy: 5.526315789473684
episode: 2600 loss tensor(0.0500, device='cuda:0', grad_fn=<MseLossBackward0>)
accuracy: 5.526315789473684
episode: 2620 loss tensor(0.0500, device='cuda:0', grad_fn=<MseLossBackward0>)
accuracy: 4.2105263157894735
episode: 2640 loss tensor(0.0500, device='cuda:0', grad_fn=<MseLossBackward0>)
accuracy: 5.0
episode: 2660 loss tensor(0.0500, device='cuda:0', grad_fn=<MseLossBackward0>)
accuracy: 5.0
episode: 2680 loss tensor(0.0500, device='cuda:0', grad_fn=<MseLossBackward0>)
accuracy: 4.2105263157894735
episode: 2700 loss tensor(0.0500, device='cuda:0', grad_fn=<MseLossBackward0>)
accuracy: 4.473684210526316
episode: 2720 loss tensor(0.0500, device='cuda:0', grad_fn=<MseLossBackward0>)
accuracy: 5.0
episode: 2740 loss tensor(0.0500, device='cuda:0', grad_fn=<MseLossBackward0>)
accuracy: 4.7368421052631575
episode: 2760 loss tensor(0.0500, device='cuda:0', grad_fn=<MseLossBackward0>)
accuracy: 5.526315789473684
episode: 2780 loss tensor(0.0500, device='cuda:0', grad_fn=<MseLossBackward0>)
accuracy: 4.2105263157894735
episode: 2800 loss tensor(0.0500, device='cuda:0', grad_fn=<MseLossBackward0>)
accuracy: 5.2631578947368425
episode: 2820 loss tensor(0.0500, device='cuda:0', grad_fn=<MseLossBackward0>)
accuracy: 3.9473684210526314
episode: 2840 loss tensor(0.0500, device='cuda:0', grad_fn=<MseLossBackward0>)
accuracy: 3.9473684210526314
episode: 2860 loss tensor(0.0500, device='cuda:0', grad_fn=<MseLossBackward0>)
accuracy: 3.6842105263157894
episode: 2880 loss tensor(0.0500, device='cuda:0', grad_fn=<MseLossBackward0>)
accuracy: 4.7368421052631575
episode: 2900 loss tensor(0.0500, device='cuda:0', grad_fn=<MseLossBackward0>)
accuracy: 5.2631578947368425
episode: 2920 loss tensor(0.0500, device='cuda:0', grad_fn=<MseLossBackward0>)
accuracy: 4.473684210526316
episode: 2940 loss tensor(0.0500, device='cuda:0', grad_fn=<MseLossBackward0>)
accuracy: 5.0
episode: 2960 loss tensor(0.0500, device='cuda:0', grad_fn=<MseLossBackward0>)
accuracy: 4.2105263157894735
episode: 2980 loss tensor(0.0500, device='cuda:0', grad_fn=<MseLossBackward0>)
accuracy: 4.2105263157894735
episode: 3000 loss tensor(0.0500, device='cuda:0', grad_fn=<MseLossBackward0>)
accuracy: 5.7894736842105265
episode: 3020 loss tensor(0.0500, device='cuda:0', grad_fn=<MseLossBackward0>)
accuracy: 5.526315789473684
episode: 3040 loss tensor(0.0500, device='cuda:0', grad_fn=<MseLossBackward0>)
accuracy: 4.473684210526316
episode: 3060 loss tensor(0.0499, device='cuda:0', grad_fn=<MseLossBackward0>)
accuracy: 5.7894736842105265
episode: 3080 loss tensor(0.0500, device='cuda:0', grad_fn=<MseLossBackward0>)
accuracy: 5.0
episode: 3100 loss tensor(0.0500, device='cuda:0', grad_fn=<MseLossBackward0>)
accuracy: 5.0
episode: 3120 loss tensor(0.0500, device='cuda:0', grad_fn=<MseLossBackward0>)
accuracy: 4.7368421052631575
episode: 3140 loss tensor(0.0500, device='cuda:0', grad_fn=<MseLossBackward0>)
accuracy: 4.7368421052631575
episode: 3160 loss tensor(0.0500, device='cuda:0', grad_fn=<MseLossBackward0>)
accuracy: 4.473684210526316
episode: 3180 loss tensor(0.0500, device='cuda:0', grad_fn=<MseLossBackward0>)
accuracy: 4.473684210526316
episode: 3200 loss tensor(0.0500, device='cuda:0', grad_fn=<MseLossBackward0>)
accuracy: 4.7368421052631575
episode: 3220 loss tensor(0.0500, device='cuda:0', grad_fn=<MseLossBackward0>)
accuracy: 4.2105263157894735
episode: 3240 loss tensor(0.0500, device='cuda:0', grad_fn=<MseLossBackward0>)
accuracy: 5.2631578947368425
episode: 3260 loss tensor(0.0500, device='cuda:0', grad_fn=<MseLossBackward0>)
accuracy: 5.526315789473684
episode: 3280 loss tensor(0.0500, device='cuda:0', grad_fn=<MseLossBackward0>)
accuracy: 5.0
episode: 3300 loss tensor(0.0500, device='cuda:0', grad_fn=<MseLossBackward0>)
accuracy: 4.7368421052631575
episode: 3320 loss tensor(0.0500, device='cuda:0', grad_fn=<MseLossBackward0>)
accuracy: 5.2631578947368425
episode: 3340 loss tensor(0.0500, device='cuda:0', grad_fn=<MseLossBackward0>)
accuracy: 4.2105263157894735
episode: 3360 loss tensor(0.0500, device='cuda:0', grad_fn=<MseLossBackward0>)
accuracy: 5.2631578947368425
episode: 3380 loss tensor(0.0500, device='cuda:0', grad_fn=<MseLossBackward0>)
accuracy: 4.7368421052631575
episode: 3400 loss tensor(0.0500, device='cuda:0', grad_fn=<MseLossBackward0>)
accuracy: 6.052631578947368
episode: 3420 loss tensor(0.0500, device='cuda:0', grad_fn=<MseLossBackward0>)
accuracy: 4.2105263157894735
episode: 3440 loss tensor(0.0500, device='cuda:0', grad_fn=<MseLossBackward0>)
accuracy: 5.7894736842105265
episode: 3460 loss tensor(0.0500, device='cuda:0', grad_fn=<MseLossBackward0>)
accuracy: 5.0
episode: 3480 loss tensor(0.0500, device='cuda:0', grad_fn=<MseLossBackward0>)
accuracy: 5.2631578947368425
episode: 3500 loss tensor(0.0500, device='cuda:0', grad_fn=<MseLossBackward0>)
accuracy: 6.052631578947368
episode: 3520 loss tensor(0.0500, device='cuda:0', grad_fn=<MseLossBackward0>)
accuracy: 5.0
episode: 3540 loss tensor(0.0500, device='cuda:0', grad_fn=<MseLossBackward0>)
accuracy: 4.7368421052631575
episode: 3560 loss tensor(0.0499, device='cuda:0', grad_fn=<MseLossBackward0>)
accuracy: 6.578947368421052
episode: 3580 loss tensor(0.0500, device='cuda:0', grad_fn=<MseLossBackward0>)
accuracy: 5.0
episode: 3600 loss tensor(0.0500, device='cuda:0', grad_fn=<MseLossBackward0>)
accuracy: 5.2631578947368425
episode: 3620 loss tensor(0.0499, device='cuda:0', grad_fn=<MseLossBackward0>)
accuracy: 5.7894736842105265
episode: 3640 loss tensor(0.0500, device='cuda:0', grad_fn=<MseLossBackward0>)
accuracy: 5.2631578947368425
episode: 3660 loss tensor(0.0500, device='cuda:0', grad_fn=<MseLossBackward0>)
accuracy: 4.473684210526316
episode: 3680 loss tensor(0.0500, device='cuda:0', grad_fn=<MseLossBackward0>)
accuracy: 3.9473684210526314
episode: 3700 loss tensor(0.0500, device='cuda:0', grad_fn=<MseLossBackward0>)
accuracy: 4.7368421052631575
episode: 3720 loss tensor(0.0500, device='cuda:0', grad_fn=<MseLossBackward0>)
accuracy: 3.9473684210526314
episode: 3740 loss tensor(0.0500, device='cuda:0', grad_fn=<MseLossBackward0>)
accuracy: 3.4210526315789473
episode: 3760 loss tensor(0.0500, device='cuda:0', grad_fn=<MseLossBackward0>)
accuracy: 4.473684210526316
episode: 3780 loss tensor(0.0500, device='cuda:0', grad_fn=<MseLossBackward0>)
accuracy: 5.0
episode: 3800 loss tensor(0.0500, device='cuda:0', grad_fn=<MseLossBackward0>)
accuracy: 4.473684210526316
episode: 3820 loss tensor(0.0500, device='cuda:0', grad_fn=<MseLossBackward0>)
accuracy: 5.2631578947368425
episode: 3840 loss tensor(0.0500, device='cuda:0', grad_fn=<MseLossBackward0>)
accuracy: 4.7368421052631575
episode: 3860 loss tensor(0.0500, device='cuda:0', grad_fn=<MseLossBackward0>)
accuracy: 4.7368421052631575
episode: 3880 loss tensor(0.0499, device='cuda:0', grad_fn=<MseLossBackward0>)
accuracy: 4.473684210526316
episode: 3900 loss tensor(0.0500, device='cuda:0', grad_fn=<MseLossBackward0>)
accuracy: 5.2631578947368425
episode: 3920 loss tensor(0.0500, device='cuda:0', grad_fn=<MseLossBackward0>)
accuracy: 4.473684210526316
episode: 3940 loss tensor(0.0500, device='cuda:0', grad_fn=<MseLossBackward0>)
accuracy: 3.9473684210526314
episode: 3960 loss tensor(0.0500, device='cuda:0', grad_fn=<MseLossBackward0>)
accuracy: 5.0
episode: 3980 loss tensor(0.0500, device='cuda:0', grad_fn=<MseLossBackward0>)
accuracy: 4.7368421052631575
episode: 4000 loss tensor(0.0500, device='cuda:0', grad_fn=<MseLossBackward0>)
accuracy: 4.2105263157894735
episode: 4020 loss tensor(0.0500, device='cuda:0', grad_fn=<MseLossBackward0>)
accuracy: 4.2105263157894735
episode: 4040 loss tensor(0.0500, device='cuda:0', grad_fn=<MseLossBackward0>)
accuracy: 5.526315789473684
episode: 4060 loss tensor(0.0500, device='cuda:0', grad_fn=<MseLossBackward0>)
accuracy: 4.7368421052631575
episode: 4080 loss tensor(0.0500, device='cuda:0', grad_fn=<MseLossBackward0>)
accuracy: 5.2631578947368425
episode: 4100 loss tensor(0.0500, device='cuda:0', grad_fn=<MseLossBackward0>)
accuracy: 4.7368421052631575
episode: 4120 loss tensor(0.0500, device='cuda:0', grad_fn=<MseLossBackward0>)
accuracy: 3.6842105263157894
episode: 4140 loss tensor(0.0500, device='cuda:0', grad_fn=<MseLossBackward0>)
accuracy: 4.473684210526316
episode: 4160 loss tensor(0.0500, device='cuda:0', grad_fn=<MseLossBackward0>)
accuracy: 3.9473684210526314
episode: 4180 loss tensor(0.0500, device='cuda:0', grad_fn=<MseLossBackward0>)
accuracy: 5.7894736842105265
episode: 4200 loss tensor(0.0500, device='cuda:0', grad_fn=<MseLossBackward0>)
accuracy: 4.7368421052631575
episode: 4220 loss tensor(0.0500, device='cuda:0', grad_fn=<MseLossBackward0>)
accuracy: 4.7368421052631575
episode: 4240 loss tensor(0.0500, device='cuda:0', grad_fn=<MseLossBackward0>)
accuracy: 4.473684210526316
episode: 4260 loss tensor(0.0500, device='cuda:0', grad_fn=<MseLossBackward0>)
accuracy: 5.2631578947368425
episode: 4280 loss tensor(0.0500, device='cuda:0', grad_fn=<MseLossBackward0>)
accuracy: 5.526315789473684
episode: 4300 loss tensor(0.0500, device='cuda:0', grad_fn=<MseLossBackward0>)
accuracy: 5.0
episode: 4320 loss tensor(0.0500, device='cuda:0', grad_fn=<MseLossBackward0>)
accuracy: 5.526315789473684
episode: 4340 loss tensor(0.0500, device='cuda:0', grad_fn=<MseLossBackward0>)
accuracy: 5.0
episode: 4360 loss tensor(0.0500, device='cuda:0', grad_fn=<MseLossBackward0>)
accuracy: 5.2631578947368425
episode: 4380 loss tensor(0.0500, device='cuda:0', grad_fn=<MseLossBackward0>)
accuracy: 5.2631578947368425
episode: 4400 loss tensor(0.0500, device='cuda:0', grad_fn=<MseLossBackward0>)
accuracy: 6.052631578947368
episode: 4420 loss tensor(0.0500, device='cuda:0', grad_fn=<MseLossBackward0>)
accuracy: 4.7368421052631575
episode: 4440 loss tensor(0.0500, device='cuda:0', grad_fn=<MseLossBackward0>)
accuracy: 5.2631578947368425
episode: 4460 loss tensor(0.0500, device='cuda:0', grad_fn=<MseLossBackward0>)
accuracy: 5.0
episode: 4480 loss tensor(0.0500, device='cuda:0', grad_fn=<MseLossBackward0>)
accuracy: 4.2105263157894735
episode: 4500 loss tensor(0.0500, device='cuda:0', grad_fn=<MseLossBackward0>)
accuracy: 5.0
episode: 4520 loss tensor(0.0500, device='cuda:0', grad_fn=<MseLossBackward0>)
accuracy: 3.9473684210526314
episode: 4540 loss tensor(0.0500, device='cuda:0', grad_fn=<MseLossBackward0>)
accuracy: 4.473684210526316
episode: 4560 loss tensor(0.0500, device='cuda:0', grad_fn=<MseLossBackward0>)
accuracy: 4.7368421052631575
episode: 4580 loss tensor(0.0500, device='cuda:0', grad_fn=<MseLossBackward0>)
accuracy: 4.7368421052631575
episode: 4600 loss tensor(0.0500, device='cuda:0', grad_fn=<MseLossBackward0>)
accuracy: 5.526315789473684
episode: 4620 loss tensor(0.0500, device='cuda:0', grad_fn=<MseLossBackward0>)
accuracy: 4.473684210526316
episode: 4640 loss tensor(0.0500, device='cuda:0', grad_fn=<MseLossBackward0>)
accuracy: 5.0
episode: 4660 loss tensor(0.0499, device='cuda:0', grad_fn=<MseLossBackward0>)
accuracy: 5.526315789473684
episode: 4680 loss tensor(0.0500, device='cuda:0', grad_fn=<MseLossBackward0>)
accuracy: 5.526315789473684
episode: 4700 loss tensor(0.0500, device='cuda:0', grad_fn=<MseLossBackward0>)
accuracy: 5.0
episode: 4720 loss tensor(0.0500, device='cuda:0', grad_fn=<MseLossBackward0>)
accuracy: 4.7368421052631575
episode: 4740 loss tensor(0.0500, device='cuda:0', grad_fn=<MseLossBackward0>)
accuracy: 5.0
episode: 4760 loss tensor(0.0500, device='cuda:0', grad_fn=<MseLossBackward0>)
accuracy: 5.2631578947368425
episode: 4780 loss tensor(0.0500, device='cuda:0', grad_fn=<MseLossBackward0>)
accuracy: 3.6842105263157894
episode: 4800 loss tensor(0.0500, device='cuda:0', grad_fn=<MseLossBackward0>)
accuracy: 5.526315789473684
episode: 4820 loss tensor(0.0500, device='cuda:0', grad_fn=<MseLossBackward0>)
accuracy: 5.0
episode: 4840 loss tensor(0.0499, device='cuda:0', grad_fn=<MseLossBackward0>)
accuracy: 5.7894736842105265
episode: 4860 loss tensor(0.0500, device='cuda:0', grad_fn=<MseLossBackward0>)
accuracy: 5.0
episode: 4880 loss tensor(0.0500, device='cuda:0', grad_fn=<MseLossBackward0>)
accuracy: 5.526315789473684
episode: 4900 loss tensor(0.0500, device='cuda:0', grad_fn=<MseLossBackward0>)
accuracy: 4.7368421052631575
episode: 4920 loss tensor(0.0500, device='cuda:0', grad_fn=<MseLossBackward0>)
accuracy: 5.2631578947368425
episode: 4940 loss tensor(0.0500, device='cuda:0', grad_fn=<MseLossBackward0>)
accuracy: 4.7368421052631575
episode: 4960 loss tensor(0.0500, device='cuda:0', grad_fn=<MseLossBackward0>)
accuracy: 4.7368421052631575
episode: 4980 loss tensor(0.0500, device='cuda:0', grad_fn=<MseLossBackward0>)
accuracy: 3.9473684210526314
episode: 5000 loss tensor(0.0500, device='cuda:0', grad_fn=<MseLossBackward0>)
accuracy: 5.7894736842105265
episode: 5020 loss tensor(0.0500, device='cuda:0', grad_fn=<MseLossBackward0>)
accuracy: 4.7368421052631575
episode: 5040 loss tensor(0.0500, device='cuda:0', grad_fn=<MseLossBackward0>)
accuracy: 4.473684210526316
episode: 5060 loss tensor(0.0499, device='cuda:0', grad_fn=<MseLossBackward0>)
accuracy: 5.526315789473684
episode: 5080 loss tensor(0.0500, device='cuda:0', grad_fn=<MseLossBackward0>)
accuracy: 4.7368421052631575
episode: 5100 loss tensor(0.0500, device='cuda:0', grad_fn=<MseLossBackward0>)
accuracy: 5.7894736842105265
episode: 5120 loss tensor(0.0500, device='cuda:0', grad_fn=<MseLossBackward0>)
accuracy: 3.9473684210526314
episode: 5140 loss tensor(0.0499, device='cuda:0', grad_fn=<MseLossBackward0>)
accuracy: 6.578947368421052
episode: 5160 loss tensor(0.0500, device='cuda:0', grad_fn=<MseLossBackward0>)
accuracy: 5.526315789473684
episode: 5180 loss tensor(0.0499, device='cuda:0', grad_fn=<MseLossBackward0>)
accuracy: 5.7894736842105265
episode: 5200 loss tensor(0.0500, device='cuda:0', grad_fn=<MseLossBackward0>)
accuracy: 4.473684210526316
episode: 5220 loss tensor(0.0500, device='cuda:0', grad_fn=<MseLossBackward0>)
accuracy: 5.526315789473684
episode: 5240 loss tensor(0.0500, device='cuda:0', grad_fn=<MseLossBackward0>)
accuracy: 3.9473684210526314
episode: 5260 loss tensor(0.0500, device='cuda:0', grad_fn=<MseLossBackward0>)
accuracy: 5.0
episode: 5280 loss tensor(0.0500, device='cuda:0', grad_fn=<MseLossBackward0>)
accuracy: 5.526315789473684
episode: 5300 loss tensor(0.0500, device='cuda:0', grad_fn=<MseLossBackward0>)
accuracy: 4.2105263157894735
episode: 5320 loss tensor(0.0500, device='cuda:0', grad_fn=<MseLossBackward0>)
accuracy: 5.2631578947368425
episode: 5340 loss tensor(0.0500, device='cuda:0', grad_fn=<MseLossBackward0>)
accuracy: 4.473684210526316
episode: 5360 loss tensor(0.0500, device='cuda:0', grad_fn=<MseLossBackward0>)
accuracy: 5.0
episode: 5380 loss tensor(0.0500, device='cuda:0', grad_fn=<MseLossBackward0>)
accuracy: 4.473684210526316
episode: 5400 loss tensor(0.0500, device='cuda:0', grad_fn=<MseLossBackward0>)
accuracy: 3.4210526315789473
episode: 5420 loss tensor(0.0500, device='cuda:0', grad_fn=<MseLossBackward0>)
accuracy: 4.7368421052631575
episode: 5440 loss tensor(0.0500, device='cuda:0', grad_fn=<MseLossBackward0>)
accuracy: 4.2105263157894735
episode: 5460 loss tensor(0.0500, device='cuda:0', grad_fn=<MseLossBackward0>)
accuracy: 5.0
episode: 5480 loss tensor(0.0500, device='cuda:0', grad_fn=<MseLossBackward0>)
accuracy: 5.0
episode: 5500 loss tensor(0.0500, device='cuda:0', grad_fn=<MseLossBackward0>)
accuracy: 5.526315789473684
episode: 5520 loss tensor(0.0500, device='cuda:0', grad_fn=<MseLossBackward0>)
accuracy: 4.473684210526316
episode: 5540 loss tensor(0.0500, device='cuda:0', grad_fn=<MseLossBackward0>)
accuracy: 4.7368421052631575
episode: 5560 loss tensor(0.0500, device='cuda:0', grad_fn=<MseLossBackward0>)
accuracy: 5.526315789473684
episode: 5580 loss tensor(0.0500, device='cuda:0', grad_fn=<MseLossBackward0>)
accuracy: 5.2631578947368425
episode: 5600 loss tensor(0.0500, device='cuda:0', grad_fn=<MseLossBackward0>)
accuracy: 5.0
episode: 5620 loss tensor(0.0500, device='cuda:0', grad_fn=<MseLossBackward0>)
accuracy: 4.473684210526316
episode: 5640 loss tensor(0.0500, device='cuda:0', grad_fn=<MseLossBackward0>)
accuracy: 5.7894736842105265
episode: 5660 loss tensor(0.0500, device='cuda:0', grad_fn=<MseLossBackward0>)
accuracy: 5.2631578947368425
episode: 5680 loss tensor(0.0499, device='cuda:0', grad_fn=<MseLossBackward0>)
accuracy: 6.842105263157895
episode: 5700 loss tensor(0.0500, device='cuda:0', grad_fn=<MseLossBackward0>)
accuracy: 5.526315789473684
episode: 5720 loss tensor(0.0500, device='cuda:0', grad_fn=<MseLossBackward0>)
accuracy: 4.473684210526316
episode: 5740 loss tensor(0.0499, device='cuda:0', grad_fn=<MseLossBackward0>)
accuracy: 5.7894736842105265
episode: 5760 loss tensor(0.0500, device='cuda:0', grad_fn=<MseLossBackward0>)
accuracy: 5.2631578947368425
episode: 5780 loss tensor(0.0500, device='cuda:0', grad_fn=<MseLossBackward0>)
accuracy: 5.2631578947368425
episode: 5800 loss tensor(0.0500, device='cuda:0', grad_fn=<MseLossBackward0>)
accuracy: 3.9473684210526314
episode: 5820 loss tensor(0.0500, device='cuda:0', grad_fn=<MseLossBackward0>)
accuracy: 5.0
episode: 5840 loss tensor(0.0499, device='cuda:0', grad_fn=<MseLossBackward0>)
accuracy: 6.578947368421052
episode: 5860 loss tensor(0.0500, device='cuda:0', grad_fn=<MseLossBackward0>)
accuracy: 3.9473684210526314
episode: 5880 loss tensor(0.0500, device='cuda:0', grad_fn=<MseLossBackward0>)
accuracy: 4.7368421052631575
episode: 5900 loss tensor(0.0500, device='cuda:0', grad_fn=<MseLossBackward0>)
accuracy: 5.526315789473684
episode: 5920 loss tensor(0.0500, device='cuda:0', grad_fn=<MseLossBackward0>)
accuracy: 5.2631578947368425
episode: 5940 loss tensor(0.0500, device='cuda:0', grad_fn=<MseLossBackward0>)
accuracy: 5.2631578947368425
episode: 5960 loss tensor(0.0500, device='cuda:0', grad_fn=<MseLossBackward0>)
accuracy: 5.0
episode: 5980 loss tensor(0.0500, device='cuda:0', grad_fn=<MseLossBackward0>)
accuracy: 4.2105263157894735
episode: 6000 loss tensor(0.0500, device='cuda:0', grad_fn=<MseLossBackward0>)
accuracy: 3.6842105263157894
episode: 6020 loss tensor(0.0499, device='cuda:0', grad_fn=<MseLossBackward0>)
accuracy: 5.526315789473684
episode: 6040 loss tensor(0.0500, device='cuda:0', grad_fn=<MseLossBackward0>)
accuracy: 4.473684210526316
episode: 6060 loss tensor(0.0500, device='cuda:0', grad_fn=<MseLossBackward0>)
accuracy: 4.2105263157894735
episode: 6080 loss tensor(0.0500, device='cuda:0', grad_fn=<MseLossBackward0>)
accuracy: 5.0
episode: 6100 loss tensor(0.0500, device='cuda:0', grad_fn=<MseLossBackward0>)
accuracy: 4.473684210526316
episode: 6120 loss tensor(0.0499, device='cuda:0', grad_fn=<MseLossBackward0>)
accuracy: 5.2631578947368425
episode: 6140 loss tensor(0.0500, device='cuda:0', grad_fn=<MseLossBackward0>)
accuracy: 5.2631578947368425
episode: 6160 loss tensor(0.0499, device='cuda:0', grad_fn=<MseLossBackward0>)
accuracy: 6.052631578947368
episode: 6180 loss tensor(0.0500, device='cuda:0', grad_fn=<MseLossBackward0>)
accuracy: 4.473684210526316
episode: 6200 loss tensor(0.0500, device='cuda:0', grad_fn=<MseLossBackward0>)
accuracy: 3.9473684210526314
episode: 6220 loss tensor(0.0500, device='cuda:0', grad_fn=<MseLossBackward0>)
accuracy: 5.0
episode: 6240 loss tensor(0.0500, device='cuda:0', grad_fn=<MseLossBackward0>)
accuracy: 3.6842105263157894
episode: 6260 loss tensor(0.0500, device='cuda:0', grad_fn=<MseLossBackward0>)
accuracy: 4.473684210526316
episode: 6280 loss tensor(0.0500, device='cuda:0', grad_fn=<MseLossBackward0>)
accuracy: 4.473684210526316
episode: 6300 loss tensor(0.0500, device='cuda:0', grad_fn=<MseLossBackward0>)
accuracy: 5.2631578947368425
episode: 6320 loss tensor(0.0499, device='cuda:0', grad_fn=<MseLossBackward0>)
accuracy: 6.315789473684211
episode: 6340 loss tensor(0.0500, device='cuda:0', grad_fn=<MseLossBackward0>)
accuracy: 4.7368421052631575
episode: 6360 loss tensor(0.0500, device='cuda:0', grad_fn=<MseLossBackward0>)
accuracy: 4.473684210526316
episode: 6380 loss tensor(0.0500, device='cuda:0', grad_fn=<MseLossBackward0>)
accuracy: 4.7368421052631575
episode: 6400 loss tensor(0.0500, device='cuda:0', grad_fn=<MseLossBackward0>)
accuracy: 4.7368421052631575
episode: 6420 loss tensor(0.0500, device='cuda:0', grad_fn=<MseLossBackward0>)
accuracy: 4.7368421052631575
episode: 6440 loss tensor(0.0500, device='cuda:0', grad_fn=<MseLossBackward0>)
accuracy: 5.7894736842105265
episode: 6460 loss tensor(0.0500, device='cuda:0', grad_fn=<MseLossBackward0>)
accuracy: 3.6842105263157894
episode: 6480 loss tensor(0.0500, device='cuda:0', grad_fn=<MseLossBackward0>)
accuracy: 5.7894736842105265
episode: 6500 loss tensor(0.0500, device='cuda:0', grad_fn=<MseLossBackward0>)
accuracy: 5.526315789473684
episode: 6520 loss tensor(0.0500, device='cuda:0', grad_fn=<MseLossBackward0>)
accuracy: 4.7368421052631575
episode: 6540 loss tensor(0.0500, device='cuda:0', grad_fn=<MseLossBackward0>)
accuracy: 5.0
episode: 6560 loss tensor(0.0500, device='cuda:0', grad_fn=<MseLossBackward0>)
accuracy: 5.0
episode: 6580 loss tensor(0.0500, device='cuda:0', grad_fn=<MseLossBackward0>)
accuracy: 4.7368421052631575
episode: 6600 loss tensor(0.0500, device='cuda:0', grad_fn=<MseLossBackward0>)
accuracy: 5.0
episode: 6620 loss tensor(0.0500, device='cuda:0', grad_fn=<MseLossBackward0>)
accuracy: 5.2631578947368425
episode: 6640 loss tensor(0.0500, device='cuda:0', grad_fn=<MseLossBackward0>)
accuracy: 5.2631578947368425
episode: 6660 loss tensor(0.0500, device='cuda:0', grad_fn=<MseLossBackward0>)
accuracy: 4.473684210526316
episode: 6680 loss tensor(0.0500, device='cuda:0', grad_fn=<MseLossBackward0>)
accuracy: 4.473684210526316
episode: 6700 loss tensor(0.0500, device='cuda:0', grad_fn=<MseLossBackward0>)
accuracy: 5.526315789473684
episode: 6720 loss tensor(0.0500, device='cuda:0', grad_fn=<MseLossBackward0>)
accuracy: 4.2105263157894735
episode: 6740 loss tensor(0.0500, device='cuda:0', grad_fn=<MseLossBackward0>)
accuracy: 5.0
episode: 6760 loss tensor(0.0500, device='cuda:0', grad_fn=<MseLossBackward0>)
accuracy: 5.2631578947368425
episode: 6780 loss tensor(0.0500, device='cuda:0', grad_fn=<MseLossBackward0>)
accuracy: 4.7368421052631575
episode: 6800 loss tensor(0.0500, device='cuda:0', grad_fn=<MseLossBackward0>)
accuracy: 4.2105263157894735
episode: 6820 loss tensor(0.0500, device='cuda:0', grad_fn=<MseLossBackward0>)
accuracy: 3.4210526315789473
episode: 6840 loss tensor(0.0500, device='cuda:0', grad_fn=<MseLossBackward0>)
accuracy: 5.0
episode: 6860 loss tensor(0.0500, device='cuda:0', grad_fn=<MseLossBackward0>)
accuracy: 4.473684210526316
episode: 6880 loss tensor(0.0500, device='cuda:0', grad_fn=<MseLossBackward0>)
accuracy: 4.473684210526316
episode: 6900 loss tensor(0.0500, device='cuda:0', grad_fn=<MseLossBackward0>)
accuracy: 4.473684210526316
episode: 6920 loss tensor(0.0500, device='cuda:0', grad_fn=<MseLossBackward0>)
accuracy: 5.0
episode: 6940 loss tensor(0.0500, device='cuda:0', grad_fn=<MseLossBackward0>)
accuracy: 5.526315789473684
episode: 6960 loss tensor(0.0500, device='cuda:0', grad_fn=<MseLossBackward0>)
accuracy: 4.473684210526316
episode: 6980 loss tensor(0.0500, device='cuda:0', grad_fn=<MseLossBackward0>)
accuracy: 5.2631578947368425
episode: 7000 loss tensor(0.0500, device='cuda:0', grad_fn=<MseLossBackward0>)
accuracy: 4.7368421052631575
episode: 7020 loss tensor(0.0500, device='cuda:0', grad_fn=<MseLossBackward0>)
accuracy: 3.9473684210526314
episode: 7040 loss tensor(0.0500, device='cuda:0', grad_fn=<MseLossBackward0>)
accuracy: 4.2105263157894735
episode: 7060 loss tensor(0.0500, device='cuda:0', grad_fn=<MseLossBackward0>)
accuracy: 5.2631578947368425
episode: 7080 loss tensor(0.0500, device='cuda:0', grad_fn=<MseLossBackward0>)
accuracy: 5.0
episode: 7100 loss tensor(0.0500, device='cuda:0', grad_fn=<MseLossBackward0>)
accuracy: 5.2631578947368425
episode: 7120 loss tensor(0.0500, device='cuda:0', grad_fn=<MseLossBackward0>)
accuracy: 4.473684210526316
episode: 7140 loss tensor(0.0500, device='cuda:0', grad_fn=<MseLossBackward0>)
accuracy: 4.2105263157894735
episode: 7160 loss tensor(0.0500, device='cuda:0', grad_fn=<MseLossBackward0>)
accuracy: 4.7368421052631575
episode: 7180 loss tensor(0.0500, device='cuda:0', grad_fn=<MseLossBackward0>)
accuracy: 4.473684210526316
episode: 7200 loss tensor(0.0500, device='cuda:0', grad_fn=<MseLossBackward0>)
accuracy: 5.526315789473684
episode: 7220 loss tensor(0.0500, device='cuda:0', grad_fn=<MseLossBackward0>)
accuracy: 5.2631578947368425
episode: 7240 loss tensor(0.0500, device='cuda:0', grad_fn=<MseLossBackward0>)
accuracy: 3.4210526315789473
episode: 7260 loss tensor(0.0500, device='cuda:0', grad_fn=<MseLossBackward0>)
accuracy: 5.0
episode: 7280 loss tensor(0.0500, device='cuda:0', grad_fn=<MseLossBackward0>)
accuracy: 5.7894736842105265
episode: 7300 loss tensor(0.0500, device='cuda:0', grad_fn=<MseLossBackward0>)
accuracy: 5.526315789473684
episode: 7320 loss tensor(0.0500, device='cuda:0', grad_fn=<MseLossBackward0>)
accuracy: 4.2105263157894735
episode: 7340 loss tensor(0.0500, device='cuda:0', grad_fn=<MseLossBackward0>)
accuracy: 4.2105263157894735
episode: 7360 loss tensor(0.0500, device='cuda:0', grad_fn=<MseLossBackward0>)
accuracy: 5.2631578947368425
episode: 7380 loss tensor(0.0500, device='cuda:0', grad_fn=<MseLossBackward0>)
accuracy: 4.2105263157894735
episode: 7400 loss tensor(0.0500, device='cuda:0', grad_fn=<MseLossBackward0>)
accuracy: 4.7368421052631575
episode: 7420 loss tensor(0.0500, device='cuda:0', grad_fn=<MseLossBackward0>)
accuracy: 5.2631578947368425
episode: 7440 loss tensor(0.0500, device='cuda:0', grad_fn=<MseLossBackward0>)
accuracy: 5.2631578947368425
episode: 7460 loss tensor(0.0500, device='cuda:0', grad_fn=<MseLossBackward0>)
accuracy: 5.0
episode: 7480 loss tensor(0.0499, device='cuda:0', grad_fn=<MseLossBackward0>)
accuracy: 5.7894736842105265
episode: 7500 loss tensor(0.0500, device='cuda:0', grad_fn=<MseLossBackward0>)
accuracy: 4.473684210526316
episode: 7520 loss tensor(0.0500, device='cuda:0', grad_fn=<MseLossBackward0>)
accuracy: 4.473684210526316
episode: 7540 loss tensor(0.0500, device='cuda:0', grad_fn=<MseLossBackward0>)
accuracy: 4.473684210526316
episode: 7560 loss tensor(0.0500, device='cuda:0', grad_fn=<MseLossBackward0>)
accuracy: 4.7368421052631575
episode: 7580 loss tensor(0.0500, device='cuda:0', grad_fn=<MseLossBackward0>)
accuracy: 5.526315789473684
episode: 7600 loss tensor(0.0500, device='cuda:0', grad_fn=<MseLossBackward0>)
accuracy: 5.526315789473684
episode: 7620 loss tensor(0.0500, device='cuda:0', grad_fn=<MseLossBackward0>)
accuracy: 5.0
episode: 7640 loss tensor(0.0500, device='cuda:0', grad_fn=<MseLossBackward0>)
accuracy: 3.9473684210526314
episode: 7660 loss tensor(0.0500, device='cuda:0', grad_fn=<MseLossBackward0>)
accuracy: 4.473684210526316
episode: 7680 loss tensor(0.0500, device='cuda:0', grad_fn=<MseLossBackward0>)
accuracy: 5.526315789473684
episode: 7700 loss tensor(0.0500, device='cuda:0', grad_fn=<MseLossBackward0>)
accuracy: 5.0
episode: 7720 loss tensor(0.0500, device='cuda:0', grad_fn=<MseLossBackward0>)
accuracy: 3.6842105263157894
episode: 7740 loss tensor(0.0500, device='cuda:0', grad_fn=<MseLossBackward0>)
accuracy: 5.2631578947368425
episode: 7760 loss tensor(0.0500, device='cuda:0', grad_fn=<MseLossBackward0>)
accuracy: 3.9473684210526314
episode: 7780 loss tensor(0.0499, device='cuda:0', grad_fn=<MseLossBackward0>)
accuracy: 5.2631578947368425
episode: 7800 loss tensor(0.0500, device='cuda:0', grad_fn=<MseLossBackward0>)
accuracy: 5.0
episode: 7820 loss tensor(0.0500, device='cuda:0', grad_fn=<MseLossBackward0>)
accuracy: 4.7368421052631575
episode: 7840 loss tensor(0.0500, device='cuda:0', grad_fn=<MseLossBackward0>)
accuracy: 6.315789473684211
episode: 7860 loss tensor(0.0500, device='cuda:0', grad_fn=<MseLossBackward0>)
accuracy: 4.2105263157894735
episode: 7880 loss tensor(0.0500, device='cuda:0', grad_fn=<MseLossBackward0>)
accuracy: 4.473684210526316
episode: 7900 loss tensor(0.0500, device='cuda:0', grad_fn=<MseLossBackward0>)
accuracy: 5.0
episode: 7920 loss tensor(0.0500, device='cuda:0', grad_fn=<MseLossBackward0>)
accuracy: 4.473684210526316
episode: 7940 loss tensor(0.0500, device='cuda:0', grad_fn=<MseLossBackward0>)
accuracy: 4.473684210526316
episode: 7960 loss tensor(0.0500, device='cuda:0', grad_fn=<MseLossBackward0>)
accuracy: 4.7368421052631575
episode: 7980 loss tensor(0.0500, device='cuda:0', grad_fn=<MseLossBackward0>)
accuracy: 5.0
episode: 8000 loss tensor(0.0500, device='cuda:0', grad_fn=<MseLossBackward0>)
accuracy: 4.473684210526316
episode: 8020 loss tensor(0.0500, device='cuda:0', grad_fn=<MseLossBackward0>)
accuracy: 5.7894736842105265
episode: 8040 loss tensor(0.0500, device='cuda:0', grad_fn=<MseLossBackward0>)
accuracy: 4.7368421052631575
episode: 8060 loss tensor(0.0500, device='cuda:0', grad_fn=<MseLossBackward0>)
accuracy: 5.0
episode: 8080 loss tensor(0.0500, device='cuda:0', grad_fn=<MseLossBackward0>)
accuracy: 3.6842105263157894
episode: 8100 loss tensor(0.0500, device='cuda:0', grad_fn=<MseLossBackward0>)
accuracy: 5.0
episode: 8120 loss tensor(0.0500, device='cuda:0', grad_fn=<MseLossBackward0>)
accuracy: 4.473684210526316
episode: 8140 loss tensor(0.0500, device='cuda:0', grad_fn=<MseLossBackward0>)
accuracy: 5.2631578947368425
episode: 8160 loss tensor(0.0500, device='cuda:0', grad_fn=<MseLossBackward0>)
accuracy: 4.473684210526316
episode: 8180 loss tensor(0.0500, device='cuda:0', grad_fn=<MseLossBackward0>)
accuracy: 4.7368421052631575
episode: 8200 loss tensor(0.0499, device='cuda:0', grad_fn=<MseLossBackward0>)
accuracy: 6.315789473684211
episode: 8220 loss tensor(0.0500, device='cuda:0', grad_fn=<MseLossBackward0>)
accuracy: 4.7368421052631575
episode: 8240 loss tensor(0.0500, device='cuda:0', grad_fn=<MseLossBackward0>)
accuracy: 5.0
episode: 8260 loss tensor(0.0500, device='cuda:0', grad_fn=<MseLossBackward0>)
accuracy: 5.0
episode: 8280 loss tensor(0.0500, device='cuda:0', grad_fn=<MseLossBackward0>)
accuracy: 4.7368421052631575
episode: 8300 loss tensor(0.0500, device='cuda:0', grad_fn=<MseLossBackward0>)
accuracy: 4.7368421052631575
episode: 8320 loss tensor(0.0500, device='cuda:0', grad_fn=<MseLossBackward0>)
accuracy: 4.2105263157894735
episode: 8340 loss tensor(0.0500, device='cuda:0', grad_fn=<MseLossBackward0>)
accuracy: 5.2631578947368425
episode: 8360 loss tensor(0.0500, device='cuda:0', grad_fn=<MseLossBackward0>)
accuracy: 5.0
episode: 8380 loss tensor(0.0500, device='cuda:0', grad_fn=<MseLossBackward0>)
accuracy: 5.0
episode: 8400 loss tensor(0.0500, device='cuda:0', grad_fn=<MseLossBackward0>)
accuracy: 4.7368421052631575
episode: 8420 loss tensor(0.0500, device='cuda:0', grad_fn=<MseLossBackward0>)
accuracy: 4.473684210526316
episode: 8440 loss tensor(0.0500, device='cuda:0', grad_fn=<MseLossBackward0>)
accuracy: 3.9473684210526314
episode: 8460 loss tensor(0.0500, device='cuda:0', grad_fn=<MseLossBackward0>)
accuracy: 5.526315789473684
episode: 8480 loss tensor(0.0500, device='cuda:0', grad_fn=<MseLossBackward0>)
accuracy: 5.0
episode: 8500 loss tensor(0.0500, device='cuda:0', grad_fn=<MseLossBackward0>)
accuracy: 4.2105263157894735
episode: 8520 loss tensor(0.0499, device='cuda:0', grad_fn=<MseLossBackward0>)
accuracy: 6.578947368421052
episode: 8540 loss tensor(0.0500, device='cuda:0', grad_fn=<MseLossBackward0>)
accuracy: 4.473684210526316
episode: 8560 loss tensor(0.0500, device='cuda:0', grad_fn=<MseLossBackward0>)
accuracy: 3.9473684210526314
episode: 8580 loss tensor(0.0499, device='cuda:0', grad_fn=<MseLossBackward0>)
accuracy: 6.578947368421052
episode: 8600 loss tensor(0.0499, device='cuda:0', grad_fn=<MseLossBackward0>)
accuracy: 5.7894736842105265
episode: 8620 loss tensor(0.0500, device='cuda:0', grad_fn=<MseLossBackward0>)
accuracy: 5.526315789473684
episode: 8640 loss tensor(0.0500, device='cuda:0', grad_fn=<MseLossBackward0>)
accuracy: 5.526315789473684
episode: 8660 loss tensor(0.0500, device='cuda:0', grad_fn=<MseLossBackward0>)
accuracy: 5.0
episode: 8680 loss tensor(0.0500, device='cuda:0', grad_fn=<MseLossBackward0>)
accuracy: 5.7894736842105265
episode: 8700 loss tensor(0.0500, device='cuda:0', grad_fn=<MseLossBackward0>)
accuracy: 5.2631578947368425
episode: 8720 loss tensor(0.0500, device='cuda:0', grad_fn=<MseLossBackward0>)
accuracy: 5.2631578947368425
episode: 8740 loss tensor(0.0500, device='cuda:0', grad_fn=<MseLossBackward0>)
accuracy: 3.9473684210526314
episode: 8760 loss tensor(0.0500, device='cuda:0', grad_fn=<MseLossBackward0>)
accuracy: 3.6842105263157894
episode: 8780 loss tensor(0.0500, device='cuda:0', grad_fn=<MseLossBackward0>)
accuracy: 5.0
episode: 8800 loss tensor(0.0500, device='cuda:0', grad_fn=<MseLossBackward0>)
accuracy: 5.0
episode: 8820 loss tensor(0.0500, device='cuda:0', grad_fn=<MseLossBackward0>)
accuracy: 4.473684210526316
episode: 8840 loss tensor(0.0499, device='cuda:0', grad_fn=<MseLossBackward0>)
accuracy: 6.315789473684211
episode: 8860 loss tensor(0.0500, device='cuda:0', grad_fn=<MseLossBackward0>)
accuracy: 4.2105263157894735
episode: 8880 loss tensor(0.0499, device='cuda:0', grad_fn=<MseLossBackward0>)
accuracy: 5.7894736842105265
episode: 8900 loss tensor(0.0499, device='cuda:0', grad_fn=<MseLossBackward0>)
accuracy: 6.052631578947368
episode: 8920 loss tensor(0.0500, device='cuda:0', grad_fn=<MseLossBackward0>)
accuracy: 4.473684210526316
episode: 8940 loss tensor(0.0500, device='cuda:0', grad_fn=<MseLossBackward0>)
accuracy: 5.7894736842105265
episode: 8960 loss tensor(0.0500, device='cuda:0', grad_fn=<MseLossBackward0>)
accuracy: 5.526315789473684
episode: 8980 loss tensor(0.0500, device='cuda:0', grad_fn=<MseLossBackward0>)
accuracy: 5.0
episode: 9000 loss tensor(0.0500, device='cuda:0', grad_fn=<MseLossBackward0>)
accuracy: 5.526315789473684
episode: 9020 loss tensor(0.0500, device='cuda:0', grad_fn=<MseLossBackward0>)
accuracy: 3.9473684210526314
episode: 9040 loss tensor(0.0500, device='cuda:0', grad_fn=<MseLossBackward0>)
accuracy: 4.7368421052631575
episode: 9060 loss tensor(0.0500, device='cuda:0', grad_fn=<MseLossBackward0>)
accuracy: 6.315789473684211
episode: 9080 loss tensor(0.0500, device='cuda:0', grad_fn=<MseLossBackward0>)
accuracy: 4.7368421052631575
episode: 9100 loss tensor(0.0500, device='cuda:0', grad_fn=<MseLossBackward0>)
accuracy: 5.526315789473684
episode: 9120 loss tensor(0.0500, device='cuda:0', grad_fn=<MseLossBackward0>)
accuracy: 5.2631578947368425
episode: 9140 loss tensor(0.0500, device='cuda:0', grad_fn=<MseLossBackward0>)
accuracy: 5.0
episode: 9160 loss tensor(0.0500, device='cuda:0', grad_fn=<MseLossBackward0>)
accuracy: 5.0
episode: 9180 loss tensor(0.0500, device='cuda:0', grad_fn=<MseLossBackward0>)
accuracy: 4.7368421052631575
episode: 9200 loss tensor(0.0500, device='cuda:0', grad_fn=<MseLossBackward0>)
accuracy: 5.0
episode: 9220 loss tensor(0.0500, device='cuda:0', grad_fn=<MseLossBackward0>)
accuracy: 5.0
episode: 9240 loss tensor(0.0500, device='cuda:0', grad_fn=<MseLossBackward0>)
accuracy: 4.473684210526316
episode: 9260 loss tensor(0.0500, device='cuda:0', grad_fn=<MseLossBackward0>)
accuracy: 5.2631578947368425
episode: 9280 loss tensor(0.0500, device='cuda:0', grad_fn=<MseLossBackward0>)
accuracy: 6.315789473684211
episode: 9300 loss tensor(0.0500, device='cuda:0', grad_fn=<MseLossBackward0>)
accuracy: 5.0
episode: 9320 loss tensor(0.0500, device='cuda:0', grad_fn=<MseLossBackward0>)
accuracy: 4.473684210526316
episode: 9340 loss tensor(0.0500, device='cuda:0', grad_fn=<MseLossBackward0>)
accuracy: 4.473684210526316
episode: 9360 loss tensor(0.0500, device='cuda:0', grad_fn=<MseLossBackward0>)
accuracy: 4.7368421052631575
episode: 9380 loss tensor(0.0500, device='cuda:0', grad_fn=<MseLossBackward0>)
accuracy: 3.4210526315789473
episode: 9400 loss tensor(0.0500, device='cuda:0', grad_fn=<MseLossBackward0>)
accuracy: 4.7368421052631575
episode: 9420 loss tensor(0.0499, device='cuda:0', grad_fn=<MseLossBackward0>)
accuracy: 6.052631578947368
episode: 9440 loss tensor(0.0500, device='cuda:0', grad_fn=<MseLossBackward0>)
accuracy: 5.2631578947368425
episode: 9460 loss tensor(0.0500, device='cuda:0', grad_fn=<MseLossBackward0>)
accuracy: 4.7368421052631575
episode: 9480 loss tensor(0.0500, device='cuda:0', grad_fn=<MseLossBackward0>)
accuracy: 3.6842105263157894
episode: 9500 loss tensor(0.0500, device='cuda:0', grad_fn=<MseLossBackward0>)
accuracy: 4.7368421052631575
episode: 9520 loss tensor(0.0500, device='cuda:0', grad_fn=<MseLossBackward0>)
accuracy: 5.2631578947368425
episode: 9540 loss tensor(0.0500, device='cuda:0', grad_fn=<MseLossBackward0>)
accuracy: 5.2631578947368425
episode: 9560 loss tensor(0.0500, device='cuda:0', grad_fn=<MseLossBackward0>)
accuracy: 5.526315789473684
episode: 9580 loss tensor(0.0500, device='cuda:0', grad_fn=<MseLossBackward0>)
accuracy: 4.473684210526316
episode: 9600 loss tensor(0.0500, device='cuda:0', grad_fn=<MseLossBackward0>)
accuracy: 5.0
episode: 9620 loss tensor(0.0500, device='cuda:0', grad_fn=<MseLossBackward0>)
accuracy: 5.0
episode: 9640 loss tensor(0.0500, device='cuda:0', grad_fn=<MseLossBackward0>)
accuracy: 5.2631578947368425
episode: 9660 loss tensor(0.0500, device='cuda:0', grad_fn=<MseLossBackward0>)
accuracy: 6.052631578947368
episode: 9680 loss tensor(0.0500, device='cuda:0', grad_fn=<MseLossBackward0>)
accuracy: 4.2105263157894735
episode: 9700 loss tensor(0.0500, device='cuda:0', grad_fn=<MseLossBackward0>)
accuracy: 3.4210526315789473
episode: 9720 loss tensor(0.0500, device='cuda:0', grad_fn=<MseLossBackward0>)
accuracy: 4.2105263157894735
episode: 9740 loss tensor(0.0500, device='cuda:0', grad_fn=<MseLossBackward0>)
accuracy: 4.2105263157894735
episode: 9760 loss tensor(0.0500, device='cuda:0', grad_fn=<MseLossBackward0>)
accuracy: 5.0
episode: 9780 loss tensor(0.0499, device='cuda:0', grad_fn=<MseLossBackward0>)
accuracy: 5.2631578947368425
episode: 9800 loss tensor(0.0500, device='cuda:0', grad_fn=<MseLossBackward0>)
accuracy: 4.7368421052631575
episode: 9820 loss tensor(0.0500, device='cuda:0', grad_fn=<MseLossBackward0>)
accuracy: 4.2105263157894735
episode: 9840 loss tensor(0.0500, device='cuda:0', grad_fn=<MseLossBackward0>)
accuracy: 3.9473684210526314
episode: 9860 loss tensor(0.0500, device='cuda:0', grad_fn=<MseLossBackward0>)
accuracy: 5.0
episode: 9880 loss tensor(0.0499, device='cuda:0', grad_fn=<MseLossBackward0>)
accuracy: 5.7894736842105265
episode: 9900 loss tensor(0.0500, device='cuda:0', grad_fn=<MseLossBackward0>)
accuracy: 4.7368421052631575
episode: 9920 loss tensor(0.0500, device='cuda:0', grad_fn=<MseLossBackward0>)
accuracy: 4.7368421052631575
episode: 9940 loss tensor(0.0500, device='cuda:0', grad_fn=<MseLossBackward0>)
accuracy: 3.9473684210526314
episode: 9960 loss tensor(0.0499, device='cuda:0', grad_fn=<MseLossBackward0>)
accuracy: 4.473684210526316
episode: 9980 loss tensor(0.0500, device='cuda:0', grad_fn=<MseLossBackward0>)
accuracy: 5.2631578947368425
episode: 10000 loss tensor(0.0500, device='cuda:0', grad_fn=<MseLossBackward0>)
accuracy: 5.0
meta_train_time =  1947.8258028030396
