**********meta_train_EM_RN.py_2023-04-14_14_32_09***********
n_way = 20, n_shot = 1, n_query = 19, META_EPISODE = 10000, LEARNING_RATE = 0.0001, GPU = 0
n_examples = 200, im_width = 28, im_height = 28, depth = 100
[0;33;40mcheck the file![0m
[0;33;40m../h5dataset_ica_bandselect_200//meta_train_11000_78400.h5[0m
episode: 20 loss tensor(0.4886, device='cuda:0', grad_fn=<MseLossBackward0>)
accuracy: 3.9473684210526314
episode: 40 loss tensor(0.4702, device='cuda:0', grad_fn=<MseLossBackward0>)
accuracy: 5.0
episode: 60 loss tensor(0.4465, device='cuda:0', grad_fn=<MseLossBackward0>)
accuracy: 6.842105263157895
episode: 80 loss tensor(0.4204, device='cuda:0', grad_fn=<MseLossBackward0>)
accuracy: 5.7894736842105265
episode: 100 loss tensor(0.3830, device='cuda:0', grad_fn=<MseLossBackward0>)
accuracy: 4.2105263157894735
episode: 120 loss tensor(0.3423, device='cuda:0', grad_fn=<MseLossBackward0>)
accuracy: 7.631578947368421
episode: 140 loss tensor(0.2912, device='cuda:0', grad_fn=<MseLossBackward0>)
accuracy: 4.7368421052631575
episode: 160 loss tensor(0.2458, device='cuda:0', grad_fn=<MseLossBackward0>)
accuracy: 5.7894736842105265
episode: 180 loss tensor(0.1974, device='cuda:0', grad_fn=<MseLossBackward0>)
accuracy: 3.1578947368421053
episode: 200 loss tensor(0.1578, device='cuda:0', grad_fn=<MseLossBackward0>)
accuracy: 3.9473684210526314
episode: 220 loss tensor(0.1219, device='cuda:0', grad_fn=<MseLossBackward0>)
accuracy: 5.7894736842105265
episode: 240 loss tensor(0.0985, device='cuda:0', grad_fn=<MseLossBackward0>)
accuracy: 4.2105263157894735
episode: 260 loss tensor(0.0806, device='cuda:0', grad_fn=<MseLossBackward0>)
accuracy: 7.105263157894737
episode: 280 loss tensor(0.0693, device='cuda:0', grad_fn=<MseLossBackward0>)
accuracy: 3.9473684210526314
episode: 300 loss tensor(0.0615, device='cuda:0', grad_fn=<MseLossBackward0>)
accuracy: 6.315789473684211
episode: 320 loss tensor(0.0580, device='cuda:0', grad_fn=<MseLossBackward0>)
accuracy: 4.473684210526316
episode: 340 loss tensor(0.0558, device='cuda:0', grad_fn=<MseLossBackward0>)
accuracy: 6.842105263157895
episode: 360 loss tensor(0.0549, device='cuda:0', grad_fn=<MseLossBackward0>)
accuracy: 4.473684210526316
episode: 380 loss tensor(0.0531, device='cuda:0', grad_fn=<MseLossBackward0>)
accuracy: 7.368421052631579
episode: 400 loss tensor(0.0536, device='cuda:0', grad_fn=<MseLossBackward0>)
accuracy: 6.315789473684211
episode: 420 loss tensor(0.0525, device='cuda:0', grad_fn=<MseLossBackward0>)
accuracy: 6.052631578947368
episode: 440 loss tensor(0.0524, device='cuda:0', grad_fn=<MseLossBackward0>)
accuracy: 6.315789473684211
episode: 460 loss tensor(0.0515, device='cuda:0', grad_fn=<MseLossBackward0>)
accuracy: 6.315789473684211
episode: 480 loss tensor(0.0515, device='cuda:0', grad_fn=<MseLossBackward0>)
accuracy: 6.842105263157895
episode: 500 loss tensor(0.0513, device='cuda:0', grad_fn=<MseLossBackward0>)
accuracy: 6.842105263157895
episode: 520 loss tensor(0.0509, device='cuda:0', grad_fn=<MseLossBackward0>)
accuracy: 8.157894736842104
episode: 540 loss tensor(0.0505, device='cuda:0', grad_fn=<MseLossBackward0>)
accuracy: 6.842105263157895
episode: 560 loss tensor(0.0499, device='cuda:0', grad_fn=<MseLossBackward0>)
accuracy: 10.526315789473685
episode: 580 loss tensor(0.0500, device='cuda:0', grad_fn=<MseLossBackward0>)
accuracy: 11.052631578947368
episode: 600 loss tensor(0.0495, device='cuda:0', grad_fn=<MseLossBackward0>)
accuracy: 8.157894736842104
episode: 620 loss tensor(0.0502, device='cuda:0', grad_fn=<MseLossBackward0>)
accuracy: 8.68421052631579
episode: 640 loss tensor(0.0498, device='cuda:0', grad_fn=<MseLossBackward0>)
accuracy: 8.157894736842104
episode: 660 loss tensor(0.0485, device='cuda:0', grad_fn=<MseLossBackward0>)
accuracy: 11.842105263157896
episode: 680 loss tensor(0.0489, device='cuda:0', grad_fn=<MseLossBackward0>)
accuracy: 10.789473684210526
episode: 700 loss tensor(0.0488, device='cuda:0', grad_fn=<MseLossBackward0>)
accuracy: 10.789473684210526
episode: 720 loss tensor(0.0481, device='cuda:0', grad_fn=<MseLossBackward0>)
accuracy: 11.31578947368421
episode: 740 loss tensor(0.0473, device='cuda:0', grad_fn=<MseLossBackward0>)
accuracy: 13.157894736842104
episode: 760 loss tensor(0.0485, device='cuda:0', grad_fn=<MseLossBackward0>)
accuracy: 13.157894736842104
episode: 780 loss tensor(0.0464, device='cuda:0', grad_fn=<MseLossBackward0>)
accuracy: 18.157894736842106
episode: 800 loss tensor(0.0462, device='cuda:0', grad_fn=<MseLossBackward0>)
accuracy: 16.842105263157894
episode: 820 loss tensor(0.0454, device='cuda:0', grad_fn=<MseLossBackward0>)
accuracy: 17.894736842105264
episode: 840 loss tensor(0.0442, device='cuda:0', grad_fn=<MseLossBackward0>)
accuracy: 22.894736842105264
episode: 860 loss tensor(0.0452, device='cuda:0', grad_fn=<MseLossBackward0>)
accuracy: 20.0
episode: 880 loss tensor(0.0449, device='cuda:0', grad_fn=<MseLossBackward0>)
accuracy: 25.789473684210527
episode: 900 loss tensor(0.0440, device='cuda:0', grad_fn=<MseLossBackward0>)
accuracy: 21.842105263157894
episode: 920 loss tensor(0.0437, device='cuda:0', grad_fn=<MseLossBackward0>)
accuracy: 24.736842105263158
episode: 940 loss tensor(0.0437, device='cuda:0', grad_fn=<MseLossBackward0>)
accuracy: 24.473684210526315
episode: 960 loss tensor(0.0445, device='cuda:0', grad_fn=<MseLossBackward0>)
accuracy: 21.31578947368421
episode: 980 loss tensor(0.0425, device='cuda:0', grad_fn=<MseLossBackward0>)
accuracy: 26.31578947368421
episode: 1000 loss tensor(0.0428, device='cuda:0', grad_fn=<MseLossBackward0>)
accuracy: 26.842105263157894
episode: 1020 loss tensor(0.0424, device='cuda:0', grad_fn=<MseLossBackward0>)
accuracy: 27.63157894736842
episode: 1040 loss tensor(0.0395, device='cuda:0', grad_fn=<MseLossBackward0>)
accuracy: 35.526315789473685
episode: 1060 loss tensor(0.0392, device='cuda:0', grad_fn=<MseLossBackward0>)
accuracy: 36.05263157894737
episode: 1080 loss tensor(0.0409, device='cuda:0', grad_fn=<MseLossBackward0>)
accuracy: 31.57894736842105
episode: 1100 loss tensor(0.0403, device='cuda:0', grad_fn=<MseLossBackward0>)
accuracy: 31.57894736842105
episode: 1120 loss tensor(0.0401, device='cuda:0', grad_fn=<MseLossBackward0>)
accuracy: 34.21052631578947
episode: 1140 loss tensor(0.0396, device='cuda:0', grad_fn=<MseLossBackward0>)
accuracy: 37.36842105263158
episode: 1160 loss tensor(0.0404, device='cuda:0', grad_fn=<MseLossBackward0>)
accuracy: 36.578947368421055
episode: 1180 loss tensor(0.0373, device='cuda:0', grad_fn=<MseLossBackward0>)
accuracy: 44.21052631578947
episode: 1200 loss tensor(0.0357, device='cuda:0', grad_fn=<MseLossBackward0>)
accuracy: 48.68421052631579
episode: 1220 loss tensor(0.0354, device='cuda:0', grad_fn=<MseLossBackward0>)
accuracy: 47.10526315789474
episode: 1240 loss tensor(0.0387, device='cuda:0', grad_fn=<MseLossBackward0>)
accuracy: 36.578947368421055
episode: 1260 loss tensor(0.0365, device='cuda:0', grad_fn=<MseLossBackward0>)
accuracy: 44.473684210526315
episode: 1280 loss tensor(0.0356, device='cuda:0', grad_fn=<MseLossBackward0>)
accuracy: 51.8421052631579
episode: 1300 loss tensor(0.0335, device='cuda:0', grad_fn=<MseLossBackward0>)
accuracy: 51.05263157894737
episode: 1320 loss tensor(0.0392, device='cuda:0', grad_fn=<MseLossBackward0>)
accuracy: 35.526315789473685
episode: 1340 loss tensor(0.0361, device='cuda:0', grad_fn=<MseLossBackward0>)
accuracy: 49.21052631578947
episode: 1360 loss tensor(0.0361, device='cuda:0', grad_fn=<MseLossBackward0>)
accuracy: 51.8421052631579
episode: 1380 loss tensor(0.0358, device='cuda:0', grad_fn=<MseLossBackward0>)
accuracy: 55.526315789473685
episode: 1400 loss tensor(0.0369, device='cuda:0', grad_fn=<MseLossBackward0>)
accuracy: 44.21052631578947
episode: 1420 loss tensor(0.0345, device='cuda:0', grad_fn=<MseLossBackward0>)
accuracy: 48.94736842105263
episode: 1440 loss tensor(0.0329, device='cuda:0', grad_fn=<MseLossBackward0>)
accuracy: 56.31578947368421
episode: 1460 loss tensor(0.0332, device='cuda:0', grad_fn=<MseLossBackward0>)
accuracy: 53.421052631578945
episode: 1480 loss tensor(0.0356, device='cuda:0', grad_fn=<MseLossBackward0>)
accuracy: 46.578947368421055
episode: 1500 loss tensor(0.0338, device='cuda:0', grad_fn=<MseLossBackward0>)
accuracy: 58.68421052631579
episode: 1520 loss tensor(0.0353, device='cuda:0', grad_fn=<MseLossBackward0>)
accuracy: 46.578947368421055
episode: 1540 loss tensor(0.0320, device='cuda:0', grad_fn=<MseLossBackward0>)
accuracy: 57.63157894736842
episode: 1560 loss tensor(0.0343, device='cuda:0', grad_fn=<MseLossBackward0>)
accuracy: 51.31578947368421
episode: 1580 loss tensor(0.0349, device='cuda:0', grad_fn=<MseLossBackward0>)
accuracy: 52.10526315789474
episode: 1600 loss tensor(0.0314, device='cuda:0', grad_fn=<MseLossBackward0>)
accuracy: 60.26315789473684
episode: 1620 loss tensor(0.0347, device='cuda:0', grad_fn=<MseLossBackward0>)
accuracy: 50.78947368421053
episode: 1640 loss tensor(0.0339, device='cuda:0', grad_fn=<MseLossBackward0>)
accuracy: 51.05263157894737
episode: 1660 loss tensor(0.0333, device='cuda:0', grad_fn=<MseLossBackward0>)
accuracy: 51.8421052631579
episode: 1680 loss tensor(0.0287, device='cuda:0', grad_fn=<MseLossBackward0>)
accuracy: 61.8421052631579
episode: 1700 loss tensor(0.0300, device='cuda:0', grad_fn=<MseLossBackward0>)
accuracy: 61.578947368421055
episode: 1720 loss tensor(0.0323, device='cuda:0', grad_fn=<MseLossBackward0>)
accuracy: 55.0
episode: 1740 loss tensor(0.0327, device='cuda:0', grad_fn=<MseLossBackward0>)
accuracy: 55.26315789473684
episode: 1760 loss tensor(0.0348, device='cuda:0', grad_fn=<MseLossBackward0>)
accuracy: 50.78947368421053
episode: 1780 loss tensor(0.0378, device='cuda:0', grad_fn=<MseLossBackward0>)
accuracy: 46.578947368421055
episode: 1800 loss tensor(0.0293, device='cuda:0', grad_fn=<MseLossBackward0>)
accuracy: 62.10526315789474
episode: 1820 loss tensor(0.0316, device='cuda:0', grad_fn=<MseLossBackward0>)
accuracy: 57.63157894736842
episode: 1840 loss tensor(0.0300, device='cuda:0', grad_fn=<MseLossBackward0>)
accuracy: 65.26315789473684
episode: 1860 loss tensor(0.0316, device='cuda:0', grad_fn=<MseLossBackward0>)
accuracy: 56.05263157894737
episode: 1880 loss tensor(0.0343, device='cuda:0', grad_fn=<MseLossBackward0>)
accuracy: 51.05263157894737
episode: 1900 loss tensor(0.0309, device='cuda:0', grad_fn=<MseLossBackward0>)
accuracy: 61.31578947368421
episode: 1920 loss tensor(0.0309, device='cuda:0', grad_fn=<MseLossBackward0>)
accuracy: 57.10526315789474
episode: 1940 loss tensor(0.0324, device='cuda:0', grad_fn=<MseLossBackward0>)
accuracy: 56.05263157894737
episode: 1960 loss tensor(0.0317, device='cuda:0', grad_fn=<MseLossBackward0>)
accuracy: 58.68421052631579
episode: 1980 loss tensor(0.0297, device='cuda:0', grad_fn=<MseLossBackward0>)
accuracy: 61.31578947368421
episode: 2000 loss tensor(0.0292, device='cuda:0', grad_fn=<MseLossBackward0>)
accuracy: 64.21052631578948
episode: 2020 loss tensor(0.0285, device='cuda:0', grad_fn=<MseLossBackward0>)
accuracy: 66.3157894736842
episode: 2040 loss tensor(0.0269, device='cuda:0', grad_fn=<MseLossBackward0>)
accuracy: 66.84210526315789
episode: 2060 loss tensor(0.0277, device='cuda:0', grad_fn=<MseLossBackward0>)
accuracy: 65.78947368421052
episode: 2080 loss tensor(0.0311, device='cuda:0', grad_fn=<MseLossBackward0>)
accuracy: 58.1578947368421
episode: 2100 loss tensor(0.0333, device='cuda:0', grad_fn=<MseLossBackward0>)
accuracy: 50.526315789473685
episode: 2120 loss tensor(0.0344, device='cuda:0', grad_fn=<MseLossBackward0>)
accuracy: 48.94736842105263
episode: 2140 loss tensor(0.0334, device='cuda:0', grad_fn=<MseLossBackward0>)
accuracy: 53.94736842105263
episode: 2160 loss tensor(0.0303, device='cuda:0', grad_fn=<MseLossBackward0>)
accuracy: 65.52631578947368
episode: 2180 loss tensor(0.0327, device='cuda:0', grad_fn=<MseLossBackward0>)
accuracy: 53.94736842105263
episode: 2200 loss tensor(0.0280, device='cuda:0', grad_fn=<MseLossBackward0>)
accuracy: 64.47368421052632
episode: 2220 loss tensor(0.0280, device='cuda:0', grad_fn=<MseLossBackward0>)
accuracy: 66.57894736842105
episode: 2240 loss tensor(0.0337, device='cuda:0', grad_fn=<MseLossBackward0>)
accuracy: 52.89473684210526
episode: 2260 loss tensor(0.0363, device='cuda:0', grad_fn=<MseLossBackward0>)
accuracy: 51.31578947368421
episode: 2280 loss tensor(0.0281, device='cuda:0', grad_fn=<MseLossBackward0>)
accuracy: 62.63157894736842
episode: 2300 loss tensor(0.0282, device='cuda:0', grad_fn=<MseLossBackward0>)
accuracy: 67.36842105263158
episode: 2320 loss tensor(0.0276, device='cuda:0', grad_fn=<MseLossBackward0>)
accuracy: 68.42105263157895
episode: 2340 loss tensor(0.0288, device='cuda:0', grad_fn=<MseLossBackward0>)
accuracy: 63.1578947368421
episode: 2360 loss tensor(0.0295, device='cuda:0', grad_fn=<MseLossBackward0>)
accuracy: 57.10526315789474
episode: 2380 loss tensor(0.0268, device='cuda:0', grad_fn=<MseLossBackward0>)
accuracy: 67.63157894736842
episode: 2400 loss tensor(0.0305, device='cuda:0', grad_fn=<MseLossBackward0>)
accuracy: 61.31578947368421
episode: 2420 loss tensor(0.0372, device='cuda:0', grad_fn=<MseLossBackward0>)
accuracy: 44.73684210526316
episode: 2440 loss tensor(0.0296, device='cuda:0', grad_fn=<MseLossBackward0>)
accuracy: 60.78947368421053
episode: 2460 loss tensor(0.0259, device='cuda:0', grad_fn=<MseLossBackward0>)
accuracy: 70.26315789473684
episode: 2480 loss tensor(0.0313, device='cuda:0', grad_fn=<MseLossBackward0>)
accuracy: 62.89473684210526
episode: 2500 loss tensor(0.0354, device='cuda:0', grad_fn=<MseLossBackward0>)
accuracy: 45.78947368421053
episode: 2520 loss tensor(0.0298, device='cuda:0', grad_fn=<MseLossBackward0>)
accuracy: 62.63157894736842
episode: 2540 loss tensor(0.0236, device='cuda:0', grad_fn=<MseLossBackward0>)
accuracy: 77.63157894736842
episode: 2560 loss tensor(0.0255, device='cuda:0', grad_fn=<MseLossBackward0>)
accuracy: 71.05263157894737
episode: 2580 loss tensor(0.0242, device='cuda:0', grad_fn=<MseLossBackward0>)
accuracy: 73.6842105263158
episode: 2600 loss tensor(0.0264, device='cuda:0', grad_fn=<MseLossBackward0>)
accuracy: 72.89473684210526
episode: 2620 loss tensor(0.0259, device='cuda:0', grad_fn=<MseLossBackward0>)
accuracy: 71.05263157894737
episode: 2640 loss tensor(0.0305, device='cuda:0', grad_fn=<MseLossBackward0>)
accuracy: 60.78947368421053
episode: 2660 loss tensor(0.0259, device='cuda:0', grad_fn=<MseLossBackward0>)
accuracy: 71.57894736842105
episode: 2680 loss tensor(0.0305, device='cuda:0', grad_fn=<MseLossBackward0>)
accuracy: 57.36842105263158
episode: 2700 loss tensor(0.0307, device='cuda:0', grad_fn=<MseLossBackward0>)
accuracy: 60.0
episode: 2720 loss tensor(0.0309, device='cuda:0', grad_fn=<MseLossBackward0>)
accuracy: 58.1578947368421
episode: 2740 loss tensor(0.0241, device='cuda:0', grad_fn=<MseLossBackward0>)
accuracy: 73.6842105263158
episode: 2760 loss tensor(0.0315, device='cuda:0', grad_fn=<MseLossBackward0>)
accuracy: 60.0
episode: 2780 loss tensor(0.0297, device='cuda:0', grad_fn=<MseLossBackward0>)
accuracy: 63.421052631578945
episode: 2800 loss tensor(0.0239, device='cuda:0', grad_fn=<MseLossBackward0>)
accuracy: 74.47368421052632
episode: 2820 loss tensor(0.0328, device='cuda:0', grad_fn=<MseLossBackward0>)
accuracy: 52.10526315789474
episode: 2840 loss tensor(0.0229, device='cuda:0', grad_fn=<MseLossBackward0>)
accuracy: 72.63157894736842
episode: 2860 loss tensor(0.0272, device='cuda:0', grad_fn=<MseLossBackward0>)
accuracy: 63.1578947368421
episode: 2880 loss tensor(0.0307, device='cuda:0', grad_fn=<MseLossBackward0>)
accuracy: 58.1578947368421
episode: 2900 loss tensor(0.0227, device='cuda:0', grad_fn=<MseLossBackward0>)
accuracy: 79.21052631578948
episode: 2920 loss tensor(0.0308, device='cuda:0', grad_fn=<MseLossBackward0>)
accuracy: 58.94736842105263
episode: 2940 loss tensor(0.0249, device='cuda:0', grad_fn=<MseLossBackward0>)
accuracy: 68.42105263157895
episode: 2960 loss tensor(0.0224, device='cuda:0', grad_fn=<MseLossBackward0>)
accuracy: 75.0
episode: 2980 loss tensor(0.0245, device='cuda:0', grad_fn=<MseLossBackward0>)
accuracy: 72.89473684210526
episode: 3000 loss tensor(0.0247, device='cuda:0', grad_fn=<MseLossBackward0>)
accuracy: 74.21052631578948
episode: 3020 loss tensor(0.0227, device='cuda:0', grad_fn=<MseLossBackward0>)
accuracy: 74.47368421052632
episode: 3040 loss tensor(0.0257, device='cuda:0', grad_fn=<MseLossBackward0>)
accuracy: 67.10526315789474
episode: 3060 loss tensor(0.0268, device='cuda:0', grad_fn=<MseLossBackward0>)
accuracy: 67.36842105263158
episode: 3080 loss tensor(0.0246, device='cuda:0', grad_fn=<MseLossBackward0>)
accuracy: 72.36842105263158
episode: 3100 loss tensor(0.0293, device='cuda:0', grad_fn=<MseLossBackward0>)
accuracy: 63.421052631578945
episode: 3120 loss tensor(0.0244, device='cuda:0', grad_fn=<MseLossBackward0>)
accuracy: 70.0
episode: 3140 loss tensor(0.0269, device='cuda:0', grad_fn=<MseLossBackward0>)
accuracy: 69.47368421052632
episode: 3160 loss tensor(0.0222, device='cuda:0', grad_fn=<MseLossBackward0>)
accuracy: 73.94736842105263
episode: 3180 loss tensor(0.0212, device='cuda:0', grad_fn=<MseLossBackward0>)
accuracy: 77.89473684210526
episode: 3200 loss tensor(0.0294, device='cuda:0', grad_fn=<MseLossBackward0>)
accuracy: 60.526315789473685
episode: 3220 loss tensor(0.0262, device='cuda:0', grad_fn=<MseLossBackward0>)
accuracy: 67.36842105263158
episode: 3240 loss tensor(0.0232, device='cuda:0', grad_fn=<MseLossBackward0>)
accuracy: 73.6842105263158
episode: 3260 loss tensor(0.0242, device='cuda:0', grad_fn=<MseLossBackward0>)
accuracy: 75.78947368421052
episode: 3280 loss tensor(0.0259, device='cuda:0', grad_fn=<MseLossBackward0>)
accuracy: 67.89473684210526
episode: 3300 loss tensor(0.0278, device='cuda:0', grad_fn=<MseLossBackward0>)
accuracy: 67.36842105263158
episode: 3320 loss tensor(0.0269, device='cuda:0', grad_fn=<MseLossBackward0>)
accuracy: 63.1578947368421
episode: 3340 loss tensor(0.0360, device='cuda:0', grad_fn=<MseLossBackward0>)
accuracy: 46.05263157894737
episode: 3360 loss tensor(0.0284, device='cuda:0', grad_fn=<MseLossBackward0>)
accuracy: 68.6842105263158
episode: 3380 loss tensor(0.0226, device='cuda:0', grad_fn=<MseLossBackward0>)
accuracy: 74.73684210526316
episode: 3400 loss tensor(0.0227, device='cuda:0', grad_fn=<MseLossBackward0>)
accuracy: 74.47368421052632
episode: 3420 loss tensor(0.0262, device='cuda:0', grad_fn=<MseLossBackward0>)
accuracy: 68.94736842105263
episode: 3440 loss tensor(0.0347, device='cuda:0', grad_fn=<MseLossBackward0>)
accuracy: 50.0
episode: 3460 loss tensor(0.0209, device='cuda:0', grad_fn=<MseLossBackward0>)
accuracy: 80.0
episode: 3480 loss tensor(0.0269, device='cuda:0', grad_fn=<MseLossBackward0>)
accuracy: 69.73684210526316
episode: 3500 loss tensor(0.0310, device='cuda:0', grad_fn=<MseLossBackward0>)
accuracy: 57.10526315789474
episode: 3520 loss tensor(0.0237, device='cuda:0', grad_fn=<MseLossBackward0>)
accuracy: 67.36842105263158
episode: 3540 loss tensor(0.0267, device='cuda:0', grad_fn=<MseLossBackward0>)
accuracy: 70.26315789473684
episode: 3560 loss tensor(0.0292, device='cuda:0', grad_fn=<MseLossBackward0>)
accuracy: 60.78947368421053
episode: 3580 loss tensor(0.0270, device='cuda:0', grad_fn=<MseLossBackward0>)
accuracy: 61.05263157894737
episode: 3600 loss tensor(0.0218, device='cuda:0', grad_fn=<MseLossBackward0>)
accuracy: 75.0
episode: 3620 loss tensor(0.0274, device='cuda:0', grad_fn=<MseLossBackward0>)
accuracy: 64.21052631578948
episode: 3640 loss tensor(0.0224, device='cuda:0', grad_fn=<MseLossBackward0>)
accuracy: 75.26315789473684
episode: 3660 loss tensor(0.0238, device='cuda:0', grad_fn=<MseLossBackward0>)
accuracy: 76.3157894736842
episode: 3680 loss tensor(0.0212, device='cuda:0', grad_fn=<MseLossBackward0>)
accuracy: 80.52631578947368
episode: 3700 loss tensor(0.0269, device='cuda:0', grad_fn=<MseLossBackward0>)
accuracy: 62.10526315789474
episode: 3720 loss tensor(0.0232, device='cuda:0', grad_fn=<MseLossBackward0>)
accuracy: 69.47368421052632
episode: 3740 loss tensor(0.0254, device='cuda:0', grad_fn=<MseLossBackward0>)
accuracy: 70.78947368421052
episode: 3760 loss tensor(0.0237, device='cuda:0', grad_fn=<MseLossBackward0>)
accuracy: 75.78947368421052
episode: 3780 loss tensor(0.0237, device='cuda:0', grad_fn=<MseLossBackward0>)
accuracy: 70.26315789473684
episode: 3800 loss tensor(0.0267, device='cuda:0', grad_fn=<MseLossBackward0>)
accuracy: 67.36842105263158
episode: 3820 loss tensor(0.0299, device='cuda:0', grad_fn=<MseLossBackward0>)
accuracy: 62.63157894736842
episode: 3840 loss tensor(0.0234, device='cuda:0', grad_fn=<MseLossBackward0>)
accuracy: 71.05263157894737
episode: 3860 loss tensor(0.0243, device='cuda:0', grad_fn=<MseLossBackward0>)
accuracy: 72.36842105263158
episode: 3880 loss tensor(0.0195, device='cuda:0', grad_fn=<MseLossBackward0>)
accuracy: 79.21052631578948
episode: 3900 loss tensor(0.0263, device='cuda:0', grad_fn=<MseLossBackward0>)
accuracy: 66.84210526315789
episode: 3920 loss tensor(0.0260, device='cuda:0', grad_fn=<MseLossBackward0>)
accuracy: 68.42105263157895
episode: 3940 loss tensor(0.0241, device='cuda:0', grad_fn=<MseLossBackward0>)
accuracy: 70.26315789473684
episode: 3960 loss tensor(0.0202, device='cuda:0', grad_fn=<MseLossBackward0>)
accuracy: 78.6842105263158
episode: 3980 loss tensor(0.0255, device='cuda:0', grad_fn=<MseLossBackward0>)
accuracy: 67.89473684210526
episode: 4000 loss tensor(0.0187, device='cuda:0', grad_fn=<MseLossBackward0>)
accuracy: 80.26315789473684
episode: 4020 loss tensor(0.0267, device='cuda:0', grad_fn=<MseLossBackward0>)
accuracy: 68.6842105263158
episode: 4040 loss tensor(0.0232, device='cuda:0', grad_fn=<MseLossBackward0>)
accuracy: 72.10526315789474
episode: 4060 loss tensor(0.0212, device='cuda:0', grad_fn=<MseLossBackward0>)
accuracy: 76.05263157894737
episode: 4080 loss tensor(0.0262, device='cuda:0', grad_fn=<MseLossBackward0>)
accuracy: 68.94736842105263
episode: 4100 loss tensor(0.0236, device='cuda:0', grad_fn=<MseLossBackward0>)
accuracy: 71.05263157894737
episode: 4120 loss tensor(0.0224, device='cuda:0', grad_fn=<MseLossBackward0>)
accuracy: 73.15789473684211
episode: 4140 loss tensor(0.0200, device='cuda:0', grad_fn=<MseLossBackward0>)
accuracy: 77.89473684210526
episode: 4160 loss tensor(0.0248, device='cuda:0', grad_fn=<MseLossBackward0>)
accuracy: 69.21052631578948
episode: 4180 loss tensor(0.0196, device='cuda:0', grad_fn=<MseLossBackward0>)
accuracy: 80.52631578947368
episode: 4200 loss tensor(0.0197, device='cuda:0', grad_fn=<MseLossBackward0>)
accuracy: 81.3157894736842
episode: 4220 loss tensor(0.0200, device='cuda:0', grad_fn=<MseLossBackward0>)
accuracy: 80.26315789473684
episode: 4240 loss tensor(0.0257, device='cuda:0', grad_fn=<MseLossBackward0>)
accuracy: 67.10526315789474
episode: 4260 loss tensor(0.0304, device='cuda:0', grad_fn=<MseLossBackward0>)
accuracy: 58.421052631578945
episode: 4280 loss tensor(0.0225, device='cuda:0', grad_fn=<MseLossBackward0>)
accuracy: 76.3157894736842
episode: 4300 loss tensor(0.0233, device='cuda:0', grad_fn=<MseLossBackward0>)
accuracy: 70.26315789473684
episode: 4320 loss tensor(0.0185, device='cuda:0', grad_fn=<MseLossBackward0>)
accuracy: 81.57894736842105
episode: 4340 loss tensor(0.0235, device='cuda:0', grad_fn=<MseLossBackward0>)
accuracy: 71.3157894736842
episode: 4360 loss tensor(0.0210, device='cuda:0', grad_fn=<MseLossBackward0>)
accuracy: 75.78947368421052
episode: 4380 loss tensor(0.0198, device='cuda:0', grad_fn=<MseLossBackward0>)
accuracy: 77.36842105263158
episode: 4400 loss tensor(0.0239, device='cuda:0', grad_fn=<MseLossBackward0>)
accuracy: 70.26315789473684
episode: 4420 loss tensor(0.0244, device='cuda:0', grad_fn=<MseLossBackward0>)
accuracy: 67.10526315789474
episode: 4440 loss tensor(0.0172, device='cuda:0', grad_fn=<MseLossBackward0>)
accuracy: 84.47368421052632
episode: 4460 loss tensor(0.0204, device='cuda:0', grad_fn=<MseLossBackward0>)
accuracy: 78.6842105263158
episode: 4480 loss tensor(0.0198, device='cuda:0', grad_fn=<MseLossBackward0>)
accuracy: 76.57894736842105
episode: 4500 loss tensor(0.0269, device='cuda:0', grad_fn=<MseLossBackward0>)
accuracy: 64.73684210526316
episode: 4520 loss tensor(0.0187, device='cuda:0', grad_fn=<MseLossBackward0>)
accuracy: 77.36842105263158
episode: 4540 loss tensor(0.0177, device='cuda:0', grad_fn=<MseLossBackward0>)
accuracy: 78.6842105263158
episode: 4560 loss tensor(0.0169, device='cuda:0', grad_fn=<MseLossBackward0>)
accuracy: 86.84210526315789
episode: 4580 loss tensor(0.0190, device='cuda:0', grad_fn=<MseLossBackward0>)
accuracy: 81.84210526315789
episode: 4600 loss tensor(0.0190, device='cuda:0', grad_fn=<MseLossBackward0>)
accuracy: 80.26315789473684
episode: 4620 loss tensor(0.0213, device='cuda:0', grad_fn=<MseLossBackward0>)
accuracy: 73.6842105263158
episode: 4640 loss tensor(0.0183, device='cuda:0', grad_fn=<MseLossBackward0>)
accuracy: 81.05263157894737
episode: 4660 loss tensor(0.0322, device='cuda:0', grad_fn=<MseLossBackward0>)
accuracy: 56.31578947368421
episode: 4680 loss tensor(0.0199, device='cuda:0', grad_fn=<MseLossBackward0>)
accuracy: 77.63157894736842
episode: 4700 loss tensor(0.0133, device='cuda:0', grad_fn=<MseLossBackward0>)
accuracy: 92.36842105263158
episode: 4720 loss tensor(0.0209, device='cuda:0', grad_fn=<MseLossBackward0>)
accuracy: 73.6842105263158
episode: 4740 loss tensor(0.0186, device='cuda:0', grad_fn=<MseLossBackward0>)
accuracy: 81.84210526315789
episode: 4760 loss tensor(0.0193, device='cuda:0', grad_fn=<MseLossBackward0>)
accuracy: 81.84210526315789
episode: 4780 loss tensor(0.0210, device='cuda:0', grad_fn=<MseLossBackward0>)
accuracy: 75.26315789473684
episode: 4800 loss tensor(0.0184, device='cuda:0', grad_fn=<MseLossBackward0>)
accuracy: 79.21052631578948
episode: 4820 loss tensor(0.0283, device='cuda:0', grad_fn=<MseLossBackward0>)
accuracy: 62.10526315789474
episode: 4840 loss tensor(0.0186, device='cuda:0', grad_fn=<MseLossBackward0>)
accuracy: 81.3157894736842
episode: 4860 loss tensor(0.0254, device='cuda:0', grad_fn=<MseLossBackward0>)
accuracy: 68.6842105263158
episode: 4880 loss tensor(0.0175, device='cuda:0', grad_fn=<MseLossBackward0>)
accuracy: 83.15789473684211
episode: 4900 loss tensor(0.0268, device='cuda:0', grad_fn=<MseLossBackward0>)
accuracy: 65.26315789473684
episode: 4920 loss tensor(0.0243, device='cuda:0', grad_fn=<MseLossBackward0>)
accuracy: 72.36842105263158
episode: 4940 loss tensor(0.0225, device='cuda:0', grad_fn=<MseLossBackward0>)
accuracy: 71.57894736842105
episode: 4960 loss tensor(0.0235, device='cuda:0', grad_fn=<MseLossBackward0>)
accuracy: 70.26315789473684
episode: 4980 loss tensor(0.0254, device='cuda:0', grad_fn=<MseLossBackward0>)
accuracy: 66.3157894736842
episode: 5000 loss tensor(0.0271, device='cuda:0', grad_fn=<MseLossBackward0>)
accuracy: 68.15789473684211
episode: 5020 loss tensor(0.0203, device='cuda:0', grad_fn=<MseLossBackward0>)
accuracy: 77.63157894736842
episode: 5040 loss tensor(0.0206, device='cuda:0', grad_fn=<MseLossBackward0>)
accuracy: 75.78947368421052
episode: 5060 loss tensor(0.0188, device='cuda:0', grad_fn=<MseLossBackward0>)
accuracy: 81.84210526315789
episode: 5080 loss tensor(0.0193, device='cuda:0', grad_fn=<MseLossBackward0>)
accuracy: 77.36842105263158
episode: 5100 loss tensor(0.0130, device='cuda:0', grad_fn=<MseLossBackward0>)
accuracy: 86.05263157894737
episode: 5120 loss tensor(0.0212, device='cuda:0', grad_fn=<MseLossBackward0>)
accuracy: 74.73684210526316
episode: 5140 loss tensor(0.0214, device='cuda:0', grad_fn=<MseLossBackward0>)
accuracy: 71.3157894736842
episode: 5160 loss tensor(0.0155, device='cuda:0', grad_fn=<MseLossBackward0>)
accuracy: 84.21052631578948
episode: 5180 loss tensor(0.0194, device='cuda:0', grad_fn=<MseLossBackward0>)
accuracy: 79.73684210526316
episode: 5200 loss tensor(0.0139, device='cuda:0', grad_fn=<MseLossBackward0>)
accuracy: 88.6842105263158
episode: 5220 loss tensor(0.0176, device='cuda:0', grad_fn=<MseLossBackward0>)
accuracy: 81.84210526315789
episode: 5240 loss tensor(0.0253, device='cuda:0', grad_fn=<MseLossBackward0>)
accuracy: 68.6842105263158
episode: 5260 loss tensor(0.0187, device='cuda:0', grad_fn=<MseLossBackward0>)
accuracy: 78.42105263157895
episode: 5280 loss tensor(0.0230, device='cuda:0', grad_fn=<MseLossBackward0>)
accuracy: 71.84210526315789
episode: 5300 loss tensor(0.0178, device='cuda:0', grad_fn=<MseLossBackward0>)
accuracy: 80.52631578947368
episode: 5320 loss tensor(0.0184, device='cuda:0', grad_fn=<MseLossBackward0>)
accuracy: 83.15789473684211
episode: 5340 loss tensor(0.0200, device='cuda:0', grad_fn=<MseLossBackward0>)
accuracy: 77.10526315789474
episode: 5360 loss tensor(0.0247, device='cuda:0', grad_fn=<MseLossBackward0>)
accuracy: 68.15789473684211
episode: 5380 loss tensor(0.0217, device='cuda:0', grad_fn=<MseLossBackward0>)
accuracy: 72.36842105263158
episode: 5400 loss tensor(0.0183, device='cuda:0', grad_fn=<MseLossBackward0>)
accuracy: 77.63157894736842
episode: 5420 loss tensor(0.0248, device='cuda:0', grad_fn=<MseLossBackward0>)
accuracy: 69.73684210526316
episode: 5440 loss tensor(0.0164, device='cuda:0', grad_fn=<MseLossBackward0>)
accuracy: 82.36842105263158
episode: 5460 loss tensor(0.0208, device='cuda:0', grad_fn=<MseLossBackward0>)
accuracy: 73.42105263157895
episode: 5480 loss tensor(0.0177, device='cuda:0', grad_fn=<MseLossBackward0>)
accuracy: 79.47368421052632
episode: 5500 loss tensor(0.0233, device='cuda:0', grad_fn=<MseLossBackward0>)
accuracy: 72.36842105263158
episode: 5520 loss tensor(0.0201, device='cuda:0', grad_fn=<MseLossBackward0>)
accuracy: 75.52631578947368
episode: 5540 loss tensor(0.0222, device='cuda:0', grad_fn=<MseLossBackward0>)
accuracy: 67.89473684210526
episode: 5560 loss tensor(0.0208, device='cuda:0', grad_fn=<MseLossBackward0>)
accuracy: 80.0
episode: 5580 loss tensor(0.0274, device='cuda:0', grad_fn=<MseLossBackward0>)
accuracy: 64.73684210526316
episode: 5600 loss tensor(0.0132, device='cuda:0', grad_fn=<MseLossBackward0>)
accuracy: 85.78947368421052
episode: 5620 loss tensor(0.0230, device='cuda:0', grad_fn=<MseLossBackward0>)
accuracy: 71.84210526315789
episode: 5640 loss tensor(0.0302, device='cuda:0', grad_fn=<MseLossBackward0>)
accuracy: 61.31578947368421
episode: 5660 loss tensor(0.0212, device='cuda:0', grad_fn=<MseLossBackward0>)
accuracy: 76.57894736842105
episode: 5680 loss tensor(0.0181, device='cuda:0', grad_fn=<MseLossBackward0>)
accuracy: 83.6842105263158
episode: 5700 loss tensor(0.0213, device='cuda:0', grad_fn=<MseLossBackward0>)
accuracy: 75.26315789473684
episode: 5720 loss tensor(0.0170, device='cuda:0', grad_fn=<MseLossBackward0>)
accuracy: 85.78947368421052
episode: 5740 loss tensor(0.0202, device='cuda:0', grad_fn=<MseLossBackward0>)
accuracy: 76.05263157894737
episode: 5760 loss tensor(0.0174, device='cuda:0', grad_fn=<MseLossBackward0>)
accuracy: 82.63157894736842
episode: 5780 loss tensor(0.0190, device='cuda:0', grad_fn=<MseLossBackward0>)
accuracy: 79.21052631578948
episode: 5800 loss tensor(0.0154, device='cuda:0', grad_fn=<MseLossBackward0>)
accuracy: 84.47368421052632
episode: 5820 loss tensor(0.0162, device='cuda:0', grad_fn=<MseLossBackward0>)
accuracy: 80.26315789473684
episode: 5840 loss tensor(0.0167, device='cuda:0', grad_fn=<MseLossBackward0>)
accuracy: 79.21052631578948
episode: 5860 loss tensor(0.0181, device='cuda:0', grad_fn=<MseLossBackward0>)
accuracy: 82.36842105263158
episode: 5880 loss tensor(0.0232, device='cuda:0', grad_fn=<MseLossBackward0>)
accuracy: 74.21052631578948
episode: 5900 loss tensor(0.0234, device='cuda:0', grad_fn=<MseLossBackward0>)
accuracy: 68.6842105263158
episode: 5920 loss tensor(0.0230, device='cuda:0', grad_fn=<MseLossBackward0>)
accuracy: 68.6842105263158
episode: 5940 loss tensor(0.0175, device='cuda:0', grad_fn=<MseLossBackward0>)
accuracy: 82.36842105263158
episode: 5960 loss tensor(0.0217, device='cuda:0', grad_fn=<MseLossBackward0>)
accuracy: 73.15789473684211
episode: 5980 loss tensor(0.0211, device='cuda:0', grad_fn=<MseLossBackward0>)
accuracy: 73.15789473684211
episode: 6000 loss tensor(0.0225, device='cuda:0', grad_fn=<MseLossBackward0>)
accuracy: 72.89473684210526
episode: 6020 loss tensor(0.0195, device='cuda:0', grad_fn=<MseLossBackward0>)
accuracy: 79.47368421052632
episode: 6040 loss tensor(0.0181, device='cuda:0', grad_fn=<MseLossBackward0>)
accuracy: 78.6842105263158
episode: 6060 loss tensor(0.0251, device='cuda:0', grad_fn=<MseLossBackward0>)
accuracy: 68.15789473684211
episode: 6080 loss tensor(0.0294, device='cuda:0', grad_fn=<MseLossBackward0>)
accuracy: 57.89473684210526
episode: 6100 loss tensor(0.0222, device='cuda:0', grad_fn=<MseLossBackward0>)
accuracy: 77.89473684210526
episode: 6120 loss tensor(0.0213, device='cuda:0', grad_fn=<MseLossBackward0>)
accuracy: 74.73684210526316
episode: 6140 loss tensor(0.0169, device='cuda:0', grad_fn=<MseLossBackward0>)
accuracy: 80.52631578947368
episode: 6160 loss tensor(0.0112, device='cuda:0', grad_fn=<MseLossBackward0>)
accuracy: 92.36842105263158
episode: 6180 loss tensor(0.0230, device='cuda:0', grad_fn=<MseLossBackward0>)
accuracy: 79.73684210526316
episode: 6200 loss tensor(0.0194, device='cuda:0', grad_fn=<MseLossBackward0>)
accuracy: 77.63157894736842
episode: 6220 loss tensor(0.0231, device='cuda:0', grad_fn=<MseLossBackward0>)
accuracy: 76.57894736842105
episode: 6240 loss tensor(0.0203, device='cuda:0', grad_fn=<MseLossBackward0>)
accuracy: 73.6842105263158
episode: 6260 loss tensor(0.0207, device='cuda:0', grad_fn=<MseLossBackward0>)
accuracy: 73.6842105263158
episode: 6280 loss tensor(0.0142, device='cuda:0', grad_fn=<MseLossBackward0>)
accuracy: 84.21052631578948
episode: 6300 loss tensor(0.0256, device='cuda:0', grad_fn=<MseLossBackward0>)
accuracy: 66.57894736842105
episode: 6320 loss tensor(0.0229, device='cuda:0', grad_fn=<MseLossBackward0>)
accuracy: 70.0
episode: 6340 loss tensor(0.0184, device='cuda:0', grad_fn=<MseLossBackward0>)
accuracy: 76.84210526315789
episode: 6360 loss tensor(0.0220, device='cuda:0', grad_fn=<MseLossBackward0>)
accuracy: 70.78947368421052
episode: 6380 loss tensor(0.0165, device='cuda:0', grad_fn=<MseLossBackward0>)
accuracy: 82.36842105263158
episode: 6400 loss tensor(0.0233, device='cuda:0', grad_fn=<MseLossBackward0>)
accuracy: 68.94736842105263
episode: 6420 loss tensor(0.0214, device='cuda:0', grad_fn=<MseLossBackward0>)
accuracy: 76.3157894736842
episode: 6440 loss tensor(0.0272, device='cuda:0', grad_fn=<MseLossBackward0>)
accuracy: 64.21052631578948
episode: 6460 loss tensor(0.0175, device='cuda:0', grad_fn=<MseLossBackward0>)
accuracy: 81.05263157894737
episode: 6480 loss tensor(0.0175, device='cuda:0', grad_fn=<MseLossBackward0>)
accuracy: 85.26315789473684
episode: 6500 loss tensor(0.0212, device='cuda:0', grad_fn=<MseLossBackward0>)
accuracy: 75.0
episode: 6520 loss tensor(0.0131, device='cuda:0', grad_fn=<MseLossBackward0>)
accuracy: 90.0
episode: 6540 loss tensor(0.0191, device='cuda:0', grad_fn=<MseLossBackward0>)
accuracy: 77.89473684210526
episode: 6560 loss tensor(0.0138, device='cuda:0', grad_fn=<MseLossBackward0>)
accuracy: 88.94736842105263
episode: 6580 loss tensor(0.0174, device='cuda:0', grad_fn=<MseLossBackward0>)
accuracy: 81.57894736842105
episode: 6600 loss tensor(0.0144, device='cuda:0', grad_fn=<MseLossBackward0>)
accuracy: 83.15789473684211
episode: 6620 loss tensor(0.0219, device='cuda:0', grad_fn=<MseLossBackward0>)
accuracy: 76.84210526315789
episode: 6640 loss tensor(0.0289, device='cuda:0', grad_fn=<MseLossBackward0>)
accuracy: 64.73684210526316
episode: 6660 loss tensor(0.0163, device='cuda:0', grad_fn=<MseLossBackward0>)
accuracy: 87.36842105263158
episode: 6680 loss tensor(0.0213, device='cuda:0', grad_fn=<MseLossBackward0>)
accuracy: 74.21052631578948
episode: 6700 loss tensor(0.0244, device='cuda:0', grad_fn=<MseLossBackward0>)
accuracy: 71.05263157894737
episode: 6720 loss tensor(0.0179, device='cuda:0', grad_fn=<MseLossBackward0>)
accuracy: 79.73684210526316
episode: 6740 loss tensor(0.0212, device='cuda:0', grad_fn=<MseLossBackward0>)
accuracy: 76.3157894736842
episode: 6760 loss tensor(0.0196, device='cuda:0', grad_fn=<MseLossBackward0>)
accuracy: 78.6842105263158
episode: 6780 loss tensor(0.0198, device='cuda:0', grad_fn=<MseLossBackward0>)
accuracy: 76.57894736842105
episode: 6800 loss tensor(0.0174, device='cuda:0', grad_fn=<MseLossBackward0>)
accuracy: 83.6842105263158
episode: 6820 loss tensor(0.0227, device='cuda:0', grad_fn=<MseLossBackward0>)
accuracy: 70.0
episode: 6840 loss tensor(0.0167, device='cuda:0', grad_fn=<MseLossBackward0>)
accuracy: 86.3157894736842
episode: 6860 loss tensor(0.0240, device='cuda:0', grad_fn=<MseLossBackward0>)
accuracy: 67.10526315789474
episode: 6880 loss tensor(0.0204, device='cuda:0', grad_fn=<MseLossBackward0>)
accuracy: 76.84210526315789
episode: 6900 loss tensor(0.0165, device='cuda:0', grad_fn=<MseLossBackward0>)
accuracy: 81.57894736842105
episode: 6920 loss tensor(0.0225, device='cuda:0', grad_fn=<MseLossBackward0>)
accuracy: 71.57894736842105
episode: 6940 loss tensor(0.0176, device='cuda:0', grad_fn=<MseLossBackward0>)
accuracy: 81.84210526315789
episode: 6960 loss tensor(0.0247, device='cuda:0', grad_fn=<MseLossBackward0>)
accuracy: 68.6842105263158
episode: 6980 loss tensor(0.0149, device='cuda:0', grad_fn=<MseLossBackward0>)
accuracy: 84.47368421052632
episode: 7000 loss tensor(0.0138, device='cuda:0', grad_fn=<MseLossBackward0>)
accuracy: 89.47368421052632
episode: 7020 loss tensor(0.0154, device='cuda:0', grad_fn=<MseLossBackward0>)
accuracy: 86.84210526315789
episode: 7040 loss tensor(0.0192, device='cuda:0', grad_fn=<MseLossBackward0>)
accuracy: 77.10526315789474
episode: 7060 loss tensor(0.0209, device='cuda:0', grad_fn=<MseLossBackward0>)
accuracy: 73.6842105263158
episode: 7080 loss tensor(0.0196, device='cuda:0', grad_fn=<MseLossBackward0>)
accuracy: 76.57894736842105
episode: 7100 loss tensor(0.0252, device='cuda:0', grad_fn=<MseLossBackward0>)
accuracy: 71.57894736842105
episode: 7120 loss tensor(0.0204, device='cuda:0', grad_fn=<MseLossBackward0>)
accuracy: 75.52631578947368
episode: 7140 loss tensor(0.0162, device='cuda:0', grad_fn=<MseLossBackward0>)
accuracy: 83.15789473684211
episode: 7160 loss tensor(0.0178, device='cuda:0', grad_fn=<MseLossBackward0>)
accuracy: 80.26315789473684
episode: 7180 loss tensor(0.0166, device='cuda:0', grad_fn=<MseLossBackward0>)
accuracy: 80.26315789473684
episode: 7200 loss tensor(0.0221, device='cuda:0', grad_fn=<MseLossBackward0>)
accuracy: 73.42105263157895
episode: 7220 loss tensor(0.0259, device='cuda:0', grad_fn=<MseLossBackward0>)
accuracy: 69.47368421052632
episode: 7240 loss tensor(0.0184, device='cuda:0', grad_fn=<MseLossBackward0>)
accuracy: 75.26315789473684
episode: 7260 loss tensor(0.0165, device='cuda:0', grad_fn=<MseLossBackward0>)
accuracy: 86.05263157894737
episode: 7280 loss tensor(0.0186, device='cuda:0', grad_fn=<MseLossBackward0>)
accuracy: 79.47368421052632
episode: 7300 loss tensor(0.0158, device='cuda:0', grad_fn=<MseLossBackward0>)
accuracy: 83.15789473684211
episode: 7320 loss tensor(0.0190, device='cuda:0', grad_fn=<MseLossBackward0>)
accuracy: 81.3157894736842
episode: 7340 loss tensor(0.0201, device='cuda:0', grad_fn=<MseLossBackward0>)
accuracy: 76.84210526315789
episode: 7360 loss tensor(0.0129, device='cuda:0', grad_fn=<MseLossBackward0>)
accuracy: 86.84210526315789
episode: 7380 loss tensor(0.0161, device='cuda:0', grad_fn=<MseLossBackward0>)
accuracy: 82.10526315789474
episode: 7400 loss tensor(0.0172, device='cuda:0', grad_fn=<MseLossBackward0>)
accuracy: 83.42105263157895
episode: 7420 loss tensor(0.0219, device='cuda:0', grad_fn=<MseLossBackward0>)
accuracy: 80.52631578947368
episode: 7440 loss tensor(0.0191, device='cuda:0', grad_fn=<MseLossBackward0>)
accuracy: 77.89473684210526
episode: 7460 loss tensor(0.0169, device='cuda:0', grad_fn=<MseLossBackward0>)
accuracy: 80.52631578947368
episode: 7480 loss tensor(0.0229, device='cuda:0', grad_fn=<MseLossBackward0>)
accuracy: 76.3157894736842
episode: 7500 loss tensor(0.0112, device='cuda:0', grad_fn=<MseLossBackward0>)
accuracy: 91.57894736842105
episode: 7520 loss tensor(0.0209, device='cuda:0', grad_fn=<MseLossBackward0>)
accuracy: 73.42105263157895
episode: 7540 loss tensor(0.0228, device='cuda:0', grad_fn=<MseLossBackward0>)
accuracy: 72.36842105263158
episode: 7560 loss tensor(0.0195, device='cuda:0', grad_fn=<MseLossBackward0>)
accuracy: 78.94736842105263
episode: 7580 loss tensor(0.0188, device='cuda:0', grad_fn=<MseLossBackward0>)
accuracy: 78.42105263157895
episode: 7600 loss tensor(0.0192, device='cuda:0', grad_fn=<MseLossBackward0>)
accuracy: 76.84210526315789
episode: 7620 loss tensor(0.0243, device='cuda:0', grad_fn=<MseLossBackward0>)
accuracy: 70.0
episode: 7640 loss tensor(0.0126, device='cuda:0', grad_fn=<MseLossBackward0>)
accuracy: 88.94736842105263
episode: 7660 loss tensor(0.0174, device='cuda:0', grad_fn=<MseLossBackward0>)
accuracy: 75.52631578947368
episode: 7680 loss tensor(0.0147, device='cuda:0', grad_fn=<MseLossBackward0>)
accuracy: 84.73684210526316
episode: 7700 loss tensor(0.0217, device='cuda:0', grad_fn=<MseLossBackward0>)
accuracy: 70.26315789473684
episode: 7720 loss tensor(0.0303, device='cuda:0', grad_fn=<MseLossBackward0>)
accuracy: 59.73684210526316
episode: 7740 loss tensor(0.0169, device='cuda:0', grad_fn=<MseLossBackward0>)
accuracy: 79.47368421052632
episode: 7760 loss tensor(0.0164, device='cuda:0', grad_fn=<MseLossBackward0>)
accuracy: 83.6842105263158
episode: 7780 loss tensor(0.0269, device='cuda:0', grad_fn=<MseLossBackward0>)
accuracy: 61.8421052631579
episode: 7800 loss tensor(0.0207, device='cuda:0', grad_fn=<MseLossBackward0>)
accuracy: 76.3157894736842
episode: 7820 loss tensor(0.0184, device='cuda:0', grad_fn=<MseLossBackward0>)
accuracy: 74.47368421052632
episode: 7840 loss tensor(0.0163, device='cuda:0', grad_fn=<MseLossBackward0>)
accuracy: 83.42105263157895
episode: 7860 loss tensor(0.0170, device='cuda:0', grad_fn=<MseLossBackward0>)
accuracy: 79.73684210526316
episode: 7880 loss tensor(0.0176, device='cuda:0', grad_fn=<MseLossBackward0>)
accuracy: 78.42105263157895
episode: 7900 loss tensor(0.0199, device='cuda:0', grad_fn=<MseLossBackward0>)
accuracy: 75.78947368421052
episode: 7920 loss tensor(0.0164, device='cuda:0', grad_fn=<MseLossBackward0>)
accuracy: 78.15789473684211
episode: 7940 loss tensor(0.0243, device='cuda:0', grad_fn=<MseLossBackward0>)
accuracy: 65.78947368421052
episode: 7960 loss tensor(0.0205, device='cuda:0', grad_fn=<MseLossBackward0>)
accuracy: 73.15789473684211
episode: 7980 loss tensor(0.0159, device='cuda:0', grad_fn=<MseLossBackward0>)
accuracy: 80.26315789473684
episode: 8000 loss tensor(0.0163, device='cuda:0', grad_fn=<MseLossBackward0>)
accuracy: 83.42105263157895
episode: 8020 loss tensor(0.0131, device='cuda:0', grad_fn=<MseLossBackward0>)
accuracy: 86.3157894736842
episode: 8040 loss tensor(0.0129, device='cuda:0', grad_fn=<MseLossBackward0>)
accuracy: 87.89473684210526
episode: 8060 loss tensor(0.0125, device='cuda:0', grad_fn=<MseLossBackward0>)
accuracy: 90.52631578947368
episode: 8080 loss tensor(0.0207, device='cuda:0', grad_fn=<MseLossBackward0>)
accuracy: 70.52631578947368
episode: 8100 loss tensor(0.0234, device='cuda:0', grad_fn=<MseLossBackward0>)
accuracy: 68.6842105263158
episode: 8120 loss tensor(0.0207, device='cuda:0', grad_fn=<MseLossBackward0>)
accuracy: 74.21052631578948
episode: 8140 loss tensor(0.0191, device='cuda:0', grad_fn=<MseLossBackward0>)
accuracy: 76.05263157894737
episode: 8160 loss tensor(0.0200, device='cuda:0', grad_fn=<MseLossBackward0>)
accuracy: 75.52631578947368
episode: 8180 loss tensor(0.0158, device='cuda:0', grad_fn=<MseLossBackward0>)
accuracy: 87.36842105263158
episode: 8200 loss tensor(0.0197, device='cuda:0', grad_fn=<MseLossBackward0>)
accuracy: 79.21052631578948
episode: 8220 loss tensor(0.0123, device='cuda:0', grad_fn=<MseLossBackward0>)
accuracy: 88.42105263157895
episode: 8240 loss tensor(0.0112, device='cuda:0', grad_fn=<MseLossBackward0>)
accuracy: 90.26315789473684
episode: 8260 loss tensor(0.0167, device='cuda:0', grad_fn=<MseLossBackward0>)
accuracy: 83.6842105263158
episode: 8280 loss tensor(0.0345, device='cuda:0', grad_fn=<MseLossBackward0>)
accuracy: 51.8421052631579
episode: 8300 loss tensor(0.0207, device='cuda:0', grad_fn=<MseLossBackward0>)
accuracy: 75.52631578947368
episode: 8320 loss tensor(0.0202, device='cuda:0', grad_fn=<MseLossBackward0>)
accuracy: 77.36842105263158
episode: 8340 loss tensor(0.0168, device='cuda:0', grad_fn=<MseLossBackward0>)
accuracy: 80.52631578947368
episode: 8360 loss tensor(0.0174, device='cuda:0', grad_fn=<MseLossBackward0>)
accuracy: 77.63157894736842
episode: 8380 loss tensor(0.0210, device='cuda:0', grad_fn=<MseLossBackward0>)
accuracy: 75.0
episode: 8400 loss tensor(0.0207, device='cuda:0', grad_fn=<MseLossBackward0>)
accuracy: 74.21052631578948
episode: 8420 loss tensor(0.0122, device='cuda:0', grad_fn=<MseLossBackward0>)
accuracy: 88.15789473684211
episode: 8440 loss tensor(0.0184, device='cuda:0', grad_fn=<MseLossBackward0>)
accuracy: 77.36842105263158
episode: 8460 loss tensor(0.0102, device='cuda:0', grad_fn=<MseLossBackward0>)
accuracy: 92.36842105263158
episode: 8480 loss tensor(0.0190, device='cuda:0', grad_fn=<MseLossBackward0>)
accuracy: 80.52631578947368
episode: 8500 loss tensor(0.0169, device='cuda:0', grad_fn=<MseLossBackward0>)
accuracy: 79.73684210526316
episode: 8520 loss tensor(0.0243, device='cuda:0', grad_fn=<MseLossBackward0>)
accuracy: 73.15789473684211
episode: 8540 loss tensor(0.0189, device='cuda:0', grad_fn=<MseLossBackward0>)
accuracy: 75.26315789473684
episode: 8560 loss tensor(0.0216, device='cuda:0', grad_fn=<MseLossBackward0>)
accuracy: 79.21052631578948
episode: 8580 loss tensor(0.0205, device='cuda:0', grad_fn=<MseLossBackward0>)
accuracy: 73.15789473684211
episode: 8600 loss tensor(0.0191, device='cuda:0', grad_fn=<MseLossBackward0>)
accuracy: 78.6842105263158
episode: 8620 loss tensor(0.0207, device='cuda:0', grad_fn=<MseLossBackward0>)
accuracy: 71.84210526315789
episode: 8640 loss tensor(0.0213, device='cuda:0', grad_fn=<MseLossBackward0>)
accuracy: 75.52631578947368
episode: 8660 loss tensor(0.0301, device='cuda:0', grad_fn=<MseLossBackward0>)
accuracy: 59.21052631578947
episode: 8680 loss tensor(0.0287, device='cuda:0', grad_fn=<MseLossBackward0>)
accuracy: 60.78947368421053
episode: 8700 loss tensor(0.0115, device='cuda:0', grad_fn=<MseLossBackward0>)
accuracy: 90.26315789473684
episode: 8720 loss tensor(0.0181, device='cuda:0', grad_fn=<MseLossBackward0>)
accuracy: 75.52631578947368
episode: 8740 loss tensor(0.0081, device='cuda:0', grad_fn=<MseLossBackward0>)
accuracy: 95.0
episode: 8760 loss tensor(0.0214, device='cuda:0', grad_fn=<MseLossBackward0>)
accuracy: 73.6842105263158
episode: 8780 loss tensor(0.0137, device='cuda:0', grad_fn=<MseLossBackward0>)
accuracy: 84.47368421052632
episode: 8800 loss tensor(0.0154, device='cuda:0', grad_fn=<MseLossBackward0>)
accuracy: 83.6842105263158
episode: 8820 loss tensor(0.0175, device='cuda:0', grad_fn=<MseLossBackward0>)
accuracy: 76.3157894736842
episode: 8840 loss tensor(0.0211, device='cuda:0', grad_fn=<MseLossBackward0>)
accuracy: 76.3157894736842
episode: 8860 loss tensor(0.0165, device='cuda:0', grad_fn=<MseLossBackward0>)
accuracy: 80.52631578947368
episode: 8880 loss tensor(0.0128, device='cuda:0', grad_fn=<MseLossBackward0>)
accuracy: 88.15789473684211
episode: 8900 loss tensor(0.0192, device='cuda:0', grad_fn=<MseLossBackward0>)
accuracy: 76.57894736842105
episode: 8920 loss tensor(0.0206, device='cuda:0', grad_fn=<MseLossBackward0>)
accuracy: 74.47368421052632
episode: 8940 loss tensor(0.0117, device='cuda:0', grad_fn=<MseLossBackward0>)
accuracy: 91.57894736842105
episode: 8960 loss tensor(0.0082, device='cuda:0', grad_fn=<MseLossBackward0>)
accuracy: 96.05263157894737
episode: 8980 loss tensor(0.0126, device='cuda:0', grad_fn=<MseLossBackward0>)
accuracy: 87.10526315789474
episode: 9000 loss tensor(0.0155, device='cuda:0', grad_fn=<MseLossBackward0>)
accuracy: 79.73684210526316
episode: 9020 loss tensor(0.0088, device='cuda:0', grad_fn=<MseLossBackward0>)
accuracy: 94.21052631578948
episode: 9040 loss tensor(0.0181, device='cuda:0', grad_fn=<MseLossBackward0>)
accuracy: 78.6842105263158
episode: 9060 loss tensor(0.0182, device='cuda:0', grad_fn=<MseLossBackward0>)
accuracy: 78.15789473684211
episode: 9080 loss tensor(0.0201, device='cuda:0', grad_fn=<MseLossBackward0>)
accuracy: 75.52631578947368
episode: 9100 loss tensor(0.0185, device='cuda:0', grad_fn=<MseLossBackward0>)
accuracy: 82.36842105263158
episode: 9120 loss tensor(0.0176, device='cuda:0', grad_fn=<MseLossBackward0>)
accuracy: 82.10526315789474
episode: 9140 loss tensor(0.0215, device='cuda:0', grad_fn=<MseLossBackward0>)
accuracy: 72.36842105263158
episode: 9160 loss tensor(0.0231, device='cuda:0', grad_fn=<MseLossBackward0>)
accuracy: 71.3157894736842
episode: 9180 loss tensor(0.0149, device='cuda:0', grad_fn=<MseLossBackward0>)
accuracy: 85.0
episode: 9200 loss tensor(0.0169, device='cuda:0', grad_fn=<MseLossBackward0>)
accuracy: 82.36842105263158
episode: 9220 loss tensor(0.0167, device='cuda:0', grad_fn=<MseLossBackward0>)
accuracy: 78.6842105263158
episode: 9240 loss tensor(0.0128, device='cuda:0', grad_fn=<MseLossBackward0>)
accuracy: 87.89473684210526
episode: 9260 loss tensor(0.0160, device='cuda:0', grad_fn=<MseLossBackward0>)
accuracy: 80.0
episode: 9280 loss tensor(0.0136, device='cuda:0', grad_fn=<MseLossBackward0>)
accuracy: 86.84210526315789
episode: 9300 loss tensor(0.0250, device='cuda:0', grad_fn=<MseLossBackward0>)
accuracy: 67.10526315789474
episode: 9320 loss tensor(0.0215, device='cuda:0', grad_fn=<MseLossBackward0>)
accuracy: 76.84210526315789
episode: 9340 loss tensor(0.0149, device='cuda:0', grad_fn=<MseLossBackward0>)
accuracy: 83.94736842105263
episode: 9360 loss tensor(0.0175, device='cuda:0', grad_fn=<MseLossBackward0>)
accuracy: 79.21052631578948
episode: 9380 loss tensor(0.0201, device='cuda:0', grad_fn=<MseLossBackward0>)
accuracy: 76.05263157894737
episode: 9400 loss tensor(0.0128, device='cuda:0', grad_fn=<MseLossBackward0>)
accuracy: 85.78947368421052
episode: 9420 loss tensor(0.0167, device='cuda:0', grad_fn=<MseLossBackward0>)
accuracy: 85.52631578947368
episode: 9440 loss tensor(0.0176, device='cuda:0', grad_fn=<MseLossBackward0>)
accuracy: 80.52631578947368
episode: 9460 loss tensor(0.0230, device='cuda:0', grad_fn=<MseLossBackward0>)
accuracy: 75.78947368421052
episode: 9480 loss tensor(0.0128, device='cuda:0', grad_fn=<MseLossBackward0>)
accuracy: 84.21052631578948
episode: 9500 loss tensor(0.0219, device='cuda:0', grad_fn=<MseLossBackward0>)
accuracy: 71.05263157894737
episode: 9520 loss tensor(0.0120, device='cuda:0', grad_fn=<MseLossBackward0>)
accuracy: 90.0
episode: 9540 loss tensor(0.0140, device='cuda:0', grad_fn=<MseLossBackward0>)
accuracy: 85.78947368421052
episode: 9560 loss tensor(0.0198, device='cuda:0', grad_fn=<MseLossBackward0>)
accuracy: 78.94736842105263
episode: 9580 loss tensor(0.0162, device='cuda:0', grad_fn=<MseLossBackward0>)
accuracy: 80.78947368421052
episode: 9600 loss tensor(0.0212, device='cuda:0', grad_fn=<MseLossBackward0>)
accuracy: 76.57894736842105
episode: 9620 loss tensor(0.0221, device='cuda:0', grad_fn=<MseLossBackward0>)
accuracy: 73.94736842105263
episode: 9640 loss tensor(0.0200, device='cuda:0', grad_fn=<MseLossBackward0>)
accuracy: 78.42105263157895
episode: 9660 loss tensor(0.0173, device='cuda:0', grad_fn=<MseLossBackward0>)
accuracy: 76.3157894736842
episode: 9680 loss tensor(0.0186, device='cuda:0', grad_fn=<MseLossBackward0>)
accuracy: 79.73684210526316
episode: 9700 loss tensor(0.0228, device='cuda:0', grad_fn=<MseLossBackward0>)
accuracy: 71.57894736842105
episode: 9720 loss tensor(0.0186, device='cuda:0', grad_fn=<MseLossBackward0>)
accuracy: 78.94736842105263
episode: 9740 loss tensor(0.0182, device='cuda:0', grad_fn=<MseLossBackward0>)
accuracy: 75.26315789473684
episode: 9760 loss tensor(0.0161, device='cuda:0', grad_fn=<MseLossBackward0>)
accuracy: 80.26315789473684
episode: 9780 loss tensor(0.0178, device='cuda:0', grad_fn=<MseLossBackward0>)
accuracy: 82.10526315789474
episode: 9800 loss tensor(0.0177, device='cuda:0', grad_fn=<MseLossBackward0>)
accuracy: 77.10526315789474
episode: 9820 loss tensor(0.0164, device='cuda:0', grad_fn=<MseLossBackward0>)
accuracy: 78.94736842105263
episode: 9840 loss tensor(0.0124, device='cuda:0', grad_fn=<MseLossBackward0>)
accuracy: 86.05263157894737
episode: 9860 loss tensor(0.0154, device='cuda:0', grad_fn=<MseLossBackward0>)
accuracy: 82.89473684210526
episode: 9880 loss tensor(0.0151, device='cuda:0', grad_fn=<MseLossBackward0>)
accuracy: 85.52631578947368
episode: 9900 loss tensor(0.0107, device='cuda:0', grad_fn=<MseLossBackward0>)
accuracy: 90.26315789473684
episode: 9920 loss tensor(0.0202, device='cuda:0', grad_fn=<MseLossBackward0>)
accuracy: 78.15789473684211
episode: 9940 loss tensor(0.0150, device='cuda:0', grad_fn=<MseLossBackward0>)
accuracy: 83.94736842105263
episode: 9960 loss tensor(0.0140, device='cuda:0', grad_fn=<MseLossBackward0>)
accuracy: 87.36842105263158
episode: 9980 loss tensor(0.0137, device='cuda:0', grad_fn=<MseLossBackward0>)
accuracy: 86.57894736842105
episode: 10000 loss tensor(0.0233, device='cuda:0', grad_fn=<MseLossBackward0>)
accuracy: 69.21052631578948
meta_train_time =  1914.5674493312836
