************fewshot_train.py_2023-04-14_20_08_15************
[0;33;40mcheck the file![0m
[0;33;40m./model/meta_training_embedding_20way_1shot_19querty_0.001learning_10000metatrainepisode.pkl[0m
[0;33;40m./model/meta_training_relation_20way_1shot_19querty_0.001learning_10000metatrainepisode.pkl[0m
[0;33;40mload feature encoder success[0m
[0;33;40mload relation network success[0m
[0;33;40mcheck the file![0m
[0;33;40m../h5dataset_ica_bandselect_200/SA_28_28_100_support5_0.h5[0m
episode: 10 loss tensor(0.0627, device='cuda:0', grad_fn=<MseLossBackward0>)
accuracy: 6.25
episode: 20 loss tensor(0.0627, device='cuda:0', grad_fn=<MseLossBackward0>)
accuracy: 6.25
episode: 30 loss tensor(0.0627, device='cuda:0', grad_fn=<MseLossBackward0>)
accuracy: 6.25
episode: 40 loss tensor(0.0627, device='cuda:0', grad_fn=<MseLossBackward0>)
accuracy: 4.6875
episode: 50 loss tensor(0.0625, device='cuda:0', grad_fn=<MseLossBackward0>)
accuracy: 6.25
episode: 60 loss tensor(0.0627, device='cuda:0', grad_fn=<MseLossBackward0>)
accuracy: 6.25
episode: 70 loss tensor(0.0625, device='cuda:0', grad_fn=<MseLossBackward0>)
accuracy: 6.25
episode: 80 loss tensor(0.0627, device='cuda:0', grad_fn=<MseLossBackward0>)
accuracy: 6.25
episode: 90 loss tensor(0.0625, device='cuda:0', grad_fn=<MseLossBackward0>)
accuracy: 6.25
episode: 100 loss tensor(0.0627, device='cuda:0', grad_fn=<MseLossBackward0>)
accuracy: 6.25
episode: 110 loss tensor(0.0627, device='cuda:0', grad_fn=<MseLossBackward0>)
accuracy: 6.25
episode: 120 loss tensor(0.0628, device='cuda:0', grad_fn=<MseLossBackward0>)
accuracy: 6.25
episode: 130 loss tensor(0.0625, device='cuda:0', grad_fn=<MseLossBackward0>)
accuracy: 6.25
episode: 140 loss tensor(0.0625, device='cuda:0', grad_fn=<MseLossBackward0>)
accuracy: 6.25
episode: 150 loss tensor(0.0625, device='cuda:0', grad_fn=<MseLossBackward0>)
accuracy: 6.25
episode: 160 loss tensor(0.0627, device='cuda:0', grad_fn=<MseLossBackward0>)
accuracy: 4.6875
episode: 170 loss tensor(0.0625, device='cuda:0', grad_fn=<MseLossBackward0>)
accuracy: 6.25
episode: 180 loss tensor(0.0627, device='cuda:0', grad_fn=<MseLossBackward0>)
accuracy: 6.25
episode: 190 loss tensor(0.0625, device='cuda:0', grad_fn=<MseLossBackward0>)
accuracy: 6.25
episode: 200 loss tensor(0.0625, device='cuda:0', grad_fn=<MseLossBackward0>)
accuracy: 6.25
episode: 210 loss tensor(0.0625, device='cuda:0', grad_fn=<MseLossBackward0>)
accuracy: 6.25
episode: 220 loss tensor(0.0627, device='cuda:0', grad_fn=<MseLossBackward0>)
accuracy: 6.25
episode: 230 loss tensor(0.0628, device='cuda:0', grad_fn=<MseLossBackward0>)
accuracy: 6.25
episode: 240 loss tensor(0.0625, device='cuda:0', grad_fn=<MseLossBackward0>)
accuracy: 6.25
episode: 250 loss tensor(0.0626, device='cuda:0', grad_fn=<MseLossBackward0>)
accuracy: 6.25
episode: 260 loss tensor(0.0625, device='cuda:0', grad_fn=<MseLossBackward0>)
accuracy: 6.25
episode: 270 loss tensor(0.0625, device='cuda:0', grad_fn=<MseLossBackward0>)
accuracy: 6.25
episode: 280 loss tensor(0.0625, device='cuda:0', grad_fn=<MseLossBackward0>)
accuracy: 6.25
episode: 290 loss tensor(0.0628, device='cuda:0', grad_fn=<MseLossBackward0>)
accuracy: 6.25
episode: 300 loss tensor(0.0625, device='cuda:0', grad_fn=<MseLossBackward0>)
accuracy: 6.25
episode: 310 loss tensor(0.0626, device='cuda:0', grad_fn=<MseLossBackward0>)
accuracy: 6.25
episode: 320 loss tensor(0.0625, device='cuda:0', grad_fn=<MseLossBackward0>)
accuracy: 6.25
episode: 330 loss tensor(0.0626, device='cuda:0', grad_fn=<MseLossBackward0>)
accuracy: 6.25
episode: 340 loss tensor(0.0625, device='cuda:0', grad_fn=<MseLossBackward0>)
accuracy: 6.25
episode: 350 loss tensor(0.0628, device='cuda:0', grad_fn=<MseLossBackward0>)
accuracy: 6.25
episode: 360 loss tensor(0.0626, device='cuda:0', grad_fn=<MseLossBackward0>)
accuracy: 6.25
episode: 370 loss tensor(0.0628, device='cuda:0', grad_fn=<MseLossBackward0>)
accuracy: 6.25
episode: 380 loss tensor(0.0625, device='cuda:0', grad_fn=<MseLossBackward0>)
accuracy: 6.25
episode: 390 loss tensor(0.0625, device='cuda:0', grad_fn=<MseLossBackward0>)
accuracy: 6.25
episode: 400 loss tensor(0.0620, device='cuda:0', grad_fn=<MseLossBackward0>)
accuracy: 7.8125
episode: 410 loss tensor(0.0625, device='cuda:0', grad_fn=<MseLossBackward0>)
accuracy: 6.25
episode: 420 loss tensor(0.0625, device='cuda:0', grad_fn=<MseLossBackward0>)
accuracy: 6.25
episode: 430 loss tensor(0.0628, device='cuda:0', grad_fn=<MseLossBackward0>)
accuracy: 4.6875
episode: 440 loss tensor(0.0628, device='cuda:0', grad_fn=<MseLossBackward0>)
accuracy: 6.25
episode: 450 loss tensor(0.0625, device='cuda:0', grad_fn=<MseLossBackward0>)
accuracy: 6.25
episode: 460 loss tensor(0.0625, device='cuda:0', grad_fn=<MseLossBackward0>)
accuracy: 6.25
episode: 470 loss tensor(0.0625, device='cuda:0', grad_fn=<MseLossBackward0>)
accuracy: 6.25
episode: 480 loss tensor(0.0629, device='cuda:0', grad_fn=<MseLossBackward0>)
accuracy: 6.25
episode: 490 loss tensor(0.0625, device='cuda:0', grad_fn=<MseLossBackward0>)
accuracy: 6.25
episode: 500 loss tensor(0.0625, device='cuda:0', grad_fn=<MseLossBackward0>)
accuracy: 6.25
episode: 510 loss tensor(0.0625, device='cuda:0', grad_fn=<MseLossBackward0>)
accuracy: 6.25
episode: 520 loss tensor(0.0625, device='cuda:0', grad_fn=<MseLossBackward0>)
accuracy: 6.25
episode: 530 loss tensor(0.0626, device='cuda:0', grad_fn=<MseLossBackward0>)
accuracy: 6.25
episode: 540 loss tensor(0.0625, device='cuda:0', grad_fn=<MseLossBackward0>)
accuracy: 6.25
episode: 550 loss tensor(0.0627, device='cuda:0', grad_fn=<MseLossBackward0>)
accuracy: 6.25
episode: 560 loss tensor(0.0625, device='cuda:0', grad_fn=<MseLossBackward0>)
accuracy: 6.25
episode: 570 loss tensor(0.0625, device='cuda:0', grad_fn=<MseLossBackward0>)
accuracy: 6.25
episode: 580 loss tensor(0.0626, device='cuda:0', grad_fn=<MseLossBackward0>)
accuracy: 6.25
episode: 590 loss tensor(0.0621, device='cuda:0', grad_fn=<MseLossBackward0>)
accuracy: 7.8125
episode: 600 loss tensor(0.0625, device='cuda:0', grad_fn=<MseLossBackward0>)
accuracy: 6.25
episode: 610 loss tensor(0.0625, device='cuda:0', grad_fn=<MseLossBackward0>)
accuracy: 6.25
episode: 620 loss tensor(0.0626, device='cuda:0', grad_fn=<MseLossBackward0>)
accuracy: 6.25
episode: 630 loss tensor(0.0625, device='cuda:0', grad_fn=<MseLossBackward0>)
accuracy: 6.25
episode: 640 loss tensor(0.0625, device='cuda:0', grad_fn=<MseLossBackward0>)
accuracy: 6.25
episode: 650 loss tensor(0.0619, device='cuda:0', grad_fn=<MseLossBackward0>)
accuracy: 7.8125
episode: 660 loss tensor(0.0625, device='cuda:0', grad_fn=<MseLossBackward0>)
accuracy: 6.25
episode: 670 loss tensor(0.0625, device='cuda:0', grad_fn=<MseLossBackward0>)
accuracy: 6.25
episode: 680 loss tensor(0.0626, device='cuda:0', grad_fn=<MseLossBackward0>)
accuracy: 6.25
episode: 690 loss tensor(0.0625, device='cuda:0', grad_fn=<MseLossBackward0>)
accuracy: 6.25
episode: 700 loss tensor(0.0625, device='cuda:0', grad_fn=<MseLossBackward0>)
accuracy: 6.25
episode: 710 loss tensor(0.0627, device='cuda:0', grad_fn=<MseLossBackward0>)
accuracy: 6.25
episode: 720 loss tensor(0.0626, device='cuda:0', grad_fn=<MseLossBackward0>)
accuracy: 6.25
episode: 730 loss tensor(0.0626, device='cuda:0', grad_fn=<MseLossBackward0>)
accuracy: 6.25
episode: 740 loss tensor(0.0625, device='cuda:0', grad_fn=<MseLossBackward0>)
accuracy: 6.25
episode: 750 loss tensor(0.0625, device='cuda:0', grad_fn=<MseLossBackward0>)
accuracy: 6.25
episode: 760 loss tensor(0.0626, device='cuda:0', grad_fn=<MseLossBackward0>)
accuracy: 6.25
episode: 770 loss tensor(0.0627, device='cuda:0', grad_fn=<MseLossBackward0>)
accuracy: 6.25
episode: 780 loss tensor(0.0626, device='cuda:0', grad_fn=<MseLossBackward0>)
accuracy: 6.25
episode: 790 loss tensor(0.0625, device='cuda:0', grad_fn=<MseLossBackward0>)
accuracy: 6.25
episode: 800 loss tensor(0.0625, device='cuda:0', grad_fn=<MseLossBackward0>)
accuracy: 6.25
episode: 810 loss tensor(0.0626, device='cuda:0', grad_fn=<MseLossBackward0>)
accuracy: 6.25
episode: 820 loss tensor(0.0626, device='cuda:0', grad_fn=<MseLossBackward0>)
accuracy: 6.25
episode: 830 loss tensor(0.0625, device='cuda:0', grad_fn=<MseLossBackward0>)
accuracy: 6.25
episode: 840 loss tensor(0.0625, device='cuda:0', grad_fn=<MseLossBackward0>)
accuracy: 6.25
episode: 850 loss tensor(0.0625, device='cuda:0', grad_fn=<MseLossBackward0>)
accuracy: 6.25
episode: 860 loss tensor(0.0625, device='cuda:0', grad_fn=<MseLossBackward0>)
accuracy: 6.25
episode: 870 loss tensor(0.0625, device='cuda:0', grad_fn=<MseLossBackward0>)
accuracy: 6.25
episode: 880 loss tensor(0.0626, device='cuda:0', grad_fn=<MseLossBackward0>)
accuracy: 6.25
episode: 890 loss tensor(0.0626, device='cuda:0', grad_fn=<MseLossBackward0>)
accuracy: 6.25
episode: 900 loss tensor(0.0625, device='cuda:0', grad_fn=<MseLossBackward0>)
accuracy: 6.25
episode: 910 loss tensor(0.0626, device='cuda:0', grad_fn=<MseLossBackward0>)
accuracy: 6.25
episode: 920 loss tensor(0.0625, device='cuda:0', grad_fn=<MseLossBackward0>)
accuracy: 6.25
episode: 930 loss tensor(0.0626, device='cuda:0', grad_fn=<MseLossBackward0>)
accuracy: 6.25
episode: 940 loss tensor(0.0625, device='cuda:0', grad_fn=<MseLossBackward0>)
accuracy: 6.25
episode: 950 loss tensor(0.0621, device='cuda:0', grad_fn=<MseLossBackward0>)
accuracy: 7.8125
episode: 960 loss tensor(0.0625, device='cuda:0', grad_fn=<MseLossBackward0>)
accuracy: 6.25
episode: 970 loss tensor(0.0627, device='cuda:0', grad_fn=<MseLossBackward0>)
accuracy: 6.25
episode: 980 loss tensor(0.0625, device='cuda:0', grad_fn=<MseLossBackward0>)
accuracy: 6.25
episode: 990 loss tensor(0.0622, device='cuda:0', grad_fn=<MseLossBackward0>)
accuracy: 7.8125
episode: 1000 loss tensor(0.0626, device='cuda:0', grad_fn=<MseLossBackward0>)
accuracy: 6.25
few shot learning time : 32.11270618438721
[0;33;40mcheck the file![0m
[0;33;40m./model/SA_embdeeing_fewshot_1000fewshotepisode_0.pkl[0m
[0;33;40mcheck the file![0m
[0;33;40m./model/SA_relation_fewshot_1000fewshotepisode_0.pkl[0m
few shot model save success!
