************fewshot_train.py_2023-04-15_11_44_06************
[0;33;40mcheck the file![0m
[0;33;40m./model/meta_training_embedding_25way_1shot_19querty_0.001learning_10000metatrainepisode.pkl[0m
[0;33;40m./model/meta_training_relation_25way_1shot_19querty_0.001learning_10000metatrainepisode.pkl[0m
[0;33;40mload feature encoder success[0m
[0;33;40mload relation network success[0m
[0;33;40mcheck the file![0m
[0;33;40m../h5dataset_ica_bandselect_200/IP_28_28_100_support5_7.h5[0m
episode: 10 loss tensor(0.0447, device='cuda:0', grad_fn=<MseLossBackward0>)
accuracy: 56.25
episode: 20 loss tensor(0.0385, device='cuda:0', grad_fn=<MseLossBackward0>)
accuracy: 64.0625
episode: 30 loss tensor(0.0359, device='cuda:0', grad_fn=<MseLossBackward0>)
accuracy: 59.375
episode: 40 loss tensor(0.0338, device='cuda:0', grad_fn=<MseLossBackward0>)
accuracy: 64.0625
episode: 50 loss tensor(0.0306, device='cuda:0', grad_fn=<MseLossBackward0>)
accuracy: 54.6875
episode: 60 loss tensor(0.0260, device='cuda:0', grad_fn=<MseLossBackward0>)
accuracy: 64.0625
episode: 70 loss tensor(0.0261, device='cuda:0', grad_fn=<MseLossBackward0>)
accuracy: 76.5625
episode: 80 loss tensor(0.0270, device='cuda:0', grad_fn=<MseLossBackward0>)
accuracy: 68.75
episode: 90 loss tensor(0.0184, device='cuda:0', grad_fn=<MseLossBackward0>)
accuracy: 79.6875
episode: 100 loss tensor(0.0137, device='cuda:0', grad_fn=<MseLossBackward0>)
accuracy: 84.375
episode: 110 loss tensor(0.0137, device='cuda:0', grad_fn=<MseLossBackward0>)
accuracy: 82.8125
episode: 120 loss tensor(0.0157, device='cuda:0', grad_fn=<MseLossBackward0>)
accuracy: 78.125
episode: 130 loss tensor(0.0159, device='cuda:0', grad_fn=<MseLossBackward0>)
accuracy: 82.8125
episode: 140 loss tensor(0.0157, device='cuda:0', grad_fn=<MseLossBackward0>)
accuracy: 75.0
episode: 150 loss tensor(0.0176, device='cuda:0', grad_fn=<MseLossBackward0>)
accuracy: 71.875
episode: 160 loss tensor(0.0108, device='cuda:0', grad_fn=<MseLossBackward0>)
accuracy: 84.375
episode: 170 loss tensor(0.0098, device='cuda:0', grad_fn=<MseLossBackward0>)
accuracy: 85.9375
episode: 180 loss tensor(0.0147, device='cuda:0', grad_fn=<MseLossBackward0>)
accuracy: 76.5625
episode: 190 loss tensor(0.0140, device='cuda:0', grad_fn=<MseLossBackward0>)
accuracy: 84.375
episode: 200 loss tensor(0.0156, device='cuda:0', grad_fn=<MseLossBackward0>)
accuracy: 75.0
episode: 210 loss tensor(0.0147, device='cuda:0', grad_fn=<MseLossBackward0>)
accuracy: 78.125
episode: 220 loss tensor(0.0117, device='cuda:0', grad_fn=<MseLossBackward0>)
accuracy: 82.8125
episode: 230 loss tensor(0.0107, device='cuda:0', grad_fn=<MseLossBackward0>)
accuracy: 84.375
episode: 240 loss tensor(0.0147, device='cuda:0', grad_fn=<MseLossBackward0>)
accuracy: 78.125
episode: 250 loss tensor(0.0215, device='cuda:0', grad_fn=<MseLossBackward0>)
accuracy: 67.1875
episode: 260 loss tensor(0.0156, device='cuda:0', grad_fn=<MseLossBackward0>)
accuracy: 81.25
episode: 270 loss tensor(0.0127, device='cuda:0', grad_fn=<MseLossBackward0>)
accuracy: 87.5
episode: 280 loss tensor(0.0098, device='cuda:0', grad_fn=<MseLossBackward0>)
accuracy: 87.5
episode: 290 loss tensor(0.0156, device='cuda:0', grad_fn=<MseLossBackward0>)
accuracy: 75.0
episode: 300 loss tensor(0.0156, device='cuda:0', grad_fn=<MseLossBackward0>)
accuracy: 76.5625
episode: 310 loss tensor(0.0107, device='cuda:0', grad_fn=<MseLossBackward0>)
accuracy: 84.375
episode: 320 loss tensor(0.0176, device='cuda:0', grad_fn=<MseLossBackward0>)
accuracy: 73.4375
episode: 330 loss tensor(0.0176, device='cuda:0', grad_fn=<MseLossBackward0>)
accuracy: 71.875
episode: 340 loss tensor(0.0186, device='cuda:0', grad_fn=<MseLossBackward0>)
accuracy: 70.3125
episode: 350 loss tensor(0.0156, device='cuda:0', grad_fn=<MseLossBackward0>)
accuracy: 76.5625
episode: 360 loss tensor(0.0107, device='cuda:0', grad_fn=<MseLossBackward0>)
accuracy: 84.375
episode: 370 loss tensor(0.0205, device='cuda:0', grad_fn=<MseLossBackward0>)
accuracy: 70.3125
episode: 380 loss tensor(0.0127, device='cuda:0', grad_fn=<MseLossBackward0>)
accuracy: 81.25
episode: 390 loss tensor(0.0107, device='cuda:0', grad_fn=<MseLossBackward0>)
accuracy: 85.9375
episode: 400 loss tensor(0.0137, device='cuda:0', grad_fn=<MseLossBackward0>)
accuracy: 79.6875
episode: 410 loss tensor(0.0146, device='cuda:0', grad_fn=<MseLossBackward0>)
accuracy: 78.125
episode: 420 loss tensor(0.0117, device='cuda:0', grad_fn=<MseLossBackward0>)
accuracy: 82.8125
episode: 430 loss tensor(0.0147, device='cuda:0', grad_fn=<MseLossBackward0>)
accuracy: 79.6875
episode: 440 loss tensor(0.0137, device='cuda:0', grad_fn=<MseLossBackward0>)
accuracy: 81.25
episode: 450 loss tensor(0.0147, device='cuda:0', grad_fn=<MseLossBackward0>)
accuracy: 78.125
episode: 460 loss tensor(0.0107, device='cuda:0', grad_fn=<MseLossBackward0>)
accuracy: 84.375
episode: 470 loss tensor(0.0185, device='cuda:0', grad_fn=<MseLossBackward0>)
accuracy: 76.5625
episode: 480 loss tensor(0.0146, device='cuda:0', grad_fn=<MseLossBackward0>)
accuracy: 78.125
episode: 490 loss tensor(0.0097, device='cuda:0', grad_fn=<MseLossBackward0>)
accuracy: 85.9375
episode: 500 loss tensor(0.0103, device='cuda:0', grad_fn=<MseLossBackward0>)
accuracy: 84.375
episode: 510 loss tensor(0.0166, device='cuda:0', grad_fn=<MseLossBackward0>)
accuracy: 75.0
episode: 520 loss tensor(0.0090, device='cuda:0', grad_fn=<MseLossBackward0>)
accuracy: 85.9375
episode: 530 loss tensor(0.0107, device='cuda:0', grad_fn=<MseLossBackward0>)
accuracy: 85.9375
episode: 540 loss tensor(0.0118, device='cuda:0', grad_fn=<MseLossBackward0>)
accuracy: 84.375
episode: 550 loss tensor(0.0117, device='cuda:0', grad_fn=<MseLossBackward0>)
accuracy: 81.25
episode: 560 loss tensor(0.0094, device='cuda:0', grad_fn=<MseLossBackward0>)
accuracy: 85.9375
episode: 570 loss tensor(0.0090, device='cuda:0', grad_fn=<MseLossBackward0>)
accuracy: 85.9375
episode: 580 loss tensor(0.0128, device='cuda:0', grad_fn=<MseLossBackward0>)
accuracy: 79.6875
episode: 590 loss tensor(0.0137, device='cuda:0', grad_fn=<MseLossBackward0>)
accuracy: 84.375
episode: 600 loss tensor(0.0098, device='cuda:0', grad_fn=<MseLossBackward0>)
accuracy: 84.375
episode: 610 loss tensor(0.0117, device='cuda:0', grad_fn=<MseLossBackward0>)
accuracy: 81.25
episode: 620 loss tensor(0.0080, device='cuda:0', grad_fn=<MseLossBackward0>)
accuracy: 89.0625
episode: 630 loss tensor(0.0107, device='cuda:0', grad_fn=<MseLossBackward0>)
accuracy: 89.0625
episode: 640 loss tensor(0.0088, device='cuda:0', grad_fn=<MseLossBackward0>)
accuracy: 85.9375
episode: 650 loss tensor(0.0091, device='cuda:0', grad_fn=<MseLossBackward0>)
accuracy: 87.5
episode: 660 loss tensor(0.0068, device='cuda:0', grad_fn=<MseLossBackward0>)
accuracy: 89.0625
episode: 670 loss tensor(0.0098, device='cuda:0', grad_fn=<MseLossBackward0>)
accuracy: 84.375
episode: 680 loss tensor(0.0088, device='cuda:0', grad_fn=<MseLossBackward0>)
accuracy: 85.9375
episode: 690 loss tensor(0.0098, device='cuda:0', grad_fn=<MseLossBackward0>)
accuracy: 85.9375
episode: 700 loss tensor(0.0088, device='cuda:0', grad_fn=<MseLossBackward0>)
accuracy: 87.5
episode: 710 loss tensor(0.0078, device='cuda:0', grad_fn=<MseLossBackward0>)
accuracy: 89.0625
episode: 720 loss tensor(0.0068, device='cuda:0', grad_fn=<MseLossBackward0>)
accuracy: 89.0625
episode: 730 loss tensor(0.0098, device='cuda:0', grad_fn=<MseLossBackward0>)
accuracy: 85.9375
episode: 740 loss tensor(0.0078, device='cuda:0', grad_fn=<MseLossBackward0>)
accuracy: 89.0625
episode: 750 loss tensor(0.0098, device='cuda:0', grad_fn=<MseLossBackward0>)
accuracy: 84.375
episode: 760 loss tensor(0.0078, device='cuda:0', grad_fn=<MseLossBackward0>)
accuracy: 89.0625
episode: 770 loss tensor(0.0098, device='cuda:0', grad_fn=<MseLossBackward0>)
accuracy: 84.375
episode: 780 loss tensor(0.0068, device='cuda:0', grad_fn=<MseLossBackward0>)
accuracy: 89.0625
episode: 790 loss tensor(0.0107, device='cuda:0', grad_fn=<MseLossBackward0>)
accuracy: 84.375
episode: 800 loss tensor(0.0098, device='cuda:0', grad_fn=<MseLossBackward0>)
accuracy: 85.9375
episode: 810 loss tensor(0.0107, device='cuda:0', grad_fn=<MseLossBackward0>)
accuracy: 82.8125
episode: 820 loss tensor(0.0127, device='cuda:0', grad_fn=<MseLossBackward0>)
accuracy: 79.6875
episode: 830 loss tensor(0.0088, device='cuda:0', grad_fn=<MseLossBackward0>)
accuracy: 85.9375
episode: 840 loss tensor(0.0098, device='cuda:0', grad_fn=<MseLossBackward0>)
accuracy: 84.375
episode: 850 loss tensor(0.0156, device='cuda:0', grad_fn=<MseLossBackward0>)
accuracy: 75.0
episode: 860 loss tensor(0.0068, device='cuda:0', grad_fn=<MseLossBackward0>)
accuracy: 89.0625
episode: 870 loss tensor(0.0068, device='cuda:0', grad_fn=<MseLossBackward0>)
accuracy: 89.0625
episode: 880 loss tensor(0.0078, device='cuda:0', grad_fn=<MseLossBackward0>)
accuracy: 87.5
episode: 890 loss tensor(0.0098, device='cuda:0', grad_fn=<MseLossBackward0>)
accuracy: 84.375
episode: 900 loss tensor(0.0127, device='cuda:0', grad_fn=<MseLossBackward0>)
accuracy: 81.25
episode: 910 loss tensor(0.0107, device='cuda:0', grad_fn=<MseLossBackward0>)
accuracy: 82.8125
episode: 920 loss tensor(0.0068, device='cuda:0', grad_fn=<MseLossBackward0>)
accuracy: 90.625
episode: 930 loss tensor(0.0117, device='cuda:0', grad_fn=<MseLossBackward0>)
accuracy: 81.25
episode: 940 loss tensor(0.0068, device='cuda:0', grad_fn=<MseLossBackward0>)
accuracy: 89.0625
episode: 950 loss tensor(0.0127, device='cuda:0', grad_fn=<MseLossBackward0>)
accuracy: 79.6875
episode: 960 loss tensor(0.0127, device='cuda:0', grad_fn=<MseLossBackward0>)
accuracy: 79.6875
episode: 970 loss tensor(0.0146, device='cuda:0', grad_fn=<MseLossBackward0>)
accuracy: 76.5625
episode: 980 loss tensor(0.0068, device='cuda:0', grad_fn=<MseLossBackward0>)
accuracy: 90.625
episode: 990 loss tensor(0.0088, device='cuda:0', grad_fn=<MseLossBackward0>)
accuracy: 87.5
episode: 1000 loss tensor(0.0078, device='cuda:0', grad_fn=<MseLossBackward0>)
accuracy: 89.0625
few shot learning time : 47.26752853393555
[0;33;40mcheck the file![0m
[0;33;40m./model/IP_embdeeing_fewshot_1000fewshotepisode_7.pkl[0m
[0;33;40mcheck the file![0m
[0;33;40m./model/IP_relation_fewshot_1000fewshotepisode_7.pkl[0m
few shot model save success!
