************fewshot_train.py_2023-04-15_11_15_43************
[0;33;40mcheck the file![0m
[0;33;40m./model/meta_training_embedding_25way_1shot_19querty_0.001learning_10000metatrainepisode.pkl[0m
[0;33;40m./model/meta_training_relation_25way_1shot_19querty_0.001learning_10000metatrainepisode.pkl[0m
[0;33;40mload feature encoder success[0m
[0;33;40mload relation network success[0m
[0;33;40mcheck the file![0m
[0;33;40m../h5dataset_ica_bandselect_200/SA_28_28_100_support5_0.h5[0m
episode: 10 loss tensor(0.0287, device='cuda:0', grad_fn=<MseLossBackward0>)
accuracy: 76.5625
episode: 20 loss tensor(0.0239, device='cuda:0', grad_fn=<MseLossBackward0>)
accuracy: 81.25
episode: 30 loss tensor(0.0147, device='cuda:0', grad_fn=<MseLossBackward0>)
accuracy: 90.625
episode: 40 loss tensor(0.0102, device='cuda:0', grad_fn=<MseLossBackward0>)
accuracy: 87.5
episode: 50 loss tensor(0.0060, device='cuda:0', grad_fn=<MseLossBackward0>)
accuracy: 93.75
episode: 60 loss tensor(0.0060, device='cuda:0', grad_fn=<MseLossBackward0>)
accuracy: 93.75
episode: 70 loss tensor(0.0117, device='cuda:0', grad_fn=<MseLossBackward0>)
accuracy: 87.5
episode: 80 loss tensor(0.0061, device='cuda:0', grad_fn=<MseLossBackward0>)
accuracy: 92.1875
episode: 90 loss tensor(0.0041, device='cuda:0', grad_fn=<MseLossBackward0>)
accuracy: 95.3125
episode: 100 loss tensor(0.0039, device='cuda:0', grad_fn=<MseLossBackward0>)
accuracy: 93.75
episode: 110 loss tensor(0.0069, device='cuda:0', grad_fn=<MseLossBackward0>)
accuracy: 89.0625
episode: 120 loss tensor(0.0041, device='cuda:0', grad_fn=<MseLossBackward0>)
accuracy: 93.75
episode: 130 loss tensor(0.0058, device='cuda:0', grad_fn=<MseLossBackward0>)
accuracy: 95.3125
episode: 140 loss tensor(0.0044, device='cuda:0', grad_fn=<MseLossBackward0>)
accuracy: 95.3125
episode: 150 loss tensor(0.0044, device='cuda:0', grad_fn=<MseLossBackward0>)
accuracy: 95.3125
episode: 160 loss tensor(0.0069, device='cuda:0', grad_fn=<MseLossBackward0>)
accuracy: 90.625
episode: 170 loss tensor(0.0031, device='cuda:0', grad_fn=<MseLossBackward0>)
accuracy: 98.4375
episode: 180 loss tensor(0.0034, device='cuda:0', grad_fn=<MseLossBackward0>)
accuracy: 100.0
episode: 190 loss tensor(0.0054, device='cuda:0', grad_fn=<MseLossBackward0>)
accuracy: 92.1875
episode: 200 loss tensor(0.0082, device='cuda:0', grad_fn=<MseLossBackward0>)
accuracy: 87.5
episode: 210 loss tensor(0.0023, device='cuda:0', grad_fn=<MseLossBackward0>)
accuracy: 98.4375
episode: 220 loss tensor(0.0020, device='cuda:0', grad_fn=<MseLossBackward0>)
accuracy: 98.4375
episode: 230 loss tensor(0.0060, device='cuda:0', grad_fn=<MseLossBackward0>)
accuracy: 93.75
episode: 240 loss tensor(0.0012, device='cuda:0', grad_fn=<MseLossBackward0>)
accuracy: 100.0
episode: 250 loss tensor(0.0049, device='cuda:0', grad_fn=<MseLossBackward0>)
accuracy: 100.0
episode: 260 loss tensor(0.0010, device='cuda:0', grad_fn=<MseLossBackward0>)
accuracy: 100.0
episode: 270 loss tensor(0.0018, device='cuda:0', grad_fn=<MseLossBackward0>)
accuracy: 100.0
episode: 280 loss tensor(0.0047, device='cuda:0', grad_fn=<MseLossBackward0>)
accuracy: 93.75
episode: 290 loss tensor(6.9316e-05, device='cuda:0', grad_fn=<MseLossBackward0>)
accuracy: 100.0
episode: 300 loss tensor(0.0006, device='cuda:0', grad_fn=<MseLossBackward0>)
accuracy: 100.0
episode: 310 loss tensor(0.0002, device='cuda:0', grad_fn=<MseLossBackward0>)
accuracy: 100.0
episode: 320 loss tensor(9.5383e-05, device='cuda:0', grad_fn=<MseLossBackward0>)
accuracy: 100.0
episode: 330 loss tensor(0.0003, device='cuda:0', grad_fn=<MseLossBackward0>)
accuracy: 100.0
episode: 340 loss tensor(9.4383e-05, device='cuda:0', grad_fn=<MseLossBackward0>)
accuracy: 100.0
episode: 350 loss tensor(7.3550e-05, device='cuda:0', grad_fn=<MseLossBackward0>)
accuracy: 100.0
episode: 360 loss tensor(3.1979e-06, device='cuda:0', grad_fn=<MseLossBackward0>)
accuracy: 100.0
episode: 370 loss tensor(4.8288e-06, device='cuda:0', grad_fn=<MseLossBackward0>)
accuracy: 100.0
episode: 380 loss tensor(2.9089e-06, device='cuda:0', grad_fn=<MseLossBackward0>)
accuracy: 100.0
episode: 390 loss tensor(9.7150e-06, device='cuda:0', grad_fn=<MseLossBackward0>)
accuracy: 100.0
episode: 400 loss tensor(3.4031e-06, device='cuda:0', grad_fn=<MseLossBackward0>)
accuracy: 100.0
episode: 410 loss tensor(2.4261e-06, device='cuda:0', grad_fn=<MseLossBackward0>)
accuracy: 100.0
episode: 420 loss tensor(2.5254e-06, device='cuda:0', grad_fn=<MseLossBackward0>)
accuracy: 100.0
episode: 430 loss tensor(1.8764e-06, device='cuda:0', grad_fn=<MseLossBackward0>)
accuracy: 100.0
episode: 440 loss tensor(2.8904e-06, device='cuda:0', grad_fn=<MseLossBackward0>)
accuracy: 100.0
episode: 450 loss tensor(1.9273e-06, device='cuda:0', grad_fn=<MseLossBackward0>)
accuracy: 100.0
episode: 460 loss tensor(2.3069e-06, device='cuda:0', grad_fn=<MseLossBackward0>)
accuracy: 100.0
episode: 470 loss tensor(1.5874e-06, device='cuda:0', grad_fn=<MseLossBackward0>)
accuracy: 100.0
episode: 480 loss tensor(1.2594e-06, device='cuda:0', grad_fn=<MseLossBackward0>)
accuracy: 100.0
episode: 490 loss tensor(3.2245e-06, device='cuda:0', grad_fn=<MseLossBackward0>)
accuracy: 100.0
episode: 500 loss tensor(9.3286e-07, device='cuda:0', grad_fn=<MseLossBackward0>)
accuracy: 100.0
episode: 510 loss tensor(1.3192e-06, device='cuda:0', grad_fn=<MseLossBackward0>)
accuracy: 100.0
episode: 520 loss tensor(1.1986e-06, device='cuda:0', grad_fn=<MseLossBackward0>)
accuracy: 100.0
episode: 530 loss tensor(1.0310e-06, device='cuda:0', grad_fn=<MseLossBackward0>)
accuracy: 100.0
episode: 540 loss tensor(1.3065e-06, device='cuda:0', grad_fn=<MseLossBackward0>)
accuracy: 100.0
episode: 550 loss tensor(9.1509e-07, device='cuda:0', grad_fn=<MseLossBackward0>)
accuracy: 100.0
episode: 560 loss tensor(1.7162e-06, device='cuda:0', grad_fn=<MseLossBackward0>)
accuracy: 100.0
episode: 570 loss tensor(8.2852e-07, device='cuda:0', grad_fn=<MseLossBackward0>)
accuracy: 100.0
episode: 580 loss tensor(1.2213e-06, device='cuda:0', grad_fn=<MseLossBackward0>)
accuracy: 100.0
episode: 590 loss tensor(9.9632e-07, device='cuda:0', grad_fn=<MseLossBackward0>)
accuracy: 100.0
episode: 600 loss tensor(1.6175e-06, device='cuda:0', grad_fn=<MseLossBackward0>)
accuracy: 100.0
episode: 610 loss tensor(6.8134e-07, device='cuda:0', grad_fn=<MseLossBackward0>)
accuracy: 100.0
episode: 620 loss tensor(6.7266e-07, device='cuda:0', grad_fn=<MseLossBackward0>)
accuracy: 100.0
episode: 630 loss tensor(1.1088e-06, device='cuda:0', grad_fn=<MseLossBackward0>)
accuracy: 100.0
episode: 640 loss tensor(1.0513e-06, device='cuda:0', grad_fn=<MseLossBackward0>)
accuracy: 100.0
episode: 650 loss tensor(7.0459e-07, device='cuda:0', grad_fn=<MseLossBackward0>)
accuracy: 100.0
episode: 660 loss tensor(9.7285e-07, device='cuda:0', grad_fn=<MseLossBackward0>)
accuracy: 100.0
episode: 670 loss tensor(4.3435e-07, device='cuda:0', grad_fn=<MseLossBackward0>)
accuracy: 100.0
episode: 680 loss tensor(3.2237e-07, device='cuda:0', grad_fn=<MseLossBackward0>)
accuracy: 100.0
episode: 690 loss tensor(1.3931e-06, device='cuda:0', grad_fn=<MseLossBackward0>)
accuracy: 100.0
episode: 700 loss tensor(7.7969e-07, device='cuda:0', grad_fn=<MseLossBackward0>)
accuracy: 100.0
episode: 710 loss tensor(6.7222e-07, device='cuda:0', grad_fn=<MseLossBackward0>)
accuracy: 100.0
episode: 720 loss tensor(6.1236e-07, device='cuda:0', grad_fn=<MseLossBackward0>)
accuracy: 100.0
episode: 730 loss tensor(6.1145e-07, device='cuda:0', grad_fn=<MseLossBackward0>)
accuracy: 100.0
episode: 740 loss tensor(5.2368e-07, device='cuda:0', grad_fn=<MseLossBackward0>)
accuracy: 100.0
episode: 750 loss tensor(4.6148e-07, device='cuda:0', grad_fn=<MseLossBackward0>)
accuracy: 100.0
episode: 760 loss tensor(4.9228e-07, device='cuda:0', grad_fn=<MseLossBackward0>)
accuracy: 100.0
episode: 770 loss tensor(6.5197e-07, device='cuda:0', grad_fn=<MseLossBackward0>)
accuracy: 100.0
episode: 780 loss tensor(4.4080e-07, device='cuda:0', grad_fn=<MseLossBackward0>)
accuracy: 100.0
episode: 790 loss tensor(7.3169e-07, device='cuda:0', grad_fn=<MseLossBackward0>)
accuracy: 100.0
episode: 800 loss tensor(1.4254e-06, device='cuda:0', grad_fn=<MseLossBackward0>)
accuracy: 100.0
episode: 810 loss tensor(1.1650e-06, device='cuda:0', grad_fn=<MseLossBackward0>)
accuracy: 100.0
episode: 820 loss tensor(5.5068e-07, device='cuda:0', grad_fn=<MseLossBackward0>)
accuracy: 100.0
episode: 830 loss tensor(8.9992e-07, device='cuda:0', grad_fn=<MseLossBackward0>)
accuracy: 100.0
episode: 840 loss tensor(7.5348e-07, device='cuda:0', grad_fn=<MseLossBackward0>)
accuracy: 100.0
episode: 850 loss tensor(4.6988e-07, device='cuda:0', grad_fn=<MseLossBackward0>)
accuracy: 100.0
episode: 860 loss tensor(5.3548e-07, device='cuda:0', grad_fn=<MseLossBackward0>)
accuracy: 100.0
episode: 870 loss tensor(4.6515e-07, device='cuda:0', grad_fn=<MseLossBackward0>)
accuracy: 100.0
episode: 880 loss tensor(7.0815e-07, device='cuda:0', grad_fn=<MseLossBackward0>)
accuracy: 100.0
episode: 890 loss tensor(1.1111e-06, device='cuda:0', grad_fn=<MseLossBackward0>)
accuracy: 100.0
episode: 900 loss tensor(7.4996e-07, device='cuda:0', grad_fn=<MseLossBackward0>)
accuracy: 100.0
episode: 910 loss tensor(6.6567e-07, device='cuda:0', grad_fn=<MseLossBackward0>)
accuracy: 100.0
episode: 920 loss tensor(1.2134e-06, device='cuda:0', grad_fn=<MseLossBackward0>)
accuracy: 100.0
episode: 930 loss tensor(1.1834e-06, device='cuda:0', grad_fn=<MseLossBackward0>)
accuracy: 100.0
episode: 940 loss tensor(1.0166e-06, device='cuda:0', grad_fn=<MseLossBackward0>)
accuracy: 100.0
episode: 950 loss tensor(5.5580e-07, device='cuda:0', grad_fn=<MseLossBackward0>)
accuracy: 100.0
episode: 960 loss tensor(4.6043e-07, device='cuda:0', grad_fn=<MseLossBackward0>)
accuracy: 100.0
episode: 970 loss tensor(3.8843e-07, device='cuda:0', grad_fn=<MseLossBackward0>)
accuracy: 100.0
episode: 980 loss tensor(1.0347e-06, device='cuda:0', grad_fn=<MseLossBackward0>)
accuracy: 100.0
episode: 990 loss tensor(7.5428e-07, device='cuda:0', grad_fn=<MseLossBackward0>)
accuracy: 100.0
episode: 1000 loss tensor(1.6895e-06, device='cuda:0', grad_fn=<MseLossBackward0>)
accuracy: 100.0
few shot learning time : 47.08504366874695
[0;33;40mcheck the file![0m
[0;33;40m./model/SA_embdeeing_fewshot_1000fewshotepisode_0.pkl[0m
[0;33;40mcheck the file![0m
[0;33;40m./model/SA_relation_fewshot_1000fewshotepisode_0.pkl[0m
few shot model save success!
