************fewshot_train.py_2023-04-15_11_22_35************
[0;33;40mcheck the file![0m
[0;33;40m./model/meta_training_embedding_15way_1shot_19querty_0.001learning_10000metatrainepisode.pkl[0m
[0;33;40m./model/meta_training_relation_15way_1shot_19querty_0.001learning_10000metatrainepisode.pkl[0m
[0;33;40mload feature encoder success[0m
[0;33;40mload relation network success[0m
[0;33;40mcheck the file![0m
[0;33;40m../h5dataset_ica_bandselect_200/UP_28_28_100_support5_2.h5[0m
episode: 10 loss tensor(0.0710, device='cuda:0', grad_fn=<MseLossBackward0>)
accuracy: 66.66666666666667
episode: 20 loss tensor(0.0592, device='cuda:0', grad_fn=<MseLossBackward0>)
accuracy: 61.111111111111114
episode: 30 loss tensor(0.0583, device='cuda:0', grad_fn=<MseLossBackward0>)
accuracy: 58.333333333333336
episode: 40 loss tensor(0.0457, device='cuda:0', grad_fn=<MseLossBackward0>)
accuracy: 77.77777777777777
episode: 50 loss tensor(0.0416, device='cuda:0', grad_fn=<MseLossBackward0>)
accuracy: 83.33333333333333
episode: 60 loss tensor(0.0204, device='cuda:0', grad_fn=<MseLossBackward0>)
accuracy: 83.33333333333333
episode: 70 loss tensor(0.0200, device='cuda:0', grad_fn=<MseLossBackward0>)
accuracy: 83.33333333333333
episode: 80 loss tensor(0.0194, device='cuda:0', grad_fn=<MseLossBackward0>)
accuracy: 83.33333333333333
episode: 90 loss tensor(0.0130, device='cuda:0', grad_fn=<MseLossBackward0>)
accuracy: 88.88888888888889
episode: 100 loss tensor(0.0133, device='cuda:0', grad_fn=<MseLossBackward0>)
accuracy: 88.88888888888889
episode: 110 loss tensor(0.0189, device='cuda:0', grad_fn=<MseLossBackward0>)
accuracy: 83.33333333333333
episode: 120 loss tensor(0.0127, device='cuda:0', grad_fn=<MseLossBackward0>)
accuracy: 91.66666666666667
episode: 130 loss tensor(0.0188, device='cuda:0', grad_fn=<MseLossBackward0>)
accuracy: 86.11111111111111
episode: 140 loss tensor(0.0126, device='cuda:0', grad_fn=<MseLossBackward0>)
accuracy: 88.88888888888889
episode: 150 loss tensor(0.0126, device='cuda:0', grad_fn=<MseLossBackward0>)
accuracy: 91.66666666666667
episode: 160 loss tensor(0.0188, device='cuda:0', grad_fn=<MseLossBackward0>)
accuracy: 86.11111111111111
episode: 170 loss tensor(0.0189, device='cuda:0', grad_fn=<MseLossBackward0>)
accuracy: 83.33333333333333
episode: 180 loss tensor(0.0127, device='cuda:0', grad_fn=<MseLossBackward0>)
accuracy: 91.66666666666667
episode: 190 loss tensor(0.0127, device='cuda:0', grad_fn=<MseLossBackward0>)
accuracy: 91.66666666666667
episode: 200 loss tensor(0.0187, device='cuda:0', grad_fn=<MseLossBackward0>)
accuracy: 86.11111111111111
episode: 210 loss tensor(0.0189, device='cuda:0', grad_fn=<MseLossBackward0>)
accuracy: 86.11111111111111
episode: 220 loss tensor(0.0191, device='cuda:0', grad_fn=<MseLossBackward0>)
accuracy: 83.33333333333333
episode: 230 loss tensor(0.0096, device='cuda:0', grad_fn=<MseLossBackward0>)
accuracy: 91.66666666666667
episode: 240 loss tensor(0.0157, device='cuda:0', grad_fn=<MseLossBackward0>)
accuracy: 88.88888888888889
episode: 250 loss tensor(0.0095, device='cuda:0', grad_fn=<MseLossBackward0>)
accuracy: 91.66666666666667
episode: 260 loss tensor(0.0157, device='cuda:0', grad_fn=<MseLossBackward0>)
accuracy: 86.11111111111111
episode: 270 loss tensor(0.0095, device='cuda:0', grad_fn=<MseLossBackward0>)
accuracy: 91.66666666666667
episode: 280 loss tensor(0.0095, device='cuda:0', grad_fn=<MseLossBackward0>)
accuracy: 91.66666666666667
episode: 290 loss tensor(0.0096, device='cuda:0', grad_fn=<MseLossBackward0>)
accuracy: 91.66666666666667
episode: 300 loss tensor(0.0095, device='cuda:0', grad_fn=<MseLossBackward0>)
accuracy: 91.66666666666667
episode: 310 loss tensor(0.0196, device='cuda:0', grad_fn=<MseLossBackward0>)
accuracy: 83.33333333333333
episode: 320 loss tensor(0.0095, device='cuda:0', grad_fn=<MseLossBackward0>)
accuracy: 91.66666666666667
episode: 330 loss tensor(0.0095, device='cuda:0', grad_fn=<MseLossBackward0>)
accuracy: 91.66666666666667
episode: 340 loss tensor(0.0156, device='cuda:0', grad_fn=<MseLossBackward0>)
accuracy: 86.11111111111111
episode: 350 loss tensor(0.0156, device='cuda:0', grad_fn=<MseLossBackward0>)
accuracy: 86.11111111111111
episode: 360 loss tensor(0.0095, device='cuda:0', grad_fn=<MseLossBackward0>)
accuracy: 91.66666666666667
episode: 370 loss tensor(0.0095, device='cuda:0', grad_fn=<MseLossBackward0>)
accuracy: 91.66666666666667
episode: 380 loss tensor(0.0094, device='cuda:0', grad_fn=<MseLossBackward0>)
accuracy: 91.66666666666667
episode: 390 loss tensor(0.0156, device='cuda:0', grad_fn=<MseLossBackward0>)
accuracy: 86.11111111111111
episode: 400 loss tensor(0.0095, device='cuda:0', grad_fn=<MseLossBackward0>)
accuracy: 91.66666666666667
episode: 410 loss tensor(0.0095, device='cuda:0', grad_fn=<MseLossBackward0>)
accuracy: 91.66666666666667
episode: 420 loss tensor(0.0095, device='cuda:0', grad_fn=<MseLossBackward0>)
accuracy: 91.66666666666667
episode: 430 loss tensor(0.0156, device='cuda:0', grad_fn=<MseLossBackward0>)
accuracy: 86.11111111111111
episode: 440 loss tensor(0.0094, device='cuda:0', grad_fn=<MseLossBackward0>)
accuracy: 91.66666666666667
episode: 450 loss tensor(0.0095, device='cuda:0', grad_fn=<MseLossBackward0>)
accuracy: 91.66666666666667
episode: 460 loss tensor(0.0157, device='cuda:0', grad_fn=<MseLossBackward0>)
accuracy: 86.11111111111111
episode: 470 loss tensor(0.0156, device='cuda:0', grad_fn=<MseLossBackward0>)
accuracy: 86.11111111111111
episode: 480 loss tensor(0.0095, device='cuda:0', grad_fn=<MseLossBackward0>)
accuracy: 91.66666666666667
episode: 490 loss tensor(0.0095, device='cuda:0', grad_fn=<MseLossBackward0>)
accuracy: 91.66666666666667
episode: 500 loss tensor(0.0248, device='cuda:0', grad_fn=<MseLossBackward0>)
accuracy: 77.77777777777777
episode: 510 loss tensor(0.0161, device='cuda:0', grad_fn=<MseLossBackward0>)
accuracy: 88.88888888888889
episode: 520 loss tensor(0.0188, device='cuda:0', grad_fn=<MseLossBackward0>)
accuracy: 83.33333333333333
episode: 530 loss tensor(0.0095, device='cuda:0', grad_fn=<MseLossBackward0>)
accuracy: 91.66666666666667
episode: 540 loss tensor(0.0095, device='cuda:0', grad_fn=<MseLossBackward0>)
accuracy: 91.66666666666667
episode: 550 loss tensor(0.0187, device='cuda:0', grad_fn=<MseLossBackward0>)
accuracy: 83.33333333333333
episode: 560 loss tensor(0.0095, device='cuda:0', grad_fn=<MseLossBackward0>)
accuracy: 91.66666666666667
episode: 570 loss tensor(0.0094, device='cuda:0', grad_fn=<MseLossBackward0>)
accuracy: 91.66666666666667
episode: 580 loss tensor(0.0187, device='cuda:0', grad_fn=<MseLossBackward0>)
accuracy: 86.11111111111111
episode: 590 loss tensor(0.0156, device='cuda:0', grad_fn=<MseLossBackward0>)
accuracy: 86.11111111111111
episode: 600 loss tensor(0.0094, device='cuda:0', grad_fn=<MseLossBackward0>)
accuracy: 91.66666666666667
episode: 610 loss tensor(0.0095, device='cuda:0', grad_fn=<MseLossBackward0>)
accuracy: 91.66666666666667
episode: 620 loss tensor(0.0095, device='cuda:0', grad_fn=<MseLossBackward0>)
accuracy: 91.66666666666667
episode: 630 loss tensor(0.0187, device='cuda:0', grad_fn=<MseLossBackward0>)
accuracy: 83.33333333333333
episode: 640 loss tensor(0.0156, device='cuda:0', grad_fn=<MseLossBackward0>)
accuracy: 86.11111111111111
episode: 650 loss tensor(0.0095, device='cuda:0', grad_fn=<MseLossBackward0>)
accuracy: 91.66666666666667
episode: 660 loss tensor(0.0187, device='cuda:0', grad_fn=<MseLossBackward0>)
accuracy: 83.33333333333333
episode: 670 loss tensor(0.0156, device='cuda:0', grad_fn=<MseLossBackward0>)
accuracy: 88.88888888888889
episode: 680 loss tensor(0.0156, device='cuda:0', grad_fn=<MseLossBackward0>)
accuracy: 86.11111111111111
episode: 690 loss tensor(0.0094, device='cuda:0', grad_fn=<MseLossBackward0>)
accuracy: 91.66666666666667
episode: 700 loss tensor(0.0095, device='cuda:0', grad_fn=<MseLossBackward0>)
accuracy: 91.66666666666667
episode: 710 loss tensor(0.0156, device='cuda:0', grad_fn=<MseLossBackward0>)
accuracy: 86.11111111111111
episode: 720 loss tensor(0.0156, device='cuda:0', grad_fn=<MseLossBackward0>)
accuracy: 86.11111111111111
episode: 730 loss tensor(0.0156, device='cuda:0', grad_fn=<MseLossBackward0>)
accuracy: 86.11111111111111
episode: 740 loss tensor(0.0094, device='cuda:0', grad_fn=<MseLossBackward0>)
accuracy: 91.66666666666667
episode: 750 loss tensor(0.0094, device='cuda:0', grad_fn=<MseLossBackward0>)
accuracy: 91.66666666666667
episode: 760 loss tensor(0.0094, device='cuda:0', grad_fn=<MseLossBackward0>)
accuracy: 91.66666666666667
episode: 770 loss tensor(0.0094, device='cuda:0', grad_fn=<MseLossBackward0>)
accuracy: 91.66666666666667
episode: 780 loss tensor(0.0094, device='cuda:0', grad_fn=<MseLossBackward0>)
accuracy: 91.66666666666667
episode: 790 loss tensor(0.0094, device='cuda:0', grad_fn=<MseLossBackward0>)
accuracy: 91.66666666666667
episode: 800 loss tensor(0.0094, device='cuda:0', grad_fn=<MseLossBackward0>)
accuracy: 91.66666666666667
episode: 810 loss tensor(0.0094, device='cuda:0', grad_fn=<MseLossBackward0>)
accuracy: 91.66666666666667
episode: 820 loss tensor(0.0094, device='cuda:0', grad_fn=<MseLossBackward0>)
accuracy: 91.66666666666667
episode: 830 loss tensor(0.0094, device='cuda:0', grad_fn=<MseLossBackward0>)
accuracy: 91.66666666666667
episode: 840 loss tensor(0.0156, device='cuda:0', grad_fn=<MseLossBackward0>)
accuracy: 88.88888888888889
episode: 850 loss tensor(0.0094, device='cuda:0', grad_fn=<MseLossBackward0>)
accuracy: 91.66666666666667
episode: 860 loss tensor(0.0094, device='cuda:0', grad_fn=<MseLossBackward0>)
accuracy: 91.66666666666667
episode: 870 loss tensor(0.0155, device='cuda:0', grad_fn=<MseLossBackward0>)
accuracy: 88.88888888888889
episode: 880 loss tensor(0.0156, device='cuda:0', grad_fn=<MseLossBackward0>)
accuracy: 86.11111111111111
episode: 890 loss tensor(0.0187, device='cuda:0', grad_fn=<MseLossBackward0>)
accuracy: 83.33333333333333
episode: 900 loss tensor(0.0094, device='cuda:0', grad_fn=<MseLossBackward0>)
accuracy: 91.66666666666667
episode: 910 loss tensor(0.0156, device='cuda:0', grad_fn=<MseLossBackward0>)
accuracy: 86.11111111111111
episode: 920 loss tensor(0.0187, device='cuda:0', grad_fn=<MseLossBackward0>)
accuracy: 83.33333333333333
episode: 930 loss tensor(0.0094, device='cuda:0', grad_fn=<MseLossBackward0>)
accuracy: 91.66666666666667
episode: 940 loss tensor(0.0094, device='cuda:0', grad_fn=<MseLossBackward0>)
accuracy: 91.66666666666667
episode: 950 loss tensor(0.0187, device='cuda:0', grad_fn=<MseLossBackward0>)
accuracy: 83.33333333333333
episode: 960 loss tensor(0.0094, device='cuda:0', grad_fn=<MseLossBackward0>)
accuracy: 91.66666666666667
episode: 970 loss tensor(0.0094, device='cuda:0', grad_fn=<MseLossBackward0>)
accuracy: 91.66666666666667
episode: 980 loss tensor(0.0094, device='cuda:0', grad_fn=<MseLossBackward0>)
accuracy: 91.66666666666667
episode: 990 loss tensor(0.0102, device='cuda:0', grad_fn=<MseLossBackward0>)
accuracy: 94.44444444444444
episode: 1000 loss tensor(0.0094, device='cuda:0', grad_fn=<MseLossBackward0>)
accuracy: 91.66666666666667
few shot learning time : 24.423293113708496
[0;33;40mcheck the file![0m
[0;33;40m./model/UP_embdeeing_fewshot_1000fewshotepisode_2.pkl[0m
[0;33;40mcheck the file![0m
[0;33;40m./model/UP_relation_fewshot_1000fewshotepisode_2.pkl[0m
few shot model save success!
