************fewshot_train.py_2023-04-15_10_55_30************
[0;33;40mcheck the file![0m
[0;33;40m./model/meta_training_embedding_15way_1shot_19querty_0.001learning_10000metatrainepisode.pkl[0m
[0;33;40m./model/meta_training_relation_15way_1shot_19querty_0.001learning_10000metatrainepisode.pkl[0m
[0;33;40mload feature encoder success[0m
[0;33;40mload relation network success[0m
[0;33;40mcheck the file![0m
[0;33;40m../h5dataset_ica_bandselect_200/SA_28_28_100_support5_6.h5[0m
episode: 10 loss tensor(0.0367, device='cuda:0', grad_fn=<MseLossBackward0>)
accuracy: 76.5625
episode: 20 loss tensor(0.0208, device='cuda:0', grad_fn=<MseLossBackward0>)
accuracy: 84.375
episode: 30 loss tensor(0.0168, device='cuda:0', grad_fn=<MseLossBackward0>)
accuracy: 85.9375
episode: 40 loss tensor(0.0132, device='cuda:0', grad_fn=<MseLossBackward0>)
accuracy: 84.375
episode: 50 loss tensor(0.0121, device='cuda:0', grad_fn=<MseLossBackward0>)
accuracy: 92.1875
episode: 60 loss tensor(0.0108, device='cuda:0', grad_fn=<MseLossBackward0>)
accuracy: 89.0625
episode: 70 loss tensor(0.0055, device='cuda:0', grad_fn=<MseLossBackward0>)
accuracy: 96.875
episode: 80 loss tensor(0.0073, device='cuda:0', grad_fn=<MseLossBackward0>)
accuracy: 95.3125
episode: 90 loss tensor(0.0096, device='cuda:0', grad_fn=<MseLossBackward0>)
accuracy: 90.625
episode: 100 loss tensor(0.0063, device='cuda:0', grad_fn=<MseLossBackward0>)
accuracy: 92.1875
episode: 110 loss tensor(0.0060, device='cuda:0', grad_fn=<MseLossBackward0>)
accuracy: 90.625
episode: 120 loss tensor(0.0039, device='cuda:0', grad_fn=<MseLossBackward0>)
accuracy: 95.3125
episode: 130 loss tensor(0.0043, device='cuda:0', grad_fn=<MseLossBackward0>)
accuracy: 93.75
episode: 140 loss tensor(0.0121, device='cuda:0', grad_fn=<MseLossBackward0>)
accuracy: 87.5
episode: 150 loss tensor(0.0043, device='cuda:0', grad_fn=<MseLossBackward0>)
accuracy: 93.75
episode: 160 loss tensor(0.0022, device='cuda:0', grad_fn=<MseLossBackward0>)
accuracy: 96.875
episode: 170 loss tensor(0.0024, device='cuda:0', grad_fn=<MseLossBackward0>)
accuracy: 96.875
episode: 180 loss tensor(0.0022, device='cuda:0', grad_fn=<MseLossBackward0>)
accuracy: 96.875
episode: 190 loss tensor(0.0021, device='cuda:0', grad_fn=<MseLossBackward0>)
accuracy: 98.4375
episode: 200 loss tensor(0.0021, device='cuda:0', grad_fn=<MseLossBackward0>)
accuracy: 98.4375
episode: 210 loss tensor(0.0035, device='cuda:0', grad_fn=<MseLossBackward0>)
accuracy: 96.875
episode: 220 loss tensor(0.0032, device='cuda:0', grad_fn=<MseLossBackward0>)
accuracy: 96.875
episode: 230 loss tensor(0.0053, device='cuda:0', grad_fn=<MseLossBackward0>)
accuracy: 92.1875
episode: 240 loss tensor(0.0052, device='cuda:0', grad_fn=<MseLossBackward0>)
accuracy: 93.75
episode: 250 loss tensor(0.0051, device='cuda:0', grad_fn=<MseLossBackward0>)
accuracy: 92.1875
episode: 260 loss tensor(0.0023, device='cuda:0', grad_fn=<MseLossBackward0>)
accuracy: 98.4375
episode: 270 loss tensor(0.0021, device='cuda:0', grad_fn=<MseLossBackward0>)
accuracy: 96.875
episode: 280 loss tensor(0.0021, device='cuda:0', grad_fn=<MseLossBackward0>)
accuracy: 100.0
episode: 290 loss tensor(0.0022, device='cuda:0', grad_fn=<MseLossBackward0>)
accuracy: 96.875
episode: 300 loss tensor(0.0051, device='cuda:0', grad_fn=<MseLossBackward0>)
accuracy: 93.75
episode: 310 loss tensor(0.0021, device='cuda:0', grad_fn=<MseLossBackward0>)
accuracy: 96.875
episode: 320 loss tensor(0.0021, device='cuda:0', grad_fn=<MseLossBackward0>)
accuracy: 98.4375
episode: 330 loss tensor(0.0068, device='cuda:0', grad_fn=<MseLossBackward0>)
accuracy: 92.1875
episode: 340 loss tensor(0.0022, device='cuda:0', grad_fn=<MseLossBackward0>)
accuracy: 96.875
episode: 350 loss tensor(0.0022, device='cuda:0', grad_fn=<MseLossBackward0>)
accuracy: 98.4375
episode: 360 loss tensor(0.0082, device='cuda:0', grad_fn=<MseLossBackward0>)
accuracy: 92.1875
episode: 370 loss tensor(0.0022, device='cuda:0', grad_fn=<MseLossBackward0>)
accuracy: 96.875
episode: 380 loss tensor(0.0050, device='cuda:0', grad_fn=<MseLossBackward0>)
accuracy: 92.1875
episode: 390 loss tensor(0.0021, device='cuda:0', grad_fn=<MseLossBackward0>)
accuracy: 98.4375
episode: 400 loss tensor(0.0021, device='cuda:0', grad_fn=<MseLossBackward0>)
accuracy: 98.4375
episode: 410 loss tensor(0.0051, device='cuda:0', grad_fn=<MseLossBackward0>)
accuracy: 92.1875
episode: 420 loss tensor(0.0079, device='cuda:0', grad_fn=<MseLossBackward0>)
accuracy: 87.5
episode: 430 loss tensor(0.0021, device='cuda:0', grad_fn=<MseLossBackward0>)
accuracy: 96.875
episode: 440 loss tensor(0.0021, device='cuda:0', grad_fn=<MseLossBackward0>)
accuracy: 96.875
episode: 450 loss tensor(0.0051, device='cuda:0', grad_fn=<MseLossBackward0>)
accuracy: 95.3125
episode: 460 loss tensor(0.0050, device='cuda:0', grad_fn=<MseLossBackward0>)
accuracy: 95.3125
episode: 470 loss tensor(0.0029, device='cuda:0', grad_fn=<MseLossBackward0>)
accuracy: 98.4375
episode: 480 loss tensor(0.0050, device='cuda:0', grad_fn=<MseLossBackward0>)
accuracy: 93.75
episode: 490 loss tensor(0.0030, device='cuda:0', grad_fn=<MseLossBackward0>)
accuracy: 96.875
episode: 500 loss tensor(0.0021, device='cuda:0', grad_fn=<MseLossBackward0>)
accuracy: 98.4375
episode: 510 loss tensor(0.0021, device='cuda:0', grad_fn=<MseLossBackward0>)
accuracy: 98.4375
episode: 520 loss tensor(0.0023, device='cuda:0', grad_fn=<MseLossBackward0>)
accuracy: 98.4375
episode: 530 loss tensor(0.0021, device='cuda:0', grad_fn=<MseLossBackward0>)
accuracy: 98.4375
episode: 540 loss tensor(0.0021, device='cuda:0', grad_fn=<MseLossBackward0>)
accuracy: 96.875
episode: 550 loss tensor(0.0021, device='cuda:0', grad_fn=<MseLossBackward0>)
accuracy: 96.875
episode: 560 loss tensor(0.0021, device='cuda:0', grad_fn=<MseLossBackward0>)
accuracy: 100.0
episode: 570 loss tensor(0.0051, device='cuda:0', grad_fn=<MseLossBackward0>)
accuracy: 93.75
episode: 580 loss tensor(0.0050, device='cuda:0', grad_fn=<MseLossBackward0>)
accuracy: 92.1875
episode: 590 loss tensor(0.0021, device='cuda:0', grad_fn=<MseLossBackward0>)
accuracy: 98.4375
episode: 600 loss tensor(0.0021, device='cuda:0', grad_fn=<MseLossBackward0>)
accuracy: 96.875
episode: 610 loss tensor(0.0021, device='cuda:0', grad_fn=<MseLossBackward0>)
accuracy: 98.4375
episode: 620 loss tensor(0.0021, device='cuda:0', grad_fn=<MseLossBackward0>)
accuracy: 96.875
episode: 630 loss tensor(0.0021, device='cuda:0', grad_fn=<MseLossBackward0>)
accuracy: 100.0
episode: 640 loss tensor(0.0021, device='cuda:0', grad_fn=<MseLossBackward0>)
accuracy: 98.4375
episode: 650 loss tensor(0.0021, device='cuda:0', grad_fn=<MseLossBackward0>)
accuracy: 98.4375
episode: 660 loss tensor(0.0021, device='cuda:0', grad_fn=<MseLossBackward0>)
accuracy: 96.875
episode: 670 loss tensor(0.0021, device='cuda:0', grad_fn=<MseLossBackward0>)
accuracy: 98.4375
episode: 680 loss tensor(0.0052, device='cuda:0', grad_fn=<MseLossBackward0>)
accuracy: 93.75
episode: 690 loss tensor(0.0021, device='cuda:0', grad_fn=<MseLossBackward0>)
accuracy: 100.0
episode: 700 loss tensor(0.0021, device='cuda:0', grad_fn=<MseLossBackward0>)
accuracy: 96.875
episode: 710 loss tensor(0.0021, device='cuda:0', grad_fn=<MseLossBackward0>)
accuracy: 98.4375
episode: 720 loss tensor(0.0050, device='cuda:0', grad_fn=<MseLossBackward0>)
accuracy: 92.1875
episode: 730 loss tensor(0.0021, device='cuda:0', grad_fn=<MseLossBackward0>)
accuracy: 98.4375
episode: 740 loss tensor(0.0021, device='cuda:0', grad_fn=<MseLossBackward0>)
accuracy: 96.875
episode: 750 loss tensor(0.0021, device='cuda:0', grad_fn=<MseLossBackward0>)
accuracy: 98.4375
episode: 760 loss tensor(0.0050, device='cuda:0', grad_fn=<MseLossBackward0>)
accuracy: 92.1875
episode: 770 loss tensor(0.0022, device='cuda:0', grad_fn=<MseLossBackward0>)
accuracy: 100.0
episode: 780 loss tensor(0.0050, device='cuda:0', grad_fn=<MseLossBackward0>)
accuracy: 93.75
episode: 790 loss tensor(0.0030, device='cuda:0', grad_fn=<MseLossBackward0>)
accuracy: 96.875
episode: 800 loss tensor(0.0050, device='cuda:0', grad_fn=<MseLossBackward0>)
accuracy: 93.75
episode: 810 loss tensor(0.0021, device='cuda:0', grad_fn=<MseLossBackward0>)
accuracy: 96.875
episode: 820 loss tensor(0.0050, device='cuda:0', grad_fn=<MseLossBackward0>)
accuracy: 96.875
episode: 830 loss tensor(0.0050, device='cuda:0', grad_fn=<MseLossBackward0>)
accuracy: 93.75
episode: 840 loss tensor(0.0021, device='cuda:0', grad_fn=<MseLossBackward0>)
accuracy: 98.4375
episode: 850 loss tensor(0.0020, device='cuda:0', grad_fn=<MseLossBackward0>)
accuracy: 98.4375
episode: 860 loss tensor(0.0021, device='cuda:0', grad_fn=<MseLossBackward0>)
accuracy: 96.875
episode: 870 loss tensor(0.0021, device='cuda:0', grad_fn=<MseLossBackward0>)
accuracy: 98.4375
episode: 880 loss tensor(0.0021, device='cuda:0', grad_fn=<MseLossBackward0>)
accuracy: 98.4375
episode: 890 loss tensor(0.0050, device='cuda:0', grad_fn=<MseLossBackward0>)
accuracy: 93.75
episode: 900 loss tensor(0.0021, device='cuda:0', grad_fn=<MseLossBackward0>)
accuracy: 96.875
episode: 910 loss tensor(0.0030, device='cuda:0', grad_fn=<MseLossBackward0>)
accuracy: 98.4375
episode: 920 loss tensor(0.0021, device='cuda:0', grad_fn=<MseLossBackward0>)
accuracy: 100.0
episode: 930 loss tensor(0.0050, device='cuda:0', grad_fn=<MseLossBackward0>)
accuracy: 93.75
episode: 940 loss tensor(0.0021, device='cuda:0', grad_fn=<MseLossBackward0>)
accuracy: 96.875
episode: 950 loss tensor(0.0050, device='cuda:0', grad_fn=<MseLossBackward0>)
accuracy: 93.75
episode: 960 loss tensor(0.0021, device='cuda:0', grad_fn=<MseLossBackward0>)
accuracy: 98.4375
episode: 970 loss tensor(0.0079, device='cuda:0', grad_fn=<MseLossBackward0>)
accuracy: 90.625
episode: 980 loss tensor(0.0021, device='cuda:0', grad_fn=<MseLossBackward0>)
accuracy: 98.4375
episode: 990 loss tensor(0.0021, device='cuda:0', grad_fn=<MseLossBackward0>)
accuracy: 98.4375
episode: 1000 loss tensor(0.0021, device='cuda:0', grad_fn=<MseLossBackward0>)
accuracy: 96.875
few shot learning time : 39.08204174041748
[0;33;40mcheck the file![0m
[0;33;40m./model/SA_embdeeing_fewshot_1000fewshotepisode_6.pkl[0m
[0;33;40mcheck the file![0m
[0;33;40m./model/SA_relation_fewshot_1000fewshotepisode_6.pkl[0m
few shot model save success!
