************fewshot_train.py_2023-04-15_11_25_48************
[0;33;40mcheck the file![0m
[0;33;40m./model/meta_training_embedding_15way_1shot_19querty_0.001learning_10000metatrainepisode.pkl[0m
[0;33;40m./model/meta_training_relation_15way_1shot_19querty_0.001learning_10000metatrainepisode.pkl[0m
[0;33;40mload feature encoder success[0m
[0;33;40mload relation network success[0m
[0;33;40mcheck the file![0m
[0;33;40m../h5dataset_ica_bandselect_200/UP_28_28_100_support5_4.h5[0m
episode: 10 loss tensor(0.0915, device='cuda:0', grad_fn=<MseLossBackward0>)
accuracy: 41.666666666666664
episode: 20 loss tensor(0.0774, device='cuda:0', grad_fn=<MseLossBackward0>)
accuracy: 55.55555555555556
episode: 30 loss tensor(0.0676, device='cuda:0', grad_fn=<MseLossBackward0>)
accuracy: 63.888888888888886
episode: 40 loss tensor(0.0602, device='cuda:0', grad_fn=<MseLossBackward0>)
accuracy: 69.44444444444444
episode: 50 loss tensor(0.0566, device='cuda:0', grad_fn=<MseLossBackward0>)
accuracy: 58.333333333333336
episode: 60 loss tensor(0.0429, device='cuda:0', grad_fn=<MseLossBackward0>)
accuracy: 66.66666666666667
episode: 70 loss tensor(0.0387, device='cuda:0', grad_fn=<MseLossBackward0>)
accuracy: 75.0
episode: 80 loss tensor(0.0460, device='cuda:0', grad_fn=<MseLossBackward0>)
accuracy: 63.888888888888886
episode: 90 loss tensor(0.0427, device='cuda:0', grad_fn=<MseLossBackward0>)
accuracy: 72.22222222222223
episode: 100 loss tensor(0.0449, device='cuda:0', grad_fn=<MseLossBackward0>)
accuracy: 72.22222222222223
episode: 110 loss tensor(0.0434, device='cuda:0', grad_fn=<MseLossBackward0>)
accuracy: 69.44444444444444
episode: 120 loss tensor(0.0374, device='cuda:0', grad_fn=<MseLossBackward0>)
accuracy: 69.44444444444444
episode: 130 loss tensor(0.0257, device='cuda:0', grad_fn=<MseLossBackward0>)
accuracy: 77.77777777777777
episode: 140 loss tensor(0.0308, device='cuda:0', grad_fn=<MseLossBackward0>)
accuracy: 77.77777777777777
episode: 150 loss tensor(0.0281, device='cuda:0', grad_fn=<MseLossBackward0>)
accuracy: 75.0
episode: 160 loss tensor(0.0250, device='cuda:0', grad_fn=<MseLossBackward0>)
accuracy: 77.77777777777777
episode: 170 loss tensor(0.0342, device='cuda:0', grad_fn=<MseLossBackward0>)
accuracy: 69.44444444444444
episode: 180 loss tensor(0.0342, device='cuda:0', grad_fn=<MseLossBackward0>)
accuracy: 72.22222222222223
episode: 190 loss tensor(0.0341, device='cuda:0', grad_fn=<MseLossBackward0>)
accuracy: 77.77777777777777
episode: 200 loss tensor(0.0280, device='cuda:0', grad_fn=<MseLossBackward0>)
accuracy: 75.0
episode: 210 loss tensor(0.0249, device='cuda:0', grad_fn=<MseLossBackward0>)
accuracy: 80.55555555555556
episode: 220 loss tensor(0.0465, device='cuda:0', grad_fn=<MseLossBackward0>)
accuracy: 66.66666666666667
episode: 230 loss tensor(0.0282, device='cuda:0', grad_fn=<MseLossBackward0>)
accuracy: 77.77777777777777
episode: 240 loss tensor(0.0341, device='cuda:0', grad_fn=<MseLossBackward0>)
accuracy: 69.44444444444444
episode: 250 loss tensor(0.0280, device='cuda:0', grad_fn=<MseLossBackward0>)
accuracy: 75.0
episode: 260 loss tensor(0.0342, device='cuda:0', grad_fn=<MseLossBackward0>)
accuracy: 69.44444444444444
episode: 270 loss tensor(0.0249, device='cuda:0', grad_fn=<MseLossBackward0>)
accuracy: 77.77777777777777
episode: 280 loss tensor(0.0311, device='cuda:0', grad_fn=<MseLossBackward0>)
accuracy: 75.0
episode: 290 loss tensor(0.0280, device='cuda:0', grad_fn=<MseLossBackward0>)
accuracy: 75.0
episode: 300 loss tensor(0.0249, device='cuda:0', grad_fn=<MseLossBackward0>)
accuracy: 77.77777777777777
episode: 310 loss tensor(0.0280, device='cuda:0', grad_fn=<MseLossBackward0>)
accuracy: 75.0
episode: 320 loss tensor(0.0342, device='cuda:0', grad_fn=<MseLossBackward0>)
accuracy: 69.44444444444444
episode: 330 loss tensor(0.0341, device='cuda:0', grad_fn=<MseLossBackward0>)
accuracy: 69.44444444444444
episode: 340 loss tensor(0.0341, device='cuda:0', grad_fn=<MseLossBackward0>)
accuracy: 75.0
episode: 350 loss tensor(0.0341, device='cuda:0', grad_fn=<MseLossBackward0>)
accuracy: 69.44444444444444
episode: 360 loss tensor(0.0372, device='cuda:0', grad_fn=<MseLossBackward0>)
accuracy: 66.66666666666667
episode: 370 loss tensor(0.0341, device='cuda:0', grad_fn=<MseLossBackward0>)
accuracy: 69.44444444444444
episode: 380 loss tensor(0.0280, device='cuda:0', grad_fn=<MseLossBackward0>)
accuracy: 77.77777777777777
episode: 390 loss tensor(0.0249, device='cuda:0', grad_fn=<MseLossBackward0>)
accuracy: 77.77777777777777
episode: 400 loss tensor(0.0249, device='cuda:0', grad_fn=<MseLossBackward0>)
accuracy: 77.77777777777777
episode: 410 loss tensor(0.0279, device='cuda:0', grad_fn=<MseLossBackward0>)
accuracy: 77.77777777777777
episode: 420 loss tensor(0.0341, device='cuda:0', grad_fn=<MseLossBackward0>)
accuracy: 72.22222222222223
episode: 430 loss tensor(0.0280, device='cuda:0', grad_fn=<MseLossBackward0>)
accuracy: 75.0
episode: 440 loss tensor(0.0434, device='cuda:0', grad_fn=<MseLossBackward0>)
accuracy: 66.66666666666667
episode: 450 loss tensor(0.0372, device='cuda:0', grad_fn=<MseLossBackward0>)
accuracy: 69.44444444444444
episode: 460 loss tensor(0.0249, device='cuda:0', grad_fn=<MseLossBackward0>)
accuracy: 80.55555555555556
episode: 470 loss tensor(0.0248, device='cuda:0', grad_fn=<MseLossBackward0>)
accuracy: 77.77777777777777
episode: 480 loss tensor(0.0372, device='cuda:0', grad_fn=<MseLossBackward0>)
accuracy: 69.44444444444444
episode: 490 loss tensor(0.0279, device='cuda:0', grad_fn=<MseLossBackward0>)
accuracy: 75.0
episode: 500 loss tensor(0.0341, device='cuda:0', grad_fn=<MseLossBackward0>)
accuracy: 75.0
episode: 510 loss tensor(0.0248, device='cuda:0', grad_fn=<MseLossBackward0>)
accuracy: 77.77777777777777
episode: 520 loss tensor(0.0279, device='cuda:0', grad_fn=<MseLossBackward0>)
accuracy: 75.0
episode: 530 loss tensor(0.0248, device='cuda:0', grad_fn=<MseLossBackward0>)
accuracy: 80.55555555555556
episode: 540 loss tensor(0.0248, device='cuda:0', grad_fn=<MseLossBackward0>)
accuracy: 77.77777777777777
episode: 550 loss tensor(0.0279, device='cuda:0', grad_fn=<MseLossBackward0>)
accuracy: 75.0
episode: 560 loss tensor(0.0249, device='cuda:0', grad_fn=<MseLossBackward0>)
accuracy: 77.77777777777777
episode: 570 loss tensor(0.0248, device='cuda:0', grad_fn=<MseLossBackward0>)
accuracy: 80.55555555555556
episode: 580 loss tensor(0.0279, device='cuda:0', grad_fn=<MseLossBackward0>)
accuracy: 80.55555555555556
episode: 590 loss tensor(0.0373, device='cuda:0', grad_fn=<MseLossBackward0>)
accuracy: 69.44444444444444
episode: 600 loss tensor(0.0280, device='cuda:0', grad_fn=<MseLossBackward0>)
accuracy: 75.0
episode: 610 loss tensor(0.0248, device='cuda:0', grad_fn=<MseLossBackward0>)
accuracy: 83.33333333333333
episode: 620 loss tensor(0.0280, device='cuda:0', grad_fn=<MseLossBackward0>)
accuracy: 75.0
episode: 630 loss tensor(0.0402, device='cuda:0', grad_fn=<MseLossBackward0>)
accuracy: 63.888888888888886
episode: 640 loss tensor(0.0433, device='cuda:0', grad_fn=<MseLossBackward0>)
accuracy: 69.44444444444444
episode: 650 loss tensor(0.0249, device='cuda:0', grad_fn=<MseLossBackward0>)
accuracy: 77.77777777777777
episode: 660 loss tensor(0.0341, device='cuda:0', grad_fn=<MseLossBackward0>)
accuracy: 75.0
episode: 670 loss tensor(0.0341, device='cuda:0', grad_fn=<MseLossBackward0>)
accuracy: 69.44444444444444
episode: 680 loss tensor(0.0248, device='cuda:0', grad_fn=<MseLossBackward0>)
accuracy: 77.77777777777777
episode: 690 loss tensor(0.0279, device='cuda:0', grad_fn=<MseLossBackward0>)
accuracy: 75.0
episode: 700 loss tensor(0.0341, device='cuda:0', grad_fn=<MseLossBackward0>)
accuracy: 69.44444444444444
episode: 710 loss tensor(0.0434, device='cuda:0', grad_fn=<MseLossBackward0>)
accuracy: 63.888888888888886
episode: 720 loss tensor(0.0248, device='cuda:0', grad_fn=<MseLossBackward0>)
accuracy: 80.55555555555556
episode: 730 loss tensor(0.0279, device='cuda:0', grad_fn=<MseLossBackward0>)
accuracy: 75.0
episode: 740 loss tensor(0.0310, device='cuda:0', grad_fn=<MseLossBackward0>)
accuracy: 77.77777777777777
episode: 750 loss tensor(0.0434, device='cuda:0', grad_fn=<MseLossBackward0>)
accuracy: 69.44444444444444
episode: 760 loss tensor(0.0383, device='cuda:0', grad_fn=<MseLossBackward0>)
accuracy: 69.44444444444444
episode: 770 loss tensor(0.0341, device='cuda:0', grad_fn=<MseLossBackward0>)
accuracy: 69.44444444444444
episode: 780 loss tensor(0.0248, device='cuda:0', grad_fn=<MseLossBackward0>)
accuracy: 77.77777777777777
episode: 790 loss tensor(0.0248, device='cuda:0', grad_fn=<MseLossBackward0>)
accuracy: 77.77777777777777
episode: 800 loss tensor(0.0341, device='cuda:0', grad_fn=<MseLossBackward0>)
accuracy: 75.0
episode: 810 loss tensor(0.0279, device='cuda:0', grad_fn=<MseLossBackward0>)
accuracy: 75.0
episode: 820 loss tensor(0.0435, device='cuda:0', grad_fn=<MseLossBackward0>)
accuracy: 66.66666666666667
episode: 830 loss tensor(0.0433, device='cuda:0', grad_fn=<MseLossBackward0>)
accuracy: 69.44444444444444
episode: 840 loss tensor(0.0341, device='cuda:0', grad_fn=<MseLossBackward0>)
accuracy: 69.44444444444444
episode: 850 loss tensor(0.0248, device='cuda:0', grad_fn=<MseLossBackward0>)
accuracy: 86.11111111111111
episode: 860 loss tensor(0.0279, device='cuda:0', grad_fn=<MseLossBackward0>)
accuracy: 77.77777777777777
episode: 870 loss tensor(0.0344, device='cuda:0', grad_fn=<MseLossBackward0>)
accuracy: 75.0
episode: 880 loss tensor(0.0248, device='cuda:0', grad_fn=<MseLossBackward0>)
accuracy: 77.77777777777777
episode: 890 loss tensor(0.0372, device='cuda:0', grad_fn=<MseLossBackward0>)
accuracy: 69.44444444444444
episode: 900 loss tensor(0.0372, device='cuda:0', grad_fn=<MseLossBackward0>)
accuracy: 69.44444444444444
episode: 910 loss tensor(0.0279, device='cuda:0', grad_fn=<MseLossBackward0>)
accuracy: 83.33333333333333
episode: 920 loss tensor(0.0248, device='cuda:0', grad_fn=<MseLossBackward0>)
accuracy: 83.33333333333333
episode: 930 loss tensor(0.0371, device='cuda:0', grad_fn=<MseLossBackward0>)
accuracy: 66.66666666666667
episode: 940 loss tensor(0.0341, device='cuda:0', grad_fn=<MseLossBackward0>)
accuracy: 69.44444444444444
episode: 950 loss tensor(0.0279, device='cuda:0', grad_fn=<MseLossBackward0>)
accuracy: 75.0
episode: 960 loss tensor(0.0248, device='cuda:0', grad_fn=<MseLossBackward0>)
accuracy: 80.55555555555556
episode: 970 loss tensor(0.0341, device='cuda:0', grad_fn=<MseLossBackward0>)
accuracy: 75.0
episode: 980 loss tensor(0.0249, device='cuda:0', grad_fn=<MseLossBackward0>)
accuracy: 80.55555555555556
episode: 990 loss tensor(0.0248, device='cuda:0', grad_fn=<MseLossBackward0>)
accuracy: 80.55555555555556
episode: 1000 loss tensor(0.0248, device='cuda:0', grad_fn=<MseLossBackward0>)
accuracy: 80.55555555555556
few shot learning time : 24.45112442970276
[0;33;40mcheck the file![0m
[0;33;40m./model/UP_embdeeing_fewshot_1000fewshotepisode_4.pkl[0m
[0;33;40mcheck the file![0m
[0;33;40m./model/UP_relation_fewshot_1000fewshotepisode_4.pkl[0m
few shot model save success!
