************fewshot_train.py_2023-04-15_11_33_53************
[0;33;40mcheck the file![0m
[0;33;40m./model/meta_training_embedding_15way_1shot_19querty_0.001learning_10000metatrainepisode.pkl[0m
[0;33;40m./model/meta_training_relation_15way_1shot_19querty_0.001learning_10000metatrainepisode.pkl[0m
[0;33;40mload feature encoder success[0m
[0;33;40mload relation network success[0m
[0;33;40mcheck the file![0m
[0;33;40m../h5dataset_ica_bandselect_200/UP_28_28_100_support5_9.h5[0m
episode: 10 loss tensor(0.0858, device='cuda:0', grad_fn=<MseLossBackward0>)
accuracy: 55.55555555555556
episode: 20 loss tensor(0.0665, device='cuda:0', grad_fn=<MseLossBackward0>)
accuracy: 66.66666666666667
episode: 30 loss tensor(0.0797, device='cuda:0', grad_fn=<MseLossBackward0>)
accuracy: 63.888888888888886
episode: 40 loss tensor(0.0692, device='cuda:0', grad_fn=<MseLossBackward0>)
accuracy: 63.888888888888886
episode: 50 loss tensor(0.0569, device='cuda:0', grad_fn=<MseLossBackward0>)
accuracy: 77.77777777777777
episode: 60 loss tensor(0.0586, device='cuda:0', grad_fn=<MseLossBackward0>)
accuracy: 69.44444444444444
episode: 70 loss tensor(0.0336, device='cuda:0', grad_fn=<MseLossBackward0>)
accuracy: 75.0
episode: 80 loss tensor(0.0278, device='cuda:0', grad_fn=<MseLossBackward0>)
accuracy: 88.88888888888889
episode: 90 loss tensor(0.0170, device='cuda:0', grad_fn=<MseLossBackward0>)
accuracy: 94.44444444444444
episode: 100 loss tensor(0.0210, device='cuda:0', grad_fn=<MseLossBackward0>)
accuracy: 88.88888888888889
episode: 110 loss tensor(0.0094, device='cuda:0', grad_fn=<MseLossBackward0>)
accuracy: 94.44444444444444
episode: 120 loss tensor(0.0060, device='cuda:0', grad_fn=<MseLossBackward0>)
accuracy: 97.22222222222223
episode: 130 loss tensor(0.0098, device='cuda:0', grad_fn=<MseLossBackward0>)
accuracy: 94.44444444444444
episode: 140 loss tensor(0.0036, device='cuda:0', grad_fn=<MseLossBackward0>)
accuracy: 97.22222222222223
episode: 150 loss tensor(0.0047, device='cuda:0', grad_fn=<MseLossBackward0>)
accuracy: 100.0
episode: 160 loss tensor(0.0034, device='cuda:0', grad_fn=<MseLossBackward0>)
accuracy: 100.0
episode: 170 loss tensor(0.0036, device='cuda:0', grad_fn=<MseLossBackward0>)
accuracy: 97.22222222222223
episode: 180 loss tensor(0.0065, device='cuda:0', grad_fn=<MseLossBackward0>)
accuracy: 97.22222222222223
episode: 190 loss tensor(0.0034, device='cuda:0', grad_fn=<MseLossBackward0>)
accuracy: 97.22222222222223
episode: 200 loss tensor(0.0036, device='cuda:0', grad_fn=<MseLossBackward0>)
accuracy: 97.22222222222223
episode: 210 loss tensor(0.0096, device='cuda:0', grad_fn=<MseLossBackward0>)
accuracy: 97.22222222222223
episode: 220 loss tensor(0.0096, device='cuda:0', grad_fn=<MseLossBackward0>)
accuracy: 97.22222222222223
episode: 230 loss tensor(0.0099, device='cuda:0', grad_fn=<MseLossBackward0>)
accuracy: 91.66666666666667
episode: 240 loss tensor(0.0036, device='cuda:0', grad_fn=<MseLossBackward0>)
accuracy: 97.22222222222223
episode: 250 loss tensor(0.0061, device='cuda:0', grad_fn=<MseLossBackward0>)
accuracy: 100.0
episode: 260 loss tensor(0.0034, device='cuda:0', grad_fn=<MseLossBackward0>)
accuracy: 97.22222222222223
episode: 270 loss tensor(0.0020, device='cuda:0', grad_fn=<MseLossBackward0>)
accuracy: 100.0
episode: 280 loss tensor(0.0035, device='cuda:0', grad_fn=<MseLossBackward0>)
accuracy: 100.0
episode: 290 loss tensor(0.0034, device='cuda:0', grad_fn=<MseLossBackward0>)
accuracy: 100.0
episode: 300 loss tensor(0.0034, device='cuda:0', grad_fn=<MseLossBackward0>)
accuracy: 97.22222222222223
episode: 310 loss tensor(0.0012, device='cuda:0', grad_fn=<MseLossBackward0>)
accuracy: 100.0
episode: 320 loss tensor(0.0004, device='cuda:0', grad_fn=<MseLossBackward0>)
accuracy: 100.0
episode: 330 loss tensor(0.0003, device='cuda:0', grad_fn=<MseLossBackward0>)
accuracy: 100.0
episode: 340 loss tensor(0.0004, device='cuda:0', grad_fn=<MseLossBackward0>)
accuracy: 100.0
episode: 350 loss tensor(0.0004, device='cuda:0', grad_fn=<MseLossBackward0>)
accuracy: 100.0
episode: 360 loss tensor(0.0003, device='cuda:0', grad_fn=<MseLossBackward0>)
accuracy: 100.0
episode: 370 loss tensor(0.0003, device='cuda:0', grad_fn=<MseLossBackward0>)
accuracy: 100.0
episode: 380 loss tensor(0.0003, device='cuda:0', grad_fn=<MseLossBackward0>)
accuracy: 100.0
episode: 390 loss tensor(0.0003, device='cuda:0', grad_fn=<MseLossBackward0>)
accuracy: 100.0
episode: 400 loss tensor(0.0002, device='cuda:0', grad_fn=<MseLossBackward0>)
accuracy: 100.0
episode: 410 loss tensor(0.0002, device='cuda:0', grad_fn=<MseLossBackward0>)
accuracy: 100.0
episode: 420 loss tensor(0.0003, device='cuda:0', grad_fn=<MseLossBackward0>)
accuracy: 100.0
episode: 430 loss tensor(0.0002, device='cuda:0', grad_fn=<MseLossBackward0>)
accuracy: 100.0
episode: 440 loss tensor(0.0003, device='cuda:0', grad_fn=<MseLossBackward0>)
accuracy: 100.0
episode: 450 loss tensor(0.0003, device='cuda:0', grad_fn=<MseLossBackward0>)
accuracy: 100.0
episode: 460 loss tensor(0.0003, device='cuda:0', grad_fn=<MseLossBackward0>)
accuracy: 100.0
episode: 470 loss tensor(0.0002, device='cuda:0', grad_fn=<MseLossBackward0>)
accuracy: 100.0
episode: 480 loss tensor(0.0003, device='cuda:0', grad_fn=<MseLossBackward0>)
accuracy: 100.0
episode: 490 loss tensor(0.0002, device='cuda:0', grad_fn=<MseLossBackward0>)
accuracy: 100.0
episode: 500 loss tensor(0.0002, device='cuda:0', grad_fn=<MseLossBackward0>)
accuracy: 100.0
episode: 510 loss tensor(0.0002, device='cuda:0', grad_fn=<MseLossBackward0>)
accuracy: 100.0
episode: 520 loss tensor(0.0003, device='cuda:0', grad_fn=<MseLossBackward0>)
accuracy: 100.0
episode: 530 loss tensor(0.0002, device='cuda:0', grad_fn=<MseLossBackward0>)
accuracy: 100.0
episode: 540 loss tensor(0.0003, device='cuda:0', grad_fn=<MseLossBackward0>)
accuracy: 100.0
episode: 550 loss tensor(0.0002, device='cuda:0', grad_fn=<MseLossBackward0>)
accuracy: 100.0
episode: 560 loss tensor(0.0002, device='cuda:0', grad_fn=<MseLossBackward0>)
accuracy: 100.0
episode: 570 loss tensor(0.0002, device='cuda:0', grad_fn=<MseLossBackward0>)
accuracy: 100.0
episode: 580 loss tensor(0.0002, device='cuda:0', grad_fn=<MseLossBackward0>)
accuracy: 100.0
episode: 590 loss tensor(0.0003, device='cuda:0', grad_fn=<MseLossBackward0>)
accuracy: 100.0
episode: 600 loss tensor(0.0002, device='cuda:0', grad_fn=<MseLossBackward0>)
accuracy: 100.0
episode: 610 loss tensor(0.0003, device='cuda:0', grad_fn=<MseLossBackward0>)
accuracy: 100.0
episode: 620 loss tensor(0.0002, device='cuda:0', grad_fn=<MseLossBackward0>)
accuracy: 100.0
episode: 630 loss tensor(0.0001, device='cuda:0', grad_fn=<MseLossBackward0>)
accuracy: 100.0
episode: 640 loss tensor(0.0002, device='cuda:0', grad_fn=<MseLossBackward0>)
accuracy: 100.0
episode: 650 loss tensor(0.0003, device='cuda:0', grad_fn=<MseLossBackward0>)
accuracy: 100.0
episode: 660 loss tensor(0.0002, device='cuda:0', grad_fn=<MseLossBackward0>)
accuracy: 100.0
episode: 670 loss tensor(0.0002, device='cuda:0', grad_fn=<MseLossBackward0>)
accuracy: 100.0
episode: 680 loss tensor(0.0002, device='cuda:0', grad_fn=<MseLossBackward0>)
accuracy: 100.0
episode: 690 loss tensor(0.0002, device='cuda:0', grad_fn=<MseLossBackward0>)
accuracy: 100.0
episode: 700 loss tensor(0.0002, device='cuda:0', grad_fn=<MseLossBackward0>)
accuracy: 100.0
episode: 710 loss tensor(0.0001, device='cuda:0', grad_fn=<MseLossBackward0>)
accuracy: 100.0
episode: 720 loss tensor(0.0002, device='cuda:0', grad_fn=<MseLossBackward0>)
accuracy: 100.0
episode: 730 loss tensor(0.0002, device='cuda:0', grad_fn=<MseLossBackward0>)
accuracy: 100.0
episode: 740 loss tensor(0.0001, device='cuda:0', grad_fn=<MseLossBackward0>)
accuracy: 100.0
episode: 750 loss tensor(0.0002, device='cuda:0', grad_fn=<MseLossBackward0>)
accuracy: 100.0
episode: 760 loss tensor(0.0002, device='cuda:0', grad_fn=<MseLossBackward0>)
accuracy: 100.0
episode: 770 loss tensor(0.0002, device='cuda:0', grad_fn=<MseLossBackward0>)
accuracy: 100.0
episode: 780 loss tensor(0.0002, device='cuda:0', grad_fn=<MseLossBackward0>)
accuracy: 100.0
episode: 790 loss tensor(0.0002, device='cuda:0', grad_fn=<MseLossBackward0>)
accuracy: 100.0
episode: 800 loss tensor(0.0001, device='cuda:0', grad_fn=<MseLossBackward0>)
accuracy: 100.0
episode: 810 loss tensor(0.0002, device='cuda:0', grad_fn=<MseLossBackward0>)
accuracy: 100.0
episode: 820 loss tensor(0.0002, device='cuda:0', grad_fn=<MseLossBackward0>)
accuracy: 100.0
episode: 830 loss tensor(0.0002, device='cuda:0', grad_fn=<MseLossBackward0>)
accuracy: 100.0
episode: 840 loss tensor(0.0002, device='cuda:0', grad_fn=<MseLossBackward0>)
accuracy: 100.0
episode: 850 loss tensor(0.0002, device='cuda:0', grad_fn=<MseLossBackward0>)
accuracy: 100.0
episode: 860 loss tensor(0.0002, device='cuda:0', grad_fn=<MseLossBackward0>)
accuracy: 100.0
episode: 870 loss tensor(0.0002, device='cuda:0', grad_fn=<MseLossBackward0>)
accuracy: 100.0
episode: 880 loss tensor(0.0002, device='cuda:0', grad_fn=<MseLossBackward0>)
accuracy: 100.0
episode: 890 loss tensor(0.0001, device='cuda:0', grad_fn=<MseLossBackward0>)
accuracy: 100.0
episode: 900 loss tensor(0.0001, device='cuda:0', grad_fn=<MseLossBackward0>)
accuracy: 100.0
episode: 910 loss tensor(0.0002, device='cuda:0', grad_fn=<MseLossBackward0>)
accuracy: 100.0
episode: 920 loss tensor(0.0002, device='cuda:0', grad_fn=<MseLossBackward0>)
accuracy: 100.0
episode: 930 loss tensor(0.0002, device='cuda:0', grad_fn=<MseLossBackward0>)
accuracy: 100.0
episode: 940 loss tensor(0.0002, device='cuda:0', grad_fn=<MseLossBackward0>)
accuracy: 100.0
episode: 950 loss tensor(0.0002, device='cuda:0', grad_fn=<MseLossBackward0>)
accuracy: 100.0
episode: 960 loss tensor(0.0002, device='cuda:0', grad_fn=<MseLossBackward0>)
accuracy: 100.0
episode: 970 loss tensor(0.0002, device='cuda:0', grad_fn=<MseLossBackward0>)
accuracy: 100.0
episode: 980 loss tensor(0.0002, device='cuda:0', grad_fn=<MseLossBackward0>)
accuracy: 100.0
episode: 990 loss tensor(0.0002, device='cuda:0', grad_fn=<MseLossBackward0>)
accuracy: 100.0
episode: 1000 loss tensor(0.0002, device='cuda:0', grad_fn=<MseLossBackward0>)
accuracy: 100.0
few shot learning time : 24.394349336624146
[0;33;40mcheck the file![0m
[0;33;40m./model/UP_embdeeing_fewshot_1000fewshotepisode_9.pkl[0m
[0;33;40mcheck the file![0m
[0;33;40m./model/UP_relation_fewshot_1000fewshotepisode_9.pkl[0m
few shot model save success!
