************fewshot_train.py_2023-04-15_11_16_56************
[0;33;40mcheck the file![0m
[0;33;40m./model/meta_training_embedding_15way_1shot_19querty_0.001learning_10000metatrainepisode.pkl[0m
[0;33;40m./model/meta_training_relation_15way_1shot_19querty_0.001learning_10000metatrainepisode.pkl[0m
[0;33;40mload feature encoder success[0m
[0;33;40mload relation network success[0m
[0;33;40mcheck the file![0m
[0;33;40m../h5dataset_ica_bandselect_200/IP_28_28_100_support5_8.h5[0m
episode: 10 loss tensor(0.0625, device='cuda:0', grad_fn=<MseLossBackward0>)
accuracy: 17.1875
episode: 20 loss tensor(0.0625, device='cuda:0', grad_fn=<MseLossBackward0>)
accuracy: 17.1875
episode: 30 loss tensor(0.0633, device='cuda:0', grad_fn=<MseLossBackward0>)
accuracy: 23.4375
episode: 40 loss tensor(0.0625, device='cuda:0', grad_fn=<MseLossBackward0>)
accuracy: 21.875
episode: 50 loss tensor(0.0625, device='cuda:0', grad_fn=<MseLossBackward0>)
accuracy: 18.75
episode: 60 loss tensor(0.0625, device='cuda:0', grad_fn=<MseLossBackward0>)
accuracy: 21.875
episode: 70 loss tensor(0.0625, device='cuda:0', grad_fn=<MseLossBackward0>)
accuracy: 18.75
episode: 80 loss tensor(0.0625, device='cuda:0', grad_fn=<MseLossBackward0>)
accuracy: 20.3125
episode: 90 loss tensor(0.0625, device='cuda:0', grad_fn=<MseLossBackward0>)
accuracy: 17.1875
episode: 100 loss tensor(0.0625, device='cuda:0', grad_fn=<MseLossBackward0>)
accuracy: 25.0
episode: 110 loss tensor(0.0625, device='cuda:0', grad_fn=<MseLossBackward0>)
accuracy: 18.75
episode: 120 loss tensor(0.0625, device='cuda:0', grad_fn=<MseLossBackward0>)
accuracy: 18.75
episode: 130 loss tensor(0.0625, device='cuda:0', grad_fn=<MseLossBackward0>)
accuracy: 20.3125
episode: 140 loss tensor(0.0625, device='cuda:0', grad_fn=<MseLossBackward0>)
accuracy: 25.0
episode: 150 loss tensor(0.0625, device='cuda:0', grad_fn=<MseLossBackward0>)
accuracy: 12.5
episode: 160 loss tensor(0.0625, device='cuda:0', grad_fn=<MseLossBackward0>)
accuracy: 21.875
episode: 170 loss tensor(0.0625, device='cuda:0', grad_fn=<MseLossBackward0>)
accuracy: 14.0625
episode: 180 loss tensor(0.0625, device='cuda:0', grad_fn=<MseLossBackward0>)
accuracy: 31.25
episode: 190 loss tensor(0.0469, device='cuda:0', grad_fn=<MseLossBackward0>)
accuracy: 42.1875
episode: 200 loss tensor(0.0440, device='cuda:0', grad_fn=<MseLossBackward0>)
accuracy: 46.875
episode: 210 loss tensor(0.0426, device='cuda:0', grad_fn=<MseLossBackward0>)
accuracy: 48.4375
episode: 220 loss tensor(0.0412, device='cuda:0', grad_fn=<MseLossBackward0>)
accuracy: 46.875
episode: 230 loss tensor(0.0392, device='cuda:0', grad_fn=<MseLossBackward0>)
accuracy: 43.75
episode: 240 loss tensor(0.0419, device='cuda:0', grad_fn=<MseLossBackward0>)
accuracy: 39.0625
episode: 250 loss tensor(0.0316, device='cuda:0', grad_fn=<MseLossBackward0>)
accuracy: 56.25
episode: 260 loss tensor(0.0375, device='cuda:0', grad_fn=<MseLossBackward0>)
accuracy: 45.3125
episode: 270 loss tensor(0.0382, device='cuda:0', grad_fn=<MseLossBackward0>)
accuracy: 45.3125
episode: 280 loss tensor(0.0340, device='cuda:0', grad_fn=<MseLossBackward0>)
accuracy: 54.6875
episode: 290 loss tensor(0.0256, device='cuda:0', grad_fn=<MseLossBackward0>)
accuracy: 60.9375
episode: 300 loss tensor(0.0263, device='cuda:0', grad_fn=<MseLossBackward0>)
accuracy: 65.625
episode: 310 loss tensor(0.0274, device='cuda:0', grad_fn=<MseLossBackward0>)
accuracy: 64.0625
episode: 320 loss tensor(0.0246, device='cuda:0', grad_fn=<MseLossBackward0>)
accuracy: 62.5
episode: 330 loss tensor(0.0272, device='cuda:0', grad_fn=<MseLossBackward0>)
accuracy: 62.5
episode: 340 loss tensor(0.0244, device='cuda:0', grad_fn=<MseLossBackward0>)
accuracy: 65.625
episode: 350 loss tensor(0.0256, device='cuda:0', grad_fn=<MseLossBackward0>)
accuracy: 59.375
episode: 360 loss tensor(0.0265, device='cuda:0', grad_fn=<MseLossBackward0>)
accuracy: 59.375
episode: 370 loss tensor(0.0287, device='cuda:0', grad_fn=<MseLossBackward0>)
accuracy: 57.8125
episode: 380 loss tensor(0.0256, device='cuda:0', grad_fn=<MseLossBackward0>)
accuracy: 65.625
episode: 390 loss tensor(0.0285, device='cuda:0', grad_fn=<MseLossBackward0>)
accuracy: 59.375
episode: 400 loss tensor(0.0270, device='cuda:0', grad_fn=<MseLossBackward0>)
accuracy: 57.8125
episode: 410 loss tensor(0.0245, device='cuda:0', grad_fn=<MseLossBackward0>)
accuracy: 64.0625
episode: 420 loss tensor(0.0246, device='cuda:0', grad_fn=<MseLossBackward0>)
accuracy: 60.9375
episode: 430 loss tensor(0.0196, device='cuda:0', grad_fn=<MseLossBackward0>)
accuracy: 71.875
episode: 440 loss tensor(0.0219, device='cuda:0', grad_fn=<MseLossBackward0>)
accuracy: 68.75
episode: 450 loss tensor(0.0226, device='cuda:0', grad_fn=<MseLossBackward0>)
accuracy: 65.625
episode: 460 loss tensor(0.0198, device='cuda:0', grad_fn=<MseLossBackward0>)
accuracy: 70.3125
episode: 470 loss tensor(0.0235, device='cuda:0', grad_fn=<MseLossBackward0>)
accuracy: 62.5
episode: 480 loss tensor(0.0197, device='cuda:0', grad_fn=<MseLossBackward0>)
accuracy: 70.3125
episode: 490 loss tensor(0.0216, device='cuda:0', grad_fn=<MseLossBackward0>)
accuracy: 67.1875
episode: 500 loss tensor(0.0196, device='cuda:0', grad_fn=<MseLossBackward0>)
accuracy: 68.75
episode: 510 loss tensor(0.0206, device='cuda:0', grad_fn=<MseLossBackward0>)
accuracy: 67.1875
episode: 520 loss tensor(0.0255, device='cuda:0', grad_fn=<MseLossBackward0>)
accuracy: 59.375
episode: 530 loss tensor(0.0274, device='cuda:0', grad_fn=<MseLossBackward0>)
accuracy: 60.9375
episode: 540 loss tensor(0.0187, device='cuda:0', grad_fn=<MseLossBackward0>)
accuracy: 73.4375
episode: 550 loss tensor(0.0235, device='cuda:0', grad_fn=<MseLossBackward0>)
accuracy: 64.0625
episode: 560 loss tensor(0.0245, device='cuda:0', grad_fn=<MseLossBackward0>)
accuracy: 60.9375
episode: 570 loss tensor(0.0255, device='cuda:0', grad_fn=<MseLossBackward0>)
accuracy: 64.0625
episode: 580 loss tensor(0.0255, device='cuda:0', grad_fn=<MseLossBackward0>)
accuracy: 59.375
episode: 590 loss tensor(0.0226, device='cuda:0', grad_fn=<MseLossBackward0>)
accuracy: 65.625
episode: 600 loss tensor(0.0206, device='cuda:0', grad_fn=<MseLossBackward0>)
accuracy: 67.1875
episode: 610 loss tensor(0.0216, device='cuda:0', grad_fn=<MseLossBackward0>)
accuracy: 65.625
episode: 620 loss tensor(0.0255, device='cuda:0', grad_fn=<MseLossBackward0>)
accuracy: 60.9375
episode: 630 loss tensor(0.0216, device='cuda:0', grad_fn=<MseLossBackward0>)
accuracy: 67.1875
episode: 640 loss tensor(0.0216, device='cuda:0', grad_fn=<MseLossBackward0>)
accuracy: 67.1875
episode: 650 loss tensor(0.0304, device='cuda:0', grad_fn=<MseLossBackward0>)
accuracy: 53.125
episode: 660 loss tensor(0.0206, device='cuda:0', grad_fn=<MseLossBackward0>)
accuracy: 67.1875
episode: 670 loss tensor(0.0197, device='cuda:0', grad_fn=<MseLossBackward0>)
accuracy: 70.3125
episode: 680 loss tensor(0.0264, device='cuda:0', grad_fn=<MseLossBackward0>)
accuracy: 59.375
episode: 690 loss tensor(0.0235, device='cuda:0', grad_fn=<MseLossBackward0>)
accuracy: 62.5
episode: 700 loss tensor(0.0235, device='cuda:0', grad_fn=<MseLossBackward0>)
accuracy: 64.0625
episode: 710 loss tensor(0.0274, device='cuda:0', grad_fn=<MseLossBackward0>)
accuracy: 56.25
episode: 720 loss tensor(0.0226, device='cuda:0', grad_fn=<MseLossBackward0>)
accuracy: 64.0625
episode: 730 loss tensor(0.0216, device='cuda:0', grad_fn=<MseLossBackward0>)
accuracy: 65.625
episode: 740 loss tensor(0.0196, device='cuda:0', grad_fn=<MseLossBackward0>)
accuracy: 70.3125
episode: 750 loss tensor(0.0206, device='cuda:0', grad_fn=<MseLossBackward0>)
accuracy: 70.3125
episode: 760 loss tensor(0.0206, device='cuda:0', grad_fn=<MseLossBackward0>)
accuracy: 68.75
episode: 770 loss tensor(0.0226, device='cuda:0', grad_fn=<MseLossBackward0>)
accuracy: 65.625
episode: 780 loss tensor(0.0274, device='cuda:0', grad_fn=<MseLossBackward0>)
accuracy: 60.9375
episode: 790 loss tensor(0.0274, device='cuda:0', grad_fn=<MseLossBackward0>)
accuracy: 62.5
episode: 800 loss tensor(0.0206, device='cuda:0', grad_fn=<MseLossBackward0>)
accuracy: 68.75
episode: 810 loss tensor(0.0264, device='cuda:0', grad_fn=<MseLossBackward0>)
accuracy: 59.375
episode: 820 loss tensor(0.0216, device='cuda:0', grad_fn=<MseLossBackward0>)
accuracy: 68.75
episode: 830 loss tensor(0.0235, device='cuda:0', grad_fn=<MseLossBackward0>)
accuracy: 62.5
episode: 840 loss tensor(0.0196, device='cuda:0', grad_fn=<MseLossBackward0>)
accuracy: 70.3125
episode: 850 loss tensor(0.0245, device='cuda:0', grad_fn=<MseLossBackward0>)
accuracy: 64.0625
episode: 860 loss tensor(0.0274, device='cuda:0', grad_fn=<MseLossBackward0>)
accuracy: 59.375
episode: 870 loss tensor(0.0241, device='cuda:0', grad_fn=<MseLossBackward0>)
accuracy: 67.1875
episode: 880 loss tensor(0.0187, device='cuda:0', grad_fn=<MseLossBackward0>)
accuracy: 71.875
episode: 890 loss tensor(0.0255, device='cuda:0', grad_fn=<MseLossBackward0>)
accuracy: 60.9375
episode: 900 loss tensor(0.0197, device='cuda:0', grad_fn=<MseLossBackward0>)
accuracy: 68.75
episode: 910 loss tensor(0.0235, device='cuda:0', grad_fn=<MseLossBackward0>)
accuracy: 65.625
episode: 920 loss tensor(0.0187, device='cuda:0', grad_fn=<MseLossBackward0>)
accuracy: 75.0
episode: 930 loss tensor(0.0227, device='cuda:0', grad_fn=<MseLossBackward0>)
accuracy: 65.625
episode: 940 loss tensor(0.0225, device='cuda:0', grad_fn=<MseLossBackward0>)
accuracy: 64.0625
episode: 950 loss tensor(0.0196, device='cuda:0', grad_fn=<MseLossBackward0>)
accuracy: 70.3125
episode: 960 loss tensor(0.0205, device='cuda:0', grad_fn=<MseLossBackward0>)
accuracy: 68.75
episode: 970 loss tensor(0.0208, device='cuda:0', grad_fn=<MseLossBackward0>)
accuracy: 71.875
episode: 980 loss tensor(0.0245, device='cuda:0', grad_fn=<MseLossBackward0>)
accuracy: 64.0625
episode: 990 loss tensor(0.0235, device='cuda:0', grad_fn=<MseLossBackward0>)
accuracy: 65.625
episode: 1000 loss tensor(0.0245, device='cuda:0', grad_fn=<MseLossBackward0>)
accuracy: 62.5
few shot learning time : 38.956029653549194
[0;33;40mcheck the file![0m
[0;33;40m./model/IP_embdeeing_fewshot_1000fewshotepisode_8.pkl[0m
[0;33;40mcheck the file![0m
[0;33;40m./model/IP_relation_fewshot_1000fewshotepisode_8.pkl[0m
few shot model save success!
