************fewshot_train.py_2023-04-15_12_16_17************
[0;33;40mcheck the file![0m
[0;33;40m./model/meta_training_embedding_5way_1shot_19querty_0.001learning_10000metatrainepisode.pkl[0m
[0;33;40m./model/meta_training_relation_5way_1shot_19querty_0.001learning_10000metatrainepisode.pkl[0m
[0;33;40mload feature encoder success[0m
[0;33;40mload relation network success[0m
[0;33;40mcheck the file![0m
[0;33;40m../h5dataset_ica_bandselect_200/IP_28_28_100_support5_1.h5[0m
episode: 10 loss tensor(0.0419, device='cuda:0', grad_fn=<MseLossBackward0>)
accuracy: 53.125
episode: 20 loss tensor(0.0374, device='cuda:0', grad_fn=<MseLossBackward0>)
accuracy: 56.25
episode: 30 loss tensor(0.0301, device='cuda:0', grad_fn=<MseLossBackward0>)
accuracy: 65.625
episode: 40 loss tensor(0.0293, device='cuda:0', grad_fn=<MseLossBackward0>)
accuracy: 65.625
episode: 50 loss tensor(0.0239, device='cuda:0', grad_fn=<MseLossBackward0>)
accuracy: 67.1875
episode: 60 loss tensor(0.0252, device='cuda:0', grad_fn=<MseLossBackward0>)
accuracy: 65.625
episode: 70 loss tensor(0.0299, device='cuda:0', grad_fn=<MseLossBackward0>)
accuracy: 60.9375
episode: 80 loss tensor(0.0228, device='cuda:0', grad_fn=<MseLossBackward0>)
accuracy: 67.1875
episode: 90 loss tensor(0.0211, device='cuda:0', grad_fn=<MseLossBackward0>)
accuracy: 70.3125
episode: 100 loss tensor(0.0179, device='cuda:0', grad_fn=<MseLossBackward0>)
accuracy: 78.125
episode: 110 loss tensor(0.0212, device='cuda:0', grad_fn=<MseLossBackward0>)
accuracy: 73.4375
episode: 120 loss tensor(0.0180, device='cuda:0', grad_fn=<MseLossBackward0>)
accuracy: 75.0
episode: 130 loss tensor(0.0193, device='cuda:0', grad_fn=<MseLossBackward0>)
accuracy: 71.875
episode: 140 loss tensor(0.0187, device='cuda:0', grad_fn=<MseLossBackward0>)
accuracy: 76.5625
episode: 150 loss tensor(0.0169, device='cuda:0', grad_fn=<MseLossBackward0>)
accuracy: 78.125
episode: 160 loss tensor(0.0124, device='cuda:0', grad_fn=<MseLossBackward0>)
accuracy: 82.8125
episode: 170 loss tensor(0.0113, device='cuda:0', grad_fn=<MseLossBackward0>)
accuracy: 84.375
episode: 180 loss tensor(0.0100, device='cuda:0', grad_fn=<MseLossBackward0>)
accuracy: 84.375
episode: 190 loss tensor(0.0121, device='cuda:0', grad_fn=<MseLossBackward0>)
accuracy: 84.375
episode: 200 loss tensor(0.0129, device='cuda:0', grad_fn=<MseLossBackward0>)
accuracy: 79.6875
episode: 210 loss tensor(0.0151, device='cuda:0', grad_fn=<MseLossBackward0>)
accuracy: 79.6875
episode: 220 loss tensor(0.0109, device='cuda:0', grad_fn=<MseLossBackward0>)
accuracy: 84.375
episode: 230 loss tensor(0.0133, device='cuda:0', grad_fn=<MseLossBackward0>)
accuracy: 82.8125
episode: 240 loss tensor(0.0121, device='cuda:0', grad_fn=<MseLossBackward0>)
accuracy: 82.8125
episode: 250 loss tensor(0.0168, device='cuda:0', grad_fn=<MseLossBackward0>)
accuracy: 76.5625
episode: 260 loss tensor(0.0113, device='cuda:0', grad_fn=<MseLossBackward0>)
accuracy: 82.8125
episode: 270 loss tensor(0.0132, device='cuda:0', grad_fn=<MseLossBackward0>)
accuracy: 79.6875
episode: 280 loss tensor(0.0158, device='cuda:0', grad_fn=<MseLossBackward0>)
accuracy: 75.0
episode: 290 loss tensor(0.0141, device='cuda:0', grad_fn=<MseLossBackward0>)
accuracy: 78.125
episode: 300 loss tensor(0.0109, device='cuda:0', grad_fn=<MseLossBackward0>)
accuracy: 82.8125
episode: 310 loss tensor(0.0123, device='cuda:0', grad_fn=<MseLossBackward0>)
accuracy: 84.375
episode: 320 loss tensor(0.0131, device='cuda:0', grad_fn=<MseLossBackward0>)
accuracy: 79.6875
episode: 330 loss tensor(0.0100, device='cuda:0', grad_fn=<MseLossBackward0>)
accuracy: 84.375
episode: 340 loss tensor(0.0116, device='cuda:0', grad_fn=<MseLossBackward0>)
accuracy: 82.8125
episode: 350 loss tensor(0.0111, device='cuda:0', grad_fn=<MseLossBackward0>)
accuracy: 84.375
episode: 360 loss tensor(0.0136, device='cuda:0', grad_fn=<MseLossBackward0>)
accuracy: 79.6875
episode: 370 loss tensor(0.0110, device='cuda:0', grad_fn=<MseLossBackward0>)
accuracy: 82.8125
episode: 380 loss tensor(0.0130, device='cuda:0', grad_fn=<MseLossBackward0>)
accuracy: 79.6875
episode: 390 loss tensor(0.0149, device='cuda:0', grad_fn=<MseLossBackward0>)
accuracy: 76.5625
episode: 400 loss tensor(0.0120, device='cuda:0', grad_fn=<MseLossBackward0>)
accuracy: 81.25
episode: 410 loss tensor(0.0100, device='cuda:0', grad_fn=<MseLossBackward0>)
accuracy: 84.375
episode: 420 loss tensor(0.0138, device='cuda:0', grad_fn=<MseLossBackward0>)
accuracy: 79.6875
episode: 430 loss tensor(0.0119, device='cuda:0', grad_fn=<MseLossBackward0>)
accuracy: 81.25
episode: 440 loss tensor(0.0090, device='cuda:0', grad_fn=<MseLossBackward0>)
accuracy: 87.5
episode: 450 loss tensor(0.0118, device='cuda:0', grad_fn=<MseLossBackward0>)
accuracy: 81.25
episode: 460 loss tensor(0.0138, device='cuda:0', grad_fn=<MseLossBackward0>)
accuracy: 78.125
episode: 470 loss tensor(0.0118, device='cuda:0', grad_fn=<MseLossBackward0>)
accuracy: 81.25
episode: 480 loss tensor(0.0127, device='cuda:0', grad_fn=<MseLossBackward0>)
accuracy: 81.25
episode: 490 loss tensor(0.0129, device='cuda:0', grad_fn=<MseLossBackward0>)
accuracy: 79.6875
episode: 500 loss tensor(0.0157, device='cuda:0', grad_fn=<MseLossBackward0>)
accuracy: 75.0
episode: 510 loss tensor(0.0119, device='cuda:0', grad_fn=<MseLossBackward0>)
accuracy: 81.25
episode: 520 loss tensor(0.0109, device='cuda:0', grad_fn=<MseLossBackward0>)
accuracy: 82.8125
episode: 530 loss tensor(0.0157, device='cuda:0', grad_fn=<MseLossBackward0>)
accuracy: 75.0
episode: 540 loss tensor(0.0109, device='cuda:0', grad_fn=<MseLossBackward0>)
accuracy: 84.375
episode: 550 loss tensor(0.0109, device='cuda:0', grad_fn=<MseLossBackward0>)
accuracy: 82.8125
episode: 560 loss tensor(0.0100, device='cuda:0', grad_fn=<MseLossBackward0>)
accuracy: 84.375
episode: 570 loss tensor(0.0177, device='cuda:0', grad_fn=<MseLossBackward0>)
accuracy: 71.875
episode: 580 loss tensor(0.0118, device='cuda:0', grad_fn=<MseLossBackward0>)
accuracy: 84.375
episode: 590 loss tensor(0.0148, device='cuda:0', grad_fn=<MseLossBackward0>)
accuracy: 78.125
episode: 600 loss tensor(0.0148, device='cuda:0', grad_fn=<MseLossBackward0>)
accuracy: 79.6875
episode: 610 loss tensor(0.0080, device='cuda:0', grad_fn=<MseLossBackward0>)
accuracy: 87.5
episode: 620 loss tensor(0.0158, device='cuda:0', grad_fn=<MseLossBackward0>)
accuracy: 75.0
episode: 630 loss tensor(0.0099, device='cuda:0', grad_fn=<MseLossBackward0>)
accuracy: 84.375
episode: 640 loss tensor(0.0109, device='cuda:0', grad_fn=<MseLossBackward0>)
accuracy: 82.8125
episode: 650 loss tensor(0.0110, device='cuda:0', grad_fn=<MseLossBackward0>)
accuracy: 82.8125
episode: 660 loss tensor(0.0080, device='cuda:0', grad_fn=<MseLossBackward0>)
accuracy: 87.5
episode: 670 loss tensor(0.0148, device='cuda:0', grad_fn=<MseLossBackward0>)
accuracy: 76.5625
episode: 680 loss tensor(0.0118, device='cuda:0', grad_fn=<MseLossBackward0>)
accuracy: 82.8125
episode: 690 loss tensor(0.0138, device='cuda:0', grad_fn=<MseLossBackward0>)
accuracy: 78.125
episode: 700 loss tensor(0.0138, device='cuda:0', grad_fn=<MseLossBackward0>)
accuracy: 78.125
episode: 710 loss tensor(0.0099, device='cuda:0', grad_fn=<MseLossBackward0>)
accuracy: 84.375
episode: 720 loss tensor(0.0109, device='cuda:0', grad_fn=<MseLossBackward0>)
accuracy: 82.8125
episode: 730 loss tensor(0.0118, device='cuda:0', grad_fn=<MseLossBackward0>)
accuracy: 81.25
episode: 740 loss tensor(0.0151, device='cuda:0', grad_fn=<MseLossBackward0>)
accuracy: 76.5625
episode: 750 loss tensor(0.0109, device='cuda:0', grad_fn=<MseLossBackward0>)
accuracy: 82.8125
episode: 760 loss tensor(0.0079, device='cuda:0', grad_fn=<MseLossBackward0>)
accuracy: 87.5
episode: 770 loss tensor(0.0099, device='cuda:0', grad_fn=<MseLossBackward0>)
accuracy: 84.375
episode: 780 loss tensor(0.0119, device='cuda:0', grad_fn=<MseLossBackward0>)
accuracy: 81.25
episode: 790 loss tensor(0.0109, device='cuda:0', grad_fn=<MseLossBackward0>)
accuracy: 84.375
episode: 800 loss tensor(0.0118, device='cuda:0', grad_fn=<MseLossBackward0>)
accuracy: 81.25
episode: 810 loss tensor(0.0109, device='cuda:0', grad_fn=<MseLossBackward0>)
accuracy: 82.8125
episode: 820 loss tensor(0.0080, device='cuda:0', grad_fn=<MseLossBackward0>)
accuracy: 87.5
episode: 830 loss tensor(0.0128, device='cuda:0', grad_fn=<MseLossBackward0>)
accuracy: 79.6875
episode: 840 loss tensor(0.0099, device='cuda:0', grad_fn=<MseLossBackward0>)
accuracy: 85.9375
episode: 850 loss tensor(0.0118, device='cuda:0', grad_fn=<MseLossBackward0>)
accuracy: 81.25
episode: 860 loss tensor(0.0089, device='cuda:0', grad_fn=<MseLossBackward0>)
accuracy: 85.9375
episode: 870 loss tensor(0.0165, device='cuda:0', grad_fn=<MseLossBackward0>)
accuracy: 75.0
episode: 880 loss tensor(0.0089, device='cuda:0', grad_fn=<MseLossBackward0>)
accuracy: 87.5
episode: 890 loss tensor(0.0119, device='cuda:0', grad_fn=<MseLossBackward0>)
accuracy: 82.8125
episode: 900 loss tensor(0.0109, device='cuda:0', grad_fn=<MseLossBackward0>)
accuracy: 82.8125
episode: 910 loss tensor(0.0128, device='cuda:0', grad_fn=<MseLossBackward0>)
accuracy: 81.25
episode: 920 loss tensor(0.0101, device='cuda:0', grad_fn=<MseLossBackward0>)
accuracy: 84.375
episode: 930 loss tensor(0.0148, device='cuda:0', grad_fn=<MseLossBackward0>)
accuracy: 76.5625
episode: 940 loss tensor(0.0079, device='cuda:0', grad_fn=<MseLossBackward0>)
accuracy: 89.0625
episode: 950 loss tensor(0.0138, device='cuda:0', grad_fn=<MseLossBackward0>)
accuracy: 78.125
episode: 960 loss tensor(0.0111, device='cuda:0', grad_fn=<MseLossBackward0>)
accuracy: 84.375
episode: 970 loss tensor(0.0080, device='cuda:0', grad_fn=<MseLossBackward0>)
accuracy: 87.5
episode: 980 loss tensor(0.0129, device='cuda:0', grad_fn=<MseLossBackward0>)
accuracy: 79.6875
episode: 990 loss tensor(0.0108, device='cuda:0', grad_fn=<MseLossBackward0>)
accuracy: 82.8125
episode: 1000 loss tensor(0.0158, device='cuda:0', grad_fn=<MseLossBackward0>)
accuracy: 75.0
few shot learning time : 38.98301649093628
[0;33;40mcheck the file![0m
[0;33;40m./model/IP_embdeeing_fewshot_1000fewshotepisode_1.pkl[0m
[0;33;40mcheck the file![0m
[0;33;40m./model/IP_relation_fewshot_1000fewshotepisode_1.pkl[0m
few shot model save success!
