************fewshot_train.py_2023-04-15_12_17_29************
[0;33;40mcheck the file![0m
[0;33;40m./model/meta_training_embedding_5way_1shot_19querty_0.001learning_10000metatrainepisode.pkl[0m
[0;33;40m./model/meta_training_relation_5way_1shot_19querty_0.001learning_10000metatrainepisode.pkl[0m
[0;33;40mload feature encoder success[0m
[0;33;40mload relation network success[0m
[0;33;40mcheck the file![0m
[0;33;40m../h5dataset_ica_bandselect_200/IP_28_28_100_support5_2.h5[0m
episode: 10 loss tensor(0.0381, device='cuda:0', grad_fn=<MseLossBackward0>)
accuracy: 53.125
episode: 20 loss tensor(0.0323, device='cuda:0', grad_fn=<MseLossBackward0>)
accuracy: 62.5
episode: 30 loss tensor(0.0209, device='cuda:0', grad_fn=<MseLossBackward0>)
accuracy: 73.4375
episode: 40 loss tensor(0.0231, device='cuda:0', grad_fn=<MseLossBackward0>)
accuracy: 68.75
episode: 50 loss tensor(0.0204, device='cuda:0', grad_fn=<MseLossBackward0>)
accuracy: 79.6875
episode: 60 loss tensor(0.0169, device='cuda:0', grad_fn=<MseLossBackward0>)
accuracy: 82.8125
episode: 70 loss tensor(0.0143, device='cuda:0', grad_fn=<MseLossBackward0>)
accuracy: 81.25
episode: 80 loss tensor(0.0168, device='cuda:0', grad_fn=<MseLossBackward0>)
accuracy: 76.5625
episode: 90 loss tensor(0.0121, device='cuda:0', grad_fn=<MseLossBackward0>)
accuracy: 81.25
episode: 100 loss tensor(0.0076, device='cuda:0', grad_fn=<MseLossBackward0>)
accuracy: 92.1875
episode: 110 loss tensor(0.0150, device='cuda:0', grad_fn=<MseLossBackward0>)
accuracy: 79.6875
episode: 120 loss tensor(0.0106, device='cuda:0', grad_fn=<MseLossBackward0>)
accuracy: 87.5
episode: 130 loss tensor(0.0110, device='cuda:0', grad_fn=<MseLossBackward0>)
accuracy: 82.8125
episode: 140 loss tensor(0.0113, device='cuda:0', grad_fn=<MseLossBackward0>)
accuracy: 84.375
episode: 150 loss tensor(0.0096, device='cuda:0', grad_fn=<MseLossBackward0>)
accuracy: 89.0625
episode: 160 loss tensor(0.0115, device='cuda:0', grad_fn=<MseLossBackward0>)
accuracy: 82.8125
episode: 170 loss tensor(0.0125, device='cuda:0', grad_fn=<MseLossBackward0>)
accuracy: 84.375
episode: 180 loss tensor(0.0072, device='cuda:0', grad_fn=<MseLossBackward0>)
accuracy: 89.0625
episode: 190 loss tensor(0.0073, device='cuda:0', grad_fn=<MseLossBackward0>)
accuracy: 89.0625
episode: 200 loss tensor(0.0100, device='cuda:0', grad_fn=<MseLossBackward0>)
accuracy: 87.5
episode: 210 loss tensor(0.0071, device='cuda:0', grad_fn=<MseLossBackward0>)
accuracy: 89.0625
episode: 220 loss tensor(0.0072, device='cuda:0', grad_fn=<MseLossBackward0>)
accuracy: 89.0625
episode: 230 loss tensor(0.0073, device='cuda:0', grad_fn=<MseLossBackward0>)
accuracy: 89.0625
episode: 240 loss tensor(0.0100, device='cuda:0', grad_fn=<MseLossBackward0>)
accuracy: 85.9375
episode: 250 loss tensor(0.0093, device='cuda:0', grad_fn=<MseLossBackward0>)
accuracy: 85.9375
episode: 260 loss tensor(0.0062, device='cuda:0', grad_fn=<MseLossBackward0>)
accuracy: 92.1875
episode: 270 loss tensor(0.0092, device='cuda:0', grad_fn=<MseLossBackward0>)
accuracy: 85.9375
episode: 280 loss tensor(0.0070, device='cuda:0', grad_fn=<MseLossBackward0>)
accuracy: 90.625
episode: 290 loss tensor(0.0090, device='cuda:0', grad_fn=<MseLossBackward0>)
accuracy: 89.0625
episode: 300 loss tensor(0.0042, device='cuda:0', grad_fn=<MseLossBackward0>)
accuracy: 93.75
episode: 310 loss tensor(0.0090, device='cuda:0', grad_fn=<MseLossBackward0>)
accuracy: 85.9375
episode: 320 loss tensor(0.0042, device='cuda:0', grad_fn=<MseLossBackward0>)
accuracy: 93.75
episode: 330 loss tensor(0.0055, device='cuda:0', grad_fn=<MseLossBackward0>)
accuracy: 93.75
episode: 340 loss tensor(0.0091, device='cuda:0', grad_fn=<MseLossBackward0>)
accuracy: 85.9375
episode: 350 loss tensor(0.0069, device='cuda:0', grad_fn=<MseLossBackward0>)
accuracy: 90.625
episode: 360 loss tensor(0.0061, device='cuda:0', grad_fn=<MseLossBackward0>)
accuracy: 90.625
episode: 370 loss tensor(0.0041, device='cuda:0', grad_fn=<MseLossBackward0>)
accuracy: 93.75
episode: 380 loss tensor(0.0041, device='cuda:0', grad_fn=<MseLossBackward0>)
accuracy: 93.75
episode: 390 loss tensor(0.0089, device='cuda:0', grad_fn=<MseLossBackward0>)
accuracy: 85.9375
episode: 400 loss tensor(0.0063, device='cuda:0', grad_fn=<MseLossBackward0>)
accuracy: 90.625
episode: 410 loss tensor(0.0042, device='cuda:0', grad_fn=<MseLossBackward0>)
accuracy: 93.75
episode: 420 loss tensor(0.0092, device='cuda:0', grad_fn=<MseLossBackward0>)
accuracy: 85.9375
episode: 430 loss tensor(0.0069, device='cuda:0', grad_fn=<MseLossBackward0>)
accuracy: 89.0625
episode: 440 loss tensor(0.0041, device='cuda:0', grad_fn=<MseLossBackward0>)
accuracy: 93.75
episode: 450 loss tensor(0.0061, device='cuda:0', grad_fn=<MseLossBackward0>)
accuracy: 92.1875
episode: 460 loss tensor(0.0090, device='cuda:0', grad_fn=<MseLossBackward0>)
accuracy: 85.9375
episode: 470 loss tensor(0.0072, device='cuda:0', grad_fn=<MseLossBackward0>)
accuracy: 89.0625
episode: 480 loss tensor(0.0100, device='cuda:0', grad_fn=<MseLossBackward0>)
accuracy: 85.9375
episode: 490 loss tensor(0.0091, device='cuda:0', grad_fn=<MseLossBackward0>)
accuracy: 87.5
episode: 500 loss tensor(0.0041, device='cuda:0', grad_fn=<MseLossBackward0>)
accuracy: 95.3125
episode: 510 loss tensor(0.0041, device='cuda:0', grad_fn=<MseLossBackward0>)
accuracy: 93.75
episode: 520 loss tensor(0.0049, device='cuda:0', grad_fn=<MseLossBackward0>)
accuracy: 93.75
episode: 530 loss tensor(0.0060, device='cuda:0', grad_fn=<MseLossBackward0>)
accuracy: 90.625
episode: 540 loss tensor(0.0061, device='cuda:0', grad_fn=<MseLossBackward0>)
accuracy: 92.1875
episode: 550 loss tensor(0.0099, device='cuda:0', grad_fn=<MseLossBackward0>)
accuracy: 84.375
episode: 560 loss tensor(0.0041, device='cuda:0', grad_fn=<MseLossBackward0>)
accuracy: 93.75
episode: 570 loss tensor(0.0063, device='cuda:0', grad_fn=<MseLossBackward0>)
accuracy: 90.625
episode: 580 loss tensor(0.0060, device='cuda:0', grad_fn=<MseLossBackward0>)
accuracy: 90.625
episode: 590 loss tensor(0.0071, device='cuda:0', grad_fn=<MseLossBackward0>)
accuracy: 89.0625
episode: 600 loss tensor(0.0060, device='cuda:0', grad_fn=<MseLossBackward0>)
accuracy: 90.625
episode: 610 loss tensor(0.0070, device='cuda:0', grad_fn=<MseLossBackward0>)
accuracy: 89.0625
episode: 620 loss tensor(0.0042, device='cuda:0', grad_fn=<MseLossBackward0>)
accuracy: 93.75
episode: 630 loss tensor(0.0096, device='cuda:0', grad_fn=<MseLossBackward0>)
accuracy: 89.0625
episode: 640 loss tensor(0.0060, device='cuda:0', grad_fn=<MseLossBackward0>)
accuracy: 93.75
episode: 650 loss tensor(0.0040, device='cuda:0', grad_fn=<MseLossBackward0>)
accuracy: 95.3125
episode: 660 loss tensor(0.0060, device='cuda:0', grad_fn=<MseLossBackward0>)
accuracy: 90.625
episode: 670 loss tensor(0.0037, device='cuda:0', grad_fn=<MseLossBackward0>)
accuracy: 95.3125
episode: 680 loss tensor(0.0041, device='cuda:0', grad_fn=<MseLossBackward0>)
accuracy: 96.875
episode: 690 loss tensor(0.0071, device='cuda:0', grad_fn=<MseLossBackward0>)
accuracy: 89.0625
episode: 700 loss tensor(0.0097, device='cuda:0', grad_fn=<MseLossBackward0>)
accuracy: 89.0625
episode: 710 loss tensor(0.0061, device='cuda:0', grad_fn=<MseLossBackward0>)
accuracy: 90.625
episode: 720 loss tensor(0.0060, device='cuda:0', grad_fn=<MseLossBackward0>)
accuracy: 90.625
episode: 730 loss tensor(0.0034, device='cuda:0', grad_fn=<MseLossBackward0>)
accuracy: 95.3125
episode: 740 loss tensor(0.0061, device='cuda:0', grad_fn=<MseLossBackward0>)
accuracy: 90.625
episode: 750 loss tensor(0.0068, device='cuda:0', grad_fn=<MseLossBackward0>)
accuracy: 90.625
episode: 760 loss tensor(0.0060, device='cuda:0', grad_fn=<MseLossBackward0>)
accuracy: 90.625
episode: 770 loss tensor(0.0060, device='cuda:0', grad_fn=<MseLossBackward0>)
accuracy: 90.625
episode: 780 loss tensor(0.0031, device='cuda:0', grad_fn=<MseLossBackward0>)
accuracy: 95.3125
episode: 790 loss tensor(0.0060, device='cuda:0', grad_fn=<MseLossBackward0>)
accuracy: 90.625
episode: 800 loss tensor(0.0060, device='cuda:0', grad_fn=<MseLossBackward0>)
accuracy: 90.625
episode: 810 loss tensor(0.0060, device='cuda:0', grad_fn=<MseLossBackward0>)
accuracy: 90.625
episode: 820 loss tensor(0.0060, device='cuda:0', grad_fn=<MseLossBackward0>)
accuracy: 90.625
episode: 830 loss tensor(0.0031, device='cuda:0', grad_fn=<MseLossBackward0>)
accuracy: 95.3125
episode: 840 loss tensor(0.0060, device='cuda:0', grad_fn=<MseLossBackward0>)
accuracy: 90.625
episode: 850 loss tensor(0.0060, device='cuda:0', grad_fn=<MseLossBackward0>)
accuracy: 90.625
episode: 860 loss tensor(0.0060, device='cuda:0', grad_fn=<MseLossBackward0>)
accuracy: 90.625
episode: 870 loss tensor(0.0031, device='cuda:0', grad_fn=<MseLossBackward0>)
accuracy: 95.3125
episode: 880 loss tensor(0.0060, device='cuda:0', grad_fn=<MseLossBackward0>)
accuracy: 90.625
episode: 890 loss tensor(0.0060, device='cuda:0', grad_fn=<MseLossBackward0>)
accuracy: 90.625
episode: 900 loss tensor(0.0060, device='cuda:0', grad_fn=<MseLossBackward0>)
accuracy: 90.625
episode: 910 loss tensor(0.0089, device='cuda:0', grad_fn=<MseLossBackward0>)
accuracy: 85.9375
episode: 920 loss tensor(0.0031, device='cuda:0', grad_fn=<MseLossBackward0>)
accuracy: 95.3125
episode: 930 loss tensor(0.0031, device='cuda:0', grad_fn=<MseLossBackward0>)
accuracy: 95.3125
episode: 940 loss tensor(0.0031, device='cuda:0', grad_fn=<MseLossBackward0>)
accuracy: 95.3125
episode: 950 loss tensor(0.0060, device='cuda:0', grad_fn=<MseLossBackward0>)
accuracy: 90.625
episode: 960 loss tensor(0.0060, device='cuda:0', grad_fn=<MseLossBackward0>)
accuracy: 90.625
episode: 970 loss tensor(0.0031, device='cuda:0', grad_fn=<MseLossBackward0>)
accuracy: 95.3125
episode: 980 loss tensor(0.0031, device='cuda:0', grad_fn=<MseLossBackward0>)
accuracy: 95.3125
episode: 990 loss tensor(0.0060, device='cuda:0', grad_fn=<MseLossBackward0>)
accuracy: 90.625
episode: 1000 loss tensor(0.0031, device='cuda:0', grad_fn=<MseLossBackward0>)
accuracy: 95.3125
few shot learning time : 39.1239128112793
[0;33;40mcheck the file![0m
[0;33;40m./model/IP_embdeeing_fewshot_1000fewshotepisode_2.pkl[0m
[0;33;40mcheck the file![0m
[0;33;40m./model/IP_relation_fewshot_1000fewshotepisode_2.pkl[0m
few shot model save success!
