**********meta_train_EM_RN.py_2023-04-15_11_37_24***********
n_way = 5, n_shot = 1, n_query = 19, META_EPISODE = 10000, LEARNING_RATE = 0.001, GPU = 0
n_examples = 200, im_width = 28, im_height = 28, depth = 100
[0;33;40mcheck the file![0m
[0;33;40m../h5dataset_ica_bandselect_200//meta_train_11000_78400.h5[0m
episode: 20 loss tensor(0.2630, device='cuda:0', grad_fn=<MseLossBackward0>)
accuracy: 36.8421052631579
episode: 40 loss tensor(0.1536, device='cuda:0', grad_fn=<MseLossBackward0>)
accuracy: 35.78947368421053
episode: 60 loss tensor(0.1273, device='cuda:0', grad_fn=<MseLossBackward0>)
accuracy: 35.78947368421053
episode: 80 loss tensor(0.1110, device='cuda:0', grad_fn=<MseLossBackward0>)
accuracy: 67.36842105263158
episode: 100 loss tensor(0.1040, device='cuda:0', grad_fn=<MseLossBackward0>)
accuracy: 64.21052631578948
episode: 120 loss tensor(0.0986, device='cuda:0', grad_fn=<MseLossBackward0>)
accuracy: 70.52631578947368
episode: 140 loss tensor(0.0815, device='cuda:0', grad_fn=<MseLossBackward0>)
accuracy: 78.94736842105263
episode: 160 loss tensor(0.0978, device='cuda:0', grad_fn=<MseLossBackward0>)
accuracy: 69.47368421052632
episode: 180 loss tensor(0.0470, device='cuda:0', grad_fn=<MseLossBackward0>)
accuracy: 98.94736842105263
episode: 200 loss tensor(0.0836, device='cuda:0', grad_fn=<MseLossBackward0>)
accuracy: 75.78947368421052
episode: 220 loss tensor(0.0642, device='cuda:0', grad_fn=<MseLossBackward0>)
accuracy: 83.15789473684211
episode: 240 loss tensor(0.0489, device='cuda:0', grad_fn=<MseLossBackward0>)
accuracy: 89.47368421052632
episode: 260 loss tensor(0.1203, device='cuda:0', grad_fn=<MseLossBackward0>)
accuracy: 55.78947368421053
episode: 280 loss tensor(0.1065, device='cuda:0', grad_fn=<MseLossBackward0>)
accuracy: 66.3157894736842
episode: 300 loss tensor(0.0691, device='cuda:0', grad_fn=<MseLossBackward0>)
accuracy: 81.05263157894737
episode: 320 loss tensor(0.0826, device='cuda:0', grad_fn=<MseLossBackward0>)
accuracy: 75.78947368421052
episode: 340 loss tensor(0.0603, device='cuda:0', grad_fn=<MseLossBackward0>)
accuracy: 82.10526315789474
episode: 360 loss tensor(0.0556, device='cuda:0', grad_fn=<MseLossBackward0>)
accuracy: 88.42105263157895
episode: 380 loss tensor(0.1109, device='cuda:0', grad_fn=<MseLossBackward0>)
accuracy: 60.0
episode: 400 loss tensor(0.0757, device='cuda:0', grad_fn=<MseLossBackward0>)
accuracy: 78.94736842105263
episode: 420 loss tensor(0.0434, device='cuda:0', grad_fn=<MseLossBackward0>)
accuracy: 97.89473684210526
episode: 440 loss tensor(0.0506, device='cuda:0', grad_fn=<MseLossBackward0>)
accuracy: 96.84210526315789
episode: 460 loss tensor(0.0633, device='cuda:0', grad_fn=<MseLossBackward0>)
accuracy: 81.05263157894737
episode: 480 loss tensor(0.0751, device='cuda:0', grad_fn=<MseLossBackward0>)
accuracy: 74.73684210526316
episode: 500 loss tensor(0.0674, device='cuda:0', grad_fn=<MseLossBackward0>)
accuracy: 84.21052631578948
episode: 520 loss tensor(0.0709, device='cuda:0', grad_fn=<MseLossBackward0>)
accuracy: 77.89473684210526
episode: 540 loss tensor(0.0531, device='cuda:0', grad_fn=<MseLossBackward0>)
accuracy: 91.57894736842105
episode: 560 loss tensor(0.0649, device='cuda:0', grad_fn=<MseLossBackward0>)
accuracy: 83.15789473684211
episode: 580 loss tensor(0.0620, device='cuda:0', grad_fn=<MseLossBackward0>)
accuracy: 82.10526315789474
episode: 600 loss tensor(0.0652, device='cuda:0', grad_fn=<MseLossBackward0>)
accuracy: 83.15789473684211
episode: 620 loss tensor(0.0599, device='cuda:0', grad_fn=<MseLossBackward0>)
accuracy: 87.36842105263158
episode: 640 loss tensor(0.1111, device='cuda:0', grad_fn=<MseLossBackward0>)
accuracy: 68.42105263157895
episode: 660 loss tensor(0.0430, device='cuda:0', grad_fn=<MseLossBackward0>)
accuracy: 97.89473684210526
episode: 680 loss tensor(0.0684, device='cuda:0', grad_fn=<MseLossBackward0>)
accuracy: 87.36842105263158
episode: 700 loss tensor(0.0843, device='cuda:0', grad_fn=<MseLossBackward0>)
accuracy: 86.3157894736842
episode: 720 loss tensor(0.0455, device='cuda:0', grad_fn=<MseLossBackward0>)
accuracy: 91.57894736842105
episode: 740 loss tensor(0.0615, device='cuda:0', grad_fn=<MseLossBackward0>)
accuracy: 75.78947368421052
episode: 760 loss tensor(0.0333, device='cuda:0', grad_fn=<MseLossBackward0>)
accuracy: 97.89473684210526
episode: 780 loss tensor(0.0585, device='cuda:0', grad_fn=<MseLossBackward0>)
accuracy: 81.05263157894737
episode: 800 loss tensor(0.1042, device='cuda:0', grad_fn=<MseLossBackward0>)
accuracy: 67.36842105263158
episode: 820 loss tensor(0.0712, device='cuda:0', grad_fn=<MseLossBackward0>)
accuracy: 77.89473684210526
episode: 840 loss tensor(0.0562, device='cuda:0', grad_fn=<MseLossBackward0>)
accuracy: 85.26315789473684
episode: 860 loss tensor(0.0691, device='cuda:0', grad_fn=<MseLossBackward0>)
accuracy: 84.21052631578948
episode: 880 loss tensor(0.0345, device='cuda:0', grad_fn=<MseLossBackward0>)
accuracy: 95.78947368421052
episode: 900 loss tensor(0.0406, device='cuda:0', grad_fn=<MseLossBackward0>)
accuracy: 94.73684210526316
episode: 920 loss tensor(0.0803, device='cuda:0', grad_fn=<MseLossBackward0>)
accuracy: 93.6842105263158
episode: 940 loss tensor(0.0234, device='cuda:0', grad_fn=<MseLossBackward0>)
accuracy: 96.84210526315789
episode: 960 loss tensor(0.0264, device='cuda:0', grad_fn=<MseLossBackward0>)
accuracy: 100.0
episode: 980 loss tensor(0.0160, device='cuda:0', grad_fn=<MseLossBackward0>)
accuracy: 100.0
episode: 1000 loss tensor(0.0777, device='cuda:0', grad_fn=<MseLossBackward0>)
accuracy: 83.15789473684211
episode: 1020 loss tensor(0.1150, device='cuda:0', grad_fn=<MseLossBackward0>)
accuracy: 64.21052631578948
episode: 1040 loss tensor(0.0938, device='cuda:0', grad_fn=<MseLossBackward0>)
accuracy: 71.57894736842105
episode: 1060 loss tensor(0.0391, device='cuda:0', grad_fn=<MseLossBackward0>)
accuracy: 92.63157894736842
episode: 1080 loss tensor(0.0356, device='cuda:0', grad_fn=<MseLossBackward0>)
accuracy: 94.73684210526316
episode: 1100 loss tensor(0.0536, device='cuda:0', grad_fn=<MseLossBackward0>)
accuracy: 89.47368421052632
episode: 1120 loss tensor(0.0623, device='cuda:0', grad_fn=<MseLossBackward0>)
accuracy: 84.21052631578948
episode: 1140 loss tensor(0.0292, device='cuda:0', grad_fn=<MseLossBackward0>)
accuracy: 95.78947368421052
episode: 1160 loss tensor(0.0585, device='cuda:0', grad_fn=<MseLossBackward0>)
accuracy: 88.42105263157895
episode: 1180 loss tensor(0.0409, device='cuda:0', grad_fn=<MseLossBackward0>)
accuracy: 93.6842105263158
episode: 1200 loss tensor(0.0787, device='cuda:0', grad_fn=<MseLossBackward0>)
accuracy: 83.15789473684211
episode: 1220 loss tensor(0.0564, device='cuda:0', grad_fn=<MseLossBackward0>)
accuracy: 87.36842105263158
episode: 1240 loss tensor(0.0807, device='cuda:0', grad_fn=<MseLossBackward0>)
accuracy: 78.94736842105263
episode: 1260 loss tensor(0.0182, device='cuda:0', grad_fn=<MseLossBackward0>)
accuracy: 98.94736842105263
episode: 1280 loss tensor(0.0557, device='cuda:0', grad_fn=<MseLossBackward0>)
accuracy: 89.47368421052632
episode: 1300 loss tensor(0.0885, device='cuda:0', grad_fn=<MseLossBackward0>)
accuracy: 70.52631578947368
episode: 1320 loss tensor(0.0718, device='cuda:0', grad_fn=<MseLossBackward0>)
accuracy: 86.3157894736842
episode: 1340 loss tensor(0.0505, device='cuda:0', grad_fn=<MseLossBackward0>)
accuracy: 86.3157894736842
episode: 1360 loss tensor(0.0697, device='cuda:0', grad_fn=<MseLossBackward0>)
accuracy: 78.94736842105263
episode: 1380 loss tensor(0.0554, device='cuda:0', grad_fn=<MseLossBackward0>)
accuracy: 83.15789473684211
episode: 1400 loss tensor(0.0443, device='cuda:0', grad_fn=<MseLossBackward0>)
accuracy: 94.73684210526316
episode: 1420 loss tensor(0.0394, device='cuda:0', grad_fn=<MseLossBackward0>)
accuracy: 94.73684210526316
episode: 1440 loss tensor(0.0564, device='cuda:0', grad_fn=<MseLossBackward0>)
accuracy: 85.26315789473684
episode: 1460 loss tensor(0.0310, device='cuda:0', grad_fn=<MseLossBackward0>)
accuracy: 96.84210526315789
episode: 1480 loss tensor(0.0624, device='cuda:0', grad_fn=<MseLossBackward0>)
accuracy: 81.05263157894737
episode: 1500 loss tensor(0.0722, device='cuda:0', grad_fn=<MseLossBackward0>)
accuracy: 88.42105263157895
episode: 1520 loss tensor(0.0773, device='cuda:0', grad_fn=<MseLossBackward0>)
accuracy: 87.36842105263158
episode: 1540 loss tensor(0.0380, device='cuda:0', grad_fn=<MseLossBackward0>)
accuracy: 97.89473684210526
episode: 1560 loss tensor(0.0516, device='cuda:0', grad_fn=<MseLossBackward0>)
accuracy: 84.21052631578948
episode: 1580 loss tensor(0.0339, device='cuda:0', grad_fn=<MseLossBackward0>)
accuracy: 94.73684210526316
episode: 1600 loss tensor(0.0606, device='cuda:0', grad_fn=<MseLossBackward0>)
accuracy: 89.47368421052632
episode: 1620 loss tensor(0.0633, device='cuda:0', grad_fn=<MseLossBackward0>)
accuracy: 77.89473684210526
episode: 1640 loss tensor(0.0424, device='cuda:0', grad_fn=<MseLossBackward0>)
accuracy: 87.36842105263158
episode: 1660 loss tensor(0.0521, device='cuda:0', grad_fn=<MseLossBackward0>)
accuracy: 90.52631578947368
episode: 1680 loss tensor(0.0494, device='cuda:0', grad_fn=<MseLossBackward0>)
accuracy: 90.52631578947368
episode: 1700 loss tensor(0.0527, device='cuda:0', grad_fn=<MseLossBackward0>)
accuracy: 83.15789473684211
episode: 1720 loss tensor(0.0620, device='cuda:0', grad_fn=<MseLossBackward0>)
accuracy: 86.3157894736842
episode: 1740 loss tensor(0.0197, device='cuda:0', grad_fn=<MseLossBackward0>)
accuracy: 98.94736842105263
episode: 1760 loss tensor(0.0299, device='cuda:0', grad_fn=<MseLossBackward0>)
accuracy: 91.57894736842105
episode: 1780 loss tensor(0.0534, device='cuda:0', grad_fn=<MseLossBackward0>)
accuracy: 84.21052631578948
episode: 1800 loss tensor(0.0364, device='cuda:0', grad_fn=<MseLossBackward0>)
accuracy: 93.6842105263158
episode: 1820 loss tensor(0.0357, device='cuda:0', grad_fn=<MseLossBackward0>)
accuracy: 90.52631578947368
episode: 1840 loss tensor(0.0553, device='cuda:0', grad_fn=<MseLossBackward0>)
accuracy: 86.3157894736842
episode: 1860 loss tensor(0.0632, device='cuda:0', grad_fn=<MseLossBackward0>)
accuracy: 70.52631578947368
episode: 1880 loss tensor(0.0158, device='cuda:0', grad_fn=<MseLossBackward0>)
accuracy: 100.0
episode: 1900 loss tensor(0.0123, device='cuda:0', grad_fn=<MseLossBackward0>)
accuracy: 98.94736842105263
episode: 1920 loss tensor(0.0250, device='cuda:0', grad_fn=<MseLossBackward0>)
accuracy: 98.94736842105263
episode: 1940 loss tensor(0.0979, device='cuda:0', grad_fn=<MseLossBackward0>)
accuracy: 63.1578947368421
episode: 1960 loss tensor(0.0402, device='cuda:0', grad_fn=<MseLossBackward0>)
accuracy: 92.63157894736842
episode: 1980 loss tensor(0.0372, device='cuda:0', grad_fn=<MseLossBackward0>)
accuracy: 84.21052631578948
episode: 2000 loss tensor(0.0443, device='cuda:0', grad_fn=<MseLossBackward0>)
accuracy: 93.6842105263158
episode: 2020 loss tensor(0.0226, device='cuda:0', grad_fn=<MseLossBackward0>)
accuracy: 100.0
episode: 2040 loss tensor(0.0722, device='cuda:0', grad_fn=<MseLossBackward0>)
accuracy: 84.21052631578948
episode: 2060 loss tensor(0.0297, device='cuda:0', grad_fn=<MseLossBackward0>)
accuracy: 100.0
episode: 2080 loss tensor(0.0458, device='cuda:0', grad_fn=<MseLossBackward0>)
accuracy: 89.47368421052632
episode: 2100 loss tensor(0.0600, device='cuda:0', grad_fn=<MseLossBackward0>)
accuracy: 86.3157894736842
episode: 2120 loss tensor(0.0142, device='cuda:0', grad_fn=<MseLossBackward0>)
accuracy: 100.0
episode: 2140 loss tensor(0.0691, device='cuda:0', grad_fn=<MseLossBackward0>)
accuracy: 84.21052631578948
episode: 2160 loss tensor(0.0329, device='cuda:0', grad_fn=<MseLossBackward0>)
accuracy: 90.52631578947368
episode: 2180 loss tensor(0.0445, device='cuda:0', grad_fn=<MseLossBackward0>)
accuracy: 90.52631578947368
episode: 2200 loss tensor(0.0087, device='cuda:0', grad_fn=<MseLossBackward0>)
accuracy: 100.0
episode: 2220 loss tensor(0.0156, device='cuda:0', grad_fn=<MseLossBackward0>)
accuracy: 100.0
episode: 2240 loss tensor(0.0569, device='cuda:0', grad_fn=<MseLossBackward0>)
accuracy: 89.47368421052632
episode: 2260 loss tensor(0.0087, device='cuda:0', grad_fn=<MseLossBackward0>)
accuracy: 100.0
episode: 2280 loss tensor(0.0082, device='cuda:0', grad_fn=<MseLossBackward0>)
accuracy: 100.0
episode: 2300 loss tensor(0.0383, device='cuda:0', grad_fn=<MseLossBackward0>)
accuracy: 91.57894736842105
episode: 2320 loss tensor(0.0292, device='cuda:0', grad_fn=<MseLossBackward0>)
accuracy: 95.78947368421052
episode: 2340 loss tensor(0.0362, device='cuda:0', grad_fn=<MseLossBackward0>)
accuracy: 89.47368421052632
episode: 2360 loss tensor(0.0592, device='cuda:0', grad_fn=<MseLossBackward0>)
accuracy: 92.63157894736842
episode: 2380 loss tensor(0.0370, device='cuda:0', grad_fn=<MseLossBackward0>)
accuracy: 92.63157894736842
episode: 2400 loss tensor(0.0417, device='cuda:0', grad_fn=<MseLossBackward0>)
accuracy: 95.78947368421052
episode: 2420 loss tensor(0.0344, device='cuda:0', grad_fn=<MseLossBackward0>)
accuracy: 92.63157894736842
episode: 2440 loss tensor(0.0071, device='cuda:0', grad_fn=<MseLossBackward0>)
accuracy: 100.0
episode: 2460 loss tensor(0.0229, device='cuda:0', grad_fn=<MseLossBackward0>)
accuracy: 93.6842105263158
episode: 2480 loss tensor(0.0157, device='cuda:0', grad_fn=<MseLossBackward0>)
accuracy: 97.89473684210526
episode: 2500 loss tensor(0.0232, device='cuda:0', grad_fn=<MseLossBackward0>)
accuracy: 97.89473684210526
episode: 2520 loss tensor(0.0094, device='cuda:0', grad_fn=<MseLossBackward0>)
accuracy: 98.94736842105263
episode: 2540 loss tensor(0.0628, device='cuda:0', grad_fn=<MseLossBackward0>)
accuracy: 83.15789473684211
episode: 2560 loss tensor(0.0085, device='cuda:0', grad_fn=<MseLossBackward0>)
accuracy: 98.94736842105263
episode: 2580 loss tensor(0.0233, device='cuda:0', grad_fn=<MseLossBackward0>)
accuracy: 97.89473684210526
episode: 2600 loss tensor(0.0394, device='cuda:0', grad_fn=<MseLossBackward0>)
accuracy: 96.84210526315789
episode: 2620 loss tensor(0.0452, device='cuda:0', grad_fn=<MseLossBackward0>)
accuracy: 89.47368421052632
episode: 2640 loss tensor(0.0560, device='cuda:0', grad_fn=<MseLossBackward0>)
accuracy: 88.42105263157895
episode: 2660 loss tensor(0.0573, device='cuda:0', grad_fn=<MseLossBackward0>)
accuracy: 82.10526315789474
episode: 2680 loss tensor(0.0308, device='cuda:0', grad_fn=<MseLossBackward0>)
accuracy: 94.73684210526316
episode: 2700 loss tensor(0.0165, device='cuda:0', grad_fn=<MseLossBackward0>)
accuracy: 97.89473684210526
episode: 2720 loss tensor(0.0158, device='cuda:0', grad_fn=<MseLossBackward0>)
accuracy: 97.89473684210526
episode: 2740 loss tensor(0.0236, device='cuda:0', grad_fn=<MseLossBackward0>)
accuracy: 97.89473684210526
episode: 2760 loss tensor(0.0441, device='cuda:0', grad_fn=<MseLossBackward0>)
accuracy: 85.26315789473684
episode: 2780 loss tensor(0.0367, device='cuda:0', grad_fn=<MseLossBackward0>)
accuracy: 90.52631578947368
episode: 2800 loss tensor(0.0160, device='cuda:0', grad_fn=<MseLossBackward0>)
accuracy: 97.89473684210526
episode: 2820 loss tensor(0.0395, device='cuda:0', grad_fn=<MseLossBackward0>)
accuracy: 89.47368421052632
episode: 2840 loss tensor(0.0829, device='cuda:0', grad_fn=<MseLossBackward0>)
accuracy: 73.6842105263158
episode: 2860 loss tensor(0.0057, device='cuda:0', grad_fn=<MseLossBackward0>)
accuracy: 100.0
episode: 2880 loss tensor(0.0972, device='cuda:0', grad_fn=<MseLossBackward0>)
accuracy: 67.36842105263158
episode: 2900 loss tensor(0.0240, device='cuda:0', grad_fn=<MseLossBackward0>)
accuracy: 98.94736842105263
episode: 2920 loss tensor(0.0654, device='cuda:0', grad_fn=<MseLossBackward0>)
accuracy: 80.0
episode: 2940 loss tensor(0.0324, device='cuda:0', grad_fn=<MseLossBackward0>)
accuracy: 98.94736842105263
episode: 2960 loss tensor(0.0511, device='cuda:0', grad_fn=<MseLossBackward0>)
accuracy: 93.6842105263158
episode: 2980 loss tensor(0.0394, device='cuda:0', grad_fn=<MseLossBackward0>)
accuracy: 91.57894736842105
episode: 3000 loss tensor(0.0154, device='cuda:0', grad_fn=<MseLossBackward0>)
accuracy: 96.84210526315789
episode: 3020 loss tensor(0.0519, device='cuda:0', grad_fn=<MseLossBackward0>)
accuracy: 96.84210526315789
episode: 3040 loss tensor(0.1013, device='cuda:0', grad_fn=<MseLossBackward0>)
accuracy: 72.63157894736842
episode: 3060 loss tensor(0.0801, device='cuda:0', grad_fn=<MseLossBackward0>)
accuracy: 87.36842105263158
episode: 3080 loss tensor(0.0134, device='cuda:0', grad_fn=<MseLossBackward0>)
accuracy: 100.0
episode: 3100 loss tensor(0.0939, device='cuda:0', grad_fn=<MseLossBackward0>)
accuracy: 68.42105263157895
episode: 3120 loss tensor(0.0419, device='cuda:0', grad_fn=<MseLossBackward0>)
accuracy: 89.47368421052632
episode: 3140 loss tensor(0.0269, device='cuda:0', grad_fn=<MseLossBackward0>)
accuracy: 96.84210526315789
episode: 3160 loss tensor(0.0395, device='cuda:0', grad_fn=<MseLossBackward0>)
accuracy: 87.36842105263158
episode: 3180 loss tensor(0.0228, device='cuda:0', grad_fn=<MseLossBackward0>)
accuracy: 98.94736842105263
episode: 3200 loss tensor(0.0139, device='cuda:0', grad_fn=<MseLossBackward0>)
accuracy: 98.94736842105263
episode: 3220 loss tensor(0.0588, device='cuda:0', grad_fn=<MseLossBackward0>)
accuracy: 80.0
episode: 3240 loss tensor(0.0446, device='cuda:0', grad_fn=<MseLossBackward0>)
accuracy: 88.42105263157895
episode: 3260 loss tensor(0.0447, device='cuda:0', grad_fn=<MseLossBackward0>)
accuracy: 92.63157894736842
episode: 3280 loss tensor(0.0438, device='cuda:0', grad_fn=<MseLossBackward0>)
accuracy: 90.52631578947368
episode: 3300 loss tensor(0.0141, device='cuda:0', grad_fn=<MseLossBackward0>)
accuracy: 97.89473684210526
episode: 3320 loss tensor(0.0084, device='cuda:0', grad_fn=<MseLossBackward0>)
accuracy: 98.94736842105263
episode: 3340 loss tensor(0.0297, device='cuda:0', grad_fn=<MseLossBackward0>)
accuracy: 94.73684210526316
episode: 3360 loss tensor(0.0049, device='cuda:0', grad_fn=<MseLossBackward0>)
accuracy: 100.0
episode: 3380 loss tensor(0.0046, device='cuda:0', grad_fn=<MseLossBackward0>)
accuracy: 100.0
episode: 3400 loss tensor(0.0439, device='cuda:0', grad_fn=<MseLossBackward0>)
accuracy: 90.52631578947368
episode: 3420 loss tensor(0.0399, device='cuda:0', grad_fn=<MseLossBackward0>)
accuracy: 94.73684210526316
episode: 3440 loss tensor(0.0325, device='cuda:0', grad_fn=<MseLossBackward0>)
accuracy: 94.73684210526316
episode: 3460 loss tensor(0.0067, device='cuda:0', grad_fn=<MseLossBackward0>)
accuracy: 98.94736842105263
episode: 3480 loss tensor(0.0448, device='cuda:0', grad_fn=<MseLossBackward0>)
accuracy: 85.26315789473684
episode: 3500 loss tensor(0.0126, device='cuda:0', grad_fn=<MseLossBackward0>)
accuracy: 100.0
episode: 3520 loss tensor(0.0155, device='cuda:0', grad_fn=<MseLossBackward0>)
accuracy: 96.84210526315789
episode: 3540 loss tensor(0.0188, device='cuda:0', grad_fn=<MseLossBackward0>)
accuracy: 97.89473684210526
episode: 3560 loss tensor(0.0054, device='cuda:0', grad_fn=<MseLossBackward0>)
accuracy: 100.0
episode: 3580 loss tensor(0.0389, device='cuda:0', grad_fn=<MseLossBackward0>)
accuracy: 88.42105263157895
episode: 3600 loss tensor(0.0316, device='cuda:0', grad_fn=<MseLossBackward0>)
accuracy: 95.78947368421052
episode: 3620 loss tensor(0.0351, device='cuda:0', grad_fn=<MseLossBackward0>)
accuracy: 100.0
episode: 3640 loss tensor(0.0285, device='cuda:0', grad_fn=<MseLossBackward0>)
accuracy: 96.84210526315789
episode: 3660 loss tensor(0.0109, device='cuda:0', grad_fn=<MseLossBackward0>)
accuracy: 98.94736842105263
episode: 3680 loss tensor(0.0219, device='cuda:0', grad_fn=<MseLossBackward0>)
accuracy: 95.78947368421052
episode: 3700 loss tensor(0.0059, device='cuda:0', grad_fn=<MseLossBackward0>)
accuracy: 100.0
episode: 3720 loss tensor(0.0433, device='cuda:0', grad_fn=<MseLossBackward0>)
accuracy: 85.26315789473684
episode: 3740 loss tensor(0.0328, device='cuda:0', grad_fn=<MseLossBackward0>)
accuracy: 90.52631578947368
episode: 3760 loss tensor(0.0069, device='cuda:0', grad_fn=<MseLossBackward0>)
accuracy: 100.0
episode: 3780 loss tensor(0.0471, device='cuda:0', grad_fn=<MseLossBackward0>)
accuracy: 88.42105263157895
episode: 3800 loss tensor(0.0089, device='cuda:0', grad_fn=<MseLossBackward0>)
accuracy: 100.0
episode: 3820 loss tensor(0.0018, device='cuda:0', grad_fn=<MseLossBackward0>)
accuracy: 100.0
episode: 3840 loss tensor(0.0120, device='cuda:0', grad_fn=<MseLossBackward0>)
accuracy: 100.0
episode: 3860 loss tensor(0.0197, device='cuda:0', grad_fn=<MseLossBackward0>)
accuracy: 97.89473684210526
episode: 3880 loss tensor(0.0499, device='cuda:0', grad_fn=<MseLossBackward0>)
accuracy: 85.26315789473684
episode: 3900 loss tensor(0.0281, device='cuda:0', grad_fn=<MseLossBackward0>)
accuracy: 97.89473684210526
episode: 3920 loss tensor(0.0128, device='cuda:0', grad_fn=<MseLossBackward0>)
accuracy: 96.84210526315789
episode: 3940 loss tensor(0.0074, device='cuda:0', grad_fn=<MseLossBackward0>)
accuracy: 98.94736842105263
episode: 3960 loss tensor(0.0371, device='cuda:0', grad_fn=<MseLossBackward0>)
accuracy: 84.21052631578948
episode: 3980 loss tensor(0.0081, device='cuda:0', grad_fn=<MseLossBackward0>)
accuracy: 100.0
episode: 4000 loss tensor(0.0032, device='cuda:0', grad_fn=<MseLossBackward0>)
accuracy: 100.0
episode: 4020 loss tensor(0.0071, device='cuda:0', grad_fn=<MseLossBackward0>)
accuracy: 100.0
episode: 4040 loss tensor(0.0082, device='cuda:0', grad_fn=<MseLossBackward0>)
accuracy: 98.94736842105263
episode: 4060 loss tensor(0.0337, device='cuda:0', grad_fn=<MseLossBackward0>)
accuracy: 94.73684210526316
episode: 4080 loss tensor(0.0053, device='cuda:0', grad_fn=<MseLossBackward0>)
accuracy: 98.94736842105263
episode: 4100 loss tensor(0.0388, device='cuda:0', grad_fn=<MseLossBackward0>)
accuracy: 97.89473684210526
episode: 4120 loss tensor(0.0145, device='cuda:0', grad_fn=<MseLossBackward0>)
accuracy: 97.89473684210526
episode: 4140 loss tensor(0.0297, device='cuda:0', grad_fn=<MseLossBackward0>)
accuracy: 89.47368421052632
episode: 4160 loss tensor(0.0241, device='cuda:0', grad_fn=<MseLossBackward0>)
accuracy: 93.6842105263158
episode: 4180 loss tensor(0.0222, device='cuda:0', grad_fn=<MseLossBackward0>)
accuracy: 94.73684210526316
episode: 4200 loss tensor(0.0522, device='cuda:0', grad_fn=<MseLossBackward0>)
accuracy: 86.3157894736842
episode: 4220 loss tensor(0.0167, device='cuda:0', grad_fn=<MseLossBackward0>)
accuracy: 95.78947368421052
episode: 4240 loss tensor(0.0062, device='cuda:0', grad_fn=<MseLossBackward0>)
accuracy: 100.0
episode: 4260 loss tensor(0.0605, device='cuda:0', grad_fn=<MseLossBackward0>)
accuracy: 87.36842105263158
episode: 4280 loss tensor(0.1147, device='cuda:0', grad_fn=<MseLossBackward0>)
accuracy: 78.94736842105263
episode: 4300 loss tensor(0.0361, device='cuda:0', grad_fn=<MseLossBackward0>)
accuracy: 95.78947368421052
episode: 4320 loss tensor(0.0134, device='cuda:0', grad_fn=<MseLossBackward0>)
accuracy: 100.0
episode: 4340 loss tensor(0.0756, device='cuda:0', grad_fn=<MseLossBackward0>)
accuracy: 73.6842105263158
episode: 4360 loss tensor(0.0078, device='cuda:0', grad_fn=<MseLossBackward0>)
accuracy: 100.0
episode: 4380 loss tensor(0.0067, device='cuda:0', grad_fn=<MseLossBackward0>)
accuracy: 100.0
episode: 4400 loss tensor(0.0190, device='cuda:0', grad_fn=<MseLossBackward0>)
accuracy: 98.94736842105263
episode: 4420 loss tensor(0.0201, device='cuda:0', grad_fn=<MseLossBackward0>)
accuracy: 97.89473684210526
episode: 4440 loss tensor(0.0075, device='cuda:0', grad_fn=<MseLossBackward0>)
accuracy: 100.0
episode: 4460 loss tensor(0.0035, device='cuda:0', grad_fn=<MseLossBackward0>)
accuracy: 100.0
episode: 4480 loss tensor(0.0458, device='cuda:0', grad_fn=<MseLossBackward0>)
accuracy: 83.15789473684211
episode: 4500 loss tensor(0.0463, device='cuda:0', grad_fn=<MseLossBackward0>)
accuracy: 82.10526315789474
episode: 4520 loss tensor(0.0538, device='cuda:0', grad_fn=<MseLossBackward0>)
accuracy: 83.15789473684211
episode: 4540 loss tensor(0.0029, device='cuda:0', grad_fn=<MseLossBackward0>)
accuracy: 100.0
episode: 4560 loss tensor(0.0391, device='cuda:0', grad_fn=<MseLossBackward0>)
accuracy: 95.78947368421052
episode: 4580 loss tensor(0.0395, device='cuda:0', grad_fn=<MseLossBackward0>)
accuracy: 88.42105263157895
episode: 4600 loss tensor(0.0311, device='cuda:0', grad_fn=<MseLossBackward0>)
accuracy: 100.0
episode: 4620 loss tensor(0.0128, device='cuda:0', grad_fn=<MseLossBackward0>)
accuracy: 97.89473684210526
episode: 4640 loss tensor(0.0751, device='cuda:0', grad_fn=<MseLossBackward0>)
accuracy: 76.84210526315789
episode: 4660 loss tensor(0.0165, device='cuda:0', grad_fn=<MseLossBackward0>)
accuracy: 98.94736842105263
episode: 4680 loss tensor(0.0097, device='cuda:0', grad_fn=<MseLossBackward0>)
accuracy: 100.0
episode: 4700 loss tensor(0.0285, device='cuda:0', grad_fn=<MseLossBackward0>)
accuracy: 94.73684210526316
episode: 4720 loss tensor(0.0020, device='cuda:0', grad_fn=<MseLossBackward0>)
accuracy: 100.0
episode: 4740 loss tensor(0.0259, device='cuda:0', grad_fn=<MseLossBackward0>)
accuracy: 93.6842105263158
episode: 4760 loss tensor(0.0648, device='cuda:0', grad_fn=<MseLossBackward0>)
accuracy: 73.6842105263158
episode: 4780 loss tensor(0.0021, device='cuda:0', grad_fn=<MseLossBackward0>)
accuracy: 100.0
episode: 4800 loss tensor(0.0100, device='cuda:0', grad_fn=<MseLossBackward0>)
accuracy: 100.0
episode: 4820 loss tensor(0.0234, device='cuda:0', grad_fn=<MseLossBackward0>)
accuracy: 98.94736842105263
episode: 4840 loss tensor(0.0125, device='cuda:0', grad_fn=<MseLossBackward0>)
accuracy: 96.84210526315789
episode: 4860 loss tensor(0.0137, device='cuda:0', grad_fn=<MseLossBackward0>)
accuracy: 100.0
episode: 4880 loss tensor(0.0212, device='cuda:0', grad_fn=<MseLossBackward0>)
accuracy: 97.89473684210526
episode: 4900 loss tensor(0.0664, device='cuda:0', grad_fn=<MseLossBackward0>)
accuracy: 87.36842105263158
episode: 4920 loss tensor(0.0391, device='cuda:0', grad_fn=<MseLossBackward0>)
accuracy: 87.36842105263158
episode: 4940 loss tensor(0.0182, device='cuda:0', grad_fn=<MseLossBackward0>)
accuracy: 94.73684210526316
episode: 4960 loss tensor(0.0262, device='cuda:0', grad_fn=<MseLossBackward0>)
accuracy: 97.89473684210526
episode: 4980 loss tensor(0.0396, device='cuda:0', grad_fn=<MseLossBackward0>)
accuracy: 93.6842105263158
episode: 5000 loss tensor(0.0361, device='cuda:0', grad_fn=<MseLossBackward0>)
accuracy: 90.52631578947368
episode: 5020 loss tensor(0.0169, device='cuda:0', grad_fn=<MseLossBackward0>)
accuracy: 98.94736842105263
episode: 5040 loss tensor(0.0177, device='cuda:0', grad_fn=<MseLossBackward0>)
accuracy: 97.89473684210526
episode: 5060 loss tensor(0.0435, device='cuda:0', grad_fn=<MseLossBackward0>)
accuracy: 94.73684210526316
episode: 5080 loss tensor(0.0112, device='cuda:0', grad_fn=<MseLossBackward0>)
accuracy: 97.89473684210526
episode: 5100 loss tensor(0.0573, device='cuda:0', grad_fn=<MseLossBackward0>)
accuracy: 74.73684210526316
episode: 5120 loss tensor(0.0074, device='cuda:0', grad_fn=<MseLossBackward0>)
accuracy: 100.0
episode: 5140 loss tensor(0.0034, device='cuda:0', grad_fn=<MseLossBackward0>)
accuracy: 100.0
episode: 5160 loss tensor(0.0296, device='cuda:0', grad_fn=<MseLossBackward0>)
accuracy: 100.0
episode: 5180 loss tensor(0.0034, device='cuda:0', grad_fn=<MseLossBackward0>)
accuracy: 100.0
episode: 5200 loss tensor(0.0440, device='cuda:0', grad_fn=<MseLossBackward0>)
accuracy: 87.36842105263158
episode: 5220 loss tensor(0.0265, device='cuda:0', grad_fn=<MseLossBackward0>)
accuracy: 98.94736842105263
episode: 5240 loss tensor(0.0113, device='cuda:0', grad_fn=<MseLossBackward0>)
accuracy: 100.0
episode: 5260 loss tensor(0.0020, device='cuda:0', grad_fn=<MseLossBackward0>)
accuracy: 100.0
episode: 5280 loss tensor(0.0051, device='cuda:0', grad_fn=<MseLossBackward0>)
accuracy: 100.0
episode: 5300 loss tensor(0.0151, device='cuda:0', grad_fn=<MseLossBackward0>)
accuracy: 94.73684210526316
episode: 5320 loss tensor(0.0217, device='cuda:0', grad_fn=<MseLossBackward0>)
accuracy: 94.73684210526316
episode: 5340 loss tensor(0.0482, device='cuda:0', grad_fn=<MseLossBackward0>)
accuracy: 89.47368421052632
episode: 5360 loss tensor(0.0015, device='cuda:0', grad_fn=<MseLossBackward0>)
accuracy: 100.0
episode: 5380 loss tensor(0.0053, device='cuda:0', grad_fn=<MseLossBackward0>)
accuracy: 98.94736842105263
episode: 5400 loss tensor(0.0098, device='cuda:0', grad_fn=<MseLossBackward0>)
accuracy: 97.89473684210526
episode: 5420 loss tensor(0.0689, device='cuda:0', grad_fn=<MseLossBackward0>)
accuracy: 84.21052631578948
episode: 5440 loss tensor(0.1063, device='cuda:0', grad_fn=<MseLossBackward0>)
accuracy: 63.1578947368421
episode: 5460 loss tensor(0.0517, device='cuda:0', grad_fn=<MseLossBackward0>)
accuracy: 88.42105263157895
episode: 5480 loss tensor(0.0036, device='cuda:0', grad_fn=<MseLossBackward0>)
accuracy: 100.0
episode: 5500 loss tensor(0.0127, device='cuda:0', grad_fn=<MseLossBackward0>)
accuracy: 97.89473684210526
episode: 5520 loss tensor(0.0138, device='cuda:0', grad_fn=<MseLossBackward0>)
accuracy: 98.94736842105263
episode: 5540 loss tensor(0.0019, device='cuda:0', grad_fn=<MseLossBackward0>)
accuracy: 100.0
episode: 5560 loss tensor(0.0249, device='cuda:0', grad_fn=<MseLossBackward0>)
accuracy: 96.84210526315789
episode: 5580 loss tensor(0.0131, device='cuda:0', grad_fn=<MseLossBackward0>)
accuracy: 98.94736842105263
episode: 5600 loss tensor(0.0440, device='cuda:0', grad_fn=<MseLossBackward0>)
accuracy: 81.05263157894737
episode: 5620 loss tensor(0.0033, device='cuda:0', grad_fn=<MseLossBackward0>)
accuracy: 100.0
episode: 5640 loss tensor(0.0258, device='cuda:0', grad_fn=<MseLossBackward0>)
accuracy: 98.94736842105263
episode: 5660 loss tensor(0.0267, device='cuda:0', grad_fn=<MseLossBackward0>)
accuracy: 97.89473684210526
episode: 5680 loss tensor(0.0295, device='cuda:0', grad_fn=<MseLossBackward0>)
accuracy: 96.84210526315789
episode: 5700 loss tensor(0.0114, device='cuda:0', grad_fn=<MseLossBackward0>)
accuracy: 98.94736842105263
episode: 5720 loss tensor(0.0066, device='cuda:0', grad_fn=<MseLossBackward0>)
accuracy: 100.0
episode: 5740 loss tensor(0.0291, device='cuda:0', grad_fn=<MseLossBackward0>)
accuracy: 96.84210526315789
episode: 5760 loss tensor(0.0119, device='cuda:0', grad_fn=<MseLossBackward0>)
accuracy: 97.89473684210526
episode: 5780 loss tensor(0.0135, device='cuda:0', grad_fn=<MseLossBackward0>)
accuracy: 100.0
episode: 5800 loss tensor(0.0194, device='cuda:0', grad_fn=<MseLossBackward0>)
accuracy: 97.89473684210526
episode: 5820 loss tensor(0.0229, device='cuda:0', grad_fn=<MseLossBackward0>)
accuracy: 97.89473684210526
episode: 5840 loss tensor(0.0025, device='cuda:0', grad_fn=<MseLossBackward0>)
accuracy: 100.0
episode: 5860 loss tensor(0.0435, device='cuda:0', grad_fn=<MseLossBackward0>)
accuracy: 90.52631578947368
episode: 5880 loss tensor(0.0994, device='cuda:0', grad_fn=<MseLossBackward0>)
accuracy: 75.78947368421052
episode: 5900 loss tensor(0.0539, device='cuda:0', grad_fn=<MseLossBackward0>)
accuracy: 80.0
episode: 5920 loss tensor(0.0118, device='cuda:0', grad_fn=<MseLossBackward0>)
accuracy: 98.94736842105263
episode: 5940 loss tensor(0.0601, device='cuda:0', grad_fn=<MseLossBackward0>)
accuracy: 85.26315789473684
episode: 5960 loss tensor(0.0569, device='cuda:0', grad_fn=<MseLossBackward0>)
accuracy: 92.63157894736842
episode: 5980 loss tensor(0.0911, device='cuda:0', grad_fn=<MseLossBackward0>)
accuracy: 80.0
episode: 6000 loss tensor(0.0119, device='cuda:0', grad_fn=<MseLossBackward0>)
accuracy: 98.94736842105263
episode: 6020 loss tensor(0.0265, device='cuda:0', grad_fn=<MseLossBackward0>)
accuracy: 100.0
episode: 6040 loss tensor(0.0768, device='cuda:0', grad_fn=<MseLossBackward0>)
accuracy: 85.26315789473684
episode: 6060 loss tensor(0.0038, device='cuda:0', grad_fn=<MseLossBackward0>)
accuracy: 100.0
episode: 6080 loss tensor(0.0145, device='cuda:0', grad_fn=<MseLossBackward0>)
accuracy: 100.0
episode: 6100 loss tensor(0.0295, device='cuda:0', grad_fn=<MseLossBackward0>)
accuracy: 94.73684210526316
episode: 6120 loss tensor(0.0659, device='cuda:0', grad_fn=<MseLossBackward0>)
accuracy: 96.84210526315789
episode: 6140 loss tensor(0.0022, device='cuda:0', grad_fn=<MseLossBackward0>)
accuracy: 100.0
episode: 6160 loss tensor(0.0111, device='cuda:0', grad_fn=<MseLossBackward0>)
accuracy: 98.94736842105263
episode: 6180 loss tensor(0.0325, device='cuda:0', grad_fn=<MseLossBackward0>)
accuracy: 93.6842105263158
episode: 6200 loss tensor(0.0086, device='cuda:0', grad_fn=<MseLossBackward0>)
accuracy: 98.94736842105263
episode: 6220 loss tensor(0.0272, device='cuda:0', grad_fn=<MseLossBackward0>)
accuracy: 95.78947368421052
episode: 6240 loss tensor(0.0288, device='cuda:0', grad_fn=<MseLossBackward0>)
accuracy: 89.47368421052632
episode: 6260 loss tensor(0.0197, device='cuda:0', grad_fn=<MseLossBackward0>)
accuracy: 94.73684210526316
episode: 6280 loss tensor(0.0015, device='cuda:0', grad_fn=<MseLossBackward0>)
accuracy: 100.0
episode: 6300 loss tensor(0.0081, device='cuda:0', grad_fn=<MseLossBackward0>)
accuracy: 100.0
episode: 6320 loss tensor(0.0025, device='cuda:0', grad_fn=<MseLossBackward0>)
accuracy: 100.0
episode: 6340 loss tensor(0.0394, device='cuda:0', grad_fn=<MseLossBackward0>)
accuracy: 90.52631578947368
episode: 6360 loss tensor(0.0373, device='cuda:0', grad_fn=<MseLossBackward0>)
accuracy: 91.57894736842105
episode: 6380 loss tensor(0.0055, device='cuda:0', grad_fn=<MseLossBackward0>)
accuracy: 98.94736842105263
episode: 6400 loss tensor(0.0725, device='cuda:0', grad_fn=<MseLossBackward0>)
accuracy: 90.52631578947368
episode: 6420 loss tensor(0.0061, device='cuda:0', grad_fn=<MseLossBackward0>)
accuracy: 100.0
episode: 6440 loss tensor(0.0513, device='cuda:0', grad_fn=<MseLossBackward0>)
accuracy: 83.15789473684211
episode: 6460 loss tensor(0.0056, device='cuda:0', grad_fn=<MseLossBackward0>)
accuracy: 100.0
episode: 6480 loss tensor(0.0027, device='cuda:0', grad_fn=<MseLossBackward0>)
accuracy: 100.0
episode: 6500 loss tensor(0.0589, device='cuda:0', grad_fn=<MseLossBackward0>)
accuracy: 82.10526315789474
episode: 6520 loss tensor(0.0462, device='cuda:0', grad_fn=<MseLossBackward0>)
accuracy: 82.10526315789474
episode: 6540 loss tensor(0.0681, device='cuda:0', grad_fn=<MseLossBackward0>)
accuracy: 76.84210526315789
episode: 6560 loss tensor(0.0027, device='cuda:0', grad_fn=<MseLossBackward0>)
accuracy: 100.0
episode: 6580 loss tensor(0.0021, device='cuda:0', grad_fn=<MseLossBackward0>)
accuracy: 100.0
episode: 6600 loss tensor(0.0456, device='cuda:0', grad_fn=<MseLossBackward0>)
accuracy: 95.78947368421052
episode: 6620 loss tensor(0.0014, device='cuda:0', grad_fn=<MseLossBackward0>)
accuracy: 100.0
episode: 6640 loss tensor(0.0541, device='cuda:0', grad_fn=<MseLossBackward0>)
accuracy: 90.52631578947368
episode: 6660 loss tensor(0.0099, device='cuda:0', grad_fn=<MseLossBackward0>)
accuracy: 98.94736842105263
episode: 6680 loss tensor(0.0019, device='cuda:0', grad_fn=<MseLossBackward0>)
accuracy: 100.0
episode: 6700 loss tensor(0.0058, device='cuda:0', grad_fn=<MseLossBackward0>)
accuracy: 100.0
episode: 6720 loss tensor(0.0050, device='cuda:0', grad_fn=<MseLossBackward0>)
accuracy: 98.94736842105263
episode: 6740 loss tensor(0.0135, device='cuda:0', grad_fn=<MseLossBackward0>)
accuracy: 98.94736842105263
episode: 6760 loss tensor(0.0049, device='cuda:0', grad_fn=<MseLossBackward0>)
accuracy: 100.0
episode: 6780 loss tensor(0.0158, device='cuda:0', grad_fn=<MseLossBackward0>)
accuracy: 98.94736842105263
episode: 6800 loss tensor(0.0285, device='cuda:0', grad_fn=<MseLossBackward0>)
accuracy: 97.89473684210526
episode: 6820 loss tensor(0.0014, device='cuda:0', grad_fn=<MseLossBackward0>)
accuracy: 100.0
episode: 6840 loss tensor(0.0554, device='cuda:0', grad_fn=<MseLossBackward0>)
accuracy: 90.52631578947368
episode: 6860 loss tensor(0.0017, device='cuda:0', grad_fn=<MseLossBackward0>)
accuracy: 100.0
episode: 6880 loss tensor(0.0477, device='cuda:0', grad_fn=<MseLossBackward0>)
accuracy: 93.6842105263158
episode: 6900 loss tensor(0.0297, device='cuda:0', grad_fn=<MseLossBackward0>)
accuracy: 100.0
episode: 6920 loss tensor(0.0021, device='cuda:0', grad_fn=<MseLossBackward0>)
accuracy: 100.0
episode: 6940 loss tensor(0.0095, device='cuda:0', grad_fn=<MseLossBackward0>)
accuracy: 97.89473684210526
episode: 6960 loss tensor(0.0293, device='cuda:0', grad_fn=<MseLossBackward0>)
accuracy: 91.57894736842105
episode: 6980 loss tensor(0.0043, device='cuda:0', grad_fn=<MseLossBackward0>)
accuracy: 100.0
episode: 7000 loss tensor(0.0864, device='cuda:0', grad_fn=<MseLossBackward0>)
accuracy: 74.73684210526316
episode: 7020 loss tensor(0.0494, device='cuda:0', grad_fn=<MseLossBackward0>)
accuracy: 84.21052631578948
episode: 7040 loss tensor(0.0316, device='cuda:0', grad_fn=<MseLossBackward0>)
accuracy: 92.63157894736842
episode: 7060 loss tensor(0.0584, device='cuda:0', grad_fn=<MseLossBackward0>)
accuracy: 83.15789473684211
episode: 7080 loss tensor(0.0868, device='cuda:0', grad_fn=<MseLossBackward0>)
accuracy: 63.1578947368421
episode: 7100 loss tensor(0.0884, device='cuda:0', grad_fn=<MseLossBackward0>)
accuracy: 84.21052631578948
episode: 7120 loss tensor(0.0176, device='cuda:0', grad_fn=<MseLossBackward0>)
accuracy: 94.73684210526316
episode: 7140 loss tensor(0.0351, device='cuda:0', grad_fn=<MseLossBackward0>)
accuracy: 95.78947368421052
episode: 7160 loss tensor(0.0107, device='cuda:0', grad_fn=<MseLossBackward0>)
accuracy: 96.84210526315789
episode: 7180 loss tensor(0.0305, device='cuda:0', grad_fn=<MseLossBackward0>)
accuracy: 89.47368421052632
episode: 7200 loss tensor(0.0044, device='cuda:0', grad_fn=<MseLossBackward0>)
accuracy: 100.0
episode: 7220 loss tensor(0.0116, device='cuda:0', grad_fn=<MseLossBackward0>)
accuracy: 100.0
episode: 7240 loss tensor(0.0031, device='cuda:0', grad_fn=<MseLossBackward0>)
accuracy: 100.0
episode: 7260 loss tensor(0.0179, device='cuda:0', grad_fn=<MseLossBackward0>)
accuracy: 95.78947368421052
episode: 7280 loss tensor(0.0664, device='cuda:0', grad_fn=<MseLossBackward0>)
accuracy: 82.10526315789474
episode: 7300 loss tensor(0.0053, device='cuda:0', grad_fn=<MseLossBackward0>)
accuracy: 100.0
episode: 7320 loss tensor(0.0067, device='cuda:0', grad_fn=<MseLossBackward0>)
accuracy: 100.0
episode: 7340 loss tensor(0.0034, device='cuda:0', grad_fn=<MseLossBackward0>)
accuracy: 100.0
episode: 7360 loss tensor(0.0070, device='cuda:0', grad_fn=<MseLossBackward0>)
accuracy: 98.94736842105263
episode: 7380 loss tensor(0.0533, device='cuda:0', grad_fn=<MseLossBackward0>)
accuracy: 74.73684210526316
episode: 7400 loss tensor(0.0089, device='cuda:0', grad_fn=<MseLossBackward0>)
accuracy: 100.0
episode: 7420 loss tensor(0.0181, device='cuda:0', grad_fn=<MseLossBackward0>)
accuracy: 98.94736842105263
episode: 7440 loss tensor(0.0016, device='cuda:0', grad_fn=<MseLossBackward0>)
accuracy: 100.0
episode: 7460 loss tensor(0.0250, device='cuda:0', grad_fn=<MseLossBackward0>)
accuracy: 96.84210526315789
episode: 7480 loss tensor(0.0810, device='cuda:0', grad_fn=<MseLossBackward0>)
accuracy: 80.0
episode: 7500 loss tensor(0.0568, device='cuda:0', grad_fn=<MseLossBackward0>)
accuracy: 81.05263157894737
episode: 7520 loss tensor(0.0053, device='cuda:0', grad_fn=<MseLossBackward0>)
accuracy: 98.94736842105263
episode: 7540 loss tensor(0.0039, device='cuda:0', grad_fn=<MseLossBackward0>)
accuracy: 100.0
episode: 7560 loss tensor(0.0159, device='cuda:0', grad_fn=<MseLossBackward0>)
accuracy: 100.0
episode: 7580 loss tensor(0.0047, device='cuda:0', grad_fn=<MseLossBackward0>)
accuracy: 100.0
episode: 7600 loss tensor(0.0013, device='cuda:0', grad_fn=<MseLossBackward0>)
accuracy: 100.0
episode: 7620 loss tensor(0.0029, device='cuda:0', grad_fn=<MseLossBackward0>)
accuracy: 100.0
episode: 7640 loss tensor(0.0460, device='cuda:0', grad_fn=<MseLossBackward0>)
accuracy: 89.47368421052632
episode: 7660 loss tensor(0.0024, device='cuda:0', grad_fn=<MseLossBackward0>)
accuracy: 100.0
episode: 7680 loss tensor(0.0116, device='cuda:0', grad_fn=<MseLossBackward0>)
accuracy: 100.0
episode: 7700 loss tensor(0.0014, device='cuda:0', grad_fn=<MseLossBackward0>)
accuracy: 100.0
episode: 7720 loss tensor(0.0039, device='cuda:0', grad_fn=<MseLossBackward0>)
accuracy: 100.0
episode: 7740 loss tensor(0.0075, device='cuda:0', grad_fn=<MseLossBackward0>)
accuracy: 100.0
episode: 7760 loss tensor(0.0445, device='cuda:0', grad_fn=<MseLossBackward0>)
accuracy: 96.84210526315789
episode: 7780 loss tensor(0.0299, device='cuda:0', grad_fn=<MseLossBackward0>)
accuracy: 90.52631578947368
episode: 7800 loss tensor(0.0018, device='cuda:0', grad_fn=<MseLossBackward0>)
accuracy: 100.0
episode: 7820 loss tensor(0.0011, device='cuda:0', grad_fn=<MseLossBackward0>)
accuracy: 100.0
episode: 7840 loss tensor(0.0126, device='cuda:0', grad_fn=<MseLossBackward0>)
accuracy: 95.78947368421052
episode: 7860 loss tensor(0.0021, device='cuda:0', grad_fn=<MseLossBackward0>)
accuracy: 100.0
episode: 7880 loss tensor(0.0097, device='cuda:0', grad_fn=<MseLossBackward0>)
accuracy: 100.0
episode: 7900 loss tensor(0.0071, device='cuda:0', grad_fn=<MseLossBackward0>)
accuracy: 100.0
episode: 7920 loss tensor(0.0547, device='cuda:0', grad_fn=<MseLossBackward0>)
accuracy: 87.36842105263158
episode: 7940 loss tensor(0.0473, device='cuda:0', grad_fn=<MseLossBackward0>)
accuracy: 78.94736842105263
episode: 7960 loss tensor(0.0027, device='cuda:0', grad_fn=<MseLossBackward0>)
accuracy: 100.0
episode: 7980 loss tensor(0.0570, device='cuda:0', grad_fn=<MseLossBackward0>)
accuracy: 82.10526315789474
episode: 8000 loss tensor(0.0110, device='cuda:0', grad_fn=<MseLossBackward0>)
accuracy: 98.94736842105263
episode: 8020 loss tensor(0.0481, device='cuda:0', grad_fn=<MseLossBackward0>)
accuracy: 89.47368421052632
episode: 8040 loss tensor(0.0268, device='cuda:0', grad_fn=<MseLossBackward0>)
accuracy: 96.84210526315789
episode: 8060 loss tensor(0.0156, device='cuda:0', grad_fn=<MseLossBackward0>)
accuracy: 98.94736842105263
episode: 8080 loss tensor(0.0017, device='cuda:0', grad_fn=<MseLossBackward0>)
accuracy: 100.0
episode: 8100 loss tensor(0.0055, device='cuda:0', grad_fn=<MseLossBackward0>)
accuracy: 100.0
episode: 8120 loss tensor(0.0065, device='cuda:0', grad_fn=<MseLossBackward0>)
accuracy: 98.94736842105263
episode: 8140 loss tensor(0.0196, device='cuda:0', grad_fn=<MseLossBackward0>)
accuracy: 98.94736842105263
episode: 8160 loss tensor(0.0423, device='cuda:0', grad_fn=<MseLossBackward0>)
accuracy: 91.57894736842105
episode: 8180 loss tensor(0.0370, device='cuda:0', grad_fn=<MseLossBackward0>)
accuracy: 94.73684210526316
episode: 8200 loss tensor(0.0540, device='cuda:0', grad_fn=<MseLossBackward0>)
accuracy: 86.3157894736842
episode: 8220 loss tensor(0.0861, device='cuda:0', grad_fn=<MseLossBackward0>)
accuracy: 71.57894736842105
episode: 8240 loss tensor(0.0013, device='cuda:0', grad_fn=<MseLossBackward0>)
accuracy: 100.0
episode: 8260 loss tensor(0.0118, device='cuda:0', grad_fn=<MseLossBackward0>)
accuracy: 98.94736842105263
episode: 8280 loss tensor(0.0133, device='cuda:0', grad_fn=<MseLossBackward0>)
accuracy: 100.0
episode: 8300 loss tensor(0.0023, device='cuda:0', grad_fn=<MseLossBackward0>)
accuracy: 100.0
episode: 8320 loss tensor(0.0716, device='cuda:0', grad_fn=<MseLossBackward0>)
accuracy: 74.73684210526316
episode: 8340 loss tensor(0.0028, device='cuda:0', grad_fn=<MseLossBackward0>)
accuracy: 100.0
episode: 8360 loss tensor(0.0080, device='cuda:0', grad_fn=<MseLossBackward0>)
accuracy: 100.0
episode: 8380 loss tensor(0.0241, device='cuda:0', grad_fn=<MseLossBackward0>)
accuracy: 95.78947368421052
episode: 8400 loss tensor(0.0048, device='cuda:0', grad_fn=<MseLossBackward0>)
accuracy: 100.0
episode: 8420 loss tensor(0.0034, device='cuda:0', grad_fn=<MseLossBackward0>)
accuracy: 100.0
episode: 8440 loss tensor(0.0020, device='cuda:0', grad_fn=<MseLossBackward0>)
accuracy: 100.0
episode: 8460 loss tensor(0.0532, device='cuda:0', grad_fn=<MseLossBackward0>)
accuracy: 92.63157894736842
episode: 8480 loss tensor(0.0055, device='cuda:0', grad_fn=<MseLossBackward0>)
accuracy: 100.0
episode: 8500 loss tensor(0.0355, device='cuda:0', grad_fn=<MseLossBackward0>)
accuracy: 97.89473684210526
episode: 8520 loss tensor(0.0089, device='cuda:0', grad_fn=<MseLossBackward0>)
accuracy: 100.0
episode: 8540 loss tensor(0.0114, device='cuda:0', grad_fn=<MseLossBackward0>)
accuracy: 96.84210526315789
episode: 8560 loss tensor(0.0093, device='cuda:0', grad_fn=<MseLossBackward0>)
accuracy: 100.0
episode: 8580 loss tensor(0.0200, device='cuda:0', grad_fn=<MseLossBackward0>)
accuracy: 94.73684210526316
episode: 8600 loss tensor(0.0152, device='cuda:0', grad_fn=<MseLossBackward0>)
accuracy: 98.94736842105263
episode: 8620 loss tensor(0.0054, device='cuda:0', grad_fn=<MseLossBackward0>)
accuracy: 100.0
episode: 8640 loss tensor(0.0046, device='cuda:0', grad_fn=<MseLossBackward0>)
accuracy: 100.0
episode: 8660 loss tensor(0.0078, device='cuda:0', grad_fn=<MseLossBackward0>)
accuracy: 100.0
episode: 8680 loss tensor(0.0015, device='cuda:0', grad_fn=<MseLossBackward0>)
accuracy: 100.0
episode: 8700 loss tensor(0.0086, device='cuda:0', grad_fn=<MseLossBackward0>)
accuracy: 100.0
episode: 8720 loss tensor(0.0097, device='cuda:0', grad_fn=<MseLossBackward0>)
accuracy: 100.0
episode: 8740 loss tensor(0.0520, device='cuda:0', grad_fn=<MseLossBackward0>)
accuracy: 87.36842105263158
episode: 8760 loss tensor(0.0173, device='cuda:0', grad_fn=<MseLossBackward0>)
accuracy: 96.84210526315789
episode: 8780 loss tensor(0.0034, device='cuda:0', grad_fn=<MseLossBackward0>)
accuracy: 100.0
episode: 8800 loss tensor(0.0259, device='cuda:0', grad_fn=<MseLossBackward0>)
accuracy: 91.57894736842105
episode: 8820 loss tensor(0.0638, device='cuda:0', grad_fn=<MseLossBackward0>)
accuracy: 89.47368421052632
episode: 8840 loss tensor(0.0050, device='cuda:0', grad_fn=<MseLossBackward0>)
accuracy: 100.0
episode: 8860 loss tensor(0.0521, device='cuda:0', grad_fn=<MseLossBackward0>)
accuracy: 84.21052631578948
episode: 8880 loss tensor(0.0235, device='cuda:0', grad_fn=<MseLossBackward0>)
accuracy: 95.78947368421052
episode: 8900 loss tensor(0.0201, device='cuda:0', grad_fn=<MseLossBackward0>)
accuracy: 96.84210526315789
episode: 8920 loss tensor(0.0017, device='cuda:0', grad_fn=<MseLossBackward0>)
accuracy: 100.0
episode: 8940 loss tensor(0.0037, device='cuda:0', grad_fn=<MseLossBackward0>)
accuracy: 100.0
episode: 8960 loss tensor(0.0026, device='cuda:0', grad_fn=<MseLossBackward0>)
accuracy: 100.0
episode: 8980 loss tensor(0.0011, device='cuda:0', grad_fn=<MseLossBackward0>)
accuracy: 100.0
episode: 9000 loss tensor(0.0016, device='cuda:0', grad_fn=<MseLossBackward0>)
accuracy: 100.0
episode: 9020 loss tensor(0.0484, device='cuda:0', grad_fn=<MseLossBackward0>)
accuracy: 85.26315789473684
episode: 9040 loss tensor(0.0307, device='cuda:0', grad_fn=<MseLossBackward0>)
accuracy: 95.78947368421052
episode: 9060 loss tensor(0.0062, device='cuda:0', grad_fn=<MseLossBackward0>)
accuracy: 100.0
episode: 9080 loss tensor(0.0041, device='cuda:0', grad_fn=<MseLossBackward0>)
accuracy: 100.0
episode: 9100 loss tensor(0.0086, device='cuda:0', grad_fn=<MseLossBackward0>)
accuracy: 100.0
episode: 9120 loss tensor(0.0011, device='cuda:0', grad_fn=<MseLossBackward0>)
accuracy: 100.0
episode: 9140 loss tensor(0.1083, device='cuda:0', grad_fn=<MseLossBackward0>)
accuracy: 65.26315789473684
episode: 9160 loss tensor(0.0016, device='cuda:0', grad_fn=<MseLossBackward0>)
accuracy: 100.0
episode: 9180 loss tensor(0.0073, device='cuda:0', grad_fn=<MseLossBackward0>)
accuracy: 100.0
episode: 9200 loss tensor(0.0153, device='cuda:0', grad_fn=<MseLossBackward0>)
accuracy: 97.89473684210526
episode: 9220 loss tensor(0.0200, device='cuda:0', grad_fn=<MseLossBackward0>)
accuracy: 96.84210526315789
episode: 9240 loss tensor(0.0316, device='cuda:0', grad_fn=<MseLossBackward0>)
accuracy: 95.78947368421052
episode: 9260 loss tensor(0.0254, device='cuda:0', grad_fn=<MseLossBackward0>)
accuracy: 98.94736842105263
episode: 9280 loss tensor(0.0284, device='cuda:0', grad_fn=<MseLossBackward0>)
accuracy: 98.94736842105263
episode: 9300 loss tensor(0.0879, device='cuda:0', grad_fn=<MseLossBackward0>)
accuracy: 73.6842105263158
episode: 9320 loss tensor(0.0165, device='cuda:0', grad_fn=<MseLossBackward0>)
accuracy: 97.89473684210526
episode: 9340 loss tensor(0.0125, device='cuda:0', grad_fn=<MseLossBackward0>)
accuracy: 100.0
episode: 9360 loss tensor(0.0069, device='cuda:0', grad_fn=<MseLossBackward0>)
accuracy: 98.94736842105263
episode: 9380 loss tensor(0.0053, device='cuda:0', grad_fn=<MseLossBackward0>)
accuracy: 98.94736842105263
episode: 9400 loss tensor(0.0187, device='cuda:0', grad_fn=<MseLossBackward0>)
accuracy: 100.0
episode: 9420 loss tensor(0.0062, device='cuda:0', grad_fn=<MseLossBackward0>)
accuracy: 100.0
episode: 9440 loss tensor(0.0045, device='cuda:0', grad_fn=<MseLossBackward0>)
accuracy: 100.0
episode: 9460 loss tensor(0.0480, device='cuda:0', grad_fn=<MseLossBackward0>)
accuracy: 80.0
episode: 9480 loss tensor(0.0060, device='cuda:0', grad_fn=<MseLossBackward0>)
accuracy: 100.0
episode: 9500 loss tensor(0.0069, device='cuda:0', grad_fn=<MseLossBackward0>)
accuracy: 100.0
episode: 9520 loss tensor(0.0020, device='cuda:0', grad_fn=<MseLossBackward0>)
accuracy: 100.0
episode: 9540 loss tensor(0.0029, device='cuda:0', grad_fn=<MseLossBackward0>)
accuracy: 100.0
episode: 9560 loss tensor(0.0654, device='cuda:0', grad_fn=<MseLossBackward0>)
accuracy: 83.15789473684211
episode: 9580 loss tensor(0.0531, device='cuda:0', grad_fn=<MseLossBackward0>)
accuracy: 83.15789473684211
episode: 9600 loss tensor(0.0418, device='cuda:0', grad_fn=<MseLossBackward0>)
accuracy: 95.78947368421052
episode: 9620 loss tensor(0.0165, device='cuda:0', grad_fn=<MseLossBackward0>)
accuracy: 96.84210526315789
episode: 9640 loss tensor(0.0133, device='cuda:0', grad_fn=<MseLossBackward0>)
accuracy: 98.94736842105263
episode: 9660 loss tensor(0.0558, device='cuda:0', grad_fn=<MseLossBackward0>)
accuracy: 81.05263157894737
episode: 9680 loss tensor(0.0013, device='cuda:0', grad_fn=<MseLossBackward0>)
accuracy: 100.0
episode: 9700 loss tensor(0.0081, device='cuda:0', grad_fn=<MseLossBackward0>)
accuracy: 100.0
episode: 9720 loss tensor(0.0183, device='cuda:0', grad_fn=<MseLossBackward0>)
accuracy: 100.0
episode: 9740 loss tensor(0.0601, device='cuda:0', grad_fn=<MseLossBackward0>)
accuracy: 82.10526315789474
episode: 9760 loss tensor(0.0049, device='cuda:0', grad_fn=<MseLossBackward0>)
accuracy: 100.0
episode: 9780 loss tensor(0.0087, device='cuda:0', grad_fn=<MseLossBackward0>)
accuracy: 98.94736842105263
episode: 9800 loss tensor(0.0248, device='cuda:0', grad_fn=<MseLossBackward0>)
accuracy: 91.57894736842105
episode: 9820 loss tensor(0.0020, device='cuda:0', grad_fn=<MseLossBackward0>)
accuracy: 100.0
episode: 9840 loss tensor(0.0074, device='cuda:0', grad_fn=<MseLossBackward0>)
accuracy: 97.89473684210526
episode: 9860 loss tensor(0.0310, device='cuda:0', grad_fn=<MseLossBackward0>)
accuracy: 89.47368421052632
episode: 9880 loss tensor(0.0101, device='cuda:0', grad_fn=<MseLossBackward0>)
accuracy: 98.94736842105263
episode: 9900 loss tensor(0.0238, device='cuda:0', grad_fn=<MseLossBackward0>)
accuracy: 98.94736842105263
episode: 9920 loss tensor(0.0111, device='cuda:0', grad_fn=<MseLossBackward0>)
accuracy: 100.0
episode: 9940 loss tensor(0.0876, device='cuda:0', grad_fn=<MseLossBackward0>)
accuracy: 84.21052631578948
episode: 9960 loss tensor(0.0057, device='cuda:0', grad_fn=<MseLossBackward0>)
accuracy: 100.0
episode: 9980 loss tensor(0.0871, device='cuda:0', grad_fn=<MseLossBackward0>)
accuracy: 73.6842105263158
episode: 10000 loss tensor(0.0571, device='cuda:0', grad_fn=<MseLossBackward0>)
accuracy: 91.57894736842105
meta_train_time =  509.09863018989563
