************fewshot_train.py_2023-04-15_13_44_36************
[0;33;40mcheck the file![0m
[0;33;40m./model/meta_training_embedding_30way_1shot_19querty_0.001learning_10000metatrainepisode.pkl[0m
[0;33;40m./model/meta_training_relation_30way_1shot_19querty_0.001learning_10000metatrainepisode.pkl[0m
[0;33;40mload feature encoder success[0m
[0;33;40mload relation network success[0m
[0;33;40mcheck the file![0m
[0;33;40m../h5dataset_ica_bandselect_200/SA_28_28_100_support5_8.h5[0m
episode: 10 loss tensor(0.0245, device='cuda:0', grad_fn=<MseLossBackward0>)
accuracy: 87.5
episode: 20 loss tensor(0.0126, device='cuda:0', grad_fn=<MseLossBackward0>)
accuracy: 87.5
episode: 30 loss tensor(0.0122, device='cuda:0', grad_fn=<MseLossBackward0>)
accuracy: 84.375
episode: 40 loss tensor(0.0111, device='cuda:0', grad_fn=<MseLossBackward0>)
accuracy: 85.9375
episode: 50 loss tensor(0.0091, device='cuda:0', grad_fn=<MseLossBackward0>)
accuracy: 90.625
episode: 60 loss tensor(0.0061, device='cuda:0', grad_fn=<MseLossBackward0>)
accuracy: 93.75
episode: 70 loss tensor(0.0071, device='cuda:0', grad_fn=<MseLossBackward0>)
accuracy: 90.625
episode: 80 loss tensor(0.0077, device='cuda:0', grad_fn=<MseLossBackward0>)
accuracy: 87.5
episode: 90 loss tensor(0.0048, device='cuda:0', grad_fn=<MseLossBackward0>)
accuracy: 93.75
episode: 100 loss tensor(0.0072, device='cuda:0', grad_fn=<MseLossBackward0>)
accuracy: 90.625
episode: 110 loss tensor(0.0077, device='cuda:0', grad_fn=<MseLossBackward0>)
accuracy: 89.0625
episode: 120 loss tensor(0.0090, device='cuda:0', grad_fn=<MseLossBackward0>)
accuracy: 90.625
episode: 130 loss tensor(0.0045, device='cuda:0', grad_fn=<MseLossBackward0>)
accuracy: 95.3125
episode: 140 loss tensor(0.0033, device='cuda:0', grad_fn=<MseLossBackward0>)
accuracy: 95.3125
episode: 150 loss tensor(0.0063, device='cuda:0', grad_fn=<MseLossBackward0>)
accuracy: 90.625
episode: 160 loss tensor(0.0039, device='cuda:0', grad_fn=<MseLossBackward0>)
accuracy: 93.75
episode: 170 loss tensor(0.0042, device='cuda:0', grad_fn=<MseLossBackward0>)
accuracy: 93.75
episode: 180 loss tensor(0.0030, device='cuda:0', grad_fn=<MseLossBackward0>)
accuracy: 96.875
episode: 190 loss tensor(0.0042, device='cuda:0', grad_fn=<MseLossBackward0>)
accuracy: 98.4375
episode: 200 loss tensor(0.0054, device='cuda:0', grad_fn=<MseLossBackward0>)
accuracy: 92.1875
episode: 210 loss tensor(0.0020, device='cuda:0', grad_fn=<MseLossBackward0>)
accuracy: 98.4375
episode: 220 loss tensor(0.0040, device='cuda:0', grad_fn=<MseLossBackward0>)
accuracy: 95.3125
episode: 230 loss tensor(0.0017, device='cuda:0', grad_fn=<MseLossBackward0>)
accuracy: 98.4375
episode: 240 loss tensor(0.0012, device='cuda:0', grad_fn=<MseLossBackward0>)
accuracy: 98.4375
episode: 250 loss tensor(0.0017, device='cuda:0', grad_fn=<MseLossBackward0>)
accuracy: 98.4375
episode: 260 loss tensor(0.0010, device='cuda:0', grad_fn=<MseLossBackward0>)
accuracy: 98.4375
episode: 270 loss tensor(0.0017, device='cuda:0', grad_fn=<MseLossBackward0>)
accuracy: 98.4375
episode: 280 loss tensor(0.0010, device='cuda:0', grad_fn=<MseLossBackward0>)
accuracy: 98.4375
episode: 290 loss tensor(0.0013, device='cuda:0', grad_fn=<MseLossBackward0>)
accuracy: 98.4375
episode: 300 loss tensor(0.0010, device='cuda:0', grad_fn=<MseLossBackward0>)
accuracy: 98.4375
episode: 310 loss tensor(0.0010, device='cuda:0', grad_fn=<MseLossBackward0>)
accuracy: 100.0
episode: 320 loss tensor(0.0010, device='cuda:0', grad_fn=<MseLossBackward0>)
accuracy: 100.0
episode: 330 loss tensor(0.0010, device='cuda:0', grad_fn=<MseLossBackward0>)
accuracy: 100.0
episode: 340 loss tensor(0.0039, device='cuda:0', grad_fn=<MseLossBackward0>)
accuracy: 93.75
episode: 350 loss tensor(0.0039, device='cuda:0', grad_fn=<MseLossBackward0>)
accuracy: 96.875
episode: 360 loss tensor(0.0010, device='cuda:0', grad_fn=<MseLossBackward0>)
accuracy: 100.0
episode: 370 loss tensor(0.0039, device='cuda:0', grad_fn=<MseLossBackward0>)
accuracy: 93.75
episode: 380 loss tensor(0.0039, device='cuda:0', grad_fn=<MseLossBackward0>)
accuracy: 96.875
episode: 390 loss tensor(0.0010, device='cuda:0', grad_fn=<MseLossBackward0>)
accuracy: 98.4375
episode: 400 loss tensor(0.0010, device='cuda:0', grad_fn=<MseLossBackward0>)
accuracy: 98.4375
episode: 410 loss tensor(0.0039, device='cuda:0', grad_fn=<MseLossBackward0>)
accuracy: 93.75
episode: 420 loss tensor(0.0010, device='cuda:0', grad_fn=<MseLossBackward0>)
accuracy: 98.4375
episode: 430 loss tensor(0.0039, device='cuda:0', grad_fn=<MseLossBackward0>)
accuracy: 93.75
episode: 440 loss tensor(0.0010, device='cuda:0', grad_fn=<MseLossBackward0>)
accuracy: 98.4375
episode: 450 loss tensor(0.0039, device='cuda:0', grad_fn=<MseLossBackward0>)
accuracy: 93.75
episode: 460 loss tensor(0.0039, device='cuda:0', grad_fn=<MseLossBackward0>)
accuracy: 93.75
episode: 470 loss tensor(0.0010, device='cuda:0', grad_fn=<MseLossBackward0>)
accuracy: 98.4375
episode: 480 loss tensor(0.0010, device='cuda:0', grad_fn=<MseLossBackward0>)
accuracy: 98.4375
episode: 490 loss tensor(0.0010, device='cuda:0', grad_fn=<MseLossBackward0>)
accuracy: 100.0
episode: 500 loss tensor(0.0010, device='cuda:0', grad_fn=<MseLossBackward0>)
accuracy: 98.4375
episode: 510 loss tensor(0.0039, device='cuda:0', grad_fn=<MseLossBackward0>)
accuracy: 93.75
episode: 520 loss tensor(0.0010, device='cuda:0', grad_fn=<MseLossBackward0>)
accuracy: 98.4375
episode: 530 loss tensor(0.0010, device='cuda:0', grad_fn=<MseLossBackward0>)
accuracy: 98.4375
episode: 540 loss tensor(0.0010, device='cuda:0', grad_fn=<MseLossBackward0>)
accuracy: 98.4375
episode: 550 loss tensor(0.0039, device='cuda:0', grad_fn=<MseLossBackward0>)
accuracy: 93.75
episode: 560 loss tensor(0.0010, device='cuda:0', grad_fn=<MseLossBackward0>)
accuracy: 100.0
episode: 570 loss tensor(0.0010, device='cuda:0', grad_fn=<MseLossBackward0>)
accuracy: 98.4375
episode: 580 loss tensor(0.0039, device='cuda:0', grad_fn=<MseLossBackward0>)
accuracy: 96.875
episode: 590 loss tensor(0.0010, device='cuda:0', grad_fn=<MseLossBackward0>)
accuracy: 98.4375
episode: 600 loss tensor(0.0010, device='cuda:0', grad_fn=<MseLossBackward0>)
accuracy: 98.4375
episode: 610 loss tensor(0.0010, device='cuda:0', grad_fn=<MseLossBackward0>)
accuracy: 100.0
episode: 620 loss tensor(0.0023, device='cuda:0', grad_fn=<MseLossBackward0>)
accuracy: 100.0
episode: 630 loss tensor(0.0010, device='cuda:0', grad_fn=<MseLossBackward0>)
accuracy: 100.0
episode: 640 loss tensor(0.0003, device='cuda:0', grad_fn=<MseLossBackward0>)
accuracy: 100.0
episode: 650 loss tensor(0.0001, device='cuda:0', grad_fn=<MseLossBackward0>)
accuracy: 100.0
episode: 660 loss tensor(1.1846e-05, device='cuda:0', grad_fn=<MseLossBackward0>)
accuracy: 100.0
episode: 670 loss tensor(0.0006, device='cuda:0', grad_fn=<MseLossBackward0>)
accuracy: 100.0
episode: 680 loss tensor(8.7083e-05, device='cuda:0', grad_fn=<MseLossBackward0>)
accuracy: 100.0
episode: 690 loss tensor(0.0003, device='cuda:0', grad_fn=<MseLossBackward0>)
accuracy: 100.0
episode: 700 loss tensor(6.0522e-06, device='cuda:0', grad_fn=<MseLossBackward0>)
accuracy: 100.0
episode: 710 loss tensor(4.0838e-05, device='cuda:0', grad_fn=<MseLossBackward0>)
accuracy: 100.0
episode: 720 loss tensor(4.7347e-06, device='cuda:0', grad_fn=<MseLossBackward0>)
accuracy: 100.0
episode: 730 loss tensor(1.6888e-06, device='cuda:0', grad_fn=<MseLossBackward0>)
accuracy: 100.0
episode: 740 loss tensor(1.2313e-06, device='cuda:0', grad_fn=<MseLossBackward0>)
accuracy: 100.0
episode: 750 loss tensor(1.0359e-06, device='cuda:0', grad_fn=<MseLossBackward0>)
accuracy: 100.0
episode: 760 loss tensor(3.1334e-06, device='cuda:0', grad_fn=<MseLossBackward0>)
accuracy: 100.0
episode: 770 loss tensor(4.9005e-07, device='cuda:0', grad_fn=<MseLossBackward0>)
accuracy: 100.0
episode: 780 loss tensor(1.0277e-06, device='cuda:0', grad_fn=<MseLossBackward0>)
accuracy: 100.0
episode: 790 loss tensor(8.5189e-07, device='cuda:0', grad_fn=<MseLossBackward0>)
accuracy: 100.0
episode: 800 loss tensor(1.0242e-06, device='cuda:0', grad_fn=<MseLossBackward0>)
accuracy: 100.0
episode: 810 loss tensor(4.1325e-06, device='cuda:0', grad_fn=<MseLossBackward0>)
accuracy: 100.0
episode: 820 loss tensor(1.8314e-06, device='cuda:0', grad_fn=<MseLossBackward0>)
accuracy: 100.0
episode: 830 loss tensor(6.1908e-07, device='cuda:0', grad_fn=<MseLossBackward0>)
accuracy: 100.0
episode: 840 loss tensor(9.5351e-07, device='cuda:0', grad_fn=<MseLossBackward0>)
accuracy: 100.0
episode: 850 loss tensor(2.5236e-06, device='cuda:0', grad_fn=<MseLossBackward0>)
accuracy: 100.0
episode: 860 loss tensor(1.4070e-06, device='cuda:0', grad_fn=<MseLossBackward0>)
accuracy: 100.0
episode: 870 loss tensor(1.0090e-06, device='cuda:0', grad_fn=<MseLossBackward0>)
accuracy: 100.0
episode: 880 loss tensor(8.4402e-07, device='cuda:0', grad_fn=<MseLossBackward0>)
accuracy: 100.0
episode: 890 loss tensor(1.9842e-06, device='cuda:0', grad_fn=<MseLossBackward0>)
accuracy: 100.0
episode: 900 loss tensor(9.6202e-07, device='cuda:0', grad_fn=<MseLossBackward0>)
accuracy: 100.0
episode: 910 loss tensor(5.5536e-07, device='cuda:0', grad_fn=<MseLossBackward0>)
accuracy: 100.0
episode: 920 loss tensor(1.1492e-06, device='cuda:0', grad_fn=<MseLossBackward0>)
accuracy: 100.0
episode: 930 loss tensor(1.3061e-06, device='cuda:0', grad_fn=<MseLossBackward0>)
accuracy: 100.0
episode: 940 loss tensor(4.7513e-07, device='cuda:0', grad_fn=<MseLossBackward0>)
accuracy: 100.0
episode: 950 loss tensor(1.0034e-06, device='cuda:0', grad_fn=<MseLossBackward0>)
accuracy: 100.0
episode: 960 loss tensor(1.4235e-06, device='cuda:0', grad_fn=<MseLossBackward0>)
accuracy: 100.0
episode: 970 loss tensor(7.2064e-07, device='cuda:0', grad_fn=<MseLossBackward0>)
accuracy: 100.0
episode: 980 loss tensor(7.5852e-07, device='cuda:0', grad_fn=<MseLossBackward0>)
accuracy: 100.0
episode: 990 loss tensor(5.1176e-07, device='cuda:0', grad_fn=<MseLossBackward0>)
accuracy: 100.0
episode: 1000 loss tensor(1.0700e-06, device='cuda:0', grad_fn=<MseLossBackward0>)
accuracy: 100.0
few shot learning time : 47.85211181640625
[0;33;40mcheck the file![0m
[0;33;40m./model/SA_embdeeing_fewshot_1000fewshotepisode_8.pkl[0m
[0;33;40mcheck the file![0m
[0;33;40m./model/SA_relation_fewshot_1000fewshotepisode_8.pkl[0m
few shot model save success!
