************fewshot_train.py_2023-04-15_14_11_57************
[0;33;40mcheck the file![0m
[0;33;40m./model/meta_training_embedding_30way_1shot_19querty_0.001learning_10000metatrainepisode.pkl[0m
[0;33;40m./model/meta_training_relation_30way_1shot_19querty_0.001learning_10000metatrainepisode.pkl[0m
[0;33;40mload feature encoder success[0m
[0;33;40mload relation network success[0m
[0;33;40mcheck the file![0m
[0;33;40m../h5dataset_ica_bandselect_200/UP_28_28_100_support5_5.h5[0m
episode: 10 loss tensor(0.0767, device='cuda:0', grad_fn=<MseLossBackward0>)
accuracy: 55.55555555555556
episode: 20 loss tensor(0.0681, device='cuda:0', grad_fn=<MseLossBackward0>)
accuracy: 58.333333333333336
episode: 30 loss tensor(0.0648, device='cuda:0', grad_fn=<MseLossBackward0>)
accuracy: 55.55555555555556
episode: 40 loss tensor(0.0522, device='cuda:0', grad_fn=<MseLossBackward0>)
accuracy: 69.44444444444444
episode: 50 loss tensor(0.0489, device='cuda:0', grad_fn=<MseLossBackward0>)
accuracy: 77.77777777777777
episode: 60 loss tensor(0.0356, device='cuda:0', grad_fn=<MseLossBackward0>)
accuracy: 80.55555555555556
episode: 70 loss tensor(0.0334, device='cuda:0', grad_fn=<MseLossBackward0>)
accuracy: 86.11111111111111
episode: 80 loss tensor(0.0254, device='cuda:0', grad_fn=<MseLossBackward0>)
accuracy: 86.11111111111111
episode: 90 loss tensor(0.0259, device='cuda:0', grad_fn=<MseLossBackward0>)
accuracy: 86.11111111111111
episode: 100 loss tensor(0.0298, device='cuda:0', grad_fn=<MseLossBackward0>)
accuracy: 83.33333333333333
episode: 110 loss tensor(0.0247, device='cuda:0', grad_fn=<MseLossBackward0>)
accuracy: 86.11111111111111
episode: 120 loss tensor(0.0245, device='cuda:0', grad_fn=<MseLossBackward0>)
accuracy: 83.33333333333333
episode: 130 loss tensor(0.0251, device='cuda:0', grad_fn=<MseLossBackward0>)
accuracy: 80.55555555555556
episode: 140 loss tensor(0.0301, device='cuda:0', grad_fn=<MseLossBackward0>)
accuracy: 77.77777777777777
episode: 150 loss tensor(0.0145, device='cuda:0', grad_fn=<MseLossBackward0>)
accuracy: 88.88888888888889
episode: 160 loss tensor(0.0134, device='cuda:0', grad_fn=<MseLossBackward0>)
accuracy: 91.66666666666667
episode: 170 loss tensor(0.0156, device='cuda:0', grad_fn=<MseLossBackward0>)
accuracy: 94.44444444444444
episode: 180 loss tensor(0.0097, device='cuda:0', grad_fn=<MseLossBackward0>)
accuracy: 91.66666666666667
episode: 190 loss tensor(0.0063, device='cuda:0', grad_fn=<MseLossBackward0>)
accuracy: 94.44444444444444
episode: 200 loss tensor(0.0062, device='cuda:0', grad_fn=<MseLossBackward0>)
accuracy: 94.44444444444444
episode: 210 loss tensor(0.0093, device='cuda:0', grad_fn=<MseLossBackward0>)
accuracy: 91.66666666666667
episode: 220 loss tensor(0.0093, device='cuda:0', grad_fn=<MseLossBackward0>)
accuracy: 91.66666666666667
episode: 230 loss tensor(0.0062, device='cuda:0', grad_fn=<MseLossBackward0>)
accuracy: 94.44444444444444
episode: 240 loss tensor(0.0061, device='cuda:0', grad_fn=<MseLossBackward0>)
accuracy: 97.22222222222223
episode: 250 loss tensor(0.0093, device='cuda:0', grad_fn=<MseLossBackward0>)
accuracy: 100.0
episode: 260 loss tensor(0.0061, device='cuda:0', grad_fn=<MseLossBackward0>)
accuracy: 94.44444444444444
episode: 270 loss tensor(0.0063, device='cuda:0', grad_fn=<MseLossBackward0>)
accuracy: 94.44444444444444
episode: 280 loss tensor(0.0092, device='cuda:0', grad_fn=<MseLossBackward0>)
accuracy: 94.44444444444444
episode: 290 loss tensor(0.0011, device='cuda:0', grad_fn=<MseLossBackward0>)
accuracy: 100.0
episode: 300 loss tensor(0.0007, device='cuda:0', grad_fn=<MseLossBackward0>)
accuracy: 100.0
episode: 310 loss tensor(0.0001, device='cuda:0', grad_fn=<MseLossBackward0>)
accuracy: 100.0
episode: 320 loss tensor(9.4447e-05, device='cuda:0', grad_fn=<MseLossBackward0>)
accuracy: 100.0
episode: 330 loss tensor(1.0970e-05, device='cuda:0', grad_fn=<MseLossBackward0>)
accuracy: 100.0
episode: 340 loss tensor(0.0002, device='cuda:0', grad_fn=<MseLossBackward0>)
accuracy: 100.0
episode: 350 loss tensor(1.5426e-05, device='cuda:0', grad_fn=<MseLossBackward0>)
accuracy: 100.0
episode: 360 loss tensor(1.1932e-05, device='cuda:0', grad_fn=<MseLossBackward0>)
accuracy: 100.0
episode: 370 loss tensor(6.0983e-06, device='cuda:0', grad_fn=<MseLossBackward0>)
accuracy: 100.0
episode: 380 loss tensor(3.2114e-06, device='cuda:0', grad_fn=<MseLossBackward0>)
accuracy: 100.0
episode: 390 loss tensor(5.2406e-06, device='cuda:0', grad_fn=<MseLossBackward0>)
accuracy: 100.0
episode: 400 loss tensor(4.6684e-06, device='cuda:0', grad_fn=<MseLossBackward0>)
accuracy: 100.0
episode: 410 loss tensor(1.6908e-06, device='cuda:0', grad_fn=<MseLossBackward0>)
accuracy: 100.0
episode: 420 loss tensor(2.0527e-06, device='cuda:0', grad_fn=<MseLossBackward0>)
accuracy: 100.0
episode: 430 loss tensor(4.2078e-06, device='cuda:0', grad_fn=<MseLossBackward0>)
accuracy: 100.0
episode: 440 loss tensor(2.8893e-06, device='cuda:0', grad_fn=<MseLossBackward0>)
accuracy: 100.0
episode: 450 loss tensor(2.2829e-06, device='cuda:0', grad_fn=<MseLossBackward0>)
accuracy: 100.0
episode: 460 loss tensor(2.4343e-06, device='cuda:0', grad_fn=<MseLossBackward0>)
accuracy: 100.0
episode: 470 loss tensor(2.3419e-06, device='cuda:0', grad_fn=<MseLossBackward0>)
accuracy: 100.0
episode: 480 loss tensor(6.8350e-07, device='cuda:0', grad_fn=<MseLossBackward0>)
accuracy: 100.0
episode: 490 loss tensor(8.0780e-07, device='cuda:0', grad_fn=<MseLossBackward0>)
accuracy: 100.0
episode: 500 loss tensor(1.8890e-06, device='cuda:0', grad_fn=<MseLossBackward0>)
accuracy: 100.0
episode: 510 loss tensor(1.0830e-06, device='cuda:0', grad_fn=<MseLossBackward0>)
accuracy: 100.0
episode: 520 loss tensor(3.8336e-07, device='cuda:0', grad_fn=<MseLossBackward0>)
accuracy: 100.0
episode: 530 loss tensor(1.5828e-06, device='cuda:0', grad_fn=<MseLossBackward0>)
accuracy: 100.0
episode: 540 loss tensor(6.1334e-07, device='cuda:0', grad_fn=<MseLossBackward0>)
accuracy: 100.0
episode: 550 loss tensor(1.9030e-06, device='cuda:0', grad_fn=<MseLossBackward0>)
accuracy: 100.0
episode: 560 loss tensor(1.0917e-06, device='cuda:0', grad_fn=<MseLossBackward0>)
accuracy: 100.0
episode: 570 loss tensor(2.8419e-06, device='cuda:0', grad_fn=<MseLossBackward0>)
accuracy: 100.0
episode: 580 loss tensor(5.5695e-07, device='cuda:0', grad_fn=<MseLossBackward0>)
accuracy: 100.0
episode: 590 loss tensor(4.8207e-06, device='cuda:0', grad_fn=<MseLossBackward0>)
accuracy: 100.0
episode: 600 loss tensor(1.0859e-06, device='cuda:0', grad_fn=<MseLossBackward0>)
accuracy: 100.0
episode: 610 loss tensor(2.4461e-06, device='cuda:0', grad_fn=<MseLossBackward0>)
accuracy: 100.0
episode: 620 loss tensor(4.3765e-07, device='cuda:0', grad_fn=<MseLossBackward0>)
accuracy: 100.0
episode: 630 loss tensor(1.4404e-06, device='cuda:0', grad_fn=<MseLossBackward0>)
accuracy: 100.0
episode: 640 loss tensor(6.6451e-07, device='cuda:0', grad_fn=<MseLossBackward0>)
accuracy: 100.0
episode: 650 loss tensor(4.8092e-07, device='cuda:0', grad_fn=<MseLossBackward0>)
accuracy: 100.0
episode: 660 loss tensor(5.0568e-07, device='cuda:0', grad_fn=<MseLossBackward0>)
accuracy: 100.0
episode: 670 loss tensor(8.6058e-06, device='cuda:0', grad_fn=<MseLossBackward0>)
accuracy: 100.0
episode: 680 loss tensor(1.8960e-06, device='cuda:0', grad_fn=<MseLossBackward0>)
accuracy: 100.0
episode: 690 loss tensor(1.1089e-05, device='cuda:0', grad_fn=<MseLossBackward0>)
accuracy: 100.0
episode: 700 loss tensor(3.4756e-06, device='cuda:0', grad_fn=<MseLossBackward0>)
accuracy: 100.0
episode: 710 loss tensor(4.0551e-07, device='cuda:0', grad_fn=<MseLossBackward0>)
accuracy: 100.0
episode: 720 loss tensor(1.2161e-06, device='cuda:0', grad_fn=<MseLossBackward0>)
accuracy: 100.0
episode: 730 loss tensor(8.5827e-07, device='cuda:0', grad_fn=<MseLossBackward0>)
accuracy: 100.0
episode: 740 loss tensor(2.0208e-06, device='cuda:0', grad_fn=<MseLossBackward0>)
accuracy: 100.0
episode: 750 loss tensor(1.2250e-06, device='cuda:0', grad_fn=<MseLossBackward0>)
accuracy: 100.0
episode: 760 loss tensor(6.6158e-07, device='cuda:0', grad_fn=<MseLossBackward0>)
accuracy: 100.0
episode: 770 loss tensor(5.5369e-07, device='cuda:0', grad_fn=<MseLossBackward0>)
accuracy: 100.0
episode: 780 loss tensor(9.9916e-07, device='cuda:0', grad_fn=<MseLossBackward0>)
accuracy: 100.0
episode: 790 loss tensor(3.9758e-06, device='cuda:0', grad_fn=<MseLossBackward0>)
accuracy: 100.0
episode: 800 loss tensor(3.2272e-07, device='cuda:0', grad_fn=<MseLossBackward0>)
accuracy: 100.0
episode: 810 loss tensor(4.6421e-07, device='cuda:0', grad_fn=<MseLossBackward0>)
accuracy: 100.0
episode: 820 loss tensor(5.4748e-07, device='cuda:0', grad_fn=<MseLossBackward0>)
accuracy: 100.0
episode: 830 loss tensor(4.3228e-07, device='cuda:0', grad_fn=<MseLossBackward0>)
accuracy: 100.0
episode: 840 loss tensor(6.7778e-07, device='cuda:0', grad_fn=<MseLossBackward0>)
accuracy: 100.0
episode: 850 loss tensor(3.5428e-07, device='cuda:0', grad_fn=<MseLossBackward0>)
accuracy: 100.0
episode: 860 loss tensor(6.3133e-07, device='cuda:0', grad_fn=<MseLossBackward0>)
accuracy: 100.0
episode: 870 loss tensor(1.4257e-06, device='cuda:0', grad_fn=<MseLossBackward0>)
accuracy: 100.0
episode: 880 loss tensor(3.7677e-07, device='cuda:0', grad_fn=<MseLossBackward0>)
accuracy: 100.0
episode: 890 loss tensor(6.2357e-07, device='cuda:0', grad_fn=<MseLossBackward0>)
accuracy: 100.0
episode: 900 loss tensor(7.2128e-07, device='cuda:0', grad_fn=<MseLossBackward0>)
accuracy: 100.0
episode: 910 loss tensor(1.5926e-06, device='cuda:0', grad_fn=<MseLossBackward0>)
accuracy: 100.0
episode: 920 loss tensor(3.1812e-07, device='cuda:0', grad_fn=<MseLossBackward0>)
accuracy: 100.0
episode: 930 loss tensor(1.4109e-06, device='cuda:0', grad_fn=<MseLossBackward0>)
accuracy: 100.0
episode: 940 loss tensor(4.6547e-07, device='cuda:0', grad_fn=<MseLossBackward0>)
accuracy: 100.0
episode: 950 loss tensor(6.5678e-07, device='cuda:0', grad_fn=<MseLossBackward0>)
accuracy: 100.0
episode: 960 loss tensor(3.5799e-07, device='cuda:0', grad_fn=<MseLossBackward0>)
accuracy: 100.0
episode: 970 loss tensor(6.0075e-07, device='cuda:0', grad_fn=<MseLossBackward0>)
accuracy: 100.0
episode: 980 loss tensor(8.2027e-07, device='cuda:0', grad_fn=<MseLossBackward0>)
accuracy: 100.0
episode: 990 loss tensor(1.5062e-06, device='cuda:0', grad_fn=<MseLossBackward0>)
accuracy: 100.0
episode: 1000 loss tensor(3.0501e-07, device='cuda:0', grad_fn=<MseLossBackward0>)
accuracy: 100.0
few shot learning time : 29.537169218063354
[0;33;40mcheck the file![0m
[0;33;40m./model/UP_embdeeing_fewshot_1000fewshotepisode_5.pkl[0m
[0;33;40mcheck the file![0m
[0;33;40m./model/UP_relation_fewshot_1000fewshotepisode_5.pkl[0m
few shot model save success!
