**********meta_train_EM_RN.py_2023-04-15_12_36_03***********
n_way = 30, n_shot = 1, n_query = 19, META_EPISODE = 10000, LEARNING_RATE = 0.001, GPU = 0
n_examples = 200, im_width = 28, im_height = 28, depth = 100
[0;33;40mcheck the file![0m
[0;33;40m../h5dataset_ica_bandselect_200//meta_train_11000_78400.h5[0m
episode: 20 loss tensor(0.2887, device='cuda:0', grad_fn=<MseLossBackward0>)
accuracy: 3.3333333333333335
episode: 40 loss tensor(0.0323, device='cuda:0', grad_fn=<MseLossBackward0>)
accuracy: 6.666666666666667
episode: 60 loss tensor(0.0324, device='cuda:0', grad_fn=<MseLossBackward0>)
accuracy: 4.2105263157894735
episode: 80 loss tensor(0.0319, device='cuda:0', grad_fn=<MseLossBackward0>)
accuracy: 6.666666666666667
episode: 100 loss tensor(0.0311, device='cuda:0', grad_fn=<MseLossBackward0>)
accuracy: 12.280701754385966
episode: 120 loss tensor(0.0305, device='cuda:0', grad_fn=<MseLossBackward0>)
accuracy: 14.736842105263158
episode: 140 loss tensor(0.0295, device='cuda:0', grad_fn=<MseLossBackward0>)
accuracy: 16.49122807017544
episode: 160 loss tensor(0.0288, device='cuda:0', grad_fn=<MseLossBackward0>)
accuracy: 28.42105263157895
episode: 180 loss tensor(0.0278, device='cuda:0', grad_fn=<MseLossBackward0>)
accuracy: 37.719298245614034
episode: 200 loss tensor(0.0258, device='cuda:0', grad_fn=<MseLossBackward0>)
accuracy: 48.24561403508772
episode: 220 loss tensor(0.0250, device='cuda:0', grad_fn=<MseLossBackward0>)
accuracy: 56.31578947368421
episode: 240 loss tensor(0.0256, device='cuda:0', grad_fn=<MseLossBackward0>)
accuracy: 44.73684210526316
episode: 260 loss tensor(0.0244, device='cuda:0', grad_fn=<MseLossBackward0>)
accuracy: 54.3859649122807
episode: 280 loss tensor(0.0242, device='cuda:0', grad_fn=<MseLossBackward0>)
accuracy: 53.50877192982456
episode: 300 loss tensor(0.0240, device='cuda:0', grad_fn=<MseLossBackward0>)
accuracy: 58.24561403508772
episode: 320 loss tensor(0.0205, device='cuda:0', grad_fn=<MseLossBackward0>)
accuracy: 66.49122807017544
episode: 340 loss tensor(0.0213, device='cuda:0', grad_fn=<MseLossBackward0>)
accuracy: 61.92982456140351
episode: 360 loss tensor(0.0199, device='cuda:0', grad_fn=<MseLossBackward0>)
accuracy: 65.26315789473684
episode: 380 loss tensor(0.0200, device='cuda:0', grad_fn=<MseLossBackward0>)
accuracy: 64.3859649122807
episode: 400 loss tensor(0.0200, device='cuda:0', grad_fn=<MseLossBackward0>)
accuracy: 68.7719298245614
episode: 420 loss tensor(0.0202, device='cuda:0', grad_fn=<MseLossBackward0>)
accuracy: 62.10526315789474
episode: 440 loss tensor(0.0159, device='cuda:0', grad_fn=<MseLossBackward0>)
accuracy: 73.50877192982456
episode: 460 loss tensor(0.0180, device='cuda:0', grad_fn=<MseLossBackward0>)
accuracy: 71.9298245614035
episode: 480 loss tensor(0.0176, device='cuda:0', grad_fn=<MseLossBackward0>)
accuracy: 74.73684210526316
episode: 500 loss tensor(0.0172, device='cuda:0', grad_fn=<MseLossBackward0>)
accuracy: 71.57894736842105
episode: 520 loss tensor(0.0180, device='cuda:0', grad_fn=<MseLossBackward0>)
accuracy: 69.47368421052632
episode: 540 loss tensor(0.0179, device='cuda:0', grad_fn=<MseLossBackward0>)
accuracy: 70.17543859649123
episode: 560 loss tensor(0.0173, device='cuda:0', grad_fn=<MseLossBackward0>)
accuracy: 72.98245614035088
episode: 580 loss tensor(0.0162, device='cuda:0', grad_fn=<MseLossBackward0>)
accuracy: 74.56140350877193
episode: 600 loss tensor(0.0197, device='cuda:0', grad_fn=<MseLossBackward0>)
accuracy: 64.56140350877193
episode: 620 loss tensor(0.0152, device='cuda:0', grad_fn=<MseLossBackward0>)
accuracy: 78.42105263157895
episode: 640 loss tensor(0.0160, device='cuda:0', grad_fn=<MseLossBackward0>)
accuracy: 72.63157894736842
episode: 660 loss tensor(0.0150, device='cuda:0', grad_fn=<MseLossBackward0>)
accuracy: 74.56140350877193
episode: 680 loss tensor(0.0124, device='cuda:0', grad_fn=<MseLossBackward0>)
accuracy: 83.33333333333333
episode: 700 loss tensor(0.0164, device='cuda:0', grad_fn=<MseLossBackward0>)
accuracy: 68.42105263157895
episode: 720 loss tensor(0.0129, device='cuda:0', grad_fn=<MseLossBackward0>)
accuracy: 86.49122807017544
episode: 740 loss tensor(0.0148, device='cuda:0', grad_fn=<MseLossBackward0>)
accuracy: 74.21052631578948
episode: 760 loss tensor(0.0132, device='cuda:0', grad_fn=<MseLossBackward0>)
accuracy: 80.87719298245614
episode: 780 loss tensor(0.0155, device='cuda:0', grad_fn=<MseLossBackward0>)
accuracy: 70.17543859649123
episode: 800 loss tensor(0.0123, device='cuda:0', grad_fn=<MseLossBackward0>)
accuracy: 83.33333333333333
episode: 820 loss tensor(0.0151, device='cuda:0', grad_fn=<MseLossBackward0>)
accuracy: 72.80701754385964
episode: 840 loss tensor(0.0125, device='cuda:0', grad_fn=<MseLossBackward0>)
accuracy: 80.35087719298245
episode: 860 loss tensor(0.0143, device='cuda:0', grad_fn=<MseLossBackward0>)
accuracy: 72.80701754385964
episode: 880 loss tensor(0.0104, device='cuda:0', grad_fn=<MseLossBackward0>)
accuracy: 84.56140350877193
episode: 900 loss tensor(0.0118, device='cuda:0', grad_fn=<MseLossBackward0>)
accuracy: 80.52631578947368
episode: 920 loss tensor(0.0151, device='cuda:0', grad_fn=<MseLossBackward0>)
accuracy: 75.78947368421052
episode: 940 loss tensor(0.0106, device='cuda:0', grad_fn=<MseLossBackward0>)
accuracy: 87.36842105263158
episode: 960 loss tensor(0.0108, device='cuda:0', grad_fn=<MseLossBackward0>)
accuracy: 81.57894736842105
episode: 980 loss tensor(0.0113, device='cuda:0', grad_fn=<MseLossBackward0>)
accuracy: 79.64912280701755
episode: 1000 loss tensor(0.0132, device='cuda:0', grad_fn=<MseLossBackward0>)
accuracy: 83.6842105263158
episode: 1020 loss tensor(0.0102, device='cuda:0', grad_fn=<MseLossBackward0>)
accuracy: 85.43859649122807
episode: 1040 loss tensor(0.0097, device='cuda:0', grad_fn=<MseLossBackward0>)
accuracy: 88.24561403508773
episode: 1060 loss tensor(0.0157, device='cuda:0', grad_fn=<MseLossBackward0>)
accuracy: 68.42105263157895
episode: 1080 loss tensor(0.0131, device='cuda:0', grad_fn=<MseLossBackward0>)
accuracy: 81.05263157894737
episode: 1100 loss tensor(0.0109, device='cuda:0', grad_fn=<MseLossBackward0>)
accuracy: 80.17543859649123
episode: 1120 loss tensor(0.0091, device='cuda:0', grad_fn=<MseLossBackward0>)
accuracy: 83.50877192982456
episode: 1140 loss tensor(0.0134, device='cuda:0', grad_fn=<MseLossBackward0>)
accuracy: 75.78947368421052
episode: 1160 loss tensor(0.0091, device='cuda:0', grad_fn=<MseLossBackward0>)
accuracy: 84.56140350877193
episode: 1180 loss tensor(0.0093, device='cuda:0', grad_fn=<MseLossBackward0>)
accuracy: 85.96491228070175
episode: 1200 loss tensor(0.0087, device='cuda:0', grad_fn=<MseLossBackward0>)
accuracy: 85.26315789473684
episode: 1220 loss tensor(0.0138, device='cuda:0', grad_fn=<MseLossBackward0>)
accuracy: 80.17543859649123
episode: 1240 loss tensor(0.0121, device='cuda:0', grad_fn=<MseLossBackward0>)
accuracy: 79.82456140350877
episode: 1260 loss tensor(0.0085, device='cuda:0', grad_fn=<MseLossBackward0>)
accuracy: 90.35087719298245
episode: 1280 loss tensor(0.0122, device='cuda:0', grad_fn=<MseLossBackward0>)
accuracy: 82.10526315789474
episode: 1300 loss tensor(0.0101, device='cuda:0', grad_fn=<MseLossBackward0>)
accuracy: 82.28070175438596
episode: 1320 loss tensor(0.0087, device='cuda:0', grad_fn=<MseLossBackward0>)
accuracy: 87.36842105263158
episode: 1340 loss tensor(0.0048, device='cuda:0', grad_fn=<MseLossBackward0>)
accuracy: 94.91228070175438
episode: 1360 loss tensor(0.0095, device='cuda:0', grad_fn=<MseLossBackward0>)
accuracy: 78.42105263157895
episode: 1380 loss tensor(0.0083, device='cuda:0', grad_fn=<MseLossBackward0>)
accuracy: 86.3157894736842
episode: 1400 loss tensor(0.0051, device='cuda:0', grad_fn=<MseLossBackward0>)
accuracy: 94.3859649122807
episode: 1420 loss tensor(0.0073, device='cuda:0', grad_fn=<MseLossBackward0>)
accuracy: 88.94736842105263
episode: 1440 loss tensor(0.0087, device='cuda:0', grad_fn=<MseLossBackward0>)
accuracy: 85.6140350877193
episode: 1460 loss tensor(0.0070, device='cuda:0', grad_fn=<MseLossBackward0>)
accuracy: 88.94736842105263
episode: 1480 loss tensor(0.0073, device='cuda:0', grad_fn=<MseLossBackward0>)
accuracy: 89.64912280701755
episode: 1500 loss tensor(0.0116, device='cuda:0', grad_fn=<MseLossBackward0>)
accuracy: 80.17543859649123
episode: 1520 loss tensor(0.0117, device='cuda:0', grad_fn=<MseLossBackward0>)
accuracy: 80.17543859649123
episode: 1540 loss tensor(0.0075, device='cuda:0', grad_fn=<MseLossBackward0>)
accuracy: 89.12280701754386
episode: 1560 loss tensor(0.0079, device='cuda:0', grad_fn=<MseLossBackward0>)
accuracy: 86.49122807017544
episode: 1580 loss tensor(0.0074, device='cuda:0', grad_fn=<MseLossBackward0>)
accuracy: 86.49122807017544
episode: 1600 loss tensor(0.0060, device='cuda:0', grad_fn=<MseLossBackward0>)
accuracy: 94.3859649122807
episode: 1620 loss tensor(0.0094, device='cuda:0', grad_fn=<MseLossBackward0>)
accuracy: 83.6842105263158
episode: 1640 loss tensor(0.0087, device='cuda:0', grad_fn=<MseLossBackward0>)
accuracy: 85.78947368421052
episode: 1660 loss tensor(0.0079, device='cuda:0', grad_fn=<MseLossBackward0>)
accuracy: 87.71929824561404
episode: 1680 loss tensor(0.0083, device='cuda:0', grad_fn=<MseLossBackward0>)
accuracy: 86.3157894736842
episode: 1700 loss tensor(0.0073, device='cuda:0', grad_fn=<MseLossBackward0>)
accuracy: 91.05263157894737
episode: 1720 loss tensor(0.0095, device='cuda:0', grad_fn=<MseLossBackward0>)
accuracy: 80.35087719298245
episode: 1740 loss tensor(0.0064, device='cuda:0', grad_fn=<MseLossBackward0>)
accuracy: 86.84210526315789
episode: 1760 loss tensor(0.0062, device='cuda:0', grad_fn=<MseLossBackward0>)
accuracy: 90.35087719298245
episode: 1780 loss tensor(0.0077, device='cuda:0', grad_fn=<MseLossBackward0>)
accuracy: 84.21052631578948
episode: 1800 loss tensor(0.0048, device='cuda:0', grad_fn=<MseLossBackward0>)
accuracy: 92.10526315789474
episode: 1820 loss tensor(0.0077, device='cuda:0', grad_fn=<MseLossBackward0>)
accuracy: 85.78947368421052
episode: 1840 loss tensor(0.0081, device='cuda:0', grad_fn=<MseLossBackward0>)
accuracy: 88.24561403508773
episode: 1860 loss tensor(0.0088, device='cuda:0', grad_fn=<MseLossBackward0>)
accuracy: 83.50877192982456
episode: 1880 loss tensor(0.0064, device='cuda:0', grad_fn=<MseLossBackward0>)
accuracy: 87.54385964912281
episode: 1900 loss tensor(0.0068, device='cuda:0', grad_fn=<MseLossBackward0>)
accuracy: 86.49122807017544
episode: 1920 loss tensor(0.0056, device='cuda:0', grad_fn=<MseLossBackward0>)
accuracy: 93.33333333333333
episode: 1940 loss tensor(0.0072, device='cuda:0', grad_fn=<MseLossBackward0>)
accuracy: 87.71929824561404
episode: 1960 loss tensor(0.0059, device='cuda:0', grad_fn=<MseLossBackward0>)
accuracy: 87.36842105263158
episode: 1980 loss tensor(0.0094, device='cuda:0', grad_fn=<MseLossBackward0>)
accuracy: 80.0
episode: 2000 loss tensor(0.0056, device='cuda:0', grad_fn=<MseLossBackward0>)
accuracy: 87.54385964912281
episode: 2020 loss tensor(0.0082, device='cuda:0', grad_fn=<MseLossBackward0>)
accuracy: 82.63157894736842
episode: 2040 loss tensor(0.0050, device='cuda:0', grad_fn=<MseLossBackward0>)
accuracy: 92.10526315789474
episode: 2060 loss tensor(0.0080, device='cuda:0', grad_fn=<MseLossBackward0>)
accuracy: 82.80701754385964
episode: 2080 loss tensor(0.0055, device='cuda:0', grad_fn=<MseLossBackward0>)
accuracy: 92.28070175438596
episode: 2100 loss tensor(0.0103, device='cuda:0', grad_fn=<MseLossBackward0>)
accuracy: 79.82456140350877
episode: 2120 loss tensor(0.0057, device='cuda:0', grad_fn=<MseLossBackward0>)
accuracy: 90.52631578947368
episode: 2140 loss tensor(0.0033, device='cuda:0', grad_fn=<MseLossBackward0>)
accuracy: 94.91228070175438
episode: 2160 loss tensor(0.0086, device='cuda:0', grad_fn=<MseLossBackward0>)
accuracy: 83.6842105263158
episode: 2180 loss tensor(0.0065, device='cuda:0', grad_fn=<MseLossBackward0>)
accuracy: 87.71929824561404
episode: 2200 loss tensor(0.0069, device='cuda:0', grad_fn=<MseLossBackward0>)
accuracy: 89.29824561403508
episode: 2220 loss tensor(0.0032, device='cuda:0', grad_fn=<MseLossBackward0>)
accuracy: 95.43859649122807
episode: 2240 loss tensor(0.0088, device='cuda:0', grad_fn=<MseLossBackward0>)
accuracy: 80.70175438596492
episode: 2260 loss tensor(0.0064, device='cuda:0', grad_fn=<MseLossBackward0>)
accuracy: 85.08771929824562
episode: 2280 loss tensor(0.0060, device='cuda:0', grad_fn=<MseLossBackward0>)
accuracy: 90.35087719298245
episode: 2300 loss tensor(0.0062, device='cuda:0', grad_fn=<MseLossBackward0>)
accuracy: 84.21052631578948
episode: 2320 loss tensor(0.0038, device='cuda:0', grad_fn=<MseLossBackward0>)
accuracy: 93.15789473684211
episode: 2340 loss tensor(0.0058, device='cuda:0', grad_fn=<MseLossBackward0>)
accuracy: 90.0
episode: 2360 loss tensor(0.0041, device='cuda:0', grad_fn=<MseLossBackward0>)
accuracy: 94.03508771929825
episode: 2380 loss tensor(0.0060, device='cuda:0', grad_fn=<MseLossBackward0>)
accuracy: 90.0
episode: 2400 loss tensor(0.0065, device='cuda:0', grad_fn=<MseLossBackward0>)
accuracy: 86.84210526315789
episode: 2420 loss tensor(0.0086, device='cuda:0', grad_fn=<MseLossBackward0>)
accuracy: 80.35087719298245
episode: 2440 loss tensor(0.0052, device='cuda:0', grad_fn=<MseLossBackward0>)
accuracy: 89.29824561403508
episode: 2460 loss tensor(0.0052, device='cuda:0', grad_fn=<MseLossBackward0>)
accuracy: 88.24561403508773
episode: 2480 loss tensor(0.0036, device='cuda:0', grad_fn=<MseLossBackward0>)
accuracy: 95.43859649122807
episode: 2500 loss tensor(0.0066, device='cuda:0', grad_fn=<MseLossBackward0>)
accuracy: 91.40350877192982
episode: 2520 loss tensor(0.0105, device='cuda:0', grad_fn=<MseLossBackward0>)
accuracy: 79.47368421052632
episode: 2540 loss tensor(0.0086, device='cuda:0', grad_fn=<MseLossBackward0>)
accuracy: 84.91228070175438
episode: 2560 loss tensor(0.0050, device='cuda:0', grad_fn=<MseLossBackward0>)
accuracy: 91.75438596491227
episode: 2580 loss tensor(0.0057, device='cuda:0', grad_fn=<MseLossBackward0>)
accuracy: 87.71929824561404
episode: 2600 loss tensor(0.0052, device='cuda:0', grad_fn=<MseLossBackward0>)
accuracy: 88.7719298245614
episode: 2620 loss tensor(0.0077, device='cuda:0', grad_fn=<MseLossBackward0>)
accuracy: 84.91228070175438
episode: 2640 loss tensor(0.0080, device='cuda:0', grad_fn=<MseLossBackward0>)
accuracy: 85.43859649122807
episode: 2660 loss tensor(0.0049, device='cuda:0', grad_fn=<MseLossBackward0>)
accuracy: 91.9298245614035
episode: 2680 loss tensor(0.0076, device='cuda:0', grad_fn=<MseLossBackward0>)
accuracy: 84.3859649122807
episode: 2700 loss tensor(0.0066, device='cuda:0', grad_fn=<MseLossBackward0>)
accuracy: 88.0701754385965
episode: 2720 loss tensor(0.0060, device='cuda:0', grad_fn=<MseLossBackward0>)
accuracy: 88.7719298245614
episode: 2740 loss tensor(0.0091, device='cuda:0', grad_fn=<MseLossBackward0>)
accuracy: 82.80701754385964
episode: 2760 loss tensor(0.0047, device='cuda:0', grad_fn=<MseLossBackward0>)
accuracy: 91.05263157894737
episode: 2780 loss tensor(0.0046, device='cuda:0', grad_fn=<MseLossBackward0>)
accuracy: 92.63157894736842
episode: 2800 loss tensor(0.0023, device='cuda:0', grad_fn=<MseLossBackward0>)
accuracy: 96.49122807017544
episode: 2820 loss tensor(0.0071, device='cuda:0', grad_fn=<MseLossBackward0>)
accuracy: 84.91228070175438
episode: 2840 loss tensor(0.0049, device='cuda:0', grad_fn=<MseLossBackward0>)
accuracy: 91.05263157894737
episode: 2860 loss tensor(0.0034, device='cuda:0', grad_fn=<MseLossBackward0>)
accuracy: 93.15789473684211
episode: 2880 loss tensor(0.0040, device='cuda:0', grad_fn=<MseLossBackward0>)
accuracy: 95.08771929824562
episode: 2900 loss tensor(0.0066, device='cuda:0', grad_fn=<MseLossBackward0>)
accuracy: 86.66666666666667
episode: 2920 loss tensor(0.0061, device='cuda:0', grad_fn=<MseLossBackward0>)
accuracy: 90.52631578947368
episode: 2940 loss tensor(0.0046, device='cuda:0', grad_fn=<MseLossBackward0>)
accuracy: 90.87719298245614
episode: 2960 loss tensor(0.0046, device='cuda:0', grad_fn=<MseLossBackward0>)
accuracy: 92.28070175438596
episode: 2980 loss tensor(0.0056, device='cuda:0', grad_fn=<MseLossBackward0>)
accuracy: 88.7719298245614
episode: 3000 loss tensor(0.0065, device='cuda:0', grad_fn=<MseLossBackward0>)
accuracy: 86.49122807017544
episode: 3020 loss tensor(0.0053, device='cuda:0', grad_fn=<MseLossBackward0>)
accuracy: 89.82456140350877
episode: 3040 loss tensor(0.0030, device='cuda:0', grad_fn=<MseLossBackward0>)
accuracy: 96.14035087719299
episode: 3060 loss tensor(0.0051, device='cuda:0', grad_fn=<MseLossBackward0>)
accuracy: 91.05263157894737
episode: 3080 loss tensor(0.0073, device='cuda:0', grad_fn=<MseLossBackward0>)
accuracy: 85.26315789473684
episode: 3100 loss tensor(0.0043, device='cuda:0', grad_fn=<MseLossBackward0>)
accuracy: 92.45614035087719
episode: 3120 loss tensor(0.0045, device='cuda:0', grad_fn=<MseLossBackward0>)
accuracy: 88.7719298245614
episode: 3140 loss tensor(0.0074, device='cuda:0', grad_fn=<MseLossBackward0>)
accuracy: 87.19298245614036
episode: 3160 loss tensor(0.0041, device='cuda:0', grad_fn=<MseLossBackward0>)
accuracy: 92.45614035087719
episode: 3180 loss tensor(0.0048, device='cuda:0', grad_fn=<MseLossBackward0>)
accuracy: 89.47368421052632
episode: 3200 loss tensor(0.0074, device='cuda:0', grad_fn=<MseLossBackward0>)
accuracy: 84.56140350877193
episode: 3220 loss tensor(0.0045, device='cuda:0', grad_fn=<MseLossBackward0>)
accuracy: 93.85964912280701
episode: 3240 loss tensor(0.0056, device='cuda:0', grad_fn=<MseLossBackward0>)
accuracy: 88.42105263157895
episode: 3260 loss tensor(0.0054, device='cuda:0', grad_fn=<MseLossBackward0>)
accuracy: 89.29824561403508
episode: 3280 loss tensor(0.0044, device='cuda:0', grad_fn=<MseLossBackward0>)
accuracy: 90.52631578947368
episode: 3300 loss tensor(0.0049, device='cuda:0', grad_fn=<MseLossBackward0>)
accuracy: 90.87719298245614
episode: 3320 loss tensor(0.0042, device='cuda:0', grad_fn=<MseLossBackward0>)
accuracy: 95.6140350877193
episode: 3340 loss tensor(0.0068, device='cuda:0', grad_fn=<MseLossBackward0>)
accuracy: 82.28070175438596
episode: 3360 loss tensor(0.0041, device='cuda:0', grad_fn=<MseLossBackward0>)
accuracy: 94.03508771929825
episode: 3380 loss tensor(0.0044, device='cuda:0', grad_fn=<MseLossBackward0>)
accuracy: 93.85964912280701
episode: 3400 loss tensor(0.0041, device='cuda:0', grad_fn=<MseLossBackward0>)
accuracy: 91.05263157894737
episode: 3420 loss tensor(0.0037, device='cuda:0', grad_fn=<MseLossBackward0>)
accuracy: 93.15789473684211
episode: 3440 loss tensor(0.0067, device='cuda:0', grad_fn=<MseLossBackward0>)
accuracy: 87.71929824561404
episode: 3460 loss tensor(0.0049, device='cuda:0', grad_fn=<MseLossBackward0>)
accuracy: 95.26315789473684
episode: 3480 loss tensor(0.0073, device='cuda:0', grad_fn=<MseLossBackward0>)
accuracy: 84.91228070175438
episode: 3500 loss tensor(0.0045, device='cuda:0', grad_fn=<MseLossBackward0>)
accuracy: 91.9298245614035
episode: 3520 loss tensor(0.0042, device='cuda:0', grad_fn=<MseLossBackward0>)
accuracy: 92.45614035087719
episode: 3540 loss tensor(0.0041, device='cuda:0', grad_fn=<MseLossBackward0>)
accuracy: 92.98245614035088
episode: 3560 loss tensor(0.0064, device='cuda:0', grad_fn=<MseLossBackward0>)
accuracy: 89.64912280701755
episode: 3580 loss tensor(0.0067, device='cuda:0', grad_fn=<MseLossBackward0>)
accuracy: 89.29824561403508
episode: 3600 loss tensor(0.0048, device='cuda:0', grad_fn=<MseLossBackward0>)
accuracy: 90.17543859649123
episode: 3620 loss tensor(0.0045, device='cuda:0', grad_fn=<MseLossBackward0>)
accuracy: 91.2280701754386
episode: 3640 loss tensor(0.0039, device='cuda:0', grad_fn=<MseLossBackward0>)
accuracy: 91.57894736842105
episode: 3660 loss tensor(0.0044, device='cuda:0', grad_fn=<MseLossBackward0>)
accuracy: 91.57894736842105
episode: 3680 loss tensor(0.0039, device='cuda:0', grad_fn=<MseLossBackward0>)
accuracy: 93.85964912280701
episode: 3700 loss tensor(0.0032, device='cuda:0', grad_fn=<MseLossBackward0>)
accuracy: 93.33333333333333
episode: 3720 loss tensor(0.0068, device='cuda:0', grad_fn=<MseLossBackward0>)
accuracy: 89.29824561403508
episode: 3740 loss tensor(0.0054, device='cuda:0', grad_fn=<MseLossBackward0>)
accuracy: 92.10526315789474
episode: 3760 loss tensor(0.0035, device='cuda:0', grad_fn=<MseLossBackward0>)
accuracy: 94.91228070175438
episode: 3780 loss tensor(0.0044, device='cuda:0', grad_fn=<MseLossBackward0>)
accuracy: 96.3157894736842
episode: 3800 loss tensor(0.0060, device='cuda:0', grad_fn=<MseLossBackward0>)
accuracy: 88.59649122807018
episode: 3820 loss tensor(0.0055, device='cuda:0', grad_fn=<MseLossBackward0>)
accuracy: 88.7719298245614
episode: 3840 loss tensor(0.0038, device='cuda:0', grad_fn=<MseLossBackward0>)
accuracy: 93.33333333333333
episode: 3860 loss tensor(0.0038, device='cuda:0', grad_fn=<MseLossBackward0>)
accuracy: 95.43859649122807
episode: 3880 loss tensor(0.0051, device='cuda:0', grad_fn=<MseLossBackward0>)
accuracy: 87.89473684210526
episode: 3900 loss tensor(0.0035, device='cuda:0', grad_fn=<MseLossBackward0>)
accuracy: 93.33333333333333
episode: 3920 loss tensor(0.0050, device='cuda:0', grad_fn=<MseLossBackward0>)
accuracy: 90.87719298245614
episode: 3940 loss tensor(0.0062, device='cuda:0', grad_fn=<MseLossBackward0>)
accuracy: 86.84210526315789
episode: 3960 loss tensor(0.0037, device='cuda:0', grad_fn=<MseLossBackward0>)
accuracy: 94.03508771929825
episode: 3980 loss tensor(0.0028, device='cuda:0', grad_fn=<MseLossBackward0>)
accuracy: 96.3157894736842
episode: 4000 loss tensor(0.0022, device='cuda:0', grad_fn=<MseLossBackward0>)
accuracy: 97.89473684210526
episode: 4020 loss tensor(0.0035, device='cuda:0', grad_fn=<MseLossBackward0>)
accuracy: 94.03508771929825
episode: 4040 loss tensor(0.0053, device='cuda:0', grad_fn=<MseLossBackward0>)
accuracy: 92.80701754385964
episode: 4060 loss tensor(0.0051, device='cuda:0', grad_fn=<MseLossBackward0>)
accuracy: 92.28070175438596
episode: 4080 loss tensor(0.0024, device='cuda:0', grad_fn=<MseLossBackward0>)
accuracy: 95.96491228070175
episode: 4100 loss tensor(0.0063, device='cuda:0', grad_fn=<MseLossBackward0>)
accuracy: 87.01754385964912
episode: 4120 loss tensor(0.0018, device='cuda:0', grad_fn=<MseLossBackward0>)
accuracy: 96.14035087719299
episode: 4140 loss tensor(0.0037, device='cuda:0', grad_fn=<MseLossBackward0>)
accuracy: 92.98245614035088
episode: 4160 loss tensor(0.0054, device='cuda:0', grad_fn=<MseLossBackward0>)
accuracy: 90.35087719298245
episode: 4180 loss tensor(0.0035, device='cuda:0', grad_fn=<MseLossBackward0>)
accuracy: 93.6842105263158
episode: 4200 loss tensor(0.0038, device='cuda:0', grad_fn=<MseLossBackward0>)
accuracy: 90.87719298245614
episode: 4220 loss tensor(0.0030, device='cuda:0', grad_fn=<MseLossBackward0>)
accuracy: 96.14035087719299
episode: 4240 loss tensor(0.0061, device='cuda:0', grad_fn=<MseLossBackward0>)
accuracy: 89.82456140350877
episode: 4260 loss tensor(0.0042, device='cuda:0', grad_fn=<MseLossBackward0>)
accuracy: 92.10526315789474
episode: 4280 loss tensor(0.0028, device='cuda:0', grad_fn=<MseLossBackward0>)
accuracy: 96.3157894736842
episode: 4300 loss tensor(0.0044, device='cuda:0', grad_fn=<MseLossBackward0>)
accuracy: 92.28070175438596
episode: 4320 loss tensor(0.0032, device='cuda:0', grad_fn=<MseLossBackward0>)
accuracy: 91.57894736842105
episode: 4340 loss tensor(0.0054, device='cuda:0', grad_fn=<MseLossBackward0>)
accuracy: 89.29824561403508
episode: 4360 loss tensor(0.0046, device='cuda:0', grad_fn=<MseLossBackward0>)
accuracy: 89.82456140350877
episode: 4380 loss tensor(0.0057, device='cuda:0', grad_fn=<MseLossBackward0>)
accuracy: 87.89473684210526
episode: 4400 loss tensor(0.0027, device='cuda:0', grad_fn=<MseLossBackward0>)
accuracy: 97.54385964912281
episode: 4420 loss tensor(0.0042, device='cuda:0', grad_fn=<MseLossBackward0>)
accuracy: 94.3859649122807
episode: 4440 loss tensor(0.0025, device='cuda:0', grad_fn=<MseLossBackward0>)
accuracy: 94.91228070175438
episode: 4460 loss tensor(0.0053, device='cuda:0', grad_fn=<MseLossBackward0>)
accuracy: 89.47368421052632
episode: 4480 loss tensor(0.0038, device='cuda:0', grad_fn=<MseLossBackward0>)
accuracy: 90.87719298245614
episode: 4500 loss tensor(0.0027, device='cuda:0', grad_fn=<MseLossBackward0>)
accuracy: 95.26315789473684
episode: 4520 loss tensor(0.0032, device='cuda:0', grad_fn=<MseLossBackward0>)
accuracy: 95.96491228070175
episode: 4540 loss tensor(0.0030, device='cuda:0', grad_fn=<MseLossBackward0>)
accuracy: 93.85964912280701
episode: 4560 loss tensor(0.0048, device='cuda:0', grad_fn=<MseLossBackward0>)
accuracy: 94.21052631578948
episode: 4580 loss tensor(0.0038, device='cuda:0', grad_fn=<MseLossBackward0>)
accuracy: 95.26315789473684
episode: 4600 loss tensor(0.0041, device='cuda:0', grad_fn=<MseLossBackward0>)
accuracy: 91.9298245614035
episode: 4620 loss tensor(0.0029, device='cuda:0', grad_fn=<MseLossBackward0>)
accuracy: 92.63157894736842
episode: 4640 loss tensor(0.0066, device='cuda:0', grad_fn=<MseLossBackward0>)
accuracy: 84.91228070175438
episode: 4660 loss tensor(0.0029, device='cuda:0', grad_fn=<MseLossBackward0>)
accuracy: 95.43859649122807
episode: 4680 loss tensor(0.0007, device='cuda:0', grad_fn=<MseLossBackward0>)
accuracy: 99.29824561403508
episode: 4700 loss tensor(0.0057, device='cuda:0', grad_fn=<MseLossBackward0>)
accuracy: 88.42105263157895
episode: 4720 loss tensor(0.0032, device='cuda:0', grad_fn=<MseLossBackward0>)
accuracy: 94.03508771929825
episode: 4740 loss tensor(0.0038, device='cuda:0', grad_fn=<MseLossBackward0>)
accuracy: 91.05263157894737
episode: 4760 loss tensor(0.0032, device='cuda:0', grad_fn=<MseLossBackward0>)
accuracy: 94.03508771929825
episode: 4780 loss tensor(0.0027, device='cuda:0', grad_fn=<MseLossBackward0>)
accuracy: 96.49122807017544
episode: 4800 loss tensor(0.0026, device='cuda:0', grad_fn=<MseLossBackward0>)
accuracy: 94.91228070175438
episode: 4820 loss tensor(0.0048, device='cuda:0', grad_fn=<MseLossBackward0>)
accuracy: 91.57894736842105
episode: 4840 loss tensor(0.0039, device='cuda:0', grad_fn=<MseLossBackward0>)
accuracy: 92.98245614035088
episode: 4860 loss tensor(0.0022, device='cuda:0', grad_fn=<MseLossBackward0>)
accuracy: 95.26315789473684
episode: 4880 loss tensor(0.0040, device='cuda:0', grad_fn=<MseLossBackward0>)
accuracy: 90.70175438596492
episode: 4900 loss tensor(0.0034, device='cuda:0', grad_fn=<MseLossBackward0>)
accuracy: 95.96491228070175
episode: 4920 loss tensor(0.0037, device='cuda:0', grad_fn=<MseLossBackward0>)
accuracy: 93.15789473684211
episode: 4940 loss tensor(0.0038, device='cuda:0', grad_fn=<MseLossBackward0>)
accuracy: 93.50877192982456
episode: 4960 loss tensor(0.0044, device='cuda:0', grad_fn=<MseLossBackward0>)
accuracy: 91.05263157894737
episode: 4980 loss tensor(0.0041, device='cuda:0', grad_fn=<MseLossBackward0>)
accuracy: 92.45614035087719
episode: 5000 loss tensor(0.0045, device='cuda:0', grad_fn=<MseLossBackward0>)
accuracy: 91.05263157894737
episode: 5020 loss tensor(0.0024, device='cuda:0', grad_fn=<MseLossBackward0>)
accuracy: 95.08771929824562
episode: 5040 loss tensor(0.0031, device='cuda:0', grad_fn=<MseLossBackward0>)
accuracy: 95.6140350877193
episode: 5060 loss tensor(0.0023, device='cuda:0', grad_fn=<MseLossBackward0>)
accuracy: 96.84210526315789
episode: 5080 loss tensor(0.0027, device='cuda:0', grad_fn=<MseLossBackward0>)
accuracy: 94.91228070175438
episode: 5100 loss tensor(0.0015, device='cuda:0', grad_fn=<MseLossBackward0>)
accuracy: 98.7719298245614
episode: 5120 loss tensor(0.0029, device='cuda:0', grad_fn=<MseLossBackward0>)
accuracy: 95.96491228070175
episode: 5140 loss tensor(0.0038, device='cuda:0', grad_fn=<MseLossBackward0>)
accuracy: 91.9298245614035
episode: 5160 loss tensor(0.0022, device='cuda:0', grad_fn=<MseLossBackward0>)
accuracy: 97.19298245614036
episode: 5180 loss tensor(0.0058, device='cuda:0', grad_fn=<MseLossBackward0>)
accuracy: 87.71929824561404
episode: 5200 loss tensor(0.0046, device='cuda:0', grad_fn=<MseLossBackward0>)
accuracy: 89.12280701754386
episode: 5220 loss tensor(0.0027, device='cuda:0', grad_fn=<MseLossBackward0>)
accuracy: 94.56140350877193
episode: 5240 loss tensor(0.0031, device='cuda:0', grad_fn=<MseLossBackward0>)
accuracy: 92.80701754385964
episode: 5260 loss tensor(0.0024, device='cuda:0', grad_fn=<MseLossBackward0>)
accuracy: 95.26315789473684
episode: 5280 loss tensor(0.0010, device='cuda:0', grad_fn=<MseLossBackward0>)
accuracy: 98.59649122807018
episode: 5300 loss tensor(0.0029, device='cuda:0', grad_fn=<MseLossBackward0>)
accuracy: 94.91228070175438
episode: 5320 loss tensor(0.0027, device='cuda:0', grad_fn=<MseLossBackward0>)
accuracy: 95.08771929824562
episode: 5340 loss tensor(0.0056, device='cuda:0', grad_fn=<MseLossBackward0>)
accuracy: 86.84210526315789
episode: 5360 loss tensor(0.0036, device='cuda:0', grad_fn=<MseLossBackward0>)
accuracy: 90.87719298245614
episode: 5380 loss tensor(0.0029, device='cuda:0', grad_fn=<MseLossBackward0>)
accuracy: 92.10526315789474
episode: 5400 loss tensor(0.0028, device='cuda:0', grad_fn=<MseLossBackward0>)
accuracy: 94.73684210526316
episode: 5420 loss tensor(0.0049, device='cuda:0', grad_fn=<MseLossBackward0>)
accuracy: 89.64912280701755
episode: 5440 loss tensor(0.0049, device='cuda:0', grad_fn=<MseLossBackward0>)
accuracy: 91.9298245614035
episode: 5460 loss tensor(0.0015, device='cuda:0', grad_fn=<MseLossBackward0>)
accuracy: 98.24561403508773
episode: 5480 loss tensor(0.0038, device='cuda:0', grad_fn=<MseLossBackward0>)
accuracy: 95.26315789473684
episode: 5500 loss tensor(0.0036, device='cuda:0', grad_fn=<MseLossBackward0>)
accuracy: 92.28070175438596
episode: 5520 loss tensor(0.0025, device='cuda:0', grad_fn=<MseLossBackward0>)
accuracy: 93.50877192982456
episode: 5540 loss tensor(0.0036, device='cuda:0', grad_fn=<MseLossBackward0>)
accuracy: 94.03508771929825
episode: 5560 loss tensor(0.0032, device='cuda:0', grad_fn=<MseLossBackward0>)
accuracy: 94.03508771929825
episode: 5580 loss tensor(0.0032, device='cuda:0', grad_fn=<MseLossBackward0>)
accuracy: 94.21052631578948
episode: 5600 loss tensor(0.0036, device='cuda:0', grad_fn=<MseLossBackward0>)
accuracy: 91.05263157894737
episode: 5620 loss tensor(0.0025, device='cuda:0', grad_fn=<MseLossBackward0>)
accuracy: 93.6842105263158
episode: 5640 loss tensor(0.0031, device='cuda:0', grad_fn=<MseLossBackward0>)
accuracy: 95.43859649122807
episode: 5660 loss tensor(0.0031, device='cuda:0', grad_fn=<MseLossBackward0>)
accuracy: 96.14035087719299
episode: 5680 loss tensor(0.0043, device='cuda:0', grad_fn=<MseLossBackward0>)
accuracy: 92.98245614035088
episode: 5700 loss tensor(0.0012, device='cuda:0', grad_fn=<MseLossBackward0>)
accuracy: 97.19298245614036
episode: 5720 loss tensor(0.0039, device='cuda:0', grad_fn=<MseLossBackward0>)
accuracy: 92.45614035087719
episode: 5740 loss tensor(0.0043, device='cuda:0', grad_fn=<MseLossBackward0>)
accuracy: 94.3859649122807
episode: 5760 loss tensor(0.0017, device='cuda:0', grad_fn=<MseLossBackward0>)
accuracy: 97.01754385964912
episode: 5780 loss tensor(0.0025, device='cuda:0', grad_fn=<MseLossBackward0>)
accuracy: 97.19298245614036
episode: 5800 loss tensor(0.0028, device='cuda:0', grad_fn=<MseLossBackward0>)
accuracy: 94.21052631578948
episode: 5820 loss tensor(0.0015, device='cuda:0', grad_fn=<MseLossBackward0>)
accuracy: 97.19298245614036
episode: 5840 loss tensor(0.0035, device='cuda:0', grad_fn=<MseLossBackward0>)
accuracy: 93.6842105263158
episode: 5860 loss tensor(0.0025, device='cuda:0', grad_fn=<MseLossBackward0>)
accuracy: 94.21052631578948
episode: 5880 loss tensor(0.0037, device='cuda:0', grad_fn=<MseLossBackward0>)
accuracy: 92.28070175438596
episode: 5900 loss tensor(0.0027, device='cuda:0', grad_fn=<MseLossBackward0>)
accuracy: 93.50877192982456
episode: 5920 loss tensor(0.0055, device='cuda:0', grad_fn=<MseLossBackward0>)
accuracy: 89.29824561403508
episode: 5940 loss tensor(0.0018, device='cuda:0', grad_fn=<MseLossBackward0>)
accuracy: 97.54385964912281
episode: 5960 loss tensor(0.0039, device='cuda:0', grad_fn=<MseLossBackward0>)
accuracy: 95.96491228070175
episode: 5980 loss tensor(0.0063, device='cuda:0', grad_fn=<MseLossBackward0>)
accuracy: 90.0
episode: 6000 loss tensor(0.0018, device='cuda:0', grad_fn=<MseLossBackward0>)
accuracy: 95.96491228070175
episode: 6020 loss tensor(0.0051, device='cuda:0', grad_fn=<MseLossBackward0>)
accuracy: 90.87719298245614
episode: 6040 loss tensor(0.0018, device='cuda:0', grad_fn=<MseLossBackward0>)
accuracy: 95.6140350877193
episode: 6060 loss tensor(0.0023, device='cuda:0', grad_fn=<MseLossBackward0>)
accuracy: 94.73684210526316
episode: 6080 loss tensor(0.0038, device='cuda:0', grad_fn=<MseLossBackward0>)
accuracy: 92.98245614035088
episode: 6100 loss tensor(0.0005, device='cuda:0', grad_fn=<MseLossBackward0>)
accuracy: 99.47368421052632
episode: 6120 loss tensor(0.0028, device='cuda:0', grad_fn=<MseLossBackward0>)
accuracy: 93.85964912280701
episode: 6140 loss tensor(0.0048, device='cuda:0', grad_fn=<MseLossBackward0>)
accuracy: 91.75438596491227
episode: 6160 loss tensor(0.0016, device='cuda:0', grad_fn=<MseLossBackward0>)
accuracy: 96.84210526315789
episode: 6180 loss tensor(0.0032, device='cuda:0', grad_fn=<MseLossBackward0>)
accuracy: 94.03508771929825
episode: 6200 loss tensor(0.0025, device='cuda:0', grad_fn=<MseLossBackward0>)
accuracy: 97.01754385964912
episode: 6220 loss tensor(0.0020, device='cuda:0', grad_fn=<MseLossBackward0>)
accuracy: 95.78947368421052
episode: 6240 loss tensor(0.0027, device='cuda:0', grad_fn=<MseLossBackward0>)
accuracy: 96.66666666666667
episode: 6260 loss tensor(0.0022, device='cuda:0', grad_fn=<MseLossBackward0>)
accuracy: 94.73684210526316
episode: 6280 loss tensor(0.0016, device='cuda:0', grad_fn=<MseLossBackward0>)
accuracy: 96.3157894736842
episode: 6300 loss tensor(0.0039, device='cuda:0', grad_fn=<MseLossBackward0>)
accuracy: 89.47368421052632
episode: 6320 loss tensor(0.0032, device='cuda:0', grad_fn=<MseLossBackward0>)
accuracy: 91.9298245614035
episode: 6340 loss tensor(0.0040, device='cuda:0', grad_fn=<MseLossBackward0>)
accuracy: 91.57894736842105
episode: 6360 loss tensor(0.0039, device='cuda:0', grad_fn=<MseLossBackward0>)
accuracy: 90.87719298245614
episode: 6380 loss tensor(0.0028, device='cuda:0', grad_fn=<MseLossBackward0>)
accuracy: 94.91228070175438
episode: 6400 loss tensor(0.0023, device='cuda:0', grad_fn=<MseLossBackward0>)
accuracy: 96.84210526315789
episode: 6420 loss tensor(0.0021, device='cuda:0', grad_fn=<MseLossBackward0>)
accuracy: 98.59649122807018
episode: 6440 loss tensor(0.0017, device='cuda:0', grad_fn=<MseLossBackward0>)
accuracy: 97.36842105263158
episode: 6460 loss tensor(0.0011, device='cuda:0', grad_fn=<MseLossBackward0>)
accuracy: 98.0701754385965
episode: 6480 loss tensor(0.0020, device='cuda:0', grad_fn=<MseLossBackward0>)
accuracy: 96.49122807017544
episode: 6500 loss tensor(0.0004, device='cuda:0', grad_fn=<MseLossBackward0>)
accuracy: 99.29824561403508
episode: 6520 loss tensor(0.0060, device='cuda:0', grad_fn=<MseLossBackward0>)
accuracy: 87.54385964912281
episode: 6540 loss tensor(0.0027, device='cuda:0', grad_fn=<MseLossBackward0>)
accuracy: 92.98245614035088
episode: 6560 loss tensor(0.0023, device='cuda:0', grad_fn=<MseLossBackward0>)
accuracy: 95.96491228070175
episode: 6580 loss tensor(0.0066, device='cuda:0', grad_fn=<MseLossBackward0>)
accuracy: 88.94736842105263
episode: 6600 loss tensor(0.0024, device='cuda:0', grad_fn=<MseLossBackward0>)
accuracy: 94.21052631578948
episode: 6620 loss tensor(0.0019, device='cuda:0', grad_fn=<MseLossBackward0>)
accuracy: 97.19298245614036
episode: 6640 loss tensor(0.0032, device='cuda:0', grad_fn=<MseLossBackward0>)
accuracy: 93.33333333333333
episode: 6660 loss tensor(0.0034, device='cuda:0', grad_fn=<MseLossBackward0>)
accuracy: 93.15789473684211
episode: 6680 loss tensor(0.0024, device='cuda:0', grad_fn=<MseLossBackward0>)
accuracy: 95.78947368421052
episode: 6700 loss tensor(0.0010, device='cuda:0', grad_fn=<MseLossBackward0>)
accuracy: 97.71929824561404
episode: 6720 loss tensor(0.0019, device='cuda:0', grad_fn=<MseLossBackward0>)
accuracy: 98.7719298245614
episode: 6740 loss tensor(0.0016, device='cuda:0', grad_fn=<MseLossBackward0>)
accuracy: 97.36842105263158
episode: 6760 loss tensor(0.0025, device='cuda:0', grad_fn=<MseLossBackward0>)
accuracy: 94.91228070175438
episode: 6780 loss tensor(0.0049, device='cuda:0', grad_fn=<MseLossBackward0>)
accuracy: 89.12280701754386
episode: 6800 loss tensor(0.0033, device='cuda:0', grad_fn=<MseLossBackward0>)
accuracy: 92.63157894736842
episode: 6820 loss tensor(0.0011, device='cuda:0', grad_fn=<MseLossBackward0>)
accuracy: 98.59649122807018
episode: 6840 loss tensor(0.0042, device='cuda:0', grad_fn=<MseLossBackward0>)
accuracy: 90.70175438596492
episode: 6860 loss tensor(0.0016, device='cuda:0', grad_fn=<MseLossBackward0>)
accuracy: 96.14035087719299
episode: 6880 loss tensor(0.0037, device='cuda:0', grad_fn=<MseLossBackward0>)
accuracy: 90.70175438596492
episode: 6900 loss tensor(0.0025, device='cuda:0', grad_fn=<MseLossBackward0>)
accuracy: 95.26315789473684
episode: 6920 loss tensor(0.0030, device='cuda:0', grad_fn=<MseLossBackward0>)
accuracy: 93.50877192982456
episode: 6940 loss tensor(0.0028, device='cuda:0', grad_fn=<MseLossBackward0>)
accuracy: 95.78947368421052
episode: 6960 loss tensor(0.0027, device='cuda:0', grad_fn=<MseLossBackward0>)
accuracy: 97.01754385964912
episode: 6980 loss tensor(0.0026, device='cuda:0', grad_fn=<MseLossBackward0>)
accuracy: 94.91228070175438
episode: 7000 loss tensor(0.0024, device='cuda:0', grad_fn=<MseLossBackward0>)
accuracy: 94.56140350877193
episode: 7020 loss tensor(0.0030, device='cuda:0', grad_fn=<MseLossBackward0>)
accuracy: 94.73684210526316
episode: 7040 loss tensor(0.0034, device='cuda:0', grad_fn=<MseLossBackward0>)
accuracy: 94.91228070175438
episode: 7060 loss tensor(0.0030, device='cuda:0', grad_fn=<MseLossBackward0>)
accuracy: 93.6842105263158
episode: 7080 loss tensor(0.0021, device='cuda:0', grad_fn=<MseLossBackward0>)
accuracy: 95.6140350877193
episode: 7100 loss tensor(0.0054, device='cuda:0', grad_fn=<MseLossBackward0>)
accuracy: 91.75438596491227
episode: 7120 loss tensor(0.0019, device='cuda:0', grad_fn=<MseLossBackward0>)
accuracy: 97.89473684210526
episode: 7140 loss tensor(0.0012, device='cuda:0', grad_fn=<MseLossBackward0>)
accuracy: 98.0701754385965
episode: 7160 loss tensor(0.0031, device='cuda:0', grad_fn=<MseLossBackward0>)
accuracy: 93.50877192982456
episode: 7180 loss tensor(0.0014, device='cuda:0', grad_fn=<MseLossBackward0>)
accuracy: 97.71929824561404
episode: 7200 loss tensor(0.0014, device='cuda:0', grad_fn=<MseLossBackward0>)
accuracy: 98.59649122807018
episode: 7220 loss tensor(0.0016, device='cuda:0', grad_fn=<MseLossBackward0>)
accuracy: 96.84210526315789
episode: 7240 loss tensor(0.0032, device='cuda:0', grad_fn=<MseLossBackward0>)
accuracy: 92.80701754385964
episode: 7260 loss tensor(0.0011, device='cuda:0', grad_fn=<MseLossBackward0>)
accuracy: 98.42105263157895
episode: 7280 loss tensor(0.0058, device='cuda:0', grad_fn=<MseLossBackward0>)
accuracy: 85.43859649122807
episode: 7300 loss tensor(0.0032, device='cuda:0', grad_fn=<MseLossBackward0>)
accuracy: 93.50877192982456
episode: 7320 loss tensor(0.0035, device='cuda:0', grad_fn=<MseLossBackward0>)
accuracy: 97.01754385964912
episode: 7340 loss tensor(0.0035, device='cuda:0', grad_fn=<MseLossBackward0>)
accuracy: 93.33333333333333
episode: 7360 loss tensor(0.0015, device='cuda:0', grad_fn=<MseLossBackward0>)
accuracy: 97.54385964912281
episode: 7380 loss tensor(0.0017, device='cuda:0', grad_fn=<MseLossBackward0>)
accuracy: 97.54385964912281
episode: 7400 loss tensor(0.0015, device='cuda:0', grad_fn=<MseLossBackward0>)
accuracy: 98.7719298245614
episode: 7420 loss tensor(0.0021, device='cuda:0', grad_fn=<MseLossBackward0>)
accuracy: 95.78947368421052
episode: 7440 loss tensor(0.0036, device='cuda:0', grad_fn=<MseLossBackward0>)
accuracy: 91.9298245614035
episode: 7460 loss tensor(0.0043, device='cuda:0', grad_fn=<MseLossBackward0>)
accuracy: 94.3859649122807
episode: 7480 loss tensor(0.0018, device='cuda:0', grad_fn=<MseLossBackward0>)
accuracy: 97.71929824561404
episode: 7500 loss tensor(0.0019, device='cuda:0', grad_fn=<MseLossBackward0>)
accuracy: 95.96491228070175
episode: 7520 loss tensor(0.0048, device='cuda:0', grad_fn=<MseLossBackward0>)
accuracy: 92.45614035087719
episode: 7540 loss tensor(0.0017, device='cuda:0', grad_fn=<MseLossBackward0>)
accuracy: 97.01754385964912
episode: 7560 loss tensor(0.0012, device='cuda:0', grad_fn=<MseLossBackward0>)
accuracy: 97.36842105263158
episode: 7580 loss tensor(0.0022, device='cuda:0', grad_fn=<MseLossBackward0>)
accuracy: 94.91228070175438
episode: 7600 loss tensor(0.0043, device='cuda:0', grad_fn=<MseLossBackward0>)
accuracy: 90.70175438596492
episode: 7620 loss tensor(0.0031, device='cuda:0', grad_fn=<MseLossBackward0>)
accuracy: 94.21052631578948
episode: 7640 loss tensor(0.0031, device='cuda:0', grad_fn=<MseLossBackward0>)
accuracy: 92.28070175438596
episode: 7660 loss tensor(0.0019, device='cuda:0', grad_fn=<MseLossBackward0>)
accuracy: 96.84210526315789
episode: 7680 loss tensor(0.0027, device='cuda:0', grad_fn=<MseLossBackward0>)
accuracy: 95.6140350877193
episode: 7700 loss tensor(0.0013, device='cuda:0', grad_fn=<MseLossBackward0>)
accuracy: 97.54385964912281
episode: 7720 loss tensor(0.0021, device='cuda:0', grad_fn=<MseLossBackward0>)
accuracy: 97.19298245614036
episode: 7740 loss tensor(0.0014, device='cuda:0', grad_fn=<MseLossBackward0>)
accuracy: 96.84210526315789
episode: 7760 loss tensor(0.0013, device='cuda:0', grad_fn=<MseLossBackward0>)
accuracy: 97.89473684210526
episode: 7780 loss tensor(0.0027, device='cuda:0', grad_fn=<MseLossBackward0>)
accuracy: 93.15789473684211
episode: 7800 loss tensor(0.0025, device='cuda:0', grad_fn=<MseLossBackward0>)
accuracy: 93.85964912280701
episode: 7820 loss tensor(0.0027, device='cuda:0', grad_fn=<MseLossBackward0>)
accuracy: 94.91228070175438
episode: 7840 loss tensor(0.0035, device='cuda:0', grad_fn=<MseLossBackward0>)
accuracy: 96.3157894736842
episode: 7860 loss tensor(0.0036, device='cuda:0', grad_fn=<MseLossBackward0>)
accuracy: 91.2280701754386
episode: 7880 loss tensor(0.0043, device='cuda:0', grad_fn=<MseLossBackward0>)
accuracy: 93.15789473684211
episode: 7900 loss tensor(0.0023, device='cuda:0', grad_fn=<MseLossBackward0>)
accuracy: 96.66666666666667
episode: 7920 loss tensor(0.0009, device='cuda:0', grad_fn=<MseLossBackward0>)
accuracy: 98.0701754385965
episode: 7940 loss tensor(0.0024, device='cuda:0', grad_fn=<MseLossBackward0>)
accuracy: 96.49122807017544
episode: 7960 loss tensor(0.0025, device='cuda:0', grad_fn=<MseLossBackward0>)
accuracy: 96.3157894736842
episode: 7980 loss tensor(0.0032, device='cuda:0', grad_fn=<MseLossBackward0>)
accuracy: 96.66666666666667
episode: 8000 loss tensor(0.0012, device='cuda:0', grad_fn=<MseLossBackward0>)
accuracy: 97.01754385964912
episode: 8020 loss tensor(0.0039, device='cuda:0', grad_fn=<MseLossBackward0>)
accuracy: 91.9298245614035
episode: 8040 loss tensor(0.0034, device='cuda:0', grad_fn=<MseLossBackward0>)
accuracy: 92.10526315789474
episode: 8060 loss tensor(0.0039, device='cuda:0', grad_fn=<MseLossBackward0>)
accuracy: 92.28070175438596
episode: 8080 loss tensor(0.0015, device='cuda:0', grad_fn=<MseLossBackward0>)
accuracy: 96.14035087719299
episode: 8100 loss tensor(0.0018, device='cuda:0', grad_fn=<MseLossBackward0>)
accuracy: 95.78947368421052
episode: 8120 loss tensor(0.0019, device='cuda:0', grad_fn=<MseLossBackward0>)
accuracy: 95.96491228070175
episode: 8140 loss tensor(0.0017, device='cuda:0', grad_fn=<MseLossBackward0>)
accuracy: 98.0701754385965
episode: 8160 loss tensor(0.0038, device='cuda:0', grad_fn=<MseLossBackward0>)
accuracy: 90.35087719298245
episode: 8180 loss tensor(0.0012, device='cuda:0', grad_fn=<MseLossBackward0>)
accuracy: 97.19298245614036
episode: 8200 loss tensor(0.0049, device='cuda:0', grad_fn=<MseLossBackward0>)
accuracy: 90.17543859649123
episode: 8220 loss tensor(0.0028, device='cuda:0', grad_fn=<MseLossBackward0>)
accuracy: 95.26315789473684
episode: 8240 loss tensor(0.0014, device='cuda:0', grad_fn=<MseLossBackward0>)
accuracy: 98.24561403508773
episode: 8260 loss tensor(0.0020, device='cuda:0', grad_fn=<MseLossBackward0>)
accuracy: 96.49122807017544
episode: 8280 loss tensor(0.0021, device='cuda:0', grad_fn=<MseLossBackward0>)
accuracy: 94.73684210526316
episode: 8300 loss tensor(0.0016, device='cuda:0', grad_fn=<MseLossBackward0>)
accuracy: 96.49122807017544
episode: 8320 loss tensor(0.0037, device='cuda:0', grad_fn=<MseLossBackward0>)
accuracy: 92.80701754385964
episode: 8340 loss tensor(0.0026, device='cuda:0', grad_fn=<MseLossBackward0>)
accuracy: 97.01754385964912
episode: 8360 loss tensor(0.0011, device='cuda:0', grad_fn=<MseLossBackward0>)
accuracy: 98.0701754385965
episode: 8380 loss tensor(0.0040, device='cuda:0', grad_fn=<MseLossBackward0>)
accuracy: 91.40350877192982
episode: 8400 loss tensor(0.0017, device='cuda:0', grad_fn=<MseLossBackward0>)
accuracy: 97.54385964912281
episode: 8420 loss tensor(0.0026, device='cuda:0', grad_fn=<MseLossBackward0>)
accuracy: 95.26315789473684
episode: 8440 loss tensor(0.0035, device='cuda:0', grad_fn=<MseLossBackward0>)
accuracy: 92.63157894736842
episode: 8460 loss tensor(0.0056, device='cuda:0', grad_fn=<MseLossBackward0>)
accuracy: 89.12280701754386
episode: 8480 loss tensor(0.0012, device='cuda:0', grad_fn=<MseLossBackward0>)
accuracy: 98.0701754385965
episode: 8500 loss tensor(0.0062, device='cuda:0', grad_fn=<MseLossBackward0>)
accuracy: 89.64912280701755
episode: 8520 loss tensor(0.0025, device='cuda:0', grad_fn=<MseLossBackward0>)
accuracy: 95.43859649122807
episode: 8540 loss tensor(0.0025, device='cuda:0', grad_fn=<MseLossBackward0>)
accuracy: 96.14035087719299
episode: 8560 loss tensor(0.0006, device='cuda:0', grad_fn=<MseLossBackward0>)
accuracy: 99.29824561403508
episode: 8580 loss tensor(0.0020, device='cuda:0', grad_fn=<MseLossBackward0>)
accuracy: 97.71929824561404
episode: 8600 loss tensor(0.0033, device='cuda:0', grad_fn=<MseLossBackward0>)
accuracy: 92.28070175438596
episode: 8620 loss tensor(0.0035, device='cuda:0', grad_fn=<MseLossBackward0>)
accuracy: 91.75438596491227
episode: 8640 loss tensor(0.0012, device='cuda:0', grad_fn=<MseLossBackward0>)
accuracy: 97.89473684210526
episode: 8660 loss tensor(0.0010, device='cuda:0', grad_fn=<MseLossBackward0>)
accuracy: 98.24561403508773
episode: 8680 loss tensor(0.0026, device='cuda:0', grad_fn=<MseLossBackward0>)
accuracy: 95.6140350877193
episode: 8700 loss tensor(0.0033, device='cuda:0', grad_fn=<MseLossBackward0>)
accuracy: 94.03508771929825
episode: 8720 loss tensor(0.0012, device='cuda:0', grad_fn=<MseLossBackward0>)
accuracy: 98.42105263157895
episode: 8740 loss tensor(0.0033, device='cuda:0', grad_fn=<MseLossBackward0>)
accuracy: 96.66666666666667
episode: 8760 loss tensor(0.0019, device='cuda:0', grad_fn=<MseLossBackward0>)
accuracy: 96.3157894736842
episode: 8780 loss tensor(0.0021, device='cuda:0', grad_fn=<MseLossBackward0>)
accuracy: 96.3157894736842
episode: 8800 loss tensor(0.0032, device='cuda:0', grad_fn=<MseLossBackward0>)
accuracy: 92.63157894736842
episode: 8820 loss tensor(0.0021, device='cuda:0', grad_fn=<MseLossBackward0>)
accuracy: 94.73684210526316
episode: 8840 loss tensor(0.0023, device='cuda:0', grad_fn=<MseLossBackward0>)
accuracy: 96.3157894736842
episode: 8860 loss tensor(0.0004, device='cuda:0', grad_fn=<MseLossBackward0>)
accuracy: 99.47368421052632
episode: 8880 loss tensor(0.0018, device='cuda:0', grad_fn=<MseLossBackward0>)
accuracy: 96.3157894736842
episode: 8900 loss tensor(0.0018, device='cuda:0', grad_fn=<MseLossBackward0>)
accuracy: 97.71929824561404
episode: 8920 loss tensor(0.0038, device='cuda:0', grad_fn=<MseLossBackward0>)
accuracy: 94.3859649122807
episode: 8940 loss tensor(0.0018, device='cuda:0', grad_fn=<MseLossBackward0>)
accuracy: 97.01754385964912
episode: 8960 loss tensor(0.0021, device='cuda:0', grad_fn=<MseLossBackward0>)
accuracy: 94.3859649122807
episode: 8980 loss tensor(0.0028, device='cuda:0', grad_fn=<MseLossBackward0>)
accuracy: 94.21052631578948
episode: 9000 loss tensor(0.0028, device='cuda:0', grad_fn=<MseLossBackward0>)
accuracy: 93.15789473684211
episode: 9020 loss tensor(0.0033, device='cuda:0', grad_fn=<MseLossBackward0>)
accuracy: 95.43859649122807
episode: 9040 loss tensor(0.0011, device='cuda:0', grad_fn=<MseLossBackward0>)
accuracy: 98.94736842105263
episode: 9060 loss tensor(0.0014, device='cuda:0', grad_fn=<MseLossBackward0>)
accuracy: 98.7719298245614
episode: 9080 loss tensor(0.0031, device='cuda:0', grad_fn=<MseLossBackward0>)
accuracy: 91.40350877192982
episode: 9100 loss tensor(0.0020, device='cuda:0', grad_fn=<MseLossBackward0>)
accuracy: 94.91228070175438
episode: 9120 loss tensor(0.0008, device='cuda:0', grad_fn=<MseLossBackward0>)
accuracy: 98.0701754385965
episode: 9140 loss tensor(0.0017, device='cuda:0', grad_fn=<MseLossBackward0>)
accuracy: 97.36842105263158
episode: 9160 loss tensor(0.0018, device='cuda:0', grad_fn=<MseLossBackward0>)
accuracy: 98.59649122807018
episode: 9180 loss tensor(0.0020, device='cuda:0', grad_fn=<MseLossBackward0>)
accuracy: 96.14035087719299
episode: 9200 loss tensor(0.0021, device='cuda:0', grad_fn=<MseLossBackward0>)
accuracy: 95.78947368421052
episode: 9220 loss tensor(0.0024, device='cuda:0', grad_fn=<MseLossBackward0>)
accuracy: 97.01754385964912
episode: 9240 loss tensor(0.0006, device='cuda:0', grad_fn=<MseLossBackward0>)
accuracy: 99.64912280701755
episode: 9260 loss tensor(0.0010, device='cuda:0', grad_fn=<MseLossBackward0>)
accuracy: 97.36842105263158
episode: 9280 loss tensor(0.0019, device='cuda:0', grad_fn=<MseLossBackward0>)
accuracy: 96.49122807017544
episode: 9300 loss tensor(0.0004, device='cuda:0', grad_fn=<MseLossBackward0>)
accuracy: 99.29824561403508
episode: 9320 loss tensor(0.0042, device='cuda:0', grad_fn=<MseLossBackward0>)
accuracy: 92.28070175438596
episode: 9340 loss tensor(0.0021, device='cuda:0', grad_fn=<MseLossBackward0>)
accuracy: 98.0701754385965
episode: 9360 loss tensor(0.0013, device='cuda:0', grad_fn=<MseLossBackward0>)
accuracy: 97.89473684210526
episode: 9380 loss tensor(0.0022, device='cuda:0', grad_fn=<MseLossBackward0>)
accuracy: 96.3157894736842
episode: 9400 loss tensor(0.0030, device='cuda:0', grad_fn=<MseLossBackward0>)
accuracy: 95.96491228070175
episode: 9420 loss tensor(0.0010, device='cuda:0', grad_fn=<MseLossBackward0>)
accuracy: 98.59649122807018
episode: 9440 loss tensor(0.0015, device='cuda:0', grad_fn=<MseLossBackward0>)
accuracy: 97.54385964912281
episode: 9460 loss tensor(0.0027, device='cuda:0', grad_fn=<MseLossBackward0>)
accuracy: 95.78947368421052
episode: 9480 loss tensor(0.0017, device='cuda:0', grad_fn=<MseLossBackward0>)
accuracy: 97.71929824561404
episode: 9500 loss tensor(0.0050, device='cuda:0', grad_fn=<MseLossBackward0>)
accuracy: 90.17543859649123
episode: 9520 loss tensor(0.0021, device='cuda:0', grad_fn=<MseLossBackward0>)
accuracy: 94.56140350877193
episode: 9540 loss tensor(0.0016, device='cuda:0', grad_fn=<MseLossBackward0>)
accuracy: 97.36842105263158
episode: 9560 loss tensor(0.0013, device='cuda:0', grad_fn=<MseLossBackward0>)
accuracy: 98.7719298245614
episode: 9580 loss tensor(0.0028, device='cuda:0', grad_fn=<MseLossBackward0>)
accuracy: 94.56140350877193
episode: 9600 loss tensor(0.0018, device='cuda:0', grad_fn=<MseLossBackward0>)
accuracy: 95.96491228070175
episode: 9620 loss tensor(0.0035, device='cuda:0', grad_fn=<MseLossBackward0>)
accuracy: 92.98245614035088
episode: 9640 loss tensor(0.0026, device='cuda:0', grad_fn=<MseLossBackward0>)
accuracy: 93.6842105263158
episode: 9660 loss tensor(0.0004, device='cuda:0', grad_fn=<MseLossBackward0>)
accuracy: 99.82456140350877
episode: 9680 loss tensor(0.0015, device='cuda:0', grad_fn=<MseLossBackward0>)
accuracy: 98.0701754385965
episode: 9700 loss tensor(0.0009, device='cuda:0', grad_fn=<MseLossBackward0>)
accuracy: 98.42105263157895
episode: 9720 loss tensor(0.0034, device='cuda:0', grad_fn=<MseLossBackward0>)
accuracy: 91.75438596491227
episode: 9740 loss tensor(0.0002, device='cuda:0', grad_fn=<MseLossBackward0>)
accuracy: 99.82456140350877
episode: 9760 loss tensor(0.0031, device='cuda:0', grad_fn=<MseLossBackward0>)
accuracy: 92.80701754385964
episode: 9780 loss tensor(0.0011, device='cuda:0', grad_fn=<MseLossBackward0>)
accuracy: 99.12280701754386
episode: 9800 loss tensor(0.0029, device='cuda:0', grad_fn=<MseLossBackward0>)
accuracy: 95.08771929824562
episode: 9820 loss tensor(0.0021, device='cuda:0', grad_fn=<MseLossBackward0>)
accuracy: 95.6140350877193
episode: 9840 loss tensor(0.0022, device='cuda:0', grad_fn=<MseLossBackward0>)
accuracy: 95.26315789473684
episode: 9860 loss tensor(0.0033, device='cuda:0', grad_fn=<MseLossBackward0>)
accuracy: 92.10526315789474
episode: 9880 loss tensor(0.0018, device='cuda:0', grad_fn=<MseLossBackward0>)
accuracy: 95.96491228070175
episode: 9900 loss tensor(0.0054, device='cuda:0', grad_fn=<MseLossBackward0>)
accuracy: 88.59649122807018
episode: 9920 loss tensor(0.0031, device='cuda:0', grad_fn=<MseLossBackward0>)
accuracy: 95.78947368421052
episode: 9940 loss tensor(0.0030, device='cuda:0', grad_fn=<MseLossBackward0>)
accuracy: 94.21052631578948
episode: 9960 loss tensor(0.0012, device='cuda:0', grad_fn=<MseLossBackward0>)
accuracy: 97.19298245614036
episode: 9980 loss tensor(0.0025, device='cuda:0', grad_fn=<MseLossBackward0>)
accuracy: 94.56140350877193
episode: 10000 loss tensor(0.0045, device='cuda:0', grad_fn=<MseLossBackward0>)
accuracy: 89.29824561403508
meta_train_time =  3213.5311481952667
