************fewshot_train.py_2023-04-15_20_52_46************
[0;33;40mcheck the file![0m
[0;33;40m./model/meta_training_embedding_20way_1shot_19querty_0.001learning_10000metatrainepisode.pkl[0m
[0;33;40m./model/meta_training_relation_20way_1shot_19querty_0.001learning_10000metatrainepisode.pkl[0m
[0;33;40mload feature encoder success[0m
[0;33;40mload relation network success[0m
[0;33;40mcheck the file![0m
[0;33;40m../h5dataset_ica_bandselect_200/UP_28_28_100_support5_3.h5[0m
episode: 10 loss tensor(0.0860, device='cuda:0', grad_fn=<MseLossBackward0>)
accuracy: 52.77777777777778
episode: 20 loss tensor(0.0727, device='cuda:0', grad_fn=<MseLossBackward0>)
accuracy: 50.0
episode: 30 loss tensor(0.0670, device='cuda:0', grad_fn=<MseLossBackward0>)
accuracy: 66.66666666666667
episode: 40 loss tensor(0.0587, device='cuda:0', grad_fn=<MseLossBackward0>)
accuracy: 61.111111111111114
episode: 50 loss tensor(0.0595, device='cuda:0', grad_fn=<MseLossBackward0>)
accuracy: 58.333333333333336
episode: 60 loss tensor(0.0527, device='cuda:0', grad_fn=<MseLossBackward0>)
accuracy: 61.111111111111114
episode: 70 loss tensor(0.0471, device='cuda:0', grad_fn=<MseLossBackward0>)
accuracy: 61.111111111111114
episode: 80 loss tensor(0.0436, device='cuda:0', grad_fn=<MseLossBackward0>)
accuracy: 66.66666666666667
episode: 90 loss tensor(0.0496, device='cuda:0', grad_fn=<MseLossBackward0>)
accuracy: 69.44444444444444
episode: 100 loss tensor(0.0406, device='cuda:0', grad_fn=<MseLossBackward0>)
accuracy: 69.44444444444444
episode: 110 loss tensor(0.0432, device='cuda:0', grad_fn=<MseLossBackward0>)
accuracy: 72.22222222222223
episode: 120 loss tensor(0.0495, device='cuda:0', grad_fn=<MseLossBackward0>)
accuracy: 69.44444444444444
episode: 130 loss tensor(0.0435, device='cuda:0', grad_fn=<MseLossBackward0>)
accuracy: 63.888888888888886
episode: 140 loss tensor(0.0434, device='cuda:0', grad_fn=<MseLossBackward0>)
accuracy: 69.44444444444444
episode: 150 loss tensor(0.0433, device='cuda:0', grad_fn=<MseLossBackward0>)
accuracy: 63.888888888888886
episode: 160 loss tensor(0.0497, device='cuda:0', grad_fn=<MseLossBackward0>)
accuracy: 69.44444444444444
episode: 170 loss tensor(0.0403, device='cuda:0', grad_fn=<MseLossBackward0>)
accuracy: 66.66666666666667
episode: 180 loss tensor(0.0458, device='cuda:0', grad_fn=<MseLossBackward0>)
accuracy: 72.22222222222223
episode: 190 loss tensor(0.0464, device='cuda:0', grad_fn=<MseLossBackward0>)
accuracy: 63.888888888888886
episode: 200 loss tensor(0.0495, device='cuda:0', grad_fn=<MseLossBackward0>)
accuracy: 66.66666666666667
episode: 210 loss tensor(0.0435, device='cuda:0', grad_fn=<MseLossBackward0>)
accuracy: 63.888888888888886
episode: 220 loss tensor(0.0434, device='cuda:0', grad_fn=<MseLossBackward0>)
accuracy: 63.888888888888886
episode: 230 loss tensor(0.0465, device='cuda:0', grad_fn=<MseLossBackward0>)
accuracy: 72.22222222222223
episode: 240 loss tensor(0.0404, device='cuda:0', grad_fn=<MseLossBackward0>)
accuracy: 69.44444444444444
episode: 250 loss tensor(0.0433, device='cuda:0', grad_fn=<MseLossBackward0>)
accuracy: 66.66666666666667
episode: 260 loss tensor(0.0435, device='cuda:0', grad_fn=<MseLossBackward0>)
accuracy: 66.66666666666667
episode: 270 loss tensor(0.0497, device='cuda:0', grad_fn=<MseLossBackward0>)
accuracy: 69.44444444444444
episode: 280 loss tensor(0.0494, device='cuda:0', grad_fn=<MseLossBackward0>)
accuracy: 66.66666666666667
episode: 290 loss tensor(0.0494, device='cuda:0', grad_fn=<MseLossBackward0>)
accuracy: 69.44444444444444
episode: 300 loss tensor(0.0404, device='cuda:0', grad_fn=<MseLossBackward0>)
accuracy: 66.66666666666667
episode: 310 loss tensor(0.0465, device='cuda:0', grad_fn=<MseLossBackward0>)
accuracy: 69.44444444444444
episode: 320 loss tensor(0.0402, device='cuda:0', grad_fn=<MseLossBackward0>)
accuracy: 75.0
episode: 330 loss tensor(0.0459, device='cuda:0', grad_fn=<MseLossBackward0>)
accuracy: 69.44444444444444
episode: 340 loss tensor(0.0495, device='cuda:0', grad_fn=<MseLossBackward0>)
accuracy: 77.77777777777777
episode: 350 loss tensor(0.0435, device='cuda:0', grad_fn=<MseLossBackward0>)
accuracy: 69.44444444444444
episode: 360 loss tensor(0.0393, device='cuda:0', grad_fn=<MseLossBackward0>)
accuracy: 75.0
episode: 370 loss tensor(0.0502, device='cuda:0', grad_fn=<MseLossBackward0>)
accuracy: 69.44444444444444
episode: 380 loss tensor(0.0500, device='cuda:0', grad_fn=<MseLossBackward0>)
accuracy: 66.66666666666667
episode: 390 loss tensor(0.0433, device='cuda:0', grad_fn=<MseLossBackward0>)
accuracy: 66.66666666666667
episode: 400 loss tensor(0.0371, device='cuda:0', grad_fn=<MseLossBackward0>)
accuracy: 75.0
episode: 410 loss tensor(0.0434, device='cuda:0', grad_fn=<MseLossBackward0>)
accuracy: 75.0
episode: 420 loss tensor(0.0496, device='cuda:0', grad_fn=<MseLossBackward0>)
accuracy: 72.22222222222223
episode: 430 loss tensor(0.0496, device='cuda:0', grad_fn=<MseLossBackward0>)
accuracy: 61.111111111111114
episode: 440 loss tensor(0.0494, device='cuda:0', grad_fn=<MseLossBackward0>)
accuracy: 63.888888888888886
episode: 450 loss tensor(0.0471, device='cuda:0', grad_fn=<MseLossBackward0>)
accuracy: 63.888888888888886
episode: 460 loss tensor(0.0436, device='cuda:0', grad_fn=<MseLossBackward0>)
accuracy: 66.66666666666667
episode: 470 loss tensor(0.0497, device='cuda:0', grad_fn=<MseLossBackward0>)
accuracy: 61.111111111111114
episode: 480 loss tensor(0.0434, device='cuda:0', grad_fn=<MseLossBackward0>)
accuracy: 75.0
episode: 490 loss tensor(0.0434, device='cuda:0', grad_fn=<MseLossBackward0>)
accuracy: 72.22222222222223
episode: 500 loss tensor(0.0433, device='cuda:0', grad_fn=<MseLossBackward0>)
accuracy: 69.44444444444444
episode: 510 loss tensor(0.0517, device='cuda:0', grad_fn=<MseLossBackward0>)
accuracy: 66.66666666666667
episode: 520 loss tensor(0.0372, device='cuda:0', grad_fn=<MseLossBackward0>)
accuracy: 72.22222222222223
episode: 530 loss tensor(0.0436, device='cuda:0', grad_fn=<MseLossBackward0>)
accuracy: 75.0
episode: 540 loss tensor(0.0494, device='cuda:0', grad_fn=<MseLossBackward0>)
accuracy: 69.44444444444444
episode: 550 loss tensor(0.0374, device='cuda:0', grad_fn=<MseLossBackward0>)
accuracy: 77.77777777777777
episode: 560 loss tensor(0.0436, device='cuda:0', grad_fn=<MseLossBackward0>)
accuracy: 77.77777777777777
episode: 570 loss tensor(0.0372, device='cuda:0', grad_fn=<MseLossBackward0>)
accuracy: 80.55555555555556
episode: 580 loss tensor(0.0433, device='cuda:0', grad_fn=<MseLossBackward0>)
accuracy: 66.66666666666667
episode: 590 loss tensor(0.0373, device='cuda:0', grad_fn=<MseLossBackward0>)
accuracy: 75.0
episode: 600 loss tensor(0.0495, device='cuda:0', grad_fn=<MseLossBackward0>)
accuracy: 66.66666666666667
episode: 610 loss tensor(0.0433, device='cuda:0', grad_fn=<MseLossBackward0>)
accuracy: 77.77777777777777
episode: 620 loss tensor(0.0434, device='cuda:0', grad_fn=<MseLossBackward0>)
accuracy: 69.44444444444444
episode: 630 loss tensor(0.0436, device='cuda:0', grad_fn=<MseLossBackward0>)
accuracy: 72.22222222222223
episode: 640 loss tensor(0.0433, device='cuda:0', grad_fn=<MseLossBackward0>)
accuracy: 69.44444444444444
episode: 650 loss tensor(0.0371, device='cuda:0', grad_fn=<MseLossBackward0>)
accuracy: 80.55555555555556
episode: 660 loss tensor(0.0433, device='cuda:0', grad_fn=<MseLossBackward0>)
accuracy: 72.22222222222223
episode: 670 loss tensor(0.0371, device='cuda:0', grad_fn=<MseLossBackward0>)
accuracy: 77.77777777777777
episode: 680 loss tensor(0.0371, device='cuda:0', grad_fn=<MseLossBackward0>)
accuracy: 83.33333333333333
episode: 690 loss tensor(0.0495, device='cuda:0', grad_fn=<MseLossBackward0>)
accuracy: 72.22222222222223
episode: 700 loss tensor(0.0373, device='cuda:0', grad_fn=<MseLossBackward0>)
accuracy: 72.22222222222223
episode: 710 loss tensor(0.0496, device='cuda:0', grad_fn=<MseLossBackward0>)
accuracy: 72.22222222222223
episode: 720 loss tensor(0.0395, device='cuda:0', grad_fn=<MseLossBackward0>)
accuracy: 83.33333333333333
episode: 730 loss tensor(0.0495, device='cuda:0', grad_fn=<MseLossBackward0>)
accuracy: 69.44444444444444
episode: 740 loss tensor(0.0496, device='cuda:0', grad_fn=<MseLossBackward0>)
accuracy: 69.44444444444444
episode: 750 loss tensor(0.0433, device='cuda:0', grad_fn=<MseLossBackward0>)
accuracy: 72.22222222222223
episode: 760 loss tensor(0.0496, device='cuda:0', grad_fn=<MseLossBackward0>)
accuracy: 83.33333333333333
episode: 770 loss tensor(0.0458, device='cuda:0', grad_fn=<MseLossBackward0>)
accuracy: 80.55555555555556
episode: 780 loss tensor(0.0495, device='cuda:0', grad_fn=<MseLossBackward0>)
accuracy: 72.22222222222223
episode: 790 loss tensor(0.0434, device='cuda:0', grad_fn=<MseLossBackward0>)
accuracy: 66.66666666666667
episode: 800 loss tensor(0.0495, device='cuda:0', grad_fn=<MseLossBackward0>)
accuracy: 63.888888888888886
episode: 810 loss tensor(0.0371, device='cuda:0', grad_fn=<MseLossBackward0>)
accuracy: 75.0
episode: 820 loss tensor(0.0371, device='cuda:0', grad_fn=<MseLossBackward0>)
accuracy: 77.77777777777777
episode: 830 loss tensor(0.0404, device='cuda:0', grad_fn=<MseLossBackward0>)
accuracy: 75.0
episode: 840 loss tensor(0.0341, device='cuda:0', grad_fn=<MseLossBackward0>)
accuracy: 83.33333333333333
episode: 850 loss tensor(0.0372, device='cuda:0', grad_fn=<MseLossBackward0>)
accuracy: 75.0
episode: 860 loss tensor(0.0492, device='cuda:0', grad_fn=<MseLossBackward0>)
accuracy: 66.66666666666667
episode: 870 loss tensor(0.0433, device='cuda:0', grad_fn=<MseLossBackward0>)
accuracy: 69.44444444444444
episode: 880 loss tensor(0.0376, device='cuda:0', grad_fn=<MseLossBackward0>)
accuracy: 72.22222222222223
episode: 890 loss tensor(0.0433, device='cuda:0', grad_fn=<MseLossBackward0>)
accuracy: 72.22222222222223
episode: 900 loss tensor(0.0342, device='cuda:0', grad_fn=<MseLossBackward0>)
accuracy: 75.0
episode: 910 loss tensor(0.0456, device='cuda:0', grad_fn=<MseLossBackward0>)
accuracy: 72.22222222222223
episode: 920 loss tensor(0.0341, device='cuda:0', grad_fn=<MseLossBackward0>)
accuracy: 75.0
episode: 930 loss tensor(0.0382, device='cuda:0', grad_fn=<MseLossBackward0>)
accuracy: 80.55555555555556
episode: 940 loss tensor(0.0283, device='cuda:0', grad_fn=<MseLossBackward0>)
accuracy: 86.11111111111111
episode: 950 loss tensor(0.0421, device='cuda:0', grad_fn=<MseLossBackward0>)
accuracy: 88.88888888888889
episode: 960 loss tensor(0.0242, device='cuda:0', grad_fn=<MseLossBackward0>)
accuracy: 83.33333333333333
episode: 970 loss tensor(0.0134, device='cuda:0', grad_fn=<MseLossBackward0>)
accuracy: 88.88888888888889
episode: 980 loss tensor(0.0113, device='cuda:0', grad_fn=<MseLossBackward0>)
accuracy: 97.22222222222223
episode: 990 loss tensor(0.0161, device='cuda:0', grad_fn=<MseLossBackward0>)
accuracy: 97.22222222222223
episode: 1000 loss tensor(0.0097, device='cuda:0', grad_fn=<MseLossBackward0>)
accuracy: 97.22222222222223
few shot learning time : 24.533759117126465
[0;33;40mcheck the file![0m
[0;33;40m./model/UP_embdeeing_fewshot_1000fewshotepisode_3.pkl[0m
[0;33;40mcheck the file![0m
[0;33;40m./model/UP_relation_fewshot_1000fewshotepisode_3.pkl[0m
few shot model save success!
