************fewshot_train.py_2023-04-14_21_24_55************
Exception in user code:
------------------------------------------------------------
Exception in user code:
------------------------------------------------------------
Exception in user code:
------------------------------------------------------------
[0;33;40mcheck the file![0m
[0;33;40m./model/meta_training_embedding_20way_1shot_19querty_0.001learning_10000metatrainepisode.pkl[0m
[0;33;40m./model/meta_training_relation_20way_1shot_19querty_0.001learning_10000metatrainepisode.pkl[0m
[0;33;40mload feature encoder success[0m
[0;33;40mload relation network success[0m
[0;33;40mcheck the file![0m
[0;33;40m../h5dataset_ica_bandselect_200/XZ_28_28_100_support5_0.h5[0m
episode: 10 loss tensor(0.0882, device='cuda:0', grad_fn=<MseLossBackward0>)
accuracy: 41.666666666666664
Exception in user code:
------------------------------------------------------------
Exception in user code:
------------------------------------------------------------
episode: 20 loss tensor(0.0813, device='cuda:0', grad_fn=<MseLossBackward0>)
accuracy: 50.0
Exception in user code:
------------------------------------------------------------
Exception in user code:
------------------------------------------------------------
episode: 30 loss tensor(0.0630, device='cuda:0', grad_fn=<MseLossBackward0>)
accuracy: 72.22222222222223
Exception in user code:
------------------------------------------------------------
Exception in user code:
------------------------------------------------------------
episode: 40 loss tensor(0.0631, device='cuda:0', grad_fn=<MseLossBackward0>)
accuracy: 58.333333333333336
Exception in user code:
------------------------------------------------------------
Exception in user code:
------------------------------------------------------------
episode: 50 loss tensor(0.0612, device='cuda:0', grad_fn=<MseLossBackward0>)
accuracy: 58.333333333333336
Exception in user code:
------------------------------------------------------------
Exception in user code:
------------------------------------------------------------
episode: 60 loss tensor(0.0621, device='cuda:0', grad_fn=<MseLossBackward0>)
accuracy: 69.44444444444444
Exception in user code:
------------------------------------------------------------
Exception in user code:
------------------------------------------------------------
episode: 70 loss tensor(0.0556, device='cuda:0', grad_fn=<MseLossBackward0>)
accuracy: 61.111111111111114
Exception in user code:
------------------------------------------------------------
Exception in user code:
------------------------------------------------------------
episode: 80 loss tensor(0.0511, device='cuda:0', grad_fn=<MseLossBackward0>)
accuracy: 66.66666666666667
Exception in user code:
------------------------------------------------------------
Exception in user code:
------------------------------------------------------------
episode: 90 loss tensor(0.0496, device='cuda:0', grad_fn=<MseLossBackward0>)
accuracy: 75.0
Exception in user code:
------------------------------------------------------------
Exception in user code:
------------------------------------------------------------
episode: 100 loss tensor(0.0523, device='cuda:0', grad_fn=<MseLossBackward0>)
accuracy: 69.44444444444444
Exception in user code:
------------------------------------------------------------
Exception in user code:
------------------------------------------------------------
episode: 110 loss tensor(0.0527, device='cuda:0', grad_fn=<MseLossBackward0>)
accuracy: 63.888888888888886
Exception in user code:
------------------------------------------------------------
Exception in user code:
------------------------------------------------------------
episode: 120 loss tensor(0.0468, device='cuda:0', grad_fn=<MseLossBackward0>)
accuracy: 63.888888888888886
Exception in user code:
------------------------------------------------------------
Exception in user code:
------------------------------------------------------------
episode: 130 loss tensor(0.0442, device='cuda:0', grad_fn=<MseLossBackward0>)
accuracy: 69.44444444444444
Exception in user code:
------------------------------------------------------------
Exception in user code:
------------------------------------------------------------
episode: 140 loss tensor(0.0460, device='cuda:0', grad_fn=<MseLossBackward0>)
accuracy: 63.888888888888886
Exception in user code:
------------------------------------------------------------
Exception in user code:
------------------------------------------------------------
episode: 150 loss tensor(0.0534, device='cuda:0', grad_fn=<MseLossBackward0>)
accuracy: 61.111111111111114
Exception in user code:
------------------------------------------------------------
Exception in user code:
------------------------------------------------------------
episode: 160 loss tensor(0.0503, device='cuda:0', grad_fn=<MseLossBackward0>)
accuracy: 66.66666666666667
Exception in user code:
------------------------------------------------------------
Exception in user code:
------------------------------------------------------------
episode: 170 loss tensor(0.0390, device='cuda:0', grad_fn=<MseLossBackward0>)
accuracy: 88.88888888888889
Exception in user code:
------------------------------------------------------------
Exception in user code:
------------------------------------------------------------
episode: 180 loss tensor(0.0284, device='cuda:0', grad_fn=<MseLossBackward0>)
accuracy: 83.33333333333333
Exception in user code:
------------------------------------------------------------
Exception in user code:
------------------------------------------------------------
episode: 190 loss tensor(0.0328, device='cuda:0', grad_fn=<MseLossBackward0>)
accuracy: 83.33333333333333
Exception in user code:
------------------------------------------------------------
Exception in user code:
------------------------------------------------------------
episode: 200 loss tensor(0.0405, device='cuda:0', grad_fn=<MseLossBackward0>)
accuracy: 75.0
Exception in user code:
------------------------------------------------------------
Exception in user code:
------------------------------------------------------------
episode: 210 loss tensor(0.0323, device='cuda:0', grad_fn=<MseLossBackward0>)
accuracy: 83.33333333333333
Exception in user code:
------------------------------------------------------------
Exception in user code:
------------------------------------------------------------
episode: 220 loss tensor(0.0338, device='cuda:0', grad_fn=<MseLossBackward0>)
accuracy: 77.77777777777777
Exception in user code:
------------------------------------------------------------
Exception in user code:
------------------------------------------------------------
episode: 230 loss tensor(0.0403, device='cuda:0', grad_fn=<MseLossBackward0>)
accuracy: 77.77777777777777
Exception in user code:
------------------------------------------------------------
Exception in user code:
------------------------------------------------------------
episode: 240 loss tensor(0.0286, device='cuda:0', grad_fn=<MseLossBackward0>)
accuracy: 88.88888888888889
Exception in user code:
------------------------------------------------------------
Exception in user code:
------------------------------------------------------------
episode: 250 loss tensor(0.0297, device='cuda:0', grad_fn=<MseLossBackward0>)
accuracy: 77.77777777777777
Exception in user code:
------------------------------------------------------------
Exception in user code:
------------------------------------------------------------
episode: 260 loss tensor(0.0311, device='cuda:0', grad_fn=<MseLossBackward0>)
accuracy: 83.33333333333333
Exception in user code:
------------------------------------------------------------
Exception in user code:
------------------------------------------------------------
episode: 270 loss tensor(0.0250, device='cuda:0', grad_fn=<MseLossBackward0>)
accuracy: 80.55555555555556
Exception in user code:
------------------------------------------------------------
Exception in user code:
------------------------------------------------------------
episode: 280 loss tensor(0.0249, device='cuda:0', grad_fn=<MseLossBackward0>)
accuracy: 91.66666666666667
Exception in user code:
------------------------------------------------------------
Exception in user code:
------------------------------------------------------------
episode: 290 loss tensor(0.0281, device='cuda:0', grad_fn=<MseLossBackward0>)
accuracy: 80.55555555555556
Exception in user code:
------------------------------------------------------------
Exception in user code:
------------------------------------------------------------
episode: 300 loss tensor(0.0249, device='cuda:0', grad_fn=<MseLossBackward0>)
accuracy: 88.88888888888889
Exception in user code:
------------------------------------------------------------
Exception in user code:
------------------------------------------------------------
episode: 310 loss tensor(0.0272, device='cuda:0', grad_fn=<MseLossBackward0>)
accuracy: 86.11111111111111
Exception in user code:
------------------------------------------------------------
Exception in user code:
------------------------------------------------------------
episode: 320 loss tensor(0.0281, device='cuda:0', grad_fn=<MseLossBackward0>)
accuracy: 83.33333333333333
Exception in user code:
------------------------------------------------------------
Exception in user code:
------------------------------------------------------------
episode: 330 loss tensor(0.0311, device='cuda:0', grad_fn=<MseLossBackward0>)
accuracy: 77.77777777777777
Exception in user code:
------------------------------------------------------------
Exception in user code:
------------------------------------------------------------
episode: 340 loss tensor(0.0279, device='cuda:0', grad_fn=<MseLossBackward0>)
accuracy: 77.77777777777777
Exception in user code:
------------------------------------------------------------
Exception in user code:
------------------------------------------------------------
episode: 350 loss tensor(0.0362, device='cuda:0', grad_fn=<MseLossBackward0>)
accuracy: 80.55555555555556
Exception in user code:
------------------------------------------------------------
Exception in user code:
------------------------------------------------------------
episode: 360 loss tensor(0.0250, device='cuda:0', grad_fn=<MseLossBackward0>)
accuracy: 86.11111111111111
Exception in user code:
------------------------------------------------------------
Exception in user code:
------------------------------------------------------------
episode: 370 loss tensor(0.0250, device='cuda:0', grad_fn=<MseLossBackward0>)
accuracy: 80.55555555555556
Exception in user code:
------------------------------------------------------------
Exception in user code:
------------------------------------------------------------
episode: 380 loss tensor(0.0279, device='cuda:0', grad_fn=<MseLossBackward0>)
accuracy: 80.55555555555556
Exception in user code:
------------------------------------------------------------
Exception in user code:
------------------------------------------------------------
episode: 390 loss tensor(0.0251, device='cuda:0', grad_fn=<MseLossBackward0>)
accuracy: 83.33333333333333
Exception in user code:
------------------------------------------------------------
Exception in user code:
------------------------------------------------------------
episode: 400 loss tensor(0.0341, device='cuda:0', grad_fn=<MseLossBackward0>)
accuracy: 80.55555555555556
Exception in user code:
------------------------------------------------------------
Exception in user code:
------------------------------------------------------------
episode: 410 loss tensor(0.0249, device='cuda:0', grad_fn=<MseLossBackward0>)
accuracy: 86.11111111111111
Exception in user code:
------------------------------------------------------------
Exception in user code:
------------------------------------------------------------
episode: 420 loss tensor(0.0280, device='cuda:0', grad_fn=<MseLossBackward0>)
accuracy: 83.33333333333333
Exception in user code:
------------------------------------------------------------
Exception in user code:
------------------------------------------------------------
episode: 430 loss tensor(0.0280, device='cuda:0', grad_fn=<MseLossBackward0>)
accuracy: 80.55555555555556
Exception in user code:
------------------------------------------------------------
Exception in user code:
------------------------------------------------------------
episode: 440 loss tensor(0.0280, device='cuda:0', grad_fn=<MseLossBackward0>)
accuracy: 80.55555555555556
Exception in user code:
------------------------------------------------------------
Exception in user code:
------------------------------------------------------------
episode: 450 loss tensor(0.0280, device='cuda:0', grad_fn=<MseLossBackward0>)
accuracy: 83.33333333333333
Exception in user code:
------------------------------------------------------------
Exception in user code:
------------------------------------------------------------
episode: 460 loss tensor(0.0249, device='cuda:0', grad_fn=<MseLossBackward0>)
accuracy: 86.11111111111111
Exception in user code:
------------------------------------------------------------
Exception in user code:
------------------------------------------------------------
episode: 470 loss tensor(0.0290, device='cuda:0', grad_fn=<MseLossBackward0>)
accuracy: 75.0
Exception in user code:
------------------------------------------------------------
Exception in user code:
------------------------------------------------------------
episode: 480 loss tensor(0.0249, device='cuda:0', grad_fn=<MseLossBackward0>)
accuracy: 88.88888888888889
Exception in user code:
------------------------------------------------------------
Exception in user code:
------------------------------------------------------------
episode: 490 loss tensor(0.0373, device='cuda:0', grad_fn=<MseLossBackward0>)
accuracy: 72.22222222222223
Exception in user code:
------------------------------------------------------------
Exception in user code:
------------------------------------------------------------
episode: 500 loss tensor(0.0281, device='cuda:0', grad_fn=<MseLossBackward0>)
accuracy: 83.33333333333333
Exception in user code:
------------------------------------------------------------
Exception in user code:
------------------------------------------------------------
episode: 510 loss tensor(0.0280, device='cuda:0', grad_fn=<MseLossBackward0>)
accuracy: 80.55555555555556
Exception in user code:
------------------------------------------------------------
Exception in user code:
------------------------------------------------------------
episode: 520 loss tensor(0.0289, device='cuda:0', grad_fn=<MseLossBackward0>)
accuracy: 80.55555555555556
Exception in user code:
------------------------------------------------------------
Exception in user code:
------------------------------------------------------------
episode: 530 loss tensor(0.0219, device='cuda:0', grad_fn=<MseLossBackward0>)
accuracy: 91.66666666666667
Exception in user code:
------------------------------------------------------------
Exception in user code:
------------------------------------------------------------
episode: 540 loss tensor(0.0222, device='cuda:0', grad_fn=<MseLossBackward0>)
accuracy: 86.11111111111111
Exception in user code:
------------------------------------------------------------
Exception in user code:
------------------------------------------------------------
episode: 550 loss tensor(0.0221, device='cuda:0', grad_fn=<MseLossBackward0>)
accuracy: 83.33333333333333
Exception in user code:
------------------------------------------------------------
Exception in user code:
------------------------------------------------------------
episode: 560 loss tensor(0.0218, device='cuda:0', grad_fn=<MseLossBackward0>)
accuracy: 88.88888888888889
Exception in user code:
------------------------------------------------------------
Exception in user code:
------------------------------------------------------------
episode: 570 loss tensor(0.0190, device='cuda:0', grad_fn=<MseLossBackward0>)
accuracy: 91.66666666666667
Exception in user code:
------------------------------------------------------------
Exception in user code:
------------------------------------------------------------
episode: 580 loss tensor(0.0250, device='cuda:0', grad_fn=<MseLossBackward0>)
accuracy: 91.66666666666667
Exception in user code:
------------------------------------------------------------
Exception in user code:
------------------------------------------------------------
episode: 590 loss tensor(0.0249, device='cuda:0', grad_fn=<MseLossBackward0>)
accuracy: 83.33333333333333
Exception in user code:
------------------------------------------------------------
Exception in user code:
------------------------------------------------------------
episode: 600 loss tensor(0.0280, device='cuda:0', grad_fn=<MseLossBackward0>)
accuracy: 77.77777777777777
Exception in user code:
------------------------------------------------------------
Exception in user code:
------------------------------------------------------------
episode: 610 loss tensor(0.0248, device='cuda:0', grad_fn=<MseLossBackward0>)
accuracy: 77.77777777777777
Exception in user code:
------------------------------------------------------------
Exception in user code:
------------------------------------------------------------
episode: 620 loss tensor(0.0287, device='cuda:0', grad_fn=<MseLossBackward0>)
accuracy: 77.77777777777777
Exception in user code:
------------------------------------------------------------
Exception in user code:
------------------------------------------------------------
episode: 630 loss tensor(0.0322, device='cuda:0', grad_fn=<MseLossBackward0>)
accuracy: 77.77777777777777
Exception in user code:
------------------------------------------------------------
Exception in user code:
------------------------------------------------------------
episode: 640 loss tensor(0.0281, device='cuda:0', grad_fn=<MseLossBackward0>)
accuracy: 83.33333333333333
Exception in user code:
------------------------------------------------------------
Exception in user code:
------------------------------------------------------------
episode: 650 loss tensor(0.0249, device='cuda:0', grad_fn=<MseLossBackward0>)
accuracy: 80.55555555555556
Exception in user code:
------------------------------------------------------------
Exception in user code:
------------------------------------------------------------
episode: 660 loss tensor(0.0250, device='cuda:0', grad_fn=<MseLossBackward0>)
accuracy: 86.11111111111111
Exception in user code:
------------------------------------------------------------
Exception in user code:
------------------------------------------------------------
episode: 670 loss tensor(0.0279, device='cuda:0', grad_fn=<MseLossBackward0>)
accuracy: 83.33333333333333
Exception in user code:
------------------------------------------------------------
Exception in user code:
------------------------------------------------------------
episode: 680 loss tensor(0.0311, device='cuda:0', grad_fn=<MseLossBackward0>)
accuracy: 80.55555555555556
Exception in user code:
------------------------------------------------------------
Exception in user code:
------------------------------------------------------------
episode: 690 loss tensor(0.0188, device='cuda:0', grad_fn=<MseLossBackward0>)
accuracy: 94.44444444444444
Exception in user code:
------------------------------------------------------------
Exception in user code:
------------------------------------------------------------
episode: 700 loss tensor(0.0219, device='cuda:0', grad_fn=<MseLossBackward0>)
accuracy: 83.33333333333333
Exception in user code:
------------------------------------------------------------
Exception in user code:
------------------------------------------------------------
episode: 710 loss tensor(0.0311, device='cuda:0', grad_fn=<MseLossBackward0>)
accuracy: 72.22222222222223
Exception in user code:
------------------------------------------------------------
Exception in user code:
------------------------------------------------------------
episode: 720 loss tensor(0.0187, device='cuda:0', grad_fn=<MseLossBackward0>)
accuracy: 88.88888888888889
Exception in user code:
------------------------------------------------------------
Exception in user code:
------------------------------------------------------------
episode: 730 loss tensor(0.0187, device='cuda:0', grad_fn=<MseLossBackward0>)
accuracy: 91.66666666666667
Exception in user code:
------------------------------------------------------------
Exception in user code:
------------------------------------------------------------
episode: 740 loss tensor(0.0311, device='cuda:0', grad_fn=<MseLossBackward0>)
accuracy: 80.55555555555556
Exception in user code:
------------------------------------------------------------
Exception in user code:
------------------------------------------------------------
episode: 750 loss tensor(0.0256, device='cuda:0', grad_fn=<MseLossBackward0>)
accuracy: 83.33333333333333
Exception in user code:
------------------------------------------------------------
Exception in user code:
------------------------------------------------------------
episode: 760 loss tensor(0.0218, device='cuda:0', grad_fn=<MseLossBackward0>)
accuracy: 91.66666666666667
Exception in user code:
------------------------------------------------------------
Exception in user code:
------------------------------------------------------------
episode: 770 loss tensor(0.0155, device='cuda:0', grad_fn=<MseLossBackward0>)
accuracy: 94.44444444444444
Exception in user code:
------------------------------------------------------------
Exception in user code:
------------------------------------------------------------
episode: 780 loss tensor(0.0249, device='cuda:0', grad_fn=<MseLossBackward0>)
accuracy: 86.11111111111111
Exception in user code:
------------------------------------------------------------
Exception in user code:
------------------------------------------------------------
episode: 790 loss tensor(0.0218, device='cuda:0', grad_fn=<MseLossBackward0>)
accuracy: 88.88888888888889
Exception in user code:
------------------------------------------------------------
Exception in user code:
------------------------------------------------------------
episode: 800 loss tensor(0.0217, device='cuda:0', grad_fn=<MseLossBackward0>)
accuracy: 88.88888888888889
Exception in user code:
------------------------------------------------------------
Exception in user code:
------------------------------------------------------------
episode: 810 loss tensor(0.0218, device='cuda:0', grad_fn=<MseLossBackward0>)
accuracy: 86.11111111111111
Exception in user code:
------------------------------------------------------------
Exception in user code:
------------------------------------------------------------
episode: 820 loss tensor(0.0219, device='cuda:0', grad_fn=<MseLossBackward0>)
accuracy: 86.11111111111111
Exception in user code:
------------------------------------------------------------
Exception in user code:
------------------------------------------------------------
episode: 830 loss tensor(0.0219, device='cuda:0', grad_fn=<MseLossBackward0>)
accuracy: 91.66666666666667
Exception in user code:
------------------------------------------------------------
Exception in user code:
------------------------------------------------------------
episode: 840 loss tensor(0.0157, device='cuda:0', grad_fn=<MseLossBackward0>)
accuracy: 94.44444444444444
Exception in user code:
------------------------------------------------------------
Exception in user code:
------------------------------------------------------------
episode: 850 loss tensor(0.0218, device='cuda:0', grad_fn=<MseLossBackward0>)
accuracy: 86.11111111111111
Exception in user code:
------------------------------------------------------------
Exception in user code:
------------------------------------------------------------
episode: 860 loss tensor(0.0309, device='cuda:0', grad_fn=<MseLossBackward0>)
accuracy: 75.0
Exception in user code:
------------------------------------------------------------
Exception in user code:
------------------------------------------------------------
episode: 870 loss tensor(0.0218, device='cuda:0', grad_fn=<MseLossBackward0>)
accuracy: 86.11111111111111
Exception in user code:
------------------------------------------------------------
Exception in user code:
------------------------------------------------------------
episode: 880 loss tensor(0.0219, device='cuda:0', grad_fn=<MseLossBackward0>)
accuracy: 83.33333333333333
Exception in user code:
------------------------------------------------------------
Exception in user code:
------------------------------------------------------------
episode: 890 loss tensor(0.0311, device='cuda:0', grad_fn=<MseLossBackward0>)
accuracy: 75.0
Exception in user code:
------------------------------------------------------------
Exception in user code:
------------------------------------------------------------
episode: 900 loss tensor(0.0157, device='cuda:0', grad_fn=<MseLossBackward0>)
accuracy: 94.44444444444444
Exception in user code:
------------------------------------------------------------
Exception in user code:
------------------------------------------------------------
episode: 910 loss tensor(0.0218, device='cuda:0', grad_fn=<MseLossBackward0>)
accuracy: 88.88888888888889
Exception in user code:
------------------------------------------------------------
Exception in user code:
------------------------------------------------------------
episode: 920 loss tensor(0.0157, device='cuda:0', grad_fn=<MseLossBackward0>)
accuracy: 91.66666666666667
Exception in user code:
------------------------------------------------------------
Exception in user code:
------------------------------------------------------------
episode: 930 loss tensor(0.0218, device='cuda:0', grad_fn=<MseLossBackward0>)
accuracy: 83.33333333333333
Exception in user code:
------------------------------------------------------------
Exception in user code:
------------------------------------------------------------
episode: 940 loss tensor(0.0157, device='cuda:0', grad_fn=<MseLossBackward0>)
accuracy: 94.44444444444444
Exception in user code:
------------------------------------------------------------
Exception in user code:
------------------------------------------------------------
episode: 950 loss tensor(0.0218, device='cuda:0', grad_fn=<MseLossBackward0>)
accuracy: 88.88888888888889
Exception in user code:
------------------------------------------------------------
Exception in user code:
------------------------------------------------------------
episode: 960 loss tensor(0.0280, device='cuda:0', grad_fn=<MseLossBackward0>)
accuracy: 75.0
Exception in user code:
------------------------------------------------------------
Exception in user code:
------------------------------------------------------------
episode: 970 loss tensor(0.0281, device='cuda:0', grad_fn=<MseLossBackward0>)
accuracy: 83.33333333333333
Exception in user code:
------------------------------------------------------------
Exception in user code:
------------------------------------------------------------
episode: 980 loss tensor(0.0219, device='cuda:0', grad_fn=<MseLossBackward0>)
accuracy: 86.11111111111111
Exception in user code:
------------------------------------------------------------
Exception in user code:
------------------------------------------------------------
episode: 990 loss tensor(0.0217, device='cuda:0', grad_fn=<MseLossBackward0>)
accuracy: 91.66666666666667
Exception in user code:
------------------------------------------------------------
Exception in user code:
------------------------------------------------------------
episode: 1000 loss tensor(0.0217, device='cuda:0', grad_fn=<MseLossBackward0>)
accuracy: 83.33333333333333
Exception in user code:
------------------------------------------------------------
Exception in user code:
------------------------------------------------------------
few shot learning time : 25.27144980430603
[0;33;40mcheck the file![0m
[0;33;40m./model/XZ_embdeeing_fewshot_1000fewshotepisode_0.pkl[0m
[0;33;40mcheck the file![0m
[0;33;40m./model/XZ_relation_fewshot_1000fewshotepisode_0.pkl[0m
few shot model save success!
