******.\generate_source_dataset.py_2023-04-12_11_48_38******

[0;33;40mCH HSI img shape = (2517, 2335, 128)[0m
[0;33;40mCH HSI_band_selected img shape = (2517, 2335, 100)[0m
[0;33;40mCH HSI label num(excluding unlabeled) = 19[0m
[0;33;40mCH HSI & gt padding shape = (2545, 2363, 100), (2545, 2363)[0m
[0;33;40mCH HSI(unpadding) has label num = 77592[0m

[0;33;40mlist to ndarray start! it will spend a long time![0m
[0;33;40mlist to ndarray done! spend time : 337.7715594768524s [0m

[0;33;40mCH HSI dataset class and labels : {0: 2845, 1: 2859, 2: 286, 3: 4852, 4: 4297, 5: 1108, 6: 20516, 7: 6515, 8: 13369, 9: 1268, 10: 5961, 11: 2193, 12: 1220, 13: 7664, 14: 431, 15: 222, 16: 1040, 17: 801, 18: 145} [0m
[0;33;40mCH HSI(unpadding) has label num = 77592[0m

[0;33;40mit will spend a long time![0m
[0;33;40mit will spend a long time! spend time : 261.78814578056335s [0m

[0;33;40mCH dataset has 19 classes [0m
[0;33;40mCH dataset only 18 classes samples more than 200 [0m
[0;33;40mthey are[0, 1, 2, 3, 4, 5, 6, 7, 8, 9, 10, 11, 12, 13, 14, 15, 16, 17][0m

t_images (3600, 78400)
t_labels (3600,)
[0;33;40mCH h5 source dataset saving........................[0m
../h5dataset_ica_bandselect_200/CH_28_28_100.h5
[0;33;40mCH h5 source dataset save success![0m
